Clock: CLK_10MHZ
Sources: CLK_10MHZ 
Generated: no
Virtual: yes
Propagated: no
Period: 100.000000

===========================================================================
report_clock_properties
============================================================================
Clock                   Period          Waveform
----------------------------------------------------
CLK_10MHZ           100.000000    0.000000 50.000000

===========================================================================
report_clock_latency
============================================================================
Clock CLK_10MHZ
rise -> rise
    min     max
0.000000 0.000000 source latency
0.713886         network latency _1623_/CLK
        0.722963 network latency _1591_/CLK
---------------
0.713886 0.722963 latency
        0.009077 skew

fall -> fall
    min     max
0.000000 0.000000 source latency
0.664908         network latency _1623_/CLK
        0.672547 network latency _1591_/CLK
---------------
0.664908 0.672547 latency
        0.007638 skew



===========================================================================
report_clock_min_period
============================================================================
CLK_10MHZ period_min = 36.49 fmax = 27.40
