
===========================================================================
report_checks -unconstrained
===========================================================================
======================= min_tt_025C_1v80 Corner ===================================

Startpoint: nrst (input port clocked by clk)
Endpoint: _3033_ (recovery check against rising-edge clock clk)
Path Group: asynchronous
Path Type: max

Fanout         Cap        Slew       Delay        Time   Description
---------------------------------------------------------------------------------------------
                                  0.000000    0.000000   clock clk (rise edge)
                                  0.000000    0.000000   clock network delay (propagated)
                                 20.000000   20.000000 ^ input external delay
     2    0.033118    0.154271    0.106198   20.106197 ^ nrst (in)
                                                         nrst (net)
                      0.154272    0.000000   20.106197 ^ input62/A (sky130_fd_sc_hd__clkbuf_1)
     1    0.004540    0.063974    0.120266   20.226465 ^ input62/X (sky130_fd_sc_hd__clkbuf_1)
                                                         net62 (net)
                      0.063974    0.000076   20.226542 ^ fanout231/A (sky130_fd_sc_hd__buf_2)
    11    0.081482    0.392449    0.359785   20.586327 ^ fanout231/X (sky130_fd_sc_hd__buf_2)
                                                         net231 (net)
                      0.392455    0.001396   20.587723 ^ fanout230/A (sky130_fd_sc_hd__buf_2)
    11    0.057289    0.279447    0.361931   20.949654 ^ fanout230/X (sky130_fd_sc_hd__buf_2)
                                                         net230 (net)
                      0.279543    0.000695   20.950348 ^ fanout229/A (sky130_fd_sc_hd__clkbuf_2)
    13    0.063441    0.342445    0.378323   21.328671 ^ fanout229/X (sky130_fd_sc_hd__clkbuf_2)
                                                         net229 (net)
                      0.342461    0.001984   21.330656 ^ fanout228/A (sky130_fd_sc_hd__dlymetal6s2s_1)
     5    0.023493    0.248014    0.297426   21.628080 ^ fanout228/X (sky130_fd_sc_hd__dlymetal6s2s_1)
                                                         net228 (net)
                      0.248014    0.000226   21.628307 ^ fanout225/A (sky130_fd_sc_hd__clkbuf_4)
    10    0.047074    0.148947    0.282359   21.910666 ^ fanout225/X (sky130_fd_sc_hd__clkbuf_4)
                                                         net225 (net)
                      0.148960    0.001487   21.912153 ^ _3033_/SET_B (sky130_fd_sc_hd__dfstp_2)
                                             21.912153   data arrival time

                                100.000000  100.000000   clock clk (rise edge)
                                  0.000000  100.000000   clock source latency
     2    0.038568    0.178101    0.124508  100.124504 ^ clk (in)
                                                         clk (net)
                      0.178135    0.000000  100.124504 ^ clkbuf_0_clk/A (sky130_fd_sc_hd__clkbuf_16)
     9    0.063634    0.082349    0.204835  100.329338 ^ clkbuf_0_clk/X (sky130_fd_sc_hd__clkbuf_16)
                                                         clknet_0_clk (net)
                      0.082351    0.000547  100.329887 ^ clkbuf_2_3__f_clk/A (sky130_fd_sc_hd__clkbuf_16)
    17    0.084623    0.101026    0.188209  100.518097 ^ clkbuf_2_3__f_clk/X (sky130_fd_sc_hd__clkbuf_16)
                                                         clknet_2_3__leaf_clk (net)
                      0.101179    0.002501  100.520599 ^ clkbuf_leaf_13_clk/A (sky130_fd_sc_hd__clkbuf_8)
    10    0.042793    0.086346    0.180961  100.701561 ^ clkbuf_leaf_13_clk/X (sky130_fd_sc_hd__clkbuf_8)
                                                         clknet_leaf_13_clk (net)
                      0.086347    0.000448  100.702003 ^ _3033_/CLK (sky130_fd_sc_hd__dfstp_2)
                                 -0.250000  100.452011   clock uncertainty
                                  0.000000  100.452011   clock reconvergence pessimism
                                  0.137642  100.589645   library recovery time
                                            100.589645   data required time
---------------------------------------------------------------------------------------------
                                            100.589645   data required time
                                            -21.912153   data arrival time
---------------------------------------------------------------------------------------------
                                             78.677498   slack (MET)


Startpoint: SBwest_in[0] (input port clocked by clk)
Endpoint: CBnorth_out[6] (output port clocked by clk)
Path Group: clk
Path Type: max

Fanout         Cap        Slew       Delay        Time   Description
---------------------------------------------------------------------------------------------
                                  0.000000    0.000000   clock clk (rise edge)
                                  0.000000    0.000000   clock network delay (propagated)
                                 20.000000   20.000000 ^ input external delay
     2    0.004053    0.025168    0.014682   20.014683 ^ SBwest_in[0] (in)
                                                         SBwest_in[0] (net)
                      0.025168    0.000000   20.014683 ^ input43/A (sky130_fd_sc_hd__buf_1)
     1    0.011042    0.136475    0.139096   20.153778 ^ input43/X (sky130_fd_sc_hd__buf_1)
                                                         net43 (net)
                      0.136475    0.000121   20.153898 ^ _1662_/B1_N (sky130_fd_sc_hd__a21bo_1)
     1    0.002201    0.031529    0.210910   20.364809 v _1662_/X (sky130_fd_sc_hd__a21bo_1)
                                                         _0424_ (net)
                      0.031529    0.000014   20.364822 v _1663_/A0 (sky130_fd_sc_hd__mux2_1)
     1    0.005574    0.068607    0.292680   20.657503 v _1663_/X (sky130_fd_sc_hd__mux2_1)
                                                         _0425_ (net)
                      0.068607    0.000112   20.657616 v _1664_/A3 (sky130_fd_sc_hd__a31oi_1)
     1    0.004058    0.147610    0.184547   20.842163 ^ _1664_/Y (sky130_fd_sc_hd__a31oi_1)
                                                         _0426_ (net)
                      0.147610    0.000053   20.842216 ^ _1665_/B2 (sky130_fd_sc_hd__a22o_2)
     4    0.027244    0.147491    0.242604   21.084820 ^ _1665_/X (sky130_fd_sc_hd__a22o_2)
                                                         _0427_ (net)
                      0.147491    0.000346   21.085167 ^ _1668_/A (sky130_fd_sc_hd__nand2_4)
    19    0.061789    0.141302    0.153257   21.238422 v _1668_/Y (sky130_fd_sc_hd__nand2_4)
                                                         _0430_ (net)
                      0.141570    0.005006   21.243429 v _1687_/A3 (sky130_fd_sc_hd__mux4_1)
     1    0.003485    0.090627    0.509917   21.753345 v _1687_/X (sky130_fd_sc_hd__mux4_1)
                                                         _0449_ (net)
                      0.090627    0.000053   21.753399 v _1779_/A0 (sky130_fd_sc_hd__mux2_1)
     1    0.006680    0.074122    0.320552   22.073952 v _1779_/X (sky130_fd_sc_hd__mux2_1)
                                                         _0541_ (net)
                      0.074122    0.000142   22.074095 v _1780_/A2 (sky130_fd_sc_hd__a21o_1)
     1    0.002435    0.032457    0.180018   22.254112 v _1780_/X (sky130_fd_sc_hd__a21o_1)
                                                         _0542_ (net)
                      0.032457    0.000009   22.254122 v _1781_/C1 (sky130_fd_sc_hd__o211a_2)
     8    0.043609    0.126123    0.194019   22.448139 v _1781_/X (sky130_fd_sc_hd__o211a_2)
                                                         _0543_ (net)
                      0.126123    0.000604   22.448744 v _1841_/S (sky130_fd_sc_hd__mux2_1)
     1    0.004318    0.062946    0.344873   22.793617 v _1841_/X (sky130_fd_sc_hd__mux2_1)
                                                         _0603_ (net)
                      0.062946    0.000087   22.793703 v _1842_/A0 (sky130_fd_sc_hd__mux2_1)
     1    0.003993    0.061590    0.292466   23.086170 v _1842_/X (sky130_fd_sc_hd__mux2_1)
                                                         _0604_ (net)
                      0.061590    0.000066   23.086235 v _1875_/A1 (sky130_fd_sc_hd__mux2_1)
     1    0.002376    0.054109    0.288669   23.374905 v _1875_/X (sky130_fd_sc_hd__mux2_1)
                                                         _0637_ (net)
                      0.054109    0.000012   23.374916 v _1883_/A1 (sky130_fd_sc_hd__mux2_1)
     7    0.040998    0.217543    0.466326   23.841242 v _1883_/X (sky130_fd_sc_hd__mux2_1)
                                                         _0645_ (net)
                      0.217543    0.000677   23.841919 v _1887_/A2 (sky130_fd_sc_hd__o211a_1)
     1    0.004490    0.046424    0.279803   24.121721 v _1887_/X (sky130_fd_sc_hd__o211a_1)
                                                         CB_0.le_outA (net)
                      0.046424    0.000073   24.121796 v fanout141/A (sky130_fd_sc_hd__clkbuf_2)
    11    0.061719    0.232483    0.259561   24.381357 v fanout141/X (sky130_fd_sc_hd__clkbuf_2)
                                                         net141 (net)
                      0.232674    0.005581   24.386938 v _1635_/A0 (sky130_fd_sc_hd__mux2_1)
     3    0.027770    0.162078    0.479456   24.866394 v _1635_/X (sky130_fd_sc_hd__mux2_1)
                                                         _0397_ (net)
                      0.162078    0.000579   24.866974 v _1645_/A2 (sky130_fd_sc_hd__a22o_2)
     4    0.021993    0.084084    0.356088   25.223063 v _1645_/X (sky130_fd_sc_hd__a22o_2)
                                                         _0407_ (net)
                      0.084084    0.000231   25.223293 v _1649_/B1 (sky130_fd_sc_hd__o31ai_2)
     2    0.014794    0.355080    0.115847   25.339140 ^ _1649_/Y (sky130_fd_sc_hd__o31ai_2)
                                                         _0411_ (net)
                      0.355080    0.000163   25.339302 ^ _1924_/A0 (sky130_fd_sc_hd__mux2_1)
     1    0.002126    0.045601    0.183213   25.522516 ^ _1924_/X (sky130_fd_sc_hd__mux2_1)
                                                         _0684_ (net)
                      0.045601    0.000020   25.522535 ^ _1929_/A2 (sky130_fd_sc_hd__mux4_1)
     1    0.003841    0.065959    0.222499   25.745035 ^ _1929_/X (sky130_fd_sc_hd__mux4_1)
                                                         _0689_ (net)
                      0.065959    0.000050   25.745085 ^ _1930_/B2 (sky130_fd_sc_hd__a22oi_1)
     1    0.002559    0.067494    0.063690   25.808775 v _1930_/Y (sky130_fd_sc_hd__a22oi_1)
                                                         _0690_ (net)
                      0.067494    0.000027   25.808802 v _1940_/A1_N (sky130_fd_sc_hd__a2bb2o_2)
    19    0.071820    0.366382    0.482464   26.291265 ^ _1940_/X (sky130_fd_sc_hd__a2bb2o_2)
                                                         _0700_ (net)
                      0.366526    0.003194   26.294458 ^ _1943_/A (sky130_fd_sc_hd__nand2_2)
     6    0.028852    0.168768    0.199860   26.494318 v _1943_/Y (sky130_fd_sc_hd__nand2_2)
                                                         _0703_ (net)
                      0.168769    0.000695   26.495012 v _1944_/S (sky130_fd_sc_hd__mux2_1)
     1    0.003054    0.056649    0.351097   26.846109 v _1944_/X (sky130_fd_sc_hd__mux2_1)
                                                         _0704_ (net)
                      0.056649    0.000021   26.846132 v _1974_/A2 (sky130_fd_sc_hd__o221a_1)
     2    0.005634    0.056260    0.255213   27.101345 v _1974_/X (sky130_fd_sc_hd__o221a_1)
                                                         _0734_ (net)
                      0.056260    0.000053   27.101397 v _2015_/A1 (sky130_fd_sc_hd__o22a_1)
     1    0.005073    0.047374    0.220608   27.322004 v _2015_/X (sky130_fd_sc_hd__o22a_1)
                                                         _0775_ (net)
                      0.047374    0.000098   27.322104 v _2018_/A2 (sky130_fd_sc_hd__o211a_2)
     7    0.057289    0.154613    0.361938   27.684040 v _2018_/X (sky130_fd_sc_hd__o211a_2)
                                                         CB_0.le_outB (net)
                      0.154662    0.002657   27.686699 v _2091_/A1 (sky130_fd_sc_hd__mux4_1)
     1    0.005085    0.096972    0.555625   28.242323 v _2091_/X (sky130_fd_sc_hd__mux4_1)
                                                         _0849_ (net)
                      0.096972    0.000055   28.242378 v _2092_/A (sky130_fd_sc_hd__inv_2)
     1    0.003490    0.035117    0.061110   28.303488 ^ _2092_/Y (sky130_fd_sc_hd__inv_2)
                                                         _0850_ (net)
                      0.035117    0.000043   28.303532 ^ _2116_/B1 (sky130_fd_sc_hd__o32a_2)
     9    0.044651    0.233161    0.278199   28.581730 ^ _2116_/X (sky130_fd_sc_hd__o32a_2)
                                                         _0874_ (net)
                      0.233226    0.003237   28.584967 ^ _2144_/S1 (sky130_fd_sc_hd__mux4_1)
     1    0.004098    0.091950    0.329468   28.914434 v _2144_/X (sky130_fd_sc_hd__mux4_1)
                                                         _0902_ (net)
                      0.091950    0.000066   28.914499 v _2172_/A0 (sky130_fd_sc_hd__mux2_1)
     1    0.003221    0.057004    0.297476   29.211975 v _2172_/X (sky130_fd_sc_hd__mux2_1)
                                                         _0930_ (net)
                      0.057004    0.000041   29.212017 v _2176_/A0 (sky130_fd_sc_hd__mux2_2)
     5    0.036227    0.122215    0.362116   29.574133 v _2176_/X (sky130_fd_sc_hd__mux2_2)
                                                         _0934_ (net)
                      0.122217    0.000707   29.574839 v _2179_/A2 (sky130_fd_sc_hd__o211a_1)
     5    0.037682    0.186514    0.370424   29.945263 v _2179_/X (sky130_fd_sc_hd__o211a_1)
                                                         CB_1.le_outA (net)
                      0.186523    0.001435   29.946699 v fanout133/A (sky130_fd_sc_hd__buf_2)
    21    0.068948    0.161333    0.300126   30.246824 v fanout133/X (sky130_fd_sc_hd__buf_2)
                                                         net133 (net)
                      0.161333    0.000508   30.247334 v _1455_/A (sky130_fd_sc_hd__inv_2)
     7    0.030868    0.150088    0.180137   30.427469 ^ _1455_/Y (sky130_fd_sc_hd__inv_2)
                                                         _1249_ (net)
                      0.150140    0.000899   30.428368 ^ _1470_/A (sky130_fd_sc_hd__nor3_1)
     2    0.008872    0.070122    0.103672   30.532040 v _1470_/Y (sky130_fd_sc_hd__nor3_1)
                                                         _1264_ (net)
                      0.070122    0.000103   30.532143 v _1471_/C1 (sky130_fd_sc_hd__a221oi_1)
     1    0.003143    0.233926    0.217273   30.749416 ^ _1471_/Y (sky130_fd_sc_hd__a221oi_1)
                                                         _1265_ (net)
                      0.233926    0.000043   30.749458 ^ _1476_/A2_N (sky130_fd_sc_hd__a2bb2o_1)
     4    0.011904    0.090928    0.355488   31.104946 v _1476_/X (sky130_fd_sc_hd__a2bb2o_1)
                                                         _1270_ (net)
                      0.090928    0.000114   31.105061 v _2023_/B1_N (sky130_fd_sc_hd__a21boi_4)
    19    0.053398    0.120594    0.210655   31.315716 v _2023_/Y (sky130_fd_sc_hd__a21boi_4)
                                                         _0781_ (net)
                      0.120622    0.001478   31.317194 v _2180_/A0 (sky130_fd_sc_hd__mux4_1)
     1    0.003369    0.089652    0.513900   31.831093 v _2180_/X (sky130_fd_sc_hd__mux4_1)
                                                         _0936_ (net)
                      0.089652    0.000039   31.831133 v _2188_/A2 (sky130_fd_sc_hd__a21oi_1)
     1    0.016200    0.356928    0.342538   32.173672 ^ _2188_/Y (sky130_fd_sc_hd__a21oi_1)
                                                         _0944_ (net)
                      0.356930    0.000764   32.174435 ^ _2204_/A1 (sky130_fd_sc_hd__o22a_1)
     2    0.010910    0.113654    0.261334   32.435768 ^ _2204_/X (sky130_fd_sc_hd__o22a_1)
                                                         _0960_ (net)
                      0.113654    0.000309   32.436077 ^ _2233_/A3 (sky130_fd_sc_hd__a32o_1)
     1    0.002739    0.051845    0.170274   32.606354 ^ _2233_/X (sky130_fd_sc_hd__a32o_1)
                                                         _0989_ (net)
                      0.051845    0.000021   32.606373 ^ _2234_/B1 (sky130_fd_sc_hd__a21oi_1)
     1    0.003791    0.052727    0.042540   32.648914 v _2234_/Y (sky130_fd_sc_hd__a21oi_1)
                                                         _0990_ (net)
                      0.052727    0.000053   32.648968 v _2297_/A1 (sky130_fd_sc_hd__o31a_1)
     1    0.005554    0.059258    0.306951   32.955917 v _2297_/X (sky130_fd_sc_hd__o31a_1)
                                                         _1053_ (net)
                      0.059258    0.000068   32.955986 v _2309_/A2 (sky130_fd_sc_hd__a22oi_2)
     2    0.009017    0.183952    0.221910   33.177895 ^ _2309_/Y (sky130_fd_sc_hd__a22oi_2)
                                                         _1065_ (net)
                      0.183952    0.000185   33.178082 ^ _2312_/A2 (sky130_fd_sc_hd__o211a_1)
     1    0.010963    0.105197    0.208036   33.386116 ^ _2312_/X (sky130_fd_sc_hd__o211a_1)
                                                         CB_1.le_outB (net)
                      0.105197    0.000153   33.386269 ^ fanout125/A (sky130_fd_sc_hd__buf_2)
    21    0.084965    0.408986    0.385000   33.771271 ^ fanout125/X (sky130_fd_sc_hd__buf_2)
                                                         net125 (net)
                      0.409048    0.004192   33.775463 ^ fanout124/A (sky130_fd_sc_hd__buf_2)
    17    0.063475    0.308921    0.383615   34.159077 ^ fanout124/X (sky130_fd_sc_hd__buf_2)
                                                         net124 (net)
                      0.308922    0.000419   34.159496 ^ fanout123/A (sky130_fd_sc_hd__dlymetal6s2s_1)
     5    0.024508    0.257243    0.300314   34.459808 ^ fanout123/X (sky130_fd_sc_hd__dlymetal6s2s_1)
                                                         net123 (net)
                      0.257243    0.000181   34.459991 ^ fanout122/A (sky130_fd_sc_hd__buf_2)
    10    0.035153    0.174823    0.266070   34.726063 ^ fanout122/X (sky130_fd_sc_hd__buf_2)
                                                         net122 (net)
                      0.174823    0.000647   34.726707 ^ _1492_/A1 (sky130_fd_sc_hd__o31a_1)
     2    0.008512    0.100822    0.200291   34.926998 ^ _1492_/X (sky130_fd_sc_hd__o31a_1)
                                                         _1286_ (net)
                      0.100822    0.000089   34.927090 ^ _1495_/A2 (sky130_fd_sc_hd__a211oi_1)
     1    0.001770    0.052575    0.073591   35.000679 v _1495_/Y (sky130_fd_sc_hd__a211oi_1)
                                                         _1289_ (net)
                      0.052575    0.000014   35.000694 v _1500_/A2_N (sky130_fd_sc_hd__a2bb2o_1)
     5    0.015282    0.156956    0.321108   35.321800 ^ _1500_/X (sky130_fd_sc_hd__a2bb2o_1)
                                                         _1294_ (net)
                      0.156956    0.000110   35.321911 ^ _1503_/B1_N (sky130_fd_sc_hd__a21boi_4)
    19    0.103680    0.733105    0.646420   35.968330 ^ _1503_/Y (sky130_fd_sc_hd__a21boi_4)
                                                         _1297_ (net)
                      0.733120    0.002814   35.971146 ^ _2335_/A0 (sky130_fd_sc_hd__mux2_1)
     1    0.003387    0.064652    0.235197   36.206341 ^ _2335_/X (sky130_fd_sc_hd__mux2_1)
                                                         _1074_ (net)
                      0.064652    0.000046   36.206387 ^ _2336_/A1 (sky130_fd_sc_hd__mux2_1)
     1    0.007739    0.082790    0.157435   36.363823 ^ _2336_/X (sky130_fd_sc_hd__mux2_1)
                                                         net87 (net)
                      0.082790    0.000167   36.363991 ^ output87/A (sky130_fd_sc_hd__buf_2)
     1    0.040600    0.199742    0.232276   36.596268 ^ output87/X (sky130_fd_sc_hd__buf_2)
                                                         CBnorth_out[6] (net)
                      0.199761    0.001613   36.597881 ^ CBnorth_out[6] (out)
                                             36.597881   data arrival time

                                100.000000  100.000000   clock clk (rise edge)
                                  0.000000  100.000000   clock network delay (propagated)
                                 -0.250000   99.750000   clock uncertainty
                                  0.000000   99.750000   clock reconvergence pessimism
                                -20.000000   79.750000   output external delay
                                             79.750000   data required time
---------------------------------------------------------------------------------------------
                                             79.750000   data required time
                                            -36.597881   data arrival time
---------------------------------------------------------------------------------------------
                                             43.152119   slack (MET)




===========================================================================
report_checks --slack_max -0.01
============================================================================
======================= min_tt_025C_1v80 Corner ===================================

No paths found.


===========================================================================
 report_check_types -max_slew -max_cap -max_fanout -violators
============================================================================
======================= min_tt_025C_1v80 Corner ===================================

max fanout

Pin                                   Limit Fanout  Slack
---------------------------------------------------------
_2923_/Q                                 10     21    -11 (VIOLATED)
fanout125/X                              10     21    -11 (VIOLATED)
fanout132/X                              10     21    -11 (VIOLATED)
fanout133/X                              10     21    -11 (VIOLATED)
fanout135/X                              10     21    -11 (VIOLATED)
fanout136/X                              10     21    -11 (VIOLATED)
fanout172/X                              10     21    -11 (VIOLATED)
fanout200/X                              10     21    -11 (VIOLATED)
fanout242/X                              10     21    -11 (VIOLATED)
fanout258/X                              10     21    -11 (VIOLATED)
_1479_/Y                                 10     19     -9 (VIOLATED)
_1503_/Y                                 10     19     -9 (VIOLATED)
_1629_/Y                                 10     19     -9 (VIOLATED)
_1668_/Y                                 10     19     -9 (VIOLATED)
_1685_/Y                                 10     19     -9 (VIOLATED)
_1940_/X                                 10     19     -9 (VIOLATED)
_1942_/Y                                 10     19     -9 (VIOLATED)
_2023_/Y                                 10     19     -9 (VIOLATED)
_2055_/Y                                 10     19     -9 (VIOLATED)
_2058_/Y                                 10     19     -9 (VIOLATED)
_2061_/Y                                 10     19     -9 (VIOLATED)
_2064_/Y                                 10     19     -9 (VIOLATED)
_2073_/X                                 10     19     -9 (VIOLATED)
_2080_/Y                                 10     19     -9 (VIOLATED)
clkbuf_leaf_2_clk/X                      10     19     -9 (VIOLATED)
clkbuf_leaf_6_clk/X                      10     19     -9 (VIOLATED)
input1/X                                 10     19     -9 (VIOLATED)
input10/X                                10     19     -9 (VIOLATED)
input11/X                                10     19     -9 (VIOLATED)
input12/X                                10     19     -9 (VIOLATED)
input13/X                                10     19     -9 (VIOLATED)
input14/X                                10     19     -9 (VIOLATED)
input15/X                                10     19     -9 (VIOLATED)
input16/X                                10     19     -9 (VIOLATED)
input17/X                                10     19     -9 (VIOLATED)
input18/X                                10     19     -9 (VIOLATED)
input19/X                                10     19     -9 (VIOLATED)
input2/X                                 10     19     -9 (VIOLATED)
input20/X                                10     19     -9 (VIOLATED)
input22/X                                10     19     -9 (VIOLATED)
input23/X                                10     19     -9 (VIOLATED)
input24/X                                10     19     -9 (VIOLATED)
input25/X                                10     19     -9 (VIOLATED)
input26/X                                10     19     -9 (VIOLATED)
input27/X                                10     19     -9 (VIOLATED)
input28/X                                10     19     -9 (VIOLATED)
input3/X                                 10     19     -9 (VIOLATED)
input4/X                                 10     19     -9 (VIOLATED)
input5/X                                 10     19     -9 (VIOLATED)
input6/X                                 10     19     -9 (VIOLATED)
input7/X                                 10     19     -9 (VIOLATED)
input8/X                                 10     19     -9 (VIOLATED)
input9/X                                 10     19     -9 (VIOLATED)
_1527_/Y                                 10     17     -7 (VIOLATED)
_1551_/X                                 10     17     -7 (VIOLATED)
_1597_/X                                 10     17     -7 (VIOLATED)
clkbuf_2_0__f_clk/X                      10     17     -7 (VIOLATED)
clkbuf_2_1__f_clk/X                      10     17     -7 (VIOLATED)
clkbuf_2_2__f_clk/X                      10     17     -7 (VIOLATED)
clkbuf_2_3__f_clk/X                      10     17     -7 (VIOLATED)
clkbuf_leaf_15_clk/X                     10     17     -7 (VIOLATED)
clkbuf_leaf_7_clk/X                      10     17     -7 (VIOLATED)
fanout124/X                              10     17     -7 (VIOLATED)
_1548_/X                                 10     15     -5 (VIOLATED)
_1577_/X                                 10     15     -5 (VIOLATED)
clkbuf_leaf_22_clk/X                     10     15     -5 (VIOLATED)
clkbuf_leaf_0_clk/X                      10     14     -4 (VIOLATED)
clkbuf_leaf_10_clk/X                     10     14     -4 (VIOLATED)
clkbuf_leaf_14_clk/X                     10     14     -4 (VIOLATED)
clkbuf_leaf_21_clk/X                     10     14     -4 (VIOLATED)
clkbuf_leaf_28_clk/X                     10     14     -4 (VIOLATED)
clkbuf_leaf_4_clk/X                      10     14     -4 (VIOLATED)
_1524_/Y                                 10     13     -3 (VIOLATED)
_1711_/X                                 10     13     -3 (VIOLATED)
_1750_/X                                 10     13     -3 (VIOLATED)
_1776_/X                                 10     13     -3 (VIOLATED)
_3039_/Q                                 10     13     -3 (VIOLATED)
clkbuf_leaf_1_clk/X                      10     13     -3 (VIOLATED)
clkbuf_leaf_24_clk/X                     10     13     -3 (VIOLATED)
clkbuf_leaf_29_clk/X                     10     13     -3 (VIOLATED)
clkbuf_leaf_5_clk/X                      10     13     -3 (VIOLATED)
fanout229/X                              10     13     -3 (VIOLATED)
fanout255/X                              10     13     -3 (VIOLATED)
fanout272/X                              10     13     -3 (VIOLATED)
input60/X                                10     13     -3 (VIOLATED)
clkbuf_leaf_25_clk/X                     10     12     -2 (VIOLATED)
clkbuf_leaf_27_clk/X                     10     12     -2 (VIOLATED)
clkbuf_leaf_26_clk/X                     10     11        (VIOLATED)
clkbuf_leaf_8_clk/X                      10     11        (VIOLATED)
fanout131/X                              10     11        (VIOLATED)
fanout141/X                              10     11        (VIOLATED)
fanout230/X                              10     11        (VIOLATED)
fanout231/X                              10     11        (VIOLATED)
fanout274/X                              10     11        (VIOLATED)



===========================================================================
report_parasitic_annotation -report_unannotated
============================================================================
Found 32 unannotated drivers.
 _2313_/X
 _2315_/X
 _2317_/X
 _2319_/X
 clkload0/X
 clkload1/X
 clkload10/Y
 clkload11/Y
 clkload12/Y
 clkload13/Y
 clkload14/Y
 clkload15/Y
 clkload16/Y
 clkload17/Y
 clkload18/Y
 clkload19/X
 clkload2/Y
 clkload20/Y
 clkload21/X
 clkload22/Y
 clkload23/Y
 clkload24/Y
 clkload25/Y
 clkload26/Y
 clkload27/Y
 clkload3/Y
 clkload4/Y
 clkload5/Y
 clkload6/Y
 clkload7/Y
 clkload8/Y
 clkload9/Y
Found 0 partially unannotated drivers.

===========================================================================
max slew violation count 0
max fanout violation count 94
max cap violation count 0
============================================================================

===========================================================================
check_setup -verbose -unconstrained_endpoints -multiple_clock -no_clock -no_input_delay -loops -generated_clocks
===========================================================================
Warning: There are 8 unclocked register/latch pins.
  _2792_/CLK
  _2841_/CLK
  _2842_/CLK
  _2863_/CLK
  _2864_/CLK
  _2885_/CLK
  _2886_/CLK
  _2907_/CLK
Warning: There are 8 unconstrained endpoints.
  _2792_/D
  _2841_/D
  _2842_/D
  _2863_/D
  _2864_/D
  _2885_/D
  _2886_/D
  _2907_/D
Warning: There are 59 combinational loops in the design.
  _1781_/X
  _1811_/S
  _1811_/X
  _1842_/A1
  _1842_/X
  _1875_/A1
  _1875_/X
  _1883_/A1
  _1883_/X
  _1887_/A2
  _1887_/X
  fanout141/A
  fanout141/X
  _1635_/A0
  _1635_/X
  _1645_/A2
  _1645_/X
  _1649_/B1
  _1649_/Y
  _1924_/A0
  _1924_/X
  _1929_/A2
  _1929_/X
  _1930_/B2
  _1930_/Y
  _1940_/A1_N
  _1940_/X
  _1943_/A
  _1943_/Y
  _1944_/S
  _1944_/X
  _1974_/A2
  _1974_/X
  _2015_/A1
  _2015_/X
  _2018_/A2
  _2018_/X
  _2091_/A1
  _2091_/X
  _2092_/A
  _2092_/Y
  _2116_/B1
  _2116_/X
  _2144_/S1
  _2144_/X
  _2172_/A0
  _2172_/X
  _2176_/A0
  _2176_/X
  _2179_/A2
  _2179_/X
  fanout133/A
  fanout133/X
  _1455_/A
  _1455_/Y
  _1470_/A
  _1470_/Y
  _1471_/C1
  _1471_/Y
  _1476_/A2_N
  _1476_/X
  _1479_/B1_N
  _1479_/Y
  _1552_/A0
  _1552_/X
  _1603_/A2
  _1603_/X
  _1604_/B
  _1604_/Y
  _1781_/A1
  | loop cut point
  _1781_/X
  --------------------------------
  _1842_/X
  _1875_/A1
  _1875_/X
  _1883_/A1
  _1883_/X
  _1887_/A2
  _1887_/X
  fanout141/A
  fanout141/X
  _1635_/A0
  _1635_/X
  _1645_/A2
  _1645_/X
  _1649_/B1
  _1649_/Y
  _1924_/A0
  _1924_/X
  _1929_/A2
  _1929_/X
  _1930_/B2
  _1930_/Y
  _1940_/A1_N
  _1940_/X
  _1943_/A
  _1943_/Y
  _1944_/S
  _1944_/X
  _1974_/A2
  _1974_/X
  _2015_/A1
  _2015_/X
  _2018_/A2
  _2018_/X
  _2091_/A1
  _2091_/X
  _2092_/A
  _2092_/Y
  _2116_/B1
  _2116_/X
  _2144_/S1
  _2144_/X
  _2172_/A0
  _2172_/X
  _2176_/A0
  _2176_/X
  _2179_/A2
  _2179_/X
  fanout133/A
  fanout133/X
  _1455_/A
  _1455_/Y
  _1470_/A
  _1470_/Y
  _1471_/C1
  _1471_/Y
  _1476_/A2_N
  _1476_/X
  _1479_/B1_N
  _1479_/Y
  _1807_/B2
  _1807_/X
  _1808_/B1
  _1808_/X
  _1809_/B1
  _1809_/X
  _1810_/B1
  _1810_/X
  _1842_/S
  | loop cut point
  _1842_/X
  --------------------------------
  _1842_/X
  _1875_/A1
  _1875_/X
  _1883_/A1
  _1883_/X
  _1887_/A2
  _1887_/X
  fanout141/A
  fanout141/X
  _1635_/A0
  _1635_/X
  _1645_/A2
  _1645_/X
  _1649_/B1
  _1649_/Y
  _1924_/A0
  _1924_/X
  _1929_/A2
  _1929_/X
  _1930_/B2
  _1930_/Y
  _1940_/A1_N
  _1940_/X
  _1943_/A
  _1943_/Y
  _1944_/S
  _1944_/X
  _1974_/A2
  _1974_/X
  _2015_/A1
  _2015_/X
  _2018_/A2
  _2018_/X
  _2091_/A1
  _2091_/X
  _2092_/A
  _2092_/Y
  _2116_/B1
  _2116_/X
  _2144_/S1
  _2144_/X
  _2172_/A0
  _2172_/X
  _2176_/A0
  _2176_/X
  _2179_/A2
  _2179_/X
  fanout133/A
  fanout133/X
  _1455_/A
  _1455_/Y
  _1470_/A
  _1470_/Y
  _1471_/C1
  _1471_/Y
  _1476_/A2_N
  _1476_/X
  _1479_/B1_N
  _1479_/Y
  _1807_/B2
  _1807_/X
  _1808_/B1
  _1808_/X
  _1809_/B1
  _1809_/X
  _1810_/B1
  _1810_/X
  _1842_/S
  | loop cut point
  _1842_/X
  --------------------------------
  _1875_/X
  _1883_/A1
  _1883_/X
  _1887_/A2
  _1887_/X
  fanout141/A
  fanout141/X
  _1635_/A0
  _1635_/X
  _1645_/A2
  _1645_/X
  _1649_/B1
  _1649_/Y
  _1924_/A0
  _1924_/X
  _1929_/A2
  _1929_/X
  _1930_/B2
  _1930_/Y
  _1940_/A1_N
  _1940_/X
  _1943_/A
  _1943_/Y
  _1944_/S
  _1944_/X
  _1974_/A2
  _1974_/X
  _2015_/A1
  _2015_/X
  _2018_/A2
  _2018_/X
  _2091_/A1
  _2091_/X
  _2092_/A
  _2092_/Y
  _2116_/B1
  _2116_/X
  _2144_/S1
  _2144_/X
  _2172_/A0
  _2172_/X
  _2176_/A0
  _2176_/X
  _2179_/A2
  _2179_/X
  fanout133/A
  fanout133/X
  _1455_/A
  _1455_/Y
  _1470_/A
  _1470_/Y
  _1471_/C1
  _1471_/Y
  _1476_/A2_N
  _1476_/X
  _1479_/B1_N
  _1479_/Y
  _1807_/B2
  _1807_/X
  _1808_/B1
  _1808_/X
  _1809_/B1
  _1809_/X
  _1810_/B1
  _1810_/X
  _1874_/S
  _1874_/X
  _1875_/A0
  | loop cut point
  _1875_/X
  --------------------------------
  _1883_/X
  _1887_/A2
  _1887_/X
  fanout141/A
  fanout141/X
  _1635_/A0
  _1635_/X
  _1645_/A2
  _1645_/X
  _1649_/B1
  _1649_/Y
  _1924_/A0
  _1924_/X
  _1929_/A2
  _1929_/X
  _1930_/B2
  _1930_/Y
  _1940_/A1_N
  _1940_/X
  _1943_/A
  _1943_/Y
  _1944_/S
  _1944_/X
  _1974_/A2
  _1974_/X
  _2015_/A1
  _2015_/X
  _2018_/A2
  _2018_/X
  _2091_/A1
  _2091_/X
  _2092_/A
  _2092_/Y
  _2116_/B1
  _2116_/X
  _2144_/S1
  _2144_/X
  _2172_/A0
  _2172_/X
  _2176_/A0
  _2176_/X
  _2179_/A2
  _2179_/X
  fanout133/A
  fanout133/X
  _1455_/A
  _1455_/Y
  _1470_/A
  _1470_/Y
  _1471_/C1
  _1471_/Y
  _1476_/A2_N
  _1476_/X
  _1479_/B1_N
  _1479_/Y
  _1807_/B2
  _1807_/X
  _1808_/B1
  _1808_/X
  _1809_/B1
  _1809_/X
  _1810_/B1
  _1810_/X
  _1878_/S
  _1878_/X
  _1882_/A1
  _1882_/X
  _1883_/A0
  | loop cut point
  _1883_/X
  --------------------------------
  _1875_/X
  _1883_/A1
  _1883_/X
  _1887_/A2
  _1887_/X
  fanout141/A
  fanout141/X
  _1635_/A0
  _1635_/X
  _1645_/A2
  _1645_/X
  _1649_/B1
  _1649_/Y
  _1924_/A0
  _1924_/X
  _1929_/A2
  _1929_/X
  _1930_/B2
  _1930_/Y
  _1940_/A1_N
  _1940_/X
  _1943_/A
  _1943_/Y
  _1944_/S
  _1944_/X
  _1974_/A2
  _1974_/X
  _2015_/A1
  _2015_/X
  _2018_/A2
  _2018_/X
  _2091_/A1
  _2091_/X
  _2092_/A
  _2092_/Y
  _2116_/B1
  _2116_/X
  _2144_/S1
  _2144_/X
  _2172_/A0
  _2172_/X
  _2176_/A0
  _2176_/X
  _2179_/A2
  _2179_/X
  fanout133/A
  fanout133/X
  _1455_/A
  _1455_/Y
  _1470_/A
  _1470_/Y
  _1471_/C1
  _1471_/Y
  _1476_/A2_N
  _1476_/X
  _1479_/B1_N
  _1479_/Y
  _1837_/B2
  _1837_/X
  _1838_/A2
  _1838_/X
  _1840_/A3
  _1840_/X
  _1875_/S
  | loop cut point
  _1875_/X
  --------------------------------
  _1875_/X
  _1883_/A1
  _1883_/X
  _1887_/A2
  _1887_/X
  fanout141/A
  fanout141/X
  _1635_/A0
  _1635_/X
  _1645_/A2
  _1645_/X
  _1649_/B1
  _1649_/Y
  _1924_/A0
  _1924_/X
  _1929_/A2
  _1929_/X
  _1930_/B2
  _1930_/Y
  _1940_/A1_N
  _1940_/X
  _1943_/A
  _1943_/Y
  _1944_/S
  _1944_/X
  _1974_/A2
  _1974_/X
  _2015_/A1
  _2015_/X
  _2018_/A2
  _2018_/X
  _2091_/A1
  _2091_/X
  _2092_/A
  _2092_/Y
  _2116_/B1
  _2116_/X
  _2144_/S1
  _2144_/X
  _2172_/A0
  _2172_/X
  _2176_/A0
  _2176_/X
  _2179_/A2
  _2179_/X
  fanout133/A
  fanout133/X
  _1455_/A
  _1455_/Y
  _1470_/A
  _1470_/Y
  _1471_/C1
  _1471_/Y
  _1476_/A2_N
  _1476_/X
  _1479_/B1_N
  _1479_/Y
  _1837_/B2
  _1837_/X
  _1838_/A2
  _1838_/X
  _1840_/A3
  _1840_/X
  _1875_/S
  | loop cut point
  _1875_/X
  --------------------------------
  _1883_/X
  _1887_/A2
  _1887_/X
  fanout141/A
  fanout141/X
  _1635_/A0
  _1635_/X
  _1645_/A2
  _1645_/X
  _1649_/B1
  _1649_/Y
  _1924_/A0
  _1924_/X
  _1929_/A2
  _1929_/X
  _1930_/B2
  _1930_/Y
  _1940_/A1_N
  _1940_/X
  _1943_/A
  _1943_/Y
  _1944_/S
  _1944_/X
  _1974_/A2
  _1974_/X
  _2015_/A1
  _2015_/X
  _2018_/A2
  _2018_/X
  _2091_/A1
  _2091_/X
  _2092_/A
  _2092_/Y
  _2116_/B1
  _2116_/X
  _2144_/S1
  _2144_/X
  _2172_/A0
  _2172_/X
  _2176_/A0
  _2176_/X
  _2179_/A2
  _2179_/X
  fanout133/A
  fanout133/X
  _1455_/A
  _1455_/Y
  _1470_/A
  _1470_/Y
  _1471_/C1
  _1471_/Y
  _1476_/A2_N
  _1476_/X
  _1479_/B1_N
  _1479_/Y
  _1856_/B2
  _1856_/X
  _1857_/B1
  _1857_/X
  _1858_/A2_N
  _1858_/X
  _1871_/B1
  _1871_/X
  _1883_/S
  | loop cut point
  _1883_/X
  --------------------------------
  _1883_/X
  _1887_/A2
  _1887_/X
  fanout141/A
  fanout141/X
  _1635_/A0
  _1635_/X
  _1645_/A2
  _1645_/X
  _1649_/B1
  _1649_/Y
  _1924_/A0
  _1924_/X
  _1929_/A2
  _1929_/X
  _1930_/B2
  _1930_/Y
  _1940_/A1_N
  _1940_/X
  _1943_/A
  _1943_/Y
  _1944_/S
  _1944_/X
  _1974_/A2
  _1974_/X
  _2015_/A1
  _2015_/X
  _2018_/A2
  _2018_/X
  _2091_/A1
  _2091_/X
  _2092_/A
  _2092_/Y
  _2116_/B1
  _2116_/X
  _2144_/S1
  _2144_/X
  _2172_/A0
  _2172_/X
  _2176_/A0
  _2176_/X
  _2179_/A2
  _2179_/X
  fanout133/A
  fanout133/X
  _1455_/A
  _1455_/Y
  _1470_/A
  _1470_/Y
  _1471_/C1
  _1471_/Y
  _1476_/A2_N
  _1476_/X
  _1479_/B1_N
  _1479_/Y
  _1856_/B2
  _1856_/X
  _1857_/B1
  _1857_/X
  _1858_/A2_N
  _1858_/X
  _1871_/B1
  _1871_/X
  _1883_/S
  | loop cut point
  _1883_/X
  --------------------------------
  _1974_/X
  _2015_/A1
  _2015_/X
  _2018_/A2
  _2018_/X
  _2091_/A1
  _2091_/X
  _2092_/A
  _2092_/Y
  _2116_/B1
  _2116_/X
  _2144_/S1
  _2144_/X
  _2172_/A0
  _2172_/X
  _2176_/A0
  _2176_/X
  _2179_/A2
  _2179_/X
  fanout133/A
  fanout133/X
  _1455_/A
  _1455_/Y
  _1470_/A
  _1470_/Y
  _1471_/C1
  _1471_/Y
  _1476_/A2_N
  _1476_/X
  _1479_/B1_N
  _1479_/Y
  _1905_/A3
  _1905_/X
  _1913_/A2
  _1913_/Y
  _1914_/A2
  _1914_/Y
  _1915_/B2
  _1915_/X
  _1916_/A
  _1916_/Y
  _1973_/B1
  _1973_/X
  _1974_/B2
  | loop cut point
  _1974_/X
  --------------------------------
  _2015_/X
  _2018_/A2
  _2018_/X
  _2091_/A1
  _2091_/X
  _2092_/A
  _2092_/Y
  _2116_/B1
  _2116_/X
  _2144_/S1
  _2144_/X
  _2172_/A0
  _2172_/X
  _2176_/A0
  _2176_/X
  _2179_/A2
  _2179_/X
  fanout133/A
  fanout133/X
  _1455_/A
  _1455_/Y
  _1470_/A
  _1470_/Y
  _1471_/C1
  _1471_/Y
  _1476_/A2_N
  _1476_/X
  _1479_/B1_N
  _1479_/Y
  _1905_/A3
  _1905_/X
  _1913_/A2
  _1913_/Y
  _1914_/A2
  _1914_/Y
  _1915_/B2
  _1915_/X
  _1916_/A
  _1916_/Y
  _2001_/C1
  _2001_/X
  _2004_/A2
  _2004_/X
  _2015_/A2
  | loop cut point
  _2015_/X
  --------------------------------
  _2015_/X
  _2018_/A2
  _2018_/X
  _2091_/A1
  _2091_/X
  _2092_/A
  _2092_/Y
  _2116_/B1
  _2116_/X
  _2144_/S1
  _2144_/X
  _2172_/A0
  _2172_/X
  _2176_/A0
  _2176_/X
  _2179_/A2
  _2179_/X
  fanout133/A
  fanout133/X
  _1455_/A
  _1455_/Y
  _1470_/A
  _1470_/Y
  _1471_/C1
  _1471_/Y
  _1476_/A2_N
  _1476_/X
  _1479_/B1_N
  _1479_/Y
  _1905_/A3
  _1905_/X
  _1913_/A2
  _1913_/Y
  _1914_/A2
  _1914_/Y
  _1915_/B2
  _1915_/X
  _1916_/A
  _1916_/Y
  _2007_/B1
  _2007_/X
  _2008_/B2
  _2008_/X
  _2015_/B1
  | loop cut point
  _2015_/X
  --------------------------------
  _2015_/X
  _2018_/A2
  _2018_/X
  _2091_/A1
  _2091_/X
  _2092_/A
  _2092_/Y
  _2116_/B1
  _2116_/X
  _2144_/S1
  _2144_/X
  _2172_/A0
  _2172_/X
  _2176_/A0
  _2176_/X
  _2179_/A2
  _2179_/X
  fanout133/A
  fanout133/X
  _1455_/A
  _1455_/Y
  _1470_/A
  _1470_/Y
  _1471_/C1
  _1471_/Y
  _1476_/A2_N
  _1476_/X
  _1479_/B1_N
  _1479_/Y
  _1905_/A3
  _1905_/X
  _1913_/A2
  _1913_/Y
  _1914_/A2
  _1914_/Y
  _1915_/B2
  _1915_/X
  _1916_/A
  _1916_/Y
  _2013_/A1
  _2013_/X
  _2014_/A2
  _2014_/X
  _2015_/B2
  | loop cut point
  _2015_/X
  --------------------------------
  _1974_/X
  _2015_/A1
  _2015_/X
  _2018_/A2
  _2018_/X
  _2091_/A1
  _2091_/X
  _2092_/A
  _2092_/Y
  _2116_/B1
  _2116_/X
  _2144_/S1
  _2144_/X
  _2172_/A0
  _2172_/X
  _2176_/A0
  _2176_/X
  _2179_/A2
  _2179_/X
  fanout133/A
  fanout133/X
  _1455_/A
  _1455_/Y
  _1470_/A
  _1470_/Y
  _1471_/C1
  _1471_/Y
  _1476_/A2_N
  _1476_/X
  _1479_/B1_N
  _1479_/Y
  _1905_/A3
  _1905_/X
  _1913_/A2
  _1913_/Y
  _1914_/A2
  _1914_/Y
  _1915_/B2
  _1915_/X
  _1974_/A1
  | loop cut point
  _1974_/X
  --------------------------------
  _1940_/X
  _1943_/A
  _1943_/Y
  _1944_/S
  _1944_/X
  _1974_/A2
  _1974_/X
  _2015_/A1
  _2015_/X
  _2018_/A2
  _2018_/X
  _2091_/A1
  _2091_/X
  _2092_/A
  _2092_/Y
  _2116_/B1
  _2116_/X
  _2144_/S1
  _2144_/X
  _2172_/A0
  _2172_/X
  _2176_/A0
  _2176_/X
  _2179_/A2
  _2179_/X
  fanout133/A
  fanout133/X
  _1455_/A
  _1455_/Y
  _1470_/A
  _1470_/Y
  _1471_/C1
  _1471_/Y
  _1476_/A2_N
  _1476_/X
  _1479_/B1_N
  _1479_/Y
  _1936_/C
  _1936_/X
  _1937_/A3
  _1937_/X
  _1938_/A2
  _1938_/X
  _1940_/A2_N
  | loop cut point
  _1940_/X
  --------------------------------
  _1974_/X
  _2015_/A1
  _2015_/X
  _2018_/A2
  _2018_/X
  _2091_/A1
  _2091_/X
  _2092_/A
  _2092_/Y
  _2116_/B1
  _2116_/X
  _2144_/S1
  _2144_/X
  _2172_/A0
  _2172_/X
  _2176_/A0
  _2176_/X
  _2179_/A2
  _2179_/X
  fanout133/A
  fanout133/X
  _1455_/A
  _1455_/Y
  _1470_/A
  _1470_/Y
  _1471_/C1
  _1471_/Y
  _1476_/A2_N
  _1476_/X
  _1479_/B1_N
  _1479_/Y
  _1946_/A3
  _1946_/X
  _1953_/A2
  _1953_/Y
  _1954_/B2
  _1954_/X
  _1955_/B
  _1955_/Y
  _1970_/A1_N
  _1970_/X
  _1971_/A
  _1971_/Y
  _1974_/C1
  | loop cut point
  _1974_/X
  --------------------------------
  _2144_/X
  _2172_/A0
  _2172_/X
  _2176_/A0
  _2176_/X
  _2179_/A2
  _2179_/X
  fanout133/A
  fanout133/X
  _1455_/A
  _1455_/Y
  _1470_/A
  _1470_/Y
  _1471_/C1
  _1471_/Y
  _1476_/A2_N
  _1476_/X
  _2023_/B1_N
  _2023_/Y
  _2035_/A2
  _2035_/X
  _2051_/A2
  _2051_/Y
  _2052_/A2
  _2052_/Y
  _2090_/A1
  _2090_/X
  _2144_/S0
  | loop cut point
  _2144_/X
  --------------------------------
  _2144_/X
  _2172_/A0
  _2172_/X
  _2176_/A0
  _2176_/X
  _2179_/A2
  _2179_/X
  fanout133/A
  fanout133/X
  _1455_/A
  _1455_/Y
  _1470_/A
  _1470_/Y
  _1471_/C1
  _1471_/Y
  _1476_/A2_N
  _1476_/X
  _2023_/B1_N
  _2023_/Y
  _2035_/A2
  _2035_/X
  _2051_/A2
  _2051_/Y
  _2052_/A2
  _2052_/Y
  _2090_/A1
  _2090_/X
  _2144_/S0
  | loop cut point
  _2144_/X
  --------------------------------
  _2172_/X
  _2176_/A0
  _2176_/X
  _2179_/A2
  _2179_/X
  fanout133/A
  fanout133/X
  _1455_/A
  _1455_/Y
  _1470_/A
  _1470_/Y
  _1471_/C1
  _1471_/Y
  _1476_/A2_N
  _1476_/X
  _2023_/B1_N
  _2023_/Y
  _2035_/A2
  _2035_/X
  _2051_/A2
  _2051_/Y
  _2052_/A2
  _2052_/Y
  _2090_/A1
  _2090_/X
  _2171_/S0
  _2171_/X
  _2172_/A1
  | loop cut point
  _2172_/X
  --------------------------------
  _2176_/X
  _2179_/A2
  _2179_/X
  fanout133/A
  fanout133/X
  _1455_/A
  _1455_/Y
  _1470_/A
  _1470_/Y
  _1471_/C1
  _1471_/Y
  _1476_/A2_N
  _1476_/X
  _2023_/B1_N
  _2023_/Y
  _2035_/A2
  _2035_/X
  _2051_/A2
  _2051_/Y
  _2052_/A2
  _2052_/Y
  _2090_/A1
  _2090_/X
  _2173_/S0
  _2173_/X
  _2175_/A1
  _2175_/X
  _2176_/A1
  | loop cut point
  _2176_/X
  --------------------------------
  _2116_/X
  _2144_/S1
  _2144_/X
  _2172_/A0
  _2172_/X
  _2176_/A0
  _2176_/X
  _2179_/A2
  _2179_/X
  fanout133/A
  fanout133/X
  _1455_/A
  _1455_/Y
  _1470_/A
  _1470_/Y
  _1471_/C1
  _1471_/Y
  _1476_/A2_N
  _1476_/X
  _2023_/B1_N
  _2023_/Y
  _2107_/A3
  _2107_/X
  _2113_/A2
  _2113_/Y
  _2115_/C
  _2115_/X
  _2116_/A3
  | loop cut point
  _2116_/X
  --------------------------------
  _2172_/X
  _2176_/A0
  _2176_/X
  _2179_/A2
  _2179_/X
  fanout133/A
  fanout133/X
  _1455_/A
  _1455_/Y
  _1470_/A
  _1470_/Y
  _1471_/C1
  _1471_/Y
  _1476_/A2_N
  _1476_/X
  _2023_/B1_N
  _2023_/Y
  _2117_/A3
  _2117_/X
  _2118_/B
  _2118_/Y
  _2127_/A1
  _2127_/X
  _2143_/C1
  _2143_/X
  _2172_/S
  | loop cut point
  _2172_/X
  --------------------------------
  _2172_/X
  _2176_/A0
  _2176_/X
  _2179_/A2
  _2179_/X
  fanout133/A
  fanout133/X
  _1455_/A
  _1455_/Y
  _1470_/A
  _1470_/Y
  _1471_/C1
  _1471_/Y
  _1476_/A2_N
  _1476_/X
  _2023_/B1_N
  _2023_/Y
  _2117_/A3
  _2117_/X
  _2118_/B
  _2118_/Y
  _2127_/A1
  _2127_/X
  _2143_/C1
  _2143_/X
  _2172_/S
  | loop cut point
  _2172_/X
  --------------------------------
  _2176_/X
  _2179_/A2
  _2179_/X
  fanout133/A
  fanout133/X
  _1455_/A
  _1455_/Y
  _1470_/A
  _1470_/Y
  _1471_/C1
  _1471_/Y
  _1476_/A2_N
  _1476_/X
  _2023_/B1_N
  _2023_/Y
  _2145_/A3
  _2145_/X
  _2146_/B
  _2146_/X
  _2169_/A
  _2169_/X
  _2170_/A3
  _2170_/X
  _2176_/S
  | loop cut point
  _2176_/X
  --------------------------------
  _2176_/X
  _2179_/A2
  _2179_/X
  fanout133/A
  fanout133/X
  _1455_/A
  _1455_/Y
  _1470_/A
  _1470_/Y
  _1471_/C1
  _1471_/Y
  _1476_/A2_N
  _1476_/X
  _2023_/B1_N
  _2023_/Y
  _2145_/A3
  _2145_/X
  _2146_/B
  _2146_/X
  _2169_/A
  _2169_/X
  _2170_/A3
  _2170_/X
  _2176_/S
  | loop cut point
  _2176_/X
  --------------------------------
  _1781_/X
  _1811_/S
  _1811_/X
  _1842_/A1
  _1842_/X
  _1875_/A1
  _1875_/X
  _1883_/A1
  _1883_/X
  _1887_/A2
  _1887_/X
  fanout141/A
  fanout141/X
  _1635_/A0
  _1635_/X
  _1645_/A2
  _1645_/X
  _1649_/B1
  _1649_/Y
  _1924_/A0
  _1924_/X
  _1929_/A2
  _1929_/X
  _1930_/B2
  _1930_/Y
  _1940_/A1_N
  _1940_/X
  _1943_/A
  _1943_/Y
  _1944_/S
  _1944_/X
  _1974_/A2
  _1974_/X
  _2015_/A1
  _2015_/X
  _2018_/A2
  _2018_/X
  _2091_/A1
  _2091_/X
  _2092_/A
  _2092_/Y
  _2116_/B1
  _2116_/X
  _2144_/S1
  _2144_/X
  _2172_/A0
  _2172_/X
  _2176_/A0
  _2176_/X
  _2179_/A2
  _2179_/X
  fanout133/A
  fanout133/X
  _1455_/A
  _1455_/Y
  _1470_/A
  _1470_/Y
  _1471_/C1
  _1471_/Y
  _1476_/A2_N
  _1476_/X
  _2023_/B1_N
  _2023_/Y
  _2180_/A0
  _2180_/X
  _2188_/A2
  _2188_/Y
  _2204_/A1
  _2204_/X
  _2233_/A3
  _2233_/X
  _2234_/B1
  _2234_/Y
  _2297_/A1
  _2297_/X
  _2309_/A2
  _2309_/Y
  _2312_/A2
  _2312_/X
  fanout125/A
  fanout125/X
  _1607_/A3
  _1607_/X
  _1608_/B
  _1608_/Y
  _1781_/B1
  | loop cut point
  _1781_/X
  --------------------------------
  _1943_/Y
  _1944_/S
  _1944_/X
  _1974_/A2
  _1974_/X
  _2015_/A1
  _2015_/X
  _2018_/A2
  _2018_/X
  _2091_/A1
  _2091_/X
  _2092_/A
  _2092_/Y
  _2116_/B1
  _2116_/X
  _2144_/S1
  _2144_/X
  _2172_/A0
  _2172_/X
  _2176_/A0
  _2176_/X
  _2179_/A2
  _2179_/X
  fanout133/A
  fanout133/X
  _1455_/A
  _1455_/Y
  _1470_/A
  _1470_/Y
  _1471_/C1
  _1471_/Y
  _1476_/A2_N
  _1476_/X
  _2023_/B1_N
  _2023_/Y
  _2180_/A0
  _2180_/X
  _2188_/A2
  _2188_/Y
  _2204_/A1
  _2204_/X
  _2233_/A3
  _2233_/X
  _2234_/B1
  _2234_/Y
  _2297_/A1
  _2297_/X
  _2309_/A2
  _2309_/Y
  _2312_/A2
  _2312_/X
  fanout125/A
  fanout125/X
  _1941_/A3
  _1941_/X
  _1942_/B
  _1942_/Y
  _1943_/B
  | loop cut point
  _1943_/Y
  --------------------------------
  _1974_/X
  _2015_/A1
  _2015_/X
  _2018_/A2
  _2018_/X
  _2091_/A1
  _2091_/X
  _2092_/A
  _2092_/Y
  _2116_/B1
  _2116_/X
  _2144_/S1
  _2144_/X
  _2172_/A0
  _2172_/X
  _2176_/A0
  _2176_/X
  _2179_/A2
  _2179_/X
  fanout133/A
  fanout133/X
  _1455_/A
  _1455_/Y
  _1470_/A
  _1470_/Y
  _1471_/C1
  _1471_/Y
  _1476_/A2_N
  _1476_/X
  _2023_/B1_N
  _2023_/Y
  _2180_/A0
  _2180_/X
  _2188_/A2
  _2188_/Y
  _2204_/A1
  _2204_/X
  _2233_/A3
  _2233_/X
  _2234_/B1
  _2234_/Y
  _2297_/A1
  _2297_/X
  _2309_/A2
  _2309_/Y
  _2312_/A2
  _2312_/X
  fanout125/A
  fanout125/X
  _1941_/A3
  _1941_/X
  _1942_/B
  _1942_/Y
  _1972_/C
  _1972_/X
  _1974_/B1
  | loop cut point
  _1974_/X
  --------------------------------
  _2204_/X
  _2233_/A3
  _2233_/X
  _2234_/B1
  _2234_/Y
  _2297_/A1
  _2297_/X
  _2309_/A2
  _2309_/Y
  _2312_/A2
  _2312_/X
  fanout125/A
  fanout125/X
  _2202_/A3
  _2202_/X
  _2203_/A
  _2203_/Y
  _2204_/B1
  | loop cut point
  _2204_/X
  --------------------------------
  _2309_/Y
  _2312_/A2
  _2312_/X
  fanout125/A
  fanout125/X
  _2229_/A3
  _2229_/X
  _2230_/B
  _2230_/Y
  _2231_/B
  _2231_/Y
  _2232_/A
  _2232_/Y
  _2307_/A1
  _2307_/Y
  _2309_/B1
  | loop cut point
  _2309_/Y
  --------------------------------
  _2297_/X
  _2309_/A2
  _2309_/Y
  _2312_/A2
  _2312_/X
  fanout125/A
  fanout125/X
  _2229_/A3
  _2229_/X
  _2230_/B
  _2230_/Y
  _2231_/B
  _2231_/Y
  _2264_/B1
  _2264_/Y
  _2297_/A3
  | loop cut point
  _2297_/X
  --------------------------------
  _2309_/Y
  _2312_/A2
  _2312_/X
  fanout125/A
  fanout125/X
  _2229_/A3
  _2229_/X
  _2230_/B
  _2230_/Y
  _2231_/B
  _2231_/Y
  _2269_/A1
  _2269_/Y
  _2309_/A1
  | loop cut point
  _2309_/Y
  --------------------------------
  _2309_/Y
  _2312_/A2
  _2312_/X
  fanout125/A
  fanout125/X
  _2229_/A3
  _2229_/X
  _2230_/B
  _2230_/Y
  _2231_/B
  _2231_/Y
  _2302_/A1
  _2302_/X
  _2308_/A2
  _2308_/Y
  _2309_/B2
  | loop cut point
  _2309_/Y
  --------------------------------
  _2233_/X
  _2234_/B1
  _2234_/Y
  _2297_/A1
  _2297_/X
  _2309_/A2
  _2309_/Y
  _2312_/A2
  _2312_/X
  fanout125/A
  fanout125/X
  _2229_/A3
  _2229_/X
  _2230_/B
  _2230_/Y
  _2233_/B2
  | loop cut point
  _2233_/X
  --------------------------------
  _2091_/X
  _2092_/A
  _2092_/Y
  _2116_/B1
  _2116_/X
  _2144_/S1
  _2144_/X
  _2172_/A0
  _2172_/X
  _2176_/A0
  _2176_/X
  _2179_/A2
  _2179_/X
  fanout133/A
  fanout133/X
  _1455_/A
  _1455_/Y
  _1470_/A
  _1470_/Y
  _1471_/C1
  _1471_/Y
  _1476_/A2_N
  _1476_/X
  _2023_/B1_N
  _2023_/Y
  _2180_/A0
  _2180_/X
  _2188_/A2
  _2188_/Y
  _2204_/A1
  _2204_/X
  _2233_/A3
  _2233_/X
  _2234_/B1
  _2234_/Y
  _2297_/A1
  _2297_/X
  _2309_/A2
  _2309_/Y
  _2312_/A2
  _2312_/X
  fanout125/A
  fanout125/X
  fanout124/A
  fanout124/X
  _2091_/A3
  | loop cut point
  _2091_/X
  --------------------------------
  _2297_/X
  _2309_/A2
  _2309_/Y
  _2312_/A2
  _2312_/X
  fanout125/A
  fanout125/X
  fanout124/A
  fanout124/X
  _2259_/A3
  _2259_/X
  _2260_/A
  _2260_/Y
  _2261_/B1
  _2261_/X
  _2297_/A2
  | loop cut point
  _2297_/X
  --------------------------------
  _2297_/X
  _2309_/A2
  _2309_/Y
  _2312_/A2
  _2312_/X
  fanout125/A
  fanout125/X
  fanout124/A
  fanout124/X
  _2294_/A3
  _2294_/X
  _2295_/A
  _2295_/Y
  _2296_/B1
  _2296_/X
  _2297_/B1
  | loop cut point
  _2297_/X
  --------------------------------
  _1471_/Y
  _1476_/A2_N
  _1476_/X
  _2023_/B1_N
  _2023_/Y
  _2180_/A0
  _2180_/X
  _2188_/A2
  _2188_/Y
  _2204_/A1
  _2204_/X
  _2233_/A3
  _2233_/X
  _2234_/B1
  _2234_/Y
  _2297_/A1
  _2297_/X
  _2309_/A2
  _2309_/Y
  _2312_/A2
  _2312_/X
  fanout125/A
  fanout125/X
  fanout124/A
  fanout124/X
  fanout123/A
  fanout123/X
  _1469_/A1
  _1469_/X
  _1471_/B2
  | loop cut point
  _1471_/Y
  --------------------------------
  _2180_/X
  _2188_/A2
  _2188_/Y
  _2204_/A1
  _2204_/X
  _2233_/A3
  _2233_/X
  _2234_/B1
  _2234_/Y
  _2297_/A1
  _2297_/X
  _2309_/A2
  _2309_/Y
  _2312_/A2
  _2312_/X
  fanout125/A
  fanout125/X
  fanout124/A
  fanout124/X
  fanout123/A
  fanout123/X
  _1541_/A1
  _1541_/X
  _1544_/B2
  _1544_/X
  _1548_/B1
  _1548_/X
  _2034_/A
  _2034_/X
  _2180_/A3
  | loop cut point
  _2180_/X
  --------------------------------
  _2233_/X
  _2234_/B1
  _2234_/Y
  _2297_/A1
  _2297_/X
  _2309_/A2
  _2309_/Y
  _2312_/A2
  _2312_/X
  fanout125/A
  fanout125/X
  fanout124/A
  fanout124/X
  fanout123/A
  fanout123/X
  _1541_/A1
  _1541_/X
  _1544_/B2
  _1544_/X
  _1548_/B1
  _1548_/X
  _2222_/A2
  _2222_/X
  _2223_/B1
  _2223_/Y
  _2227_/A1
  _2227_/X
  _2228_/C1
  _2228_/X
  _2233_/B1
  | loop cut point
  _2233_/X
  --------------------------------
  _2188_/Y
  _2204_/A1
  _2204_/X
  _2233_/A3
  _2233_/X
  _2234_/B1
  _2234_/Y
  _2297_/A1
  _2297_/X
  _2309_/A2
  _2309_/Y
  _2312_/A2
  _2312_/X
  fanout125/A
  fanout125/X
  fanout124/A
  fanout124/X
  fanout123/A
  fanout123/X
  _1557_/A
  _1557_/X
  _1559_/A3
  _1559_/X
  _1565_/A2
  _1565_/X
  _2181_/A1
  _2181_/X
  _2187_/A3
  _2187_/X
  _2188_/B1
  | loop cut point
  _2188_/Y
  --------------------------------
  _2180_/X
  _2188_/A2
  _2188_/Y
  _2204_/A1
  _2204_/X
  _2233_/A3
  _2233_/X
  _2234_/B1
  _2234_/Y
  _2297_/A1
  _2297_/X
  _2309_/A2
  _2309_/Y
  _2312_/A2
  _2312_/X
  fanout125/A
  fanout125/X
  fanout124/A
  fanout124/X
  fanout123/A
  fanout123/X
  fanout122/A
  fanout122/X
  _1492_/A1
  _1492_/X
  _1495_/A2
  _1495_/Y
  _1500_/A2_N
  _1500_/X
  _2030_/B1
  _2030_/X
  _2180_/A2
  | loop cut point
  _2180_/X
  --------------------------------
  _2180_/X
  _2188_/A2
  _2188_/Y
  _2204_/A1
  _2204_/X
  _2233_/A3
  _2233_/X
  _2234_/B1
  _2234_/Y
  _2297_/A1
  _2297_/X
  _2309_/A2
  _2309_/Y
  _2312_/A2
  _2312_/X
  fanout125/A
  fanout125/X
  fanout124/A
  fanout124/X
  fanout123/A
  fanout123/X
  fanout122/A
  fanout122/X
  _1516_/A1
  _1516_/X
  _1519_/B2
  _1519_/X
  _1524_/B1
  _1524_/Y
  _2026_/A
  _2026_/Y
  _2180_/A1
  | loop cut point
  _2180_/X
  --------------------------------
  _1687_/X
  _1779_/A0
  _1779_/X
  _1780_/A2
  _1780_/X
  _1781_/C1
  _1781_/X
  _1811_/S
  _1811_/X
  _1842_/A1
  _1842_/X
  _1875_/A1
  _1875_/X
  _1883_/A1
  _1883_/X
  _1887_/A2
  _1887_/X
  fanout141/A
  fanout141/X
  _1635_/A0
  _1635_/X
  _1645_/A2
  _1645_/X
  _1649_/B1
  _1649_/Y
  _1924_/A0
  _1924_/X
  _1929_/A2
  _1929_/X
  _1930_/B2
  _1930_/Y
  _1940_/A1_N
  _1940_/X
  _1943_/A
  _1943_/Y
  _1944_/S
  _1944_/X
  _1974_/A2
  _1974_/X
  _2015_/A1
  _2015_/X
  _2018_/A2
  _2018_/X
  _2091_/A1
  _2091_/X
  _2092_/A
  _2092_/Y
  _2116_/B1
  _2116_/X
  _2144_/S1
  _2144_/X
  _2172_/A0
  _2172_/X
  _2176_/A0
  _2176_/X
  _2179_/A2
  _2179_/X
  fanout133/A
  fanout133/X
  _1455_/A
  _1455_/Y
  _1470_/A
  _1470_/Y
  _1471_/C1
  _1471_/Y
  _1476_/A2_N
  _1476_/X
  _2023_/B1_N
  _2023_/Y
  _2180_/A0
  _2180_/X
  _2188_/A2
  _2188_/Y
  _2204_/A1
  _2204_/X
  _2233_/A3
  _2233_/X
  _2234_/B1
  _2234_/Y
  _2297_/A1
  _2297_/X
  _2309_/A2
  _2309_/Y
  _2312_/A2
  _2312_/X
  fanout125/A
  fanout125/X
  fanout124/A
  fanout124/X
  fanout123/A
  fanout123/X
  fanout122/A
  fanout122/X
  _1619_/A1
  _1619_/X
  _1622_/B2
  _1622_/X
  _1626_/B1
  _1626_/X
  _1629_/A
  _1629_/Y
  _1687_/A0
  | loop cut point
  _1687_/X
  --------------------------------
  _1929_/X
  _1930_/B2
  _1930_/Y
  _1940_/A1_N
  _1940_/X
  _1943_/A
  _1943_/Y
  _1944_/S
  _1944_/X
  _1974_/A2
  _1974_/X
  _2015_/A1
  _2015_/X
  _2018_/A2
  _2018_/X
  _2091_/A1
  _2091_/X
  _2092_/A
  _2092_/Y
  _2116_/B1
  _2116_/X
  _2144_/S1
  _2144_/X
  _2172_/A0
  _2172_/X
  _2176_/A0
  _2176_/X
  _2179_/A2
  _2179_/X
  fanout133/A
  fanout133/X
  _1455_/A
  _1455_/Y
  _1470_/A
  _1470_/Y
  _1471_/C1
  _1471_/Y
  _1476_/A2_N
  _1476_/X
  _2023_/B1_N
  _2023_/Y
  _2180_/A0
  _2180_/X
  _2188_/A2
  _2188_/Y
  _2204_/A1
  _2204_/X
  _2233_/A3
  _2233_/X
  _2234_/B1
  _2234_/Y
  _2297_/A1
  _2297_/X
  _2309_/A2
  _2309_/Y
  _2312_/A2
  _2312_/X
  fanout125/A
  fanout125/X
  fanout124/A
  fanout124/X
  fanout123/A
  fanout123/X
  fanout122/A
  fanout122/X
  _1619_/A1
  _1619_/X
  _1622_/B2
  _1622_/X
  _1626_/B1
  _1626_/X
  _1629_/A
  _1629_/Y
  _1926_/A0
  _1926_/X
  _1929_/A3
  | loop cut point
  _1929_/X
  --------------------------------
  _2116_/X
  _2144_/S1
  _2144_/X
  _2172_/A0
  _2172_/X
  _2176_/A0
  _2176_/X
  _2179_/A2
  _2179_/X
  fanout133/A
  fanout133/X
  _1455_/A
  _1455_/Y
  _1470_/A
  _1470_/Y
  _1471_/C1
  _1471_/Y
  _1476_/A2_N
  _1476_/X
  _2023_/B1_N
  _2023_/Y
  _2180_/A0
  _2180_/X
  _2188_/A2
  _2188_/Y
  _2204_/A1
  _2204_/X
  _2233_/A3
  _2233_/X
  _2234_/B1
  _2234_/Y
  _2297_/A1
  _2297_/X
  _2309_/A2
  _2309_/Y
  _2312_/A2
  _2312_/X
  fanout125/A
  fanout125/X
  fanout124/A
  fanout124/X
  fanout123/A
  fanout123/X
  fanout122/A
  fanout122/X
  _1619_/A1
  _1619_/X
  _1622_/B2
  _1622_/X
  _1626_/B1
  _1626_/X
  _2055_/A
  _2055_/Y
  _2093_/A3
  _2093_/X
  _2106_/A2
  _2106_/X
  _2116_/A1
  | loop cut point
  _2116_/X
  --------------------------------
  _2233_/X
  _2234_/B1
  _2234_/Y
  _2297_/A1
  _2297_/X
  _2309_/A2
  _2309_/Y
  _2312_/A2
  _2312_/X
  fanout125/A
  fanout125/X
  fanout124/A
  fanout124/X
  fanout123/A
  fanout123/X
  fanout122/A
  fanout122/X
  _1619_/A1
  _1619_/X
  _1622_/B2
  _1622_/X
  _1626_/B1
  _1626_/X
  _2055_/A
  _2055_/Y
  _2191_/A0
  _2191_/X
  _2192_/B
  _2192_/X
  _2201_/A1
  _2201_/X
  _2233_/A2
  | loop cut point
  _2233_/X
  --------------------------------
  _2234_/Y
  _2297_/A1
  _2297_/X
  _2309_/A2
  _2309_/Y
  _2312_/A2
  _2312_/X
  fanout125/A
  fanout125/X
  fanout124/A
  fanout124/X
  fanout123/A
  fanout123/X
  fanout122/A
  fanout122/X
  _1619_/A1
  _1619_/X
  _1622_/B2
  _1622_/X
  _1626_/B1
  _1626_/X
  _2055_/A
  _2055_/Y
  _2191_/A0
  _2191_/X
  _2192_/B
  _2192_/X
  _2201_/A1
  _2201_/X
  fanout120/A
  fanout120/X
  _2205_/A
  _2205_/Y
  _2234_/A2
  | loop cut point
  _2234_/Y
  --------------------------------
  _1645_/X
  _1649_/B1
  _1649_/Y
  _1924_/A0
  _1924_/X
  _1929_/A2
  _1929_/X
  _1930_/B2
  _1930_/Y
  _1940_/A1_N
  _1940_/X
  _1943_/A
  _1943_/Y
  _1944_/S
  _1944_/X
  _1974_/A2
  _1974_/X
  _2015_/A1
  _2015_/X
  _2018_/A2
  _2018_/X
  _2091_/A1
  _2091_/X
  _2092_/A
  _2092_/Y
  _2116_/B1
  _2116_/X
  _2144_/S1
  _2144_/X
  _2172_/A0
  _2172_/X
  _2176_/A0
  _2176_/X
  _2179_/A2
  _2179_/X
  fanout133/A
  fanout133/X
  _1455_/A
  _1455_/Y
  _1470_/A
  _1470_/Y
  _1471_/C1
  _1471_/Y
  _1476_/A2_N
  _1476_/X
  _2023_/B1_N
  _2023_/Y
  _2180_/A0
  _2180_/X
  _2188_/A2
  _2188_/Y
  _2204_/A1
  _2204_/X
  _2233_/A3
  _2233_/X
  _2234_/B1
  _2234_/Y
  _2297_/A1
  _2297_/X
  _2309_/A2
  _2309_/Y
  _2312_/A2
  _2312_/X
  fanout125/A
  fanout125/X
  fanout124/A
  fanout124/X
  fanout123/A
  fanout123/X
  fanout122/A
  fanout122/X
  _1637_/A1
  _1637_/X
  _1639_/B2
  _1639_/X
  _1645_/B1
  | loop cut point
  _1645_/X
  --------------------------------
  _1660_/X
  _1665_/B1
  _1665_/X
  _1668_/A
  _1668_/Y
  _1687_/A3
  _1687_/X
  _1779_/A0
  _1779_/X
  _1780_/A2
  _1780_/X
  _1781_/C1
  _1781_/X
  _1811_/S
  _1811_/X
  _1842_/A1
  _1842_/X
  _1875_/A1
  _1875_/X
  _1883_/A1
  _1883_/X
  _1887_/A2
  _1887_/X
  fanout141/A
  fanout141/X
  _1635_/A0
  _1635_/X
  _1645_/A2
  _1645_/X
  _1649_/B1
  _1649_/Y
  _1924_/A0
  _1924_/X
  _1929_/A2
  _1929_/X
  _1930_/B2
  _1930_/Y
  _1940_/A1_N
  _1940_/X
  _1943_/A
  _1943_/Y
  _1944_/S
  _1944_/X
  _1974_/A2
  _1974_/X
  _2015_/A1
  _2015_/X
  _2018_/A2
  _2018_/X
  _2091_/A1
  _2091_/X
  _2092_/A
  _2092_/Y
  _2116_/B1
  _2116_/X
  _2144_/S1
  _2144_/X
  _2172_/A0
  _2172_/X
  _2176_/A0
  _2176_/X
  _2179_/A2
  _2179_/X
  fanout133/A
  fanout133/X
  _1455_/A
  _1455_/Y
  _1470_/A
  _1470_/Y
  _1471_/C1
  _1471_/Y
  _1476_/A2_N
  _1476_/X
  _2023_/B1_N
  _2023_/Y
  _2180_/A0
  _2180_/X
  _2188_/A2
  _2188_/Y
  _2204_/A1
  _2204_/X
  _2233_/A3
  _2233_/X
  _2234_/B1
  _2234_/Y
  _2297_/A1
  _2297_/X
  _2309_/A2
  _2309_/Y
  _2312_/A2
  _2312_/X
  fanout125/A
  fanout125/X
  fanout124/A
  fanout124/X
  fanout123/A
  fanout123/X
  fanout122/A
  fanout122/X
  _1658_/A1
  _1658_/X
  _1660_/B2
  | loop cut point
  _1660_/X
  --------------------------------
  _1687_/X
  _1779_/A0
  _1779_/X
  _1780_/A2
  _1780_/X
  _1781_/C1
  _1781_/X
  _1811_/S
  _1811_/X
  _1842_/A1
  _1842_/X
  _1875_/A1
  _1875_/X
  _1883_/A1
  _1883_/X
  _1887_/A2
  _1887_/X
  fanout141/A
  fanout141/X
  _1635_/A0
  _1635_/X
  _1645_/A2
  _1645_/X
  _1649_/B1
  _1649_/Y
  _1924_/A0
  _1924_/X
  _1929_/A2
  _1929_/X
  _1930_/B2
  _1930_/Y
  _1940_/A1_N
  _1940_/X
  _1943_/A
  _1943_/Y
  _1944_/S
  _1944_/X
  _1974_/A2
  _1974_/X
  _2015_/A1
  _2015_/X
  _2018_/A2
  _2018_/X
  _2091_/A1
  _2091_/X
  _2092_/A
  _2092_/Y
  _2116_/B1
  _2116_/X
  _2144_/S1
  _2144_/X
  _2172_/A0
  _2172_/X
  _2176_/A0
  _2176_/X
  _2179_/A2
  _2179_/X
  fanout133/A
  fanout133/X
  _1455_/A
  _1455_/Y
  _1470_/A
  _1470_/Y
  _1471_/C1
  _1471_/Y
  _1476_/A2_N
  _1476_/X
  _2023_/B1_N
  _2023_/Y
  _2180_/A0
  _2180_/X
  _2188_/A2
  _2188_/Y
  _2204_/A1
  _2204_/X
  _2233_/A3
  _2233_/X
  _2234_/B1
  _2234_/Y
  _2297_/A1
  _2297_/X
  _2309_/A2
  _2309_/Y
  _2312_/A2
  _2312_/X
  fanout125/A
  fanout125/X
  fanout124/A
  fanout124/X
  fanout123/A
  fanout123/X
  fanout122/A
  fanout122/X
  _1675_/A1
  _1675_/X
  _1678_/B2
  _1678_/X
  _1682_/B1
  _1682_/X
  _1685_/A
  _1685_/Y
  _1687_/A2
  | loop cut point
  _1687_/X
  --------------------------------
  _1779_/X
  _1780_/A2
  _1780_/X
  _1781_/C1
  _1781_/X
  _1811_/S
  _1811_/X
  _1842_/A1
  _1842_/X
  _1875_/A1
  _1875_/X
  _1883_/A1
  _1883_/X
  _1887_/A2
  _1887_/X
  fanout141/A
  fanout141/X
  _1635_/A0
  _1635_/X
  _1645_/A2
  _1645_/X
  _1649_/B1
  _1649_/Y
  _1924_/A0
  _1924_/X
  _1929_/A2
  _1929_/X
  _1930_/B2
  _1930_/Y
  _1940_/A1_N
  _1940_/X
  _1943_/A
  _1943_/Y
  _1944_/S
  _1944_/X
  _1974_/A2
  _1974_/X
  _2015_/A1
  _2015_/X
  _2018_/A2
  _2018_/X
  _2091_/A1
  _2091_/X
  _2092_/A
  _2092_/Y
  _2116_/B1
  _2116_/X
  _2144_/S1
  _2144_/X
  _2172_/A0
  _2172_/X
  _2176_/A0
  _2176_/X
  _2179_/A2
  _2179_/X
  fanout133/A
  fanout133/X
  _1455_/A
  _1455_/Y
  _1470_/A
  _1470_/Y
  _1471_/C1
  _1471_/Y
  _1476_/A2_N
  _1476_/X
  _2023_/B1_N
  _2023_/Y
  _2180_/A0
  _2180_/X
  _2188_/A2
  _2188_/Y
  _2204_/A1
  _2204_/X
  _2233_/A3
  _2233_/X
  _2234_/B1
  _2234_/Y
  _2297_/A1
  _2297_/X
  _2309_/A2
  _2309_/Y
  _2312_/A2
  _2312_/X
  fanout125/A
  fanout125/X
  fanout124/A
  fanout124/X
  fanout123/A
  fanout123/X
  fanout122/A
  fanout122/X
  _1699_/A1
  _1699_/X
  _1702_/A2
  _1702_/Y
  _1707_/A2_N
  _1707_/X
  _1712_/B1
  _1712_/Y
  _1778_/A0
  _1778_/X
  _1779_/A1
  | loop cut point
  _1779_/X
  --------------------------------
  _1929_/X
  _1930_/B2
  _1930_/Y
  _1940_/A1_N
  _1940_/X
  _1943_/A
  _1943_/Y
  _1944_/S
  _1944_/X
  _1974_/A2
  _1974_/X
  _2015_/A1
  _2015_/X
  _2018_/A2
  _2018_/X
  _2091_/A1
  _2091_/X
  _2092_/A
  _2092_/Y
  _2116_/B1
  _2116_/X
  _2144_/S1
  _2144_/X
  _2172_/A0
  _2172_/X
  _2176_/A0
  _2176_/X
  _2179_/A2
  _2179_/X
  fanout133/A
  fanout133/X
  _1455_/A
  _1455_/Y
  _1470_/A
  _1470_/Y
  _1471_/C1
  _1471_/Y
  _1476_/A2_N
  _1476_/X
  _2023_/B1_N
  _2023_/Y
  _2180_/A0
  _2180_/X
  _2188_/A2
  _2188_/Y
  _2204_/A1
  _2204_/X
  _2233_/A3
  _2233_/X
  _2234_/B1
  _2234_/Y
  _2297_/A1
  _2297_/X
  _2309_/A2
  _2309_/Y
  _2312_/A2
  _2312_/X
  fanout125/A
  fanout125/X
  fanout124/A
  fanout124/X
  fanout123/A
  fanout123/X
  fanout122/A
  fanout122/X
  _1699_/A1
  _1699_/X
  _1702_/A2
  _1702_/Y
  _1707_/A2_N
  _1707_/X
  _1712_/B1
  _1712_/Y
  _1921_/A0
  _1921_/X
  _1929_/A0
  | loop cut point
  _1929_/X
  --------------------------------
  _1929_/X
  _1930_/B2
  _1930_/Y
  _1940_/A1_N
  _1940_/X
  _1943_/A
  _1943_/Y
  _1944_/S
  _1944_/X
  _1974_/A2
  _1974_/X
  _2015_/A1
  _2015_/X
  _2018_/A2
  _2018_/X
  _2091_/A1
  _2091_/X
  _2092_/A
  _2092_/Y
  _2116_/B1
  _2116_/X
  _2144_/S1
  _2144_/X
  _2172_/A0
  _2172_/X
  _2176_/A0
  _2176_/X
  _2179_/A2
  _2179_/X
  fanout133/A
  fanout133/X
  _1455_/A
  _1455_/Y
  _1470_/A
  _1470_/Y
  _1471_/C1
  _1471_/Y
  _1476_/A2_N
  _1476_/X
  _2023_/B1_N
  _2023_/Y
  _2180_/A0
  _2180_/X
  _2188_/A2
  _2188_/Y
  _2204_/A1
  _2204_/X
  _2233_/A3
  _2233_/X
  _2234_/B1
  _2234_/Y
  _2297_/A1
  _2297_/X
  _2309_/A2
  _2309_/Y
  _2312_/A2
  _2312_/X
  fanout125/A
  fanout125/X
  fanout124/A
  fanout124/X
  fanout123/A
  fanout123/X
  fanout122/A
  fanout122/X
  _1738_/A1
  _1738_/X
  _1740_/B2
  _1740_/X
  _1746_/B1
  _1746_/X
  _1751_/B1
  _1751_/Y
  _1922_/A0
  _1922_/X
  _1929_/A1
  | loop cut point
  _1929_/X
  --------------------------------
  _1660_/X
  _1665_/B1
  _1665_/X
  _1668_/A
  _1668_/Y
  _1687_/A3
  _1687_/X
  _1779_/A0
  _1779_/X
  _1780_/A2
  _1780_/X
  _1781_/C1
  _1781_/X
  _1811_/S
  _1811_/X
  _1842_/A1
  _1842_/X
  _1875_/A1
  _1875_/X
  _1883_/A1
  _1883_/X
  _1887_/A2
  _1887_/X
  fanout141/A
  fanout141/X
  _1635_/A0
  _1635_/X
  _1645_/A2
  _1645_/X
  _1649_/B1
  _1649_/Y
  _1924_/A0
  _1924_/X
  _1929_/A2
  _1929_/X
  _1930_/B2
  _1930_/Y
  _1940_/A1_N
  _1940_/X
  _1943_/A
  _1943_/Y
  _1944_/S
  _1944_/X
  _1974_/A2
  _1974_/X
  _2015_/A1
  _2015_/X
  _2018_/A2
  _2018_/X
  _2091_/A1
  _2091_/X
  _2092_/A
  _2092_/Y
  _2116_/B1
  _2116_/X
  _2144_/S1
  _2144_/X
  _2172_/A0
  _2172_/X
  _2176_/A0
  _2176_/X
  _2179_/A2
  _2179_/X
  fanout133/A
  fanout133/X
  _1659_/A
  _1659_/X
  _1660_/C1
  | loop cut point
  _1660_/X
  --------------------------------
  _2091_/X
  _2092_/A
  _2092_/Y
  _2116_/B1
  _2116_/X
  _2144_/S1
  _2144_/X
  _2172_/A0
  _2172_/X
  _2176_/A0
  _2176_/X
  _2179_/A2
  _2179_/X
  fanout133/A
  fanout133/X
  _2091_/A2
  | loop cut point
  _2091_/X
  --------------------------------
  _1635_/X
  _1645_/A2
  _1645_/X
  _1649_/B1
  _1649_/Y
  _1924_/A0
  _1924_/X
  _1929_/A2
  _1929_/X
  _1930_/B2
  _1930_/Y
  _1940_/A1_N
  _1940_/X
  _1943_/A
  _1943_/Y
  _1944_/S
  _1944_/X
  _1974_/A2
  _1974_/X
  _2015_/A1
  _2015_/X
  _2018_/A2
  _2018_/X
  fanout131/A
  fanout131/X
  fanout129/A
  fanout129/X
  fanout127/A
  fanout127/X
  _1633_/A0
  _1633_/X
  _1635_/A1
  | loop cut point
  _1635_/X
  --------------------------------
  _1665_/X
  _1668_/A
  _1668_/Y
  _1687_/A3
  _1687_/X
  _1779_/A0
  _1779_/X
  _1780_/A2
  _1780_/X
  _1781_/C1
  _1781_/X
  _1811_/S
  _1811_/X
  _1842_/A1
  _1842_/X
  _1875_/A1
  _1875_/X
  _1883_/A1
  _1883_/X
  _1887_/A2
  _1887_/X
  fanout141/A
  fanout141/X
  _1635_/A0
  _1635_/X
  _1645_/A2
  _1645_/X
  _1649_/B1
  _1649_/Y
  _1924_/A0
  _1924_/X
  _1929_/A2
  _1929_/X
  _1930_/B2
  _1930_/Y
  _1940_/A1_N
  _1940_/X
  _1943_/A
  _1943_/Y
  _1944_/S
  _1944_/X
  _1974_/A2
  _1974_/X
  _2015_/A1
  _2015_/X
  _2018_/A2
  _2018_/X
  fanout131/A
  fanout131/X
  fanout129/A
  fanout129/X
  fanout127/A
  fanout127/X
  _1655_/A0
  _1655_/X
  _1656_/A1
  _1656_/X
  _1665_/A2
  | loop cut point
  _1665_/X
  --------------------------------
  _1687_/X
  _1779_/A0
  _1779_/X
  _1780_/A2
  _1780_/X
  _1781_/C1
  _1781_/X
  _1811_/S
  _1811_/X
  _1842_/A1
  _1842_/X
  _1875_/A1
  _1875_/X
  _1883_/A1
  _1883_/X
  _1887_/A2
  _1887_/X
  fanout141/A
  fanout141/X
  _1635_/A0
  _1635_/X
  _1645_/A2
  _1645_/X
  _1649_/B1
  _1649_/Y
  max_cap121/A
  max_cap121/X
  _1687_/A1
  | loop cut point
  _1687_/X
  --------------------------------
