Clock: clk
Sources: clk 
Generated: no
Virtual: yes
Propagated: no
Period: 100.000000

===========================================================================
report_clock_properties
============================================================================
Clock                   Period          Waveform
----------------------------------------------------
clk                 100.000000    0.000000 50.000000

===========================================================================
report_clock_latency
============================================================================
Clock clk
rise -> rise
    min     max
0.000000 0.000000 source latency
0.690472         network latency _3059_/CLK
        20.373791 network latency _2886_/CLK
---------------
0.690472 20.373791 latency
        19.683319 skew

rise -> fall
    min     max
0.000000 0.000000 source latency
1.219480         network latency _2842_/CLK
        20.333029 network latency _2886_/CLK
---------------
1.219480 20.333029 latency
        19.113548 skew

fall -> fall
    min     max
0.000000 0.000000 source latency
0.608033         network latency _3059_/CLK
        0.634586 network latency _2795_/CLK
---------------
0.608033 0.634586 latency
        0.026553 skew



===========================================================================
report_clock_min_period
============================================================================
clk period_min = 2.49 fmax = 401.56
