Clock: clk
Sources: clk 
Generated: no
Virtual: yes
Propagated: no
Period: 20.000000

===========================================================================
report_clock_properties
============================================================================
Clock                   Period          Waveform
----------------------------------------------------
clk                  20.000000    0.000000 10.000000

===========================================================================
report_clock_latency
============================================================================
Clock clk
rise -> rise
    min     max
0.000000 0.000000 source latency
0.490805         network latency _0919_/CLK
        0.503838 network latency _1007_/CLK
---------------
0.490805 0.503838 latency
        0.013033 skew

fall -> fall
    min     max
0.000000 0.000000 source latency
0.418364         network latency _0919_/CLK
        0.428102 network latency _1007_/CLK
---------------
0.418364 0.428102 latency
        0.009738 skew



===========================================================================
report_clock_min_period
============================================================================
clk period_min = 4.71 fmax = 212.33
