Clock: clk
Sources: clk 
Generated: no
Virtual: yes
Propagated: no
Period: 25.000000

===========================================================================
report_clock_properties
============================================================================
Clock                   Period          Waveform
----------------------------------------------------
clk                  25.000000    0.000000 12.500000

===========================================================================
report_clock_latency
============================================================================
Clock clk
rise -> rise
    min     max
0.000000 0.000000 source latency
0.364700         network latency _1312_/CLK
        0.369696 network latency _1319_/CLK
---------------
0.364700 0.369696 latency
        0.004996 skew

fall -> fall
    min     max
0.000000 0.000000 source latency
0.340894         network latency _1312_/CLK
        0.344690 network latency _1319_/CLK
---------------
0.340894 0.344690 latency
        0.003796 skew



===========================================================================
report_clock_min_period
============================================================================
clk period_min = 6.48 fmax = 154.44
