
===========================================================================
report_checks -unconstrained
===========================================================================
======================= max_tt_025C_1v80 Corner ===================================

Startpoint: n_rst (input port clocked by clk)
Endpoint: _0939_ (recovery check against rising-edge clock clk)
Path Group: asynchronous
Path Type: max

Fanout         Cap        Slew       Delay        Time   Description
---------------------------------------------------------------------------------------------
                                  0.000000    0.000000   clock clk (rise edge)
                                  0.000000    0.000000   clock network delay (propagated)
                                 20.000000   20.000000 ^ input external delay
     1    0.002624    0.018978    0.009743   20.009745 ^ n_rst (in)
                                                         n_rst (net)
                      0.018979    0.000000   20.009745 ^ input16/A (sky130_fd_sc_hd__buf_1)
     2    0.017065    0.205101    0.183162   20.192905 ^ input16/X (sky130_fd_sc_hd__buf_1)
                                                         net16 (net)
                      0.205137    0.002233   20.195139 ^ fanout34/A (sky130_fd_sc_hd__clkbuf_2)
     6    0.029224    0.163413    0.237904   20.433043 ^ fanout34/X (sky130_fd_sc_hd__clkbuf_2)
                                                         net34 (net)
                      0.163444    0.002210   20.435253 ^ fanout32/A (sky130_fd_sc_hd__clkbuf_4)
    10    0.053063    0.163779    0.264391   20.699644 ^ fanout32/X (sky130_fd_sc_hd__clkbuf_4)
                                                         net32 (net)
                      0.163803    0.001659   20.701303 ^ fanout31/A (sky130_fd_sc_hd__clkbuf_4)
    10    0.050146    0.156825    0.258249   20.959551 ^ fanout31/X (sky130_fd_sc_hd__clkbuf_4)
                                                         net31 (net)
                      0.156964    0.002824   20.962376 ^ fanout30/A (sky130_fd_sc_hd__clkbuf_4)
    10    0.047451    0.150145    0.249427   21.211803 ^ fanout30/X (sky130_fd_sc_hd__clkbuf_4)
                                                         net30 (net)
                      0.150624    0.006402   21.218204 ^ _0939_/SET_B (sky130_fd_sc_hd__dfstp_1)
                                             21.218204   data arrival time

                                100.000000  100.000000   clock clk (rise edge)
                                  0.000000  100.000000   clock source latency
     1    0.024193    0.114100    0.079901  100.079895 ^ clk (in)
                                                         clk (net)
                      0.114194    0.000000  100.079895 ^ clkbuf_0_clk/A (sky130_fd_sc_hd__clkbuf_16)
     8    0.098436    0.114891    0.207905  100.287804 ^ clkbuf_0_clk/X (sky130_fd_sc_hd__clkbuf_16)
                                                         clknet_0_clk (net)
                      0.115434    0.006018  100.293823 ^ clkbuf_3_2__f_clk/A (sky130_fd_sc_hd__clkbuf_16)
    17    0.054257    0.072911    0.176705  100.470528 ^ clkbuf_3_2__f_clk/X (sky130_fd_sc_hd__clkbuf_16)
                                                         clknet_3_2__leaf_clk (net)
                      0.073039    0.001684  100.472206 ^ _0939_/CLK (sky130_fd_sc_hd__dfstp_1)
                                 -0.250000  100.222214   clock uncertainty
                                  0.000000  100.222214   clock reconvergence pessimism
                                  0.135148  100.357361   library recovery time
                                            100.357361   data required time
---------------------------------------------------------------------------------------------
                                            100.357361   data required time
                                            -21.218204   data arrival time
---------------------------------------------------------------------------------------------
                                             79.139153   slack (MET)


Startpoint: bit_period[1] (input port clocked by clk)
Endpoint: _1026_ (rising edge-triggered flip-flop clocked by clk)
Path Group: clk
Path Type: max

Fanout         Cap        Slew       Delay        Time   Description
---------------------------------------------------------------------------------------------
                                  0.000000    0.000000   clock clk (rise edge)
                                  0.000000    0.000000   clock network delay (propagated)
                                 20.000000   20.000000 ^ input external delay
     1    0.003332    0.022044    0.012228   20.012228 ^ bit_period[1] (in)
                                                         bit_period[1] (net)
                      0.022046    0.000000   20.012228 ^ input6/A (sky130_fd_sc_hd__clkbuf_2)
     6    0.030528    0.168918    0.183899   20.196129 ^ input6/X (sky130_fd_sc_hd__clkbuf_2)
                                                         net6 (net)
                      0.168971    0.002471   20.198599 ^ _0587_/A_N (sky130_fd_sc_hd__and2b_1)
     1    0.003942    0.038707    0.205233   20.403831 v _0587_/X (sky130_fd_sc_hd__and2b_1)
                                                         _0186_ (net)
                      0.038707    0.000288   20.404119 v _0598_/B1 (sky130_fd_sc_hd__a2111o_1)
     1    0.002144    0.054316    0.365027   20.769148 v _0598_/X (sky130_fd_sc_hd__a2111o_1)
                                                         _0197_ (net)
                      0.054316    0.000155   20.769302 v _0602_/A (sky130_fd_sc_hd__or4_1)
     2    0.006396    0.106051    0.548859   21.318161 v _0602_/X (sky130_fd_sc_hd__or4_1)
                                                         _0201_ (net)
                      0.106051    0.000389   21.318550 v _0605_/A2 (sky130_fd_sc_hd__o21ba_1)
     4    0.017875    0.101670    0.252882   21.571432 v _0605_/X (sky130_fd_sc_hd__o21ba_1)
                                                         _0203_ (net)
                      0.101677    0.000904   21.572336 v fanout20/A (sky130_fd_sc_hd__buf_2)
    10    0.040623    0.100189    0.215715   21.788052 v fanout20/X (sky130_fd_sc_hd__buf_2)
                                                         net20 (net)
                      0.100213    0.001529   21.789581 v _0608_/A (sky130_fd_sc_hd__and3_1)
     2    0.008379    0.060773    0.189907   21.979486 v _0608_/X (sky130_fd_sc_hd__and3_1)
                                                         uart_tx.count.next_cnt_out[1] (net)
                      0.060778    0.000588   21.980076 v _0647_/B (sky130_fd_sc_hd__xor2_1)
     1    0.003968    0.060139    0.147004   22.127079 v _0647_/X (sky130_fd_sc_hd__xor2_1)
                                                         _0232_ (net)
                      0.060139    0.000158   22.127237 v _0651_/A (sky130_fd_sc_hd__or4_1)
     1    0.001789    0.074248    0.501867   22.629105 v _0651_/X (sky130_fd_sc_hd__or4_1)
                                                         _0236_ (net)
                      0.074248    0.000128   22.629232 v _0657_/B (sky130_fd_sc_hd__or3_1)
     1    0.006034    0.082893    0.373989   23.003222 v _0657_/X (sky130_fd_sc_hd__or3_1)
                                                         _0242_ (net)
                      0.082894    0.000478   23.003698 v _0658_/C1 (sky130_fd_sc_hd__a211oi_1)
     1    0.002784    0.181261    0.176339   23.180038 ^ _0658_/Y (sky130_fd_sc_hd__a211oi_1)
                                                         _0243_ (net)
                      0.181261    0.000204   23.180243 ^ _0663_/B1 (sky130_fd_sc_hd__o2111a_1)
     1    0.010139    0.113041    0.263199   23.443441 ^ _0663_/X (sky130_fd_sc_hd__o2111a_1)
                                                         uart_tx.count.next_roflag (net)
                      0.113045    0.000872   23.444313 ^ _1026_/D (sky130_fd_sc_hd__dfrtp_1)
                                             23.444313   data arrival time

                                100.000000  100.000000   clock clk (rise edge)
                                  0.000000  100.000000   clock source latency
     1    0.024193    0.114100    0.079901  100.079895 ^ clk (in)
                                                         clk (net)
                      0.114194    0.000000  100.079895 ^ clkbuf_0_clk/A (sky130_fd_sc_hd__clkbuf_16)
     8    0.098436    0.114891    0.207905  100.287804 ^ clkbuf_0_clk/X (sky130_fd_sc_hd__clkbuf_16)
                                                         clknet_0_clk (net)
                      0.115215    0.004491  100.292290 ^ clkbuf_3_7__f_clk/A (sky130_fd_sc_hd__clkbuf_16)
    11    0.050847    0.069765    0.174559  100.466850 ^ clkbuf_3_7__f_clk/X (sky130_fd_sc_hd__clkbuf_16)
                                                         clknet_3_7__leaf_clk (net)
                      0.069901    0.002643  100.469498 ^ _1026_/CLK (sky130_fd_sc_hd__dfrtp_1)
                                 -0.250000  100.219498   clock uncertainty
                                  0.000000  100.219498   clock reconvergence pessimism
                                 -0.071709  100.147789   library setup time
                                            100.147789   data required time
---------------------------------------------------------------------------------------------
                                            100.147789   data required time
                                            -23.444313   data arrival time
---------------------------------------------------------------------------------------------
                                             76.703476   slack (MET)




===========================================================================
report_checks --slack_max -0.01
============================================================================
======================= max_tt_025C_1v80 Corner ===================================

No paths found.


===========================================================================
 report_check_types -max_slew -max_cap -max_fanout -violators
============================================================================
======================= max_tt_025C_1v80 Corner ===================================

max fanout

Pin                                   Limit Fanout  Slack
---------------------------------------------------------
clkbuf_3_1__f_clk/X                      10     18     -8 (VIOLATED)
clkbuf_3_2__f_clk/X                      10     17     -7 (VIOLATED)
clkbuf_3_3__f_clk/X                      10     16     -6 (VIOLATED)
clkbuf_3_0__f_clk/X                      10     14     -4 (VIOLATED)
clkbuf_3_4__f_clk/X                      10     13     -3 (VIOLATED)
clkbuf_3_6__f_clk/X                      10     12     -2 (VIOLATED)
clkbuf_3_7__f_clk/X                      10     11        (VIOLATED)



===========================================================================
report_parasitic_annotation -report_unannotated
============================================================================
Found 8 unannotated drivers.
 clkload0/Y
 clkload1/X
 clkload2/Y
 clkload3/Y
 clkload4/Y
 clkload5/Y
 clkload6/Y
 matrix_mult_40/HI
Found 0 partially unannotated drivers.

===========================================================================
max slew violation count 0
max fanout violation count 7
max cap violation count 0
============================================================================

===========================================================================
check_setup -verbose -unconstrained_endpoints -multiple_clock -no_clock -no_input_delay -loops -generated_clocks
===========================================================================
Warning: There is 1 unconstrained endpoint.
  tx_busy
