
===========================================================================
report_checks -unconstrained
===========================================================================
======================= min_ss_100C_1v60 Corner ===================================

Startpoint: nrst (input port clocked by clk)
Endpoint: _3298_ (recovery check against rising-edge clock clk)
Path Group: asynchronous
Path Type: max

Fanout         Cap        Slew       Delay        Time   Description
---------------------------------------------------------------------------------------------
                                  0.000000    0.000000   clock clk (rise edge)
                                  0.000000    0.000000   clock network delay (propagated)
                                  5.000000    5.000000 ^ input external delay
     2    0.030486    0.223286    0.153424    5.153424 ^ nrst (in)
                                                         nrst (net)
                      0.223287    0.000000    5.153424 ^ input71/A (sky130_fd_sc_hd__clkbuf_1)
     1    0.002205    0.066015    0.205817    5.359241 ^ input71/X (sky130_fd_sc_hd__clkbuf_1)
                                                         net71 (net)
                      0.066015    0.000020    5.359261 ^ fanout285/A (sky130_fd_sc_hd__buf_2)
    19    0.129992    0.985598    0.843408    6.202670 ^ fanout285/X (sky130_fd_sc_hd__buf_2)
                                                         net285 (net)
                      0.985611    0.003077    6.205746 ^ fanout284/A (sky130_fd_sc_hd__clkbuf_2)
    11    0.046654    0.397941    0.737832    6.943578 ^ fanout284/X (sky130_fd_sc_hd__clkbuf_2)
                                                         net284 (net)
                      0.397941    0.000559    6.944137 ^ fanout283/A (sky130_fd_sc_hd__clkbuf_2)
    11    0.051270    0.432764    0.586655    7.530792 ^ fanout283/X (sky130_fd_sc_hd__clkbuf_2)
                                                         net283 (net)
                      0.432764    0.001483    7.532276 ^ fanout279/A (sky130_fd_sc_hd__clkbuf_4)
    21    0.085182    0.401522    0.655092    8.187367 ^ fanout279/X (sky130_fd_sc_hd__clkbuf_4)
                                                         net279 (net)
                      0.401540    0.003056    8.190424 ^ _3298_/SET_B (sky130_fd_sc_hd__dfstp_1)
                                              8.190424   data arrival time

                                 25.000000   25.000000   clock clk (rise edge)
                                  0.000000   25.000000   clock source latency
     2    0.037487    0.272490    0.189303   25.189302 ^ clk (in)
                                                         clk (net)
                      0.272525    0.000000   25.189302 ^ clkbuf_0_clk/A (sky130_fd_sc_hd__clkbuf_16)
     9    0.096264    0.171517    0.401865   25.591167 ^ clkbuf_0_clk/X (sky130_fd_sc_hd__clkbuf_16)
                                                         clknet_0_clk (net)
                      0.171541    0.002075   25.593243 ^ clkbuf_2_3__f_clk/A (sky130_fd_sc_hd__clkbuf_16)
    17    0.094673    0.168867    0.355875   25.949118 ^ clkbuf_2_3__f_clk/X (sky130_fd_sc_hd__clkbuf_16)
                                                         clknet_2_3__leaf_clk (net)
                      0.168883    0.001808   25.950926 ^ clkbuf_leaf_17_clk/A (sky130_fd_sc_hd__clkbuf_8)
     5    0.032576    0.112077    0.309409   26.260336 ^ clkbuf_leaf_17_clk/X (sky130_fd_sc_hd__clkbuf_8)
                                                         clknet_leaf_17_clk (net)
                      0.112078    0.000519   26.260855 ^ _3298_/CLK (sky130_fd_sc_hd__dfstp_1)
                                 -0.250000   26.010855   clock uncertainty
                                  0.000000   26.010855   clock reconvergence pessimism
                                  0.238400   26.249256   library recovery time
                                             26.249256   data required time
---------------------------------------------------------------------------------------------
                                             26.249256   data required time
                                             -8.190424   data arrival time
---------------------------------------------------------------------------------------------
                                             18.058832   slack (MET)


Startpoint: nrst (input port clocked by clk)
Endpoint: CBnorth_out[0] (output port clocked by clk)
Path Group: clk
Path Type: max

Fanout         Cap        Slew       Delay        Time   Description
---------------------------------------------------------------------------------------------
                                  0.000000    0.000000   clock clk (rise edge)
                                  0.000000    0.000000   clock network delay (propagated)
                                  5.000000    5.000000 ^ input external delay
     2    0.030486    0.223286    0.153424    5.153424 ^ nrst (in)
                                                         nrst (net)
                      0.223287    0.000000    5.153424 ^ input71/A (sky130_fd_sc_hd__clkbuf_1)
     1    0.002205    0.066015    0.205817    5.359241 ^ input71/X (sky130_fd_sc_hd__clkbuf_1)
                                                         net71 (net)
                      0.066015    0.000020    5.359261 ^ fanout285/A (sky130_fd_sc_hd__buf_2)
    19    0.129992    0.985598    0.843408    6.202670 ^ fanout285/X (sky130_fd_sc_hd__buf_2)
                                                         net285 (net)
                      0.985598    0.000899    6.203568 ^ fanout264/A (sky130_fd_sc_hd__buf_4)
    21    0.089973    0.397724    0.774733    6.978301 ^ fanout264/X (sky130_fd_sc_hd__buf_4)
                                                         net264 (net)
                      0.397797    0.005381    6.983683 ^ fanout255/A (sky130_fd_sc_hd__clkbuf_4)
     9    0.043400    0.220700    0.505426    7.489108 ^ fanout255/X (sky130_fd_sc_hd__clkbuf_4)
                                                         net255 (net)
                      0.220700    0.000918    7.490026 ^ _1666_/B (sky130_fd_sc_hd__and2b_1)
     1    0.004865    0.097382    0.303375    7.793402 ^ _1666_/X (sky130_fd_sc_hd__and2b_1)
                                                         _1504_ (net)
                      0.097382    0.000089    7.793490 ^ fanout239/A (sky130_fd_sc_hd__buf_2)
    11    0.059763    0.461634    0.491315    8.284805 ^ fanout239/X (sky130_fd_sc_hd__buf_2)
                                                         net239 (net)
                      0.461634    0.000586    8.285391 ^ fanout233/A (sky130_fd_sc_hd__clkbuf_4)
    19    0.100655    0.470265    0.715403    9.000794 ^ fanout233/X (sky130_fd_sc_hd__clkbuf_4)
                                                         net233 (net)
                      0.470328    0.005504    9.006298 ^ fanout232/A (sky130_fd_sc_hd__buf_4)
    21    0.095083    0.417789    0.632280    9.638578 ^ fanout232/X (sky130_fd_sc_hd__buf_4)
                                                         net232 (net)
                      0.417821    0.003889    9.642467 ^ _2054_/B (sky130_fd_sc_hd__and2_4)
     4    0.024715    0.148470    0.487455   10.129923 ^ _2054_/X (sky130_fd_sc_hd__and2_4)
                                                         _0684_ (net)
                      0.148470    0.000195   10.130117 ^ _2060_/A1 (sky130_fd_sc_hd__a21oi_4)
     5    0.019427    0.125976    0.167153   10.297271 v _2060_/Y (sky130_fd_sc_hd__a21oi_4)
                                                         _0690_ (net)
                      0.125976    0.000143   10.297414 v _2156_/A (sky130_fd_sc_hd__and2_4)
     1    0.009037    0.061017    0.283509   10.580923 v _2156_/X (sky130_fd_sc_hd__and2_4)
                                                         _0786_ (net)
                      0.061017    0.000228   10.581151 v _2158_/B2 (sky130_fd_sc_hd__o221ai_2)
     1    0.004243    0.248365    0.216605   10.797757 ^ _2158_/Y (sky130_fd_sc_hd__o221ai_2)
                                                         _0788_ (net)
                      0.248365    0.000078   10.797835 ^ _2172_/A1 (sky130_fd_sc_hd__a32o_2)
     2    0.012888    0.162487    0.472791   11.270626 ^ _2172_/X (sky130_fd_sc_hd__a32o_2)
                                                         _0802_ (net)
                      0.162487    0.000127   11.270753 ^ _2174_/A1 (sky130_fd_sc_hd__a21oi_4)
     3    0.023652    0.132701    0.184953   11.455706 v _2174_/Y (sky130_fd_sc_hd__a21oi_4)
                                                         CB_1.le_outB (net)
                      0.132701    0.000561   11.456267 v _2554_/B (sky130_fd_sc_hd__nand2_1)
     1    0.002712    0.078134    0.127506   11.583774 ^ _2554_/Y (sky130_fd_sc_hd__nand2_1)
                                                         _1181_ (net)
                      0.078134    0.000023   11.583797 ^ _2555_/B1 (sky130_fd_sc_hd__o211a_1)
     1    0.004674    0.098919    0.322982   11.906778 ^ _2555_/X (sky130_fd_sc_hd__o211a_1)
                                                         _1182_ (net)
                      0.098919    0.000070   11.906848 ^ _2557_/C (sky130_fd_sc_hd__or3_1)
     1    0.004424    0.089068    0.194247   12.101095 ^ _2557_/X (sky130_fd_sc_hd__or3_1)
                                                         _1184_ (net)
                      0.089068    0.000058   12.101153 ^ _2558_/B1_N (sky130_fd_sc_hd__o21ba_1)
     2    0.009806    0.123731    0.326460   12.427613 v _2558_/X (sky130_fd_sc_hd__o21ba_1)
                                                         _1185_ (net)
                      0.123731    0.000203   12.427816 v _2584_/B1 (sky130_fd_sc_hd__a31oi_2)
     4    0.015867    0.408533    0.414710   12.842526 ^ _2584_/Y (sky130_fd_sc_hd__a31oi_2)
                                                         _1211_ (net)
                      0.408533    0.000393   12.842920 ^ _2620_/B1 (sky130_fd_sc_hd__o211a_1)
     1    0.008445    0.143650    0.475787   13.318707 ^ _2620_/X (sky130_fd_sc_hd__o211a_1)
                                                         _1247_ (net)
                      0.143650    0.000159   13.318866 ^ _2621_/B1 (sky130_fd_sc_hd__a211o_1)
     1    0.006083    0.100490    0.228108   13.546973 ^ _2621_/X (sky130_fd_sc_hd__a211o_1)
                                                         _1248_ (net)
                      0.100490    0.000120   13.547093 ^ _2666_/B1 (sky130_fd_sc_hd__a32o_2)
     2    0.021219    0.213449    0.364081   13.911175 ^ _2666_/X (sky130_fd_sc_hd__a32o_2)
                                                         _1293_ (net)
                      0.213449    0.000280   13.911454 ^ _2668_/A1 (sky130_fd_sc_hd__o211a_4)
     7    0.060861    0.312569    0.597869   14.509324 ^ _2668_/X (sky130_fd_sc_hd__o211a_4)
                                                         CB_0.le_outA (net)
                      0.312569    0.000485   14.509809 ^ fanout143/A (sky130_fd_sc_hd__buf_8)
    17    0.068569    0.184109    0.363769   14.873577 ^ fanout143/X (sky130_fd_sc_hd__buf_8)
                                                         net143 (net)
                      0.184111    0.000983   14.874560 ^ _2279_/A0 (sky130_fd_sc_hd__mux2_1)
     1    0.002796    0.080353    0.272031   15.146592 ^ _2279_/X (sky130_fd_sc_hd__mux2_1)
                                                         _0908_ (net)
                      0.080353    0.000025   15.146617 ^ _2280_/B (sky130_fd_sc_hd__nor2_1)
     1    0.004438    0.068760    0.084700   15.231318 v _2280_/Y (sky130_fd_sc_hd__nor2_1)
                                                         _0909_ (net)
                      0.068760    0.000069   15.231386 v _2281_/B1 (sky130_fd_sc_hd__a2111oi_1)
     2    0.009343    1.001562    0.983690   16.215076 ^ _2281_/Y (sky130_fd_sc_hd__a2111oi_1)
                                                         _0910_ (net)
                      1.001562    0.000162   16.215237 ^ _2311_/B1 (sky130_fd_sc_hd__a31o_1)
     1    0.006189    0.137560    0.467105   16.682343 ^ _2311_/X (sky130_fd_sc_hd__a31o_1)
                                                         _0940_ (net)
                      0.137560    0.000162   16.682505 ^ _2312_/B1 (sky130_fd_sc_hd__o31a_1)
     1    0.009992    0.189215    0.354843   17.037348 ^ _2312_/X (sky130_fd_sc_hd__o31a_1)
                                                         _0941_ (net)
                      0.189215    0.000345   17.037693 ^ _2321_/B1 (sky130_fd_sc_hd__a32o_1)
     2    0.009718    0.188714    0.362546   17.400238 ^ _2321_/X (sky130_fd_sc_hd__a32o_1)
                                                         _0950_ (net)
                      0.188714    0.000172   17.400410 ^ _2323_/A1 (sky130_fd_sc_hd__o211a_1)
     1    0.014670    0.215989    0.485198   17.885609 ^ _2323_/X (sky130_fd_sc_hd__o211a_1)
                                                         CB_1.le_outA (net)
                      0.215989    0.000556   17.886164 ^ fanout150/A (sky130_fd_sc_hd__buf_8)
    13    0.081958    0.215071    0.352497   18.238661 ^ fanout150/X (sky130_fd_sc_hd__buf_8)
                                                         net150 (net)
                      0.215071    0.000888   18.239550 ^ _1655_/A (sky130_fd_sc_hd__inv_2)
     5    0.023211    0.113008    0.186484   18.426033 v _1655_/Y (sky130_fd_sc_hd__inv_2)
                                                         _1493_ (net)
                      0.113008    0.000490   18.426523 v _2402_/A2 (sky130_fd_sc_hd__o211a_1)
     1    0.003050    0.073195    0.393014   18.819536 v _2402_/X (sky130_fd_sc_hd__o211a_1)
                                                         _1030_ (net)
                      0.073195    0.000034   18.819571 v _2403_/D (sky130_fd_sc_hd__or4_4)
     6    0.026785    0.224541    0.967590   19.787161 v _2403_/X (sky130_fd_sc_hd__or4_4)
                                                         _1031_ (net)
                      0.224541    0.000441   19.787601 v _2404_/B1 (sky130_fd_sc_hd__o21ai_4)
     8    0.037454    0.470039    0.270159   20.057760 ^ _2404_/Y (sky130_fd_sc_hd__o21ai_4)
                                                         _1032_ (net)
                      0.470039    0.000446   20.058207 ^ _2437_/S (sky130_fd_sc_hd__mux2_1)
     1    0.002908    0.079643    0.384967   20.443172 ^ _2437_/X (sky130_fd_sc_hd__mux2_1)
                                                         _1065_ (net)
                      0.079643    0.000027   20.443199 ^ _2474_/A1 (sky130_fd_sc_hd__o211a_1)
     1    0.005822    0.111999    0.355113   20.798313 ^ _2474_/X (sky130_fd_sc_hd__o211a_1)
                                                         _1102_ (net)
                      0.111999    0.000073   20.798386 ^ _2518_/B1 (sky130_fd_sc_hd__o32a_4)
     2    0.010390    0.086678    0.341284   21.139669 ^ _2518_/X (sky130_fd_sc_hd__o32a_4)
                                                         _1146_ (net)
                      0.086681    0.000187   21.139856 ^ _2520_/A1 (sky130_fd_sc_hd__o211a_4)
     9    0.061870    0.317104    0.555575   21.695433 ^ _2520_/X (sky130_fd_sc_hd__o211a_4)
                                                         CB_0.le_outB (net)
                      0.317106    0.001563   21.696995 ^ _1654_/A (sky130_fd_sc_hd__inv_6)
     6    0.029550    0.091768    0.163897   21.860893 v _1654_/Y (sky130_fd_sc_hd__inv_6)
                                                         _1492_ (net)
                      0.091768    0.000380   21.861273 v fanout153/A (sky130_fd_sc_hd__buf_2)
    10    0.036714    0.175525    0.362766   22.224039 v fanout153/X (sky130_fd_sc_hd__buf_2)
                                                         net153 (net)
                      0.175526    0.000760   22.224798 v _1835_/A1 (sky130_fd_sc_hd__o211a_1)
     1    0.002678    0.069790    0.441901   22.666698 v _1835_/X (sky130_fd_sc_hd__o211a_1)
                                                         _0465_ (net)
                      0.069790    0.000023   22.666723 v _1837_/B (sky130_fd_sc_hd__or3b_4)
    11    0.076813    0.306844    0.970653   23.637375 v _1837_/X (sky130_fd_sc_hd__or3b_4)
                                                         _0467_ (net)
                      0.306916    0.004452   23.641827 v _2338_/A1 (sky130_fd_sc_hd__a211o_4)
    11    0.092994    0.268338    0.888033   24.529860 v _2338_/X (sky130_fd_sc_hd__a211o_4)
                                                         _0966_ (net)
                      0.268401    0.003855   24.533714 v _2796_/A1 (sky130_fd_sc_hd__mux2_1)
     1    0.004942    0.133395    0.764107   25.297821 v _2796_/X (sky130_fd_sc_hd__mux2_1)
                                                         _1375_ (net)
                      0.133395    0.000048   25.297869 v _2797_/A1 (sky130_fd_sc_hd__a21oi_2)
     1    0.015460    0.338196    0.380567   25.678436 ^ _2797_/Y (sky130_fd_sc_hd__a21oi_2)
                                                         net88 (net)
                      0.338196    0.000744   25.679180 ^ output88/A (sky130_fd_sc_hd__buf_6)
     1    0.034596    0.125466    0.333204   26.012384 ^ output88/X (sky130_fd_sc_hd__buf_6)
                                                         CBnorth_out[0] (net)
                      0.125466    0.000439   26.012823 ^ CBnorth_out[0] (out)
                                             26.012823   data arrival time

                                 25.000000   25.000000   clock clk (rise edge)
                                  0.000000   25.000000   clock network delay (propagated)
                                 -0.250000   24.750000   clock uncertainty
                                  0.000000   24.750000   clock reconvergence pessimism
                                 -5.000000   19.750000   output external delay
                                             19.750000   data required time
---------------------------------------------------------------------------------------------
                                             19.750000   data required time
                                            -26.012823   data arrival time
---------------------------------------------------------------------------------------------
                                             -6.262823   slack (VIOLATED)




===========================================================================
report_checks --slack_max -0.01
============================================================================
======================= min_ss_100C_1v60 Corner ===================================

Startpoint: nrst (input port clocked by clk)
Endpoint: CBnorth_out[0] (output port clocked by clk)
Path Group: clk
Path Type: max

Fanout         Cap        Slew       Delay        Time   Description
---------------------------------------------------------------------------------------------
                                  0.000000    0.000000   clock clk (rise edge)
                                  0.000000    0.000000   clock network delay (propagated)
                                  5.000000    5.000000 ^ input external delay
     2    0.030486    0.223286    0.153424    5.153424 ^ nrst (in)
                                                         nrst (net)
                      0.223287    0.000000    5.153424 ^ input71/A (sky130_fd_sc_hd__clkbuf_1)
     1    0.002205    0.066015    0.205817    5.359241 ^ input71/X (sky130_fd_sc_hd__clkbuf_1)
                                                         net71 (net)
                      0.066015    0.000020    5.359261 ^ fanout285/A (sky130_fd_sc_hd__buf_2)
    19    0.129992    0.985598    0.843408    6.202670 ^ fanout285/X (sky130_fd_sc_hd__buf_2)
                                                         net285 (net)
                      0.985598    0.000899    6.203568 ^ fanout264/A (sky130_fd_sc_hd__buf_4)
    21    0.089973    0.397724    0.774733    6.978301 ^ fanout264/X (sky130_fd_sc_hd__buf_4)
                                                         net264 (net)
                      0.397797    0.005381    6.983683 ^ fanout255/A (sky130_fd_sc_hd__clkbuf_4)
     9    0.043400    0.220700    0.505426    7.489108 ^ fanout255/X (sky130_fd_sc_hd__clkbuf_4)
                                                         net255 (net)
                      0.220700    0.000918    7.490026 ^ _1666_/B (sky130_fd_sc_hd__and2b_1)
     1    0.004865    0.097382    0.303375    7.793402 ^ _1666_/X (sky130_fd_sc_hd__and2b_1)
                                                         _1504_ (net)
                      0.097382    0.000089    7.793490 ^ fanout239/A (sky130_fd_sc_hd__buf_2)
    11    0.059763    0.461634    0.491315    8.284805 ^ fanout239/X (sky130_fd_sc_hd__buf_2)
                                                         net239 (net)
                      0.461634    0.000586    8.285391 ^ fanout233/A (sky130_fd_sc_hd__clkbuf_4)
    19    0.100655    0.470265    0.715403    9.000794 ^ fanout233/X (sky130_fd_sc_hd__clkbuf_4)
                                                         net233 (net)
                      0.470328    0.005504    9.006298 ^ fanout232/A (sky130_fd_sc_hd__buf_4)
    21    0.095083    0.417789    0.632280    9.638578 ^ fanout232/X (sky130_fd_sc_hd__buf_4)
                                                         net232 (net)
                      0.417821    0.003889    9.642467 ^ _2054_/B (sky130_fd_sc_hd__and2_4)
     4    0.024715    0.148470    0.487455   10.129923 ^ _2054_/X (sky130_fd_sc_hd__and2_4)
                                                         _0684_ (net)
                      0.148470    0.000195   10.130117 ^ _2060_/A1 (sky130_fd_sc_hd__a21oi_4)
     5    0.019427    0.125976    0.167153   10.297271 v _2060_/Y (sky130_fd_sc_hd__a21oi_4)
                                                         _0690_ (net)
                      0.125976    0.000143   10.297414 v _2156_/A (sky130_fd_sc_hd__and2_4)
     1    0.009037    0.061017    0.283509   10.580923 v _2156_/X (sky130_fd_sc_hd__and2_4)
                                                         _0786_ (net)
                      0.061017    0.000228   10.581151 v _2158_/B2 (sky130_fd_sc_hd__o221ai_2)
     1    0.004243    0.248365    0.216605   10.797757 ^ _2158_/Y (sky130_fd_sc_hd__o221ai_2)
                                                         _0788_ (net)
                      0.248365    0.000078   10.797835 ^ _2172_/A1 (sky130_fd_sc_hd__a32o_2)
     2    0.012888    0.162487    0.472791   11.270626 ^ _2172_/X (sky130_fd_sc_hd__a32o_2)
                                                         _0802_ (net)
                      0.162487    0.000127   11.270753 ^ _2174_/A1 (sky130_fd_sc_hd__a21oi_4)
     3    0.023652    0.132701    0.184953   11.455706 v _2174_/Y (sky130_fd_sc_hd__a21oi_4)
                                                         CB_1.le_outB (net)
                      0.132701    0.000561   11.456267 v _2554_/B (sky130_fd_sc_hd__nand2_1)
     1    0.002712    0.078134    0.127506   11.583774 ^ _2554_/Y (sky130_fd_sc_hd__nand2_1)
                                                         _1181_ (net)
                      0.078134    0.000023   11.583797 ^ _2555_/B1 (sky130_fd_sc_hd__o211a_1)
     1    0.004674    0.098919    0.322982   11.906778 ^ _2555_/X (sky130_fd_sc_hd__o211a_1)
                                                         _1182_ (net)
                      0.098919    0.000070   11.906848 ^ _2557_/C (sky130_fd_sc_hd__or3_1)
     1    0.004424    0.089068    0.194247   12.101095 ^ _2557_/X (sky130_fd_sc_hd__or3_1)
                                                         _1184_ (net)
                      0.089068    0.000058   12.101153 ^ _2558_/B1_N (sky130_fd_sc_hd__o21ba_1)
     2    0.009806    0.123731    0.326460   12.427613 v _2558_/X (sky130_fd_sc_hd__o21ba_1)
                                                         _1185_ (net)
                      0.123731    0.000203   12.427816 v _2584_/B1 (sky130_fd_sc_hd__a31oi_2)
     4    0.015867    0.408533    0.414710   12.842526 ^ _2584_/Y (sky130_fd_sc_hd__a31oi_2)
                                                         _1211_ (net)
                      0.408533    0.000393   12.842920 ^ _2620_/B1 (sky130_fd_sc_hd__o211a_1)
     1    0.008445    0.143650    0.475787   13.318707 ^ _2620_/X (sky130_fd_sc_hd__o211a_1)
                                                         _1247_ (net)
                      0.143650    0.000159   13.318866 ^ _2621_/B1 (sky130_fd_sc_hd__a211o_1)
     1    0.006083    0.100490    0.228108   13.546973 ^ _2621_/X (sky130_fd_sc_hd__a211o_1)
                                                         _1248_ (net)
                      0.100490    0.000120   13.547093 ^ _2666_/B1 (sky130_fd_sc_hd__a32o_2)
     2    0.021219    0.213449    0.364081   13.911175 ^ _2666_/X (sky130_fd_sc_hd__a32o_2)
                                                         _1293_ (net)
                      0.213449    0.000280   13.911454 ^ _2668_/A1 (sky130_fd_sc_hd__o211a_4)
     7    0.060861    0.312569    0.597869   14.509324 ^ _2668_/X (sky130_fd_sc_hd__o211a_4)
                                                         CB_0.le_outA (net)
                      0.312569    0.000485   14.509809 ^ fanout143/A (sky130_fd_sc_hd__buf_8)
    17    0.068569    0.184109    0.363769   14.873577 ^ fanout143/X (sky130_fd_sc_hd__buf_8)
                                                         net143 (net)
                      0.184111    0.000983   14.874560 ^ _2279_/A0 (sky130_fd_sc_hd__mux2_1)
     1    0.002796    0.080353    0.272031   15.146592 ^ _2279_/X (sky130_fd_sc_hd__mux2_1)
                                                         _0908_ (net)
                      0.080353    0.000025   15.146617 ^ _2280_/B (sky130_fd_sc_hd__nor2_1)
     1    0.004438    0.068760    0.084700   15.231318 v _2280_/Y (sky130_fd_sc_hd__nor2_1)
                                                         _0909_ (net)
                      0.068760    0.000069   15.231386 v _2281_/B1 (sky130_fd_sc_hd__a2111oi_1)
     2    0.009343    1.001562    0.983690   16.215076 ^ _2281_/Y (sky130_fd_sc_hd__a2111oi_1)
                                                         _0910_ (net)
                      1.001562    0.000162   16.215237 ^ _2311_/B1 (sky130_fd_sc_hd__a31o_1)
     1    0.006189    0.137560    0.467105   16.682343 ^ _2311_/X (sky130_fd_sc_hd__a31o_1)
                                                         _0940_ (net)
                      0.137560    0.000162   16.682505 ^ _2312_/B1 (sky130_fd_sc_hd__o31a_1)
     1    0.009992    0.189215    0.354843   17.037348 ^ _2312_/X (sky130_fd_sc_hd__o31a_1)
                                                         _0941_ (net)
                      0.189215    0.000345   17.037693 ^ _2321_/B1 (sky130_fd_sc_hd__a32o_1)
     2    0.009718    0.188714    0.362546   17.400238 ^ _2321_/X (sky130_fd_sc_hd__a32o_1)
                                                         _0950_ (net)
                      0.188714    0.000172   17.400410 ^ _2323_/A1 (sky130_fd_sc_hd__o211a_1)
     1    0.014670    0.215989    0.485198   17.885609 ^ _2323_/X (sky130_fd_sc_hd__o211a_1)
                                                         CB_1.le_outA (net)
                      0.215989    0.000556   17.886164 ^ fanout150/A (sky130_fd_sc_hd__buf_8)
    13    0.081958    0.215071    0.352497   18.238661 ^ fanout150/X (sky130_fd_sc_hd__buf_8)
                                                         net150 (net)
                      0.215071    0.000888   18.239550 ^ _1655_/A (sky130_fd_sc_hd__inv_2)
     5    0.023211    0.113008    0.186484   18.426033 v _1655_/Y (sky130_fd_sc_hd__inv_2)
                                                         _1493_ (net)
                      0.113008    0.000490   18.426523 v _2402_/A2 (sky130_fd_sc_hd__o211a_1)
     1    0.003050    0.073195    0.393014   18.819536 v _2402_/X (sky130_fd_sc_hd__o211a_1)
                                                         _1030_ (net)
                      0.073195    0.000034   18.819571 v _2403_/D (sky130_fd_sc_hd__or4_4)
     6    0.026785    0.224541    0.967590   19.787161 v _2403_/X (sky130_fd_sc_hd__or4_4)
                                                         _1031_ (net)
                      0.224541    0.000441   19.787601 v _2404_/B1 (sky130_fd_sc_hd__o21ai_4)
     8    0.037454    0.470039    0.270159   20.057760 ^ _2404_/Y (sky130_fd_sc_hd__o21ai_4)
                                                         _1032_ (net)
                      0.470039    0.000446   20.058207 ^ _2437_/S (sky130_fd_sc_hd__mux2_1)
     1    0.002908    0.079643    0.384967   20.443172 ^ _2437_/X (sky130_fd_sc_hd__mux2_1)
                                                         _1065_ (net)
                      0.079643    0.000027   20.443199 ^ _2474_/A1 (sky130_fd_sc_hd__o211a_1)
     1    0.005822    0.111999    0.355113   20.798313 ^ _2474_/X (sky130_fd_sc_hd__o211a_1)
                                                         _1102_ (net)
                      0.111999    0.000073   20.798386 ^ _2518_/B1 (sky130_fd_sc_hd__o32a_4)
     2    0.010390    0.086678    0.341284   21.139669 ^ _2518_/X (sky130_fd_sc_hd__o32a_4)
                                                         _1146_ (net)
                      0.086681    0.000187   21.139856 ^ _2520_/A1 (sky130_fd_sc_hd__o211a_4)
     9    0.061870    0.317104    0.555575   21.695433 ^ _2520_/X (sky130_fd_sc_hd__o211a_4)
                                                         CB_0.le_outB (net)
                      0.317106    0.001563   21.696995 ^ _1654_/A (sky130_fd_sc_hd__inv_6)
     6    0.029550    0.091768    0.163897   21.860893 v _1654_/Y (sky130_fd_sc_hd__inv_6)
                                                         _1492_ (net)
                      0.091768    0.000380   21.861273 v fanout153/A (sky130_fd_sc_hd__buf_2)
    10    0.036714    0.175525    0.362766   22.224039 v fanout153/X (sky130_fd_sc_hd__buf_2)
                                                         net153 (net)
                      0.175526    0.000760   22.224798 v _1835_/A1 (sky130_fd_sc_hd__o211a_1)
     1    0.002678    0.069790    0.441901   22.666698 v _1835_/X (sky130_fd_sc_hd__o211a_1)
                                                         _0465_ (net)
                      0.069790    0.000023   22.666723 v _1837_/B (sky130_fd_sc_hd__or3b_4)
    11    0.076813    0.306844    0.970653   23.637375 v _1837_/X (sky130_fd_sc_hd__or3b_4)
                                                         _0467_ (net)
                      0.306916    0.004452   23.641827 v _2338_/A1 (sky130_fd_sc_hd__a211o_4)
    11    0.092994    0.268338    0.888033   24.529860 v _2338_/X (sky130_fd_sc_hd__a211o_4)
                                                         _0966_ (net)
                      0.268401    0.003855   24.533714 v _2796_/A1 (sky130_fd_sc_hd__mux2_1)
     1    0.004942    0.133395    0.764107   25.297821 v _2796_/X (sky130_fd_sc_hd__mux2_1)
                                                         _1375_ (net)
                      0.133395    0.000048   25.297869 v _2797_/A1 (sky130_fd_sc_hd__a21oi_2)
     1    0.015460    0.338196    0.380567   25.678436 ^ _2797_/Y (sky130_fd_sc_hd__a21oi_2)
                                                         net88 (net)
                      0.338196    0.000744   25.679180 ^ output88/A (sky130_fd_sc_hd__buf_6)
     1    0.034596    0.125466    0.333204   26.012384 ^ output88/X (sky130_fd_sc_hd__buf_6)
                                                         CBnorth_out[0] (net)
                      0.125466    0.000439   26.012823 ^ CBnorth_out[0] (out)
                                             26.012823   data arrival time

                                 25.000000   25.000000   clock clk (rise edge)
                                  0.000000   25.000000   clock network delay (propagated)
                                 -0.250000   24.750000   clock uncertainty
                                  0.000000   24.750000   clock reconvergence pessimism
                                 -5.000000   19.750000   output external delay
                                             19.750000   data required time
---------------------------------------------------------------------------------------------
                                             19.750000   data required time
                                            -26.012823   data arrival time
---------------------------------------------------------------------------------------------
                                             -6.262823   slack (VIOLATED)




===========================================================================
 report_check_types -max_slew -max_cap -max_fanout -violators
============================================================================
======================= min_ss_100C_1v60 Corner ===================================

max slew

Pin                                        Limit        Slew       Slack
------------------------------------------------------------------------
ANTENNA_clone35_A2/DIODE                0.750000    1.293153   -0.543153 (VIOLATED)
clone35/A2                              0.750000    1.293153   -0.543153 (VIOLATED)
ANTENNA_clone9_A2/DIODE                 0.750000    1.293148   -0.543148 (VIOLATED)
clone9/A2                               0.750000    1.293148   -0.543148 (VIOLATED)
ANTENNA__1841__A2/DIODE                 0.750000    1.293125   -0.543125 (VIOLATED)
_1841_/A2                               0.750000    1.293125   -0.543125 (VIOLATED)
_2338_/A2                               0.750000    1.293124   -0.543124 (VIOLATED)
ANTENNA__1831__X/DIODE                  0.750000    1.293123   -0.543123 (VIOLATED)
ANTENNA__1838__A2/DIODE                 0.750000    1.293123   -0.543123 (VIOLATED)
ANTENNA__2338__A2/DIODE                 0.750000    1.293123   -0.543123 (VIOLATED)
_1831_/X                                0.750000    1.293123   -0.543123 (VIOLATED)
_1838_/A2                               0.750000    1.293123   -0.543123 (VIOLATED)
ANTENNA__2317__A1/DIODE                 0.750000    1.181743   -0.431743 (VIOLATED)
ANTENNA__2274__A1/DIODE                 0.750000    1.181733   -0.431733 (VIOLATED)
_2274_/A1                               0.750000    1.181733   -0.431733 (VIOLATED)
ANTENNA_clone1_A1/DIODE                 0.750000    1.181722   -0.431722 (VIOLATED)
_2207_/A2                               0.750000    1.181714   -0.431714 (VIOLATED)
clone1/A1                               0.750000    1.181714   -0.431714 (VIOLATED)
ANTENNA__2207__A2/DIODE                 0.750000    1.181710   -0.431710 (VIOLATED)
ANTENNA__2276__A1/DIODE                 0.750000    1.181710   -0.431710 (VIOLATED)
_2317_/A1                               0.750000    1.181704   -0.431704 (VIOLATED)
_2276_/A1                               0.750000    1.181689   -0.431689 (VIOLATED)
ANTENNA__2200__Y/DIODE                  0.750000    1.181600   -0.431600 (VIOLATED)
_2200_/Y                                0.750000    1.181600   -0.431600 (VIOLATED)
_2281_/Y                                0.750000    1.001562   -0.251562 (VIOLATED)
_2311_/B1                               0.750000    1.001562   -0.251562 (VIOLATED)
max_cap139/A                            0.750000    1.001562   -0.251562 (VIOLATED)
ANTENNA_10/DIODE                        0.750000    0.998735   -0.248735 (VIOLATED)
ANTENNA_clone17_A2/DIODE                0.750000    0.998735   -0.248735 (VIOLATED)
clone17/A2                              0.750000    0.998735   -0.248735 (VIOLATED)
ANTENNA__1785__Y/DIODE                  0.750000    0.998720   -0.248720 (VIOLATED)
ANTENNA__1795__A1/DIODE                 0.750000    0.998720   -0.248720 (VIOLATED)
ANTENNA__1798__A2/DIODE                 0.750000    0.998720   -0.248720 (VIOLATED)
_1795_/A1                               0.750000    0.998719   -0.248719 (VIOLATED)
_2328_/A2                               0.750000    0.998720   -0.248720 (VIOLATED)
ANTENNA__2328__A2/DIODE                 0.750000    0.998718   -0.248718 (VIOLATED)
_1785_/Y                                0.750000    0.998718   -0.248718 (VIOLATED)
_1798_/A2                               0.750000    0.998718   -0.248718 (VIOLATED)
ANTENNA_clone61_C1/DIODE                0.750000    0.998645   -0.248645 (VIOLATED)
ANTENNA_clone9_C1/DIODE                 0.750000    0.998645   -0.248645 (VIOLATED)
clone61/C1                              0.750000    0.998645   -0.248645 (VIOLATED)
clone9/C1                               0.750000    0.998645   -0.248645 (VIOLATED)
ANTENNA_clone37_C1/DIODE                0.750000    0.998644   -0.248644 (VIOLATED)
clone37/C1                              0.750000    0.998644   -0.248644 (VIOLATED)
ANTENNA_clone46_C1/DIODE                0.750000    0.998632   -0.248632 (VIOLATED)
ANTENNA__1714__C1/DIODE                 0.750000    0.998372   -0.248372 (VIOLATED)
ANTENNA__1838__B1/DIODE                 0.750000    0.998372   -0.248372 (VIOLATED)
ANTENNA__1841__C1/DIODE                 0.750000    0.998372   -0.248372 (VIOLATED)
ANTENNA__1858__B1/DIODE                 0.750000    0.998372   -0.248372 (VIOLATED)
ANTENNA__1861__C1/DIODE                 0.750000    0.998372   -0.248372 (VIOLATED)
ANTENNA__2335__C1/DIODE                 0.750000    0.998372   -0.248372 (VIOLATED)
ANTENNA__2338__C1/DIODE                 0.750000    0.998372   -0.248372 (VIOLATED)
ANTENNA__2350__C1/DIODE                 0.750000    0.998372   -0.248372 (VIOLATED)
ANTENNA_clone35_C1/DIODE                0.750000    0.998372   -0.248372 (VIOLATED)
ANTENNA_clone49_C1/DIODE                0.750000    0.998372   -0.248372 (VIOLATED)
ANTENNA_fanout306_X/DIODE               0.750000    0.998372   -0.248372 (VIOLATED)
_1714_/C1                               0.750000    0.998372   -0.248372 (VIOLATED)
_1838_/B1                               0.750000    0.998372   -0.248372 (VIOLATED)
_1841_/C1                               0.750000    0.998372   -0.248372 (VIOLATED)
_1858_/B1                               0.750000    0.998372   -0.248372 (VIOLATED)
_1861_/C1                               0.750000    0.998372   -0.248372 (VIOLATED)
_2335_/C1                               0.750000    0.998372   -0.248372 (VIOLATED)
_2338_/C1                               0.750000    0.998372   -0.248372 (VIOLATED)
_2350_/C1                               0.750000    0.998372   -0.248372 (VIOLATED)
clone35/C1                              0.750000    0.998372   -0.248372 (VIOLATED)
clone46/C1                              0.750000    0.998372   -0.248372 (VIOLATED)
clone49/C1                              0.750000    0.998372   -0.248372 (VIOLATED)
fanout306/X                             0.750000    0.998372   -0.248372 (VIOLATED)
ANTENNA_fanout274_A/DIODE               0.750000    0.985656   -0.235656 (VIOLATED)
ANTENNA_fanout268_A/DIODE               0.750000    0.985655   -0.235656 (VIOLATED)
fanout274/A                             0.750000    0.985656   -0.235656 (VIOLATED)
fanout268/A                             0.750000    0.985655   -0.235655 (VIOLATED)
ANTENNA_fanout271_A/DIODE               0.750000    0.985647   -0.235647 (VIOLATED)
fanout271/A                             0.750000    0.985645   -0.235645 (VIOLATED)
ANTENNA_fanout250_A/DIODE               0.750000    0.985621   -0.235621 (VIOLATED)
fanout250/A                             0.750000    0.985621   -0.235621 (VIOLATED)
ANTENNA_fanout243_A/DIODE               0.750000    0.985620   -0.235620 (VIOLATED)
fanout253/A                             0.750000    0.985613   -0.235613 (VIOLATED)
ANTENNA_fanout264_A/DIODE               0.750000    0.985613   -0.235613 (VIOLATED)
ANTENNA_fanout284_A/DIODE               0.750000    0.985612   -0.235612 (VIOLATED)
ANTENNA_fanout285_X/DIODE               0.750000    0.985612   -0.235612 (VIOLATED)
fanout284/A                             0.750000    0.985611   -0.235611 (VIOLATED)
ANTENNA_fanout253_A/DIODE               0.750000    0.985609   -0.235609 (VIOLATED)
fanout243/A                             0.750000    0.985605   -0.235605 (VIOLATED)
ANTENNA_fanout246_A/DIODE               0.750000    0.985601   -0.235601 (VIOLATED)
fanout246/A                             0.750000    0.985601   -0.235601 (VIOLATED)
fanout264/A                             0.750000    0.985598   -0.235598 (VIOLATED)
fanout285/X                             0.750000    0.985598   -0.235598 (VIOLATED)
ANTENNA_clone33_A2/DIODE                0.750000    0.979426   -0.229426 (VIOLATED)
clone33/A2                              0.750000    0.979426   -0.229426 (VIOLATED)
ANTENNA_clone51_A2/DIODE                0.750000    0.979422   -0.229422 (VIOLATED)
clone51/A2                              0.750000    0.979422   -0.229422 (VIOLATED)
ANTENNA__1728__X/DIODE                  0.750000    0.979419   -0.229419 (VIOLATED)
ANTENNA__1738__A2/DIODE                 0.750000    0.979419   -0.229419 (VIOLATED)
ANTENNA__1741__A2/DIODE                 0.750000    0.979419   -0.229419 (VIOLATED)
ANTENNA__2354__A2/DIODE                 0.750000    0.979419   -0.229419 (VIOLATED)
_1728_/X                                0.750000    0.979419   -0.229419 (VIOLATED)
_1738_/A2                               0.750000    0.979419   -0.229419 (VIOLATED)
_1741_/A2                               0.750000    0.979419   -0.229419 (VIOLATED)
_2354_/A2                               0.750000    0.979419   -0.229419 (VIOLATED)
ANTENNA_clone32_A2/DIODE                0.750000    0.959144   -0.209144 (VIOLATED)
clone32/A2                              0.750000    0.959144   -0.209144 (VIOLATED)
ANTENNA_clone47_A2/DIODE                0.750000    0.959142   -0.209142 (VIOLATED)
clone47/A2                              0.750000    0.959142   -0.209142 (VIOLATED)
ANTENNA__1754__X/DIODE                  0.750000    0.959140   -0.209140 (VIOLATED)
ANTENNA__1764__A2/DIODE                 0.750000    0.959140   -0.209140 (VIOLATED)
ANTENNA__1767__A2/DIODE                 0.750000    0.959140   -0.209140 (VIOLATED)
ANTENNA__2357__A2/DIODE                 0.750000    0.959140   -0.209140 (VIOLATED)
_1754_/X                                0.750000    0.959140   -0.209140 (VIOLATED)
_1764_/A2                               0.750000    0.959140   -0.209140 (VIOLATED)
_1767_/A2                               0.750000    0.959140   -0.209140 (VIOLATED)
_2357_/A2                               0.750000    0.959140   -0.209140 (VIOLATED)
ANTENNA_clone29_A2/DIODE                0.750000    0.924892   -0.174892 (VIOLATED)
clone29/A2                              0.750000    0.924892   -0.174892 (VIOLATED)
ANTENNA__1809__X/DIODE                  0.750000    0.924664   -0.174664 (VIOLATED)
ANTENNA__1816__A1/DIODE                 0.750000    0.924664   -0.174664 (VIOLATED)
ANTENNA__1819__A2/DIODE                 0.750000    0.924664   -0.174664 (VIOLATED)
ANTENNA__2331__A2/DIODE                 0.750000    0.924664   -0.174664 (VIOLATED)
ANTENNA_clone34_A2/DIODE                0.750000    0.924664   -0.174664 (VIOLATED)
_1809_/X                                0.750000    0.924664   -0.174664 (VIOLATED)
_1816_/A1                               0.750000    0.924664   -0.174664 (VIOLATED)
_1819_/A2                               0.750000    0.924664   -0.174664 (VIOLATED)
_2331_/A2                               0.750000    0.924664   -0.174664 (VIOLATED)
clone34/A2                              0.750000    0.924664   -0.174664 (VIOLATED)
ANTENNA_clone52_C1/DIODE                0.750000    0.920879   -0.170879 (VIOLATED)
clone52/C1                              0.750000    0.920879   -0.170879 (VIOLATED)
ANTENNA_clone2_C1/DIODE                 0.750000    0.920879   -0.170879 (VIOLATED)
clone2/C1                               0.750000    0.920879   -0.170879 (VIOLATED)
ANTENNA__1982__B1/DIODE                 0.750000    0.920878   -0.170878 (VIOLATED)
ANTENNA__1985__C1/DIODE                 0.750000    0.920878   -0.170878 (VIOLATED)
ANTENNA__1986__D1/DIODE                 0.750000    0.920878   -0.170878 (VIOLATED)
ANTENNA__2004__B1/DIODE                 0.750000    0.920878   -0.170878 (VIOLATED)
ANTENNA__2007__C1/DIODE                 0.750000    0.920878   -0.170878 (VIOLATED)
ANTENNA__2026__B1/DIODE                 0.750000    0.920878   -0.170878 (VIOLATED)
ANTENNA__2029__C1/DIODE                 0.750000    0.920878   -0.170878 (VIOLATED)
ANTENNA__2363__C1/DIODE                 0.750000    0.920878   -0.170878 (VIOLATED)
ANTENNA__2366__C1/DIODE                 0.750000    0.920878   -0.170878 (VIOLATED)
ANTENNA__2370__C1/DIODE                 0.750000    0.920878   -0.170878 (VIOLATED)
ANTENNA_clone26_C1/DIODE                0.750000    0.920878   -0.170878 (VIOLATED)
ANTENNA_clone28_C1/DIODE                0.750000    0.920878   -0.170878 (VIOLATED)
ANTENNA_clone31_C1/DIODE                0.750000    0.920878   -0.170878 (VIOLATED)
ANTENNA_fanout307_X/DIODE               0.750000    0.920878   -0.170878 (VIOLATED)
_1982_/B1                               0.750000    0.920878   -0.170878 (VIOLATED)
_1985_/C1                               0.750000    0.920878   -0.170878 (VIOLATED)
_1986_/D1                               0.750000    0.920878   -0.170878 (VIOLATED)
_2004_/B1                               0.750000    0.920878   -0.170878 (VIOLATED)
_2007_/C1                               0.750000    0.920878   -0.170878 (VIOLATED)
_2026_/B1                               0.750000    0.920878   -0.170878 (VIOLATED)
_2029_/C1                               0.750000    0.920878   -0.170878 (VIOLATED)
_2363_/C1                               0.750000    0.920878   -0.170878 (VIOLATED)
_2366_/C1                               0.750000    0.920878   -0.170878 (VIOLATED)
_2370_/C1                               0.750000    0.920878   -0.170878 (VIOLATED)
clone26/C1                              0.750000    0.920878   -0.170878 (VIOLATED)
clone28/C1                              0.750000    0.920878   -0.170878 (VIOLATED)
clone31/C1                              0.750000    0.920878   -0.170878 (VIOLATED)
fanout307/X                             0.750000    0.920878   -0.170878 (VIOLATED)
ANTENNA_7/DIODE                         0.750000    0.892358   -0.142358 (VIOLATED)
ANTENNA_clone37_A2/DIODE                0.750000    0.892358   -0.142358 (VIOLATED)
clone37/A2                              0.750000    0.892358   -0.142358 (VIOLATED)
ANTENNA_clone46_A2/DIODE                0.750000    0.892357   -0.142357 (VIOLATED)
clone46/A2                              0.750000    0.892357   -0.142357 (VIOLATED)
ANTENNA__1711__A2/DIODE                 0.750000    0.892355   -0.142355 (VIOLATED)
ANTENNA__2350__A2/DIODE                 0.750000    0.892354   -0.142354 (VIOLATED)
ANTENNA__1701__X/DIODE                  0.750000    0.892352   -0.142352 (VIOLATED)
ANTENNA__1714__A2/DIODE                 0.750000    0.892352   -0.142352 (VIOLATED)
_1701_/X                                0.750000    0.892352   -0.142352 (VIOLATED)
_1711_/A2                               0.750000    0.892352   -0.142352 (VIOLATED)
_1714_/A2                               0.750000    0.892352   -0.142352 (VIOLATED)
_2350_/A2                               0.750000    0.892352   -0.142352 (VIOLATED)
clone61/A2                              0.750000    0.871757   -0.121757 (VIOLATED)
ANTENNA_clone61_A2/DIODE                0.750000    0.871756   -0.121756 (VIOLATED)
ANTENNA_clone49_A2/DIODE                0.750000    0.871747   -0.121747 (VIOLATED)
clone49/A2                              0.750000    0.871747   -0.121747 (VIOLATED)
ANTENNA__1851__Y/DIODE                  0.750000    0.871743   -0.121743 (VIOLATED)
_1861_/A2                               0.750000    0.871741   -0.121741 (VIOLATED)
ANTENNA__2335__A2/DIODE                 0.750000    0.871741   -0.121741 (VIOLATED)
ANTENNA__1861__A2/DIODE                 0.750000    0.871740   -0.121740 (VIOLATED)
ANTENNA__1858__A1/DIODE                 0.750000    0.871738   -0.121738 (VIOLATED)
_1851_/Y                                0.750000    0.871738   -0.121738 (VIOLATED)
_1858_/A1                               0.750000    0.871738   -0.121738 (VIOLATED)
_2335_/A2                               0.750000    0.871738   -0.121738 (VIOLATED)
clone17/C1                              0.750000    0.844951   -0.094951 (VIOLATED)
ANTENNA_clone17_C1/DIODE                0.750000    0.844950   -0.094950 (VIOLATED)
ANTENNA__2205__A/DIODE                  0.750000    0.844946   -0.094946 (VIOLATED)
_1795_/B1                               0.750000    0.844946   -0.094946 (VIOLATED)
_2328_/C1                               0.750000    0.844946   -0.094946 (VIOLATED)
ANTENNA__1795__B1/DIODE                 0.750000    0.844945   -0.094945 (VIOLATED)
_1798_/C1                               0.750000    0.844945   -0.094945 (VIOLATED)
ANTENNA__2328__C1/DIODE                 0.750000    0.844942   -0.094942 (VIOLATED)
ANTENNA__1798__C1/DIODE                 0.750000    0.844941   -0.094941 (VIOLATED)
ANTENNA__2090__A/DIODE                  0.750000    0.844941   -0.094941 (VIOLATED)
ANTENNA__2243__D1/DIODE                 0.750000    0.844941   -0.094941 (VIOLATED)
_2243_/D1                               0.750000    0.844939   -0.094939 (VIOLATED)
ANTENNA__2211__D1/DIODE                 0.750000    0.844938   -0.094939 (VIOLATED)
ANTENNA__2058__A/DIODE                  0.750000    0.844938   -0.094938 (VIOLATED)
ANTENNA__2127__A/DIODE                  0.750000    0.844938   -0.094938 (VIOLATED)
ANTENNA__2281__D1/DIODE                 0.750000    0.844938   -0.094938 (VIOLATED)
ANTENNA_fanout303_X/DIODE               0.750000    0.844938   -0.094938 (VIOLATED)
_2058_/A                                0.750000    0.844938   -0.094938 (VIOLATED)
_2090_/A                                0.750000    0.844938   -0.094938 (VIOLATED)
_2127_/A                                0.750000    0.844938   -0.094938 (VIOLATED)
_2205_/A                                0.750000    0.844938   -0.094938 (VIOLATED)
_2211_/D1                               0.750000    0.844938   -0.094938 (VIOLATED)
_2281_/D1                               0.750000    0.844938   -0.094938 (VIOLATED)
fanout303/X                             0.750000    0.844938   -0.094938 (VIOLATED)
clone44/A2                              0.750000    0.840010   -0.090010 (VIOLATED)
ANTENNA__1903__X/DIODE                  0.750000    0.839809   -0.089809 (VIOLATED)
ANTENNA__1910__A1/DIODE                 0.750000    0.839809   -0.089809 (VIOLATED)
ANTENNA__1913__A2/DIODE                 0.750000    0.839809   -0.089809 (VIOLATED)
ANTENNA__2386__A2/DIODE                 0.750000    0.839809   -0.089809 (VIOLATED)
ANTENNA_clone11_A2/DIODE                0.750000    0.839809   -0.089809 (VIOLATED)
ANTENNA_clone44_A2/DIODE                0.750000    0.839809   -0.089809 (VIOLATED)
_1903_/X                                0.750000    0.839809   -0.089809 (VIOLATED)
_1910_/A1                               0.750000    0.839809   -0.089809 (VIOLATED)
_1913_/A2                               0.750000    0.839809   -0.089809 (VIOLATED)
_2386_/A2                               0.750000    0.839809   -0.089809 (VIOLATED)
clone11/A2                              0.750000    0.839809   -0.089809 (VIOLATED)
ANTENNA__2253__B/DIODE                  0.750000    0.821426   -0.071426 (VIOLATED)
_2253_/B                                0.750000    0.821426   -0.071426 (VIOLATED)
ANTENNA__2798__B1/DIODE                 0.750000    0.821423   -0.071423 (VIOLATED)
ANTENNA__2283__B/DIODE                  0.750000    0.821422   -0.071422 (VIOLATED)
_2283_/B                                0.750000    0.821421   -0.071421 (VIOLATED)
_2798_/B1                               0.750000    0.821404   -0.071404 (VIOLATED)
_2128_/B                                0.750000    0.821393   -0.071393 (VIOLATED)
ANTENNA__2128__B/DIODE                  0.750000    0.821393   -0.071393 (VIOLATED)
ANTENNA__2101__B/DIODE                  0.750000    0.821386   -0.071386 (VIOLATED)
ANTENNA__2184__B/DIODE                  0.750000    0.821386   -0.071386 (VIOLATED)
_2101_/B                                0.750000    0.821386   -0.071386 (VIOLATED)
_2184_/B                                0.750000    0.821386   -0.071386 (VIOLATED)
_2220_/B                                0.750000    0.821381   -0.071381 (VIOLATED)
ANTENNA__2220__B/DIODE                  0.750000    0.821380   -0.071380 (VIOLATED)
ANTENNA__1891__Y/DIODE                  0.750000    0.821373   -0.071373 (VIOLATED)
_1891_/Y                                0.750000    0.821372   -0.071372 (VIOLATED)
_2243_/Y                                0.750000    0.791784   -0.041784 (VIOLATED)
_2270_/B1                               0.750000    0.791784   -0.041784 (VIOLATED)
max_cap140/A                            0.750000    0.791784   -0.041784 (VIOLATED)
ANTENNA__2337__X/DIODE                  0.750000    0.788619   -0.038619 (VIOLATED)
ANTENNA__2338__B1/DIODE                 0.750000    0.788619   -0.038619 (VIOLATED)
ANTENNA_clone9_B1/DIODE                 0.750000    0.788619   -0.038619 (VIOLATED)
_2337_/X                                0.750000    0.788619   -0.038619 (VIOLATED)
_2338_/B1                               0.750000    0.788619   -0.038619 (VIOLATED)
clone9/B1                               0.750000    0.788619   -0.038619 (VIOLATED)

max fanout

Pin                                   Limit Fanout  Slack
---------------------------------------------------------
fanout305/X                              10     33    -23 (VIOLATED)
fanout307/X                              10     31    -21 (VIOLATED)
fanout306/X                              10     29    -19 (VIOLATED)
fanout309/X                              10     29    -19 (VIOLATED)
fanout310/X                              10     25    -15 (VIOLATED)
fanout303/X                              10     23    -13 (VIOLATED)
clkbuf_2_0__f_clk/X                      10     21    -11 (VIOLATED)
fanout147/X                              10     21    -11 (VIOLATED)
fanout160/X                              10     21    -11 (VIOLATED)
fanout219/X                              10     21    -11 (VIOLATED)
fanout229/X                              10     21    -11 (VIOLATED)
fanout232/X                              10     21    -11 (VIOLATED)
fanout234/X                              10     21    -11 (VIOLATED)
fanout263/X                              10     21    -11 (VIOLATED)
fanout264/X                              10     21    -11 (VIOLATED)
fanout279/X                              10     21    -11 (VIOLATED)
clkbuf_leaf_3_clk/X                      10     20    -10 (VIOLATED)
_1688_/X                                 10     19     -9 (VIOLATED)
_2328_/X                                 10     19     -9 (VIOLATED)
clkbuf_2_1__f_clk/X                      10     19     -9 (VIOLATED)
clkbuf_2_2__f_clk/X                      10     19     -9 (VIOLATED)
clkbuf_leaf_32_clk/X                     10     19     -9 (VIOLATED)
fanout233/X                              10     19     -9 (VIOLATED)
fanout285/X                              10     19     -9 (VIOLATED)
input11/X                                10     19     -9 (VIOLATED)
input12/X                                10     19     -9 (VIOLATED)
input13/X                                10     19     -9 (VIOLATED)
input15/X                                10     19     -9 (VIOLATED)
input16/X                                10     19     -9 (VIOLATED)
input17/X                                10     19     -9 (VIOLATED)
input19/X                                10     19     -9 (VIOLATED)
input2/X                                 10     19     -9 (VIOLATED)
input20/X                                10     19     -9 (VIOLATED)
input21/X                                10     19     -9 (VIOLATED)
input22/X                                10     19     -9 (VIOLATED)
input23/X                                10     19     -9 (VIOLATED)
input24/X                                10     19     -9 (VIOLATED)
input25/X                                10     19     -9 (VIOLATED)
input26/X                                10     19     -9 (VIOLATED)
input27/X                                10     19     -9 (VIOLATED)
input28/X                                10     19     -9 (VIOLATED)
input29/X                                10     19     -9 (VIOLATED)
input3/X                                 10     19     -9 (VIOLATED)
input30/X                                10     19     -9 (VIOLATED)
input31/X                                10     19     -9 (VIOLATED)
input4/X                                 10     19     -9 (VIOLATED)
input5/X                                 10     19     -9 (VIOLATED)
input6/X                                 10     19     -9 (VIOLATED)
input7/X                                 10     19     -9 (VIOLATED)
input8/X                                 10     19     -9 (VIOLATED)
input9/X                                 10     19     -9 (VIOLATED)
_1985_/X                                 10     17     -7 (VIOLATED)
clkbuf_2_3__f_clk/X                      10     17     -7 (VIOLATED)
fanout143/X                              10     17     -7 (VIOLATED)
fanout274/X                              10     17     -7 (VIOLATED)
clkbuf_leaf_24_clk/X                     10     16     -6 (VIOLATED)
clkbuf_leaf_28_clk/X                     10     16     -6 (VIOLATED)
clkbuf_leaf_4_clk/X                      10     16     -6 (VIOLATED)
_1891_/Y                                 10     15     -5 (VIOLATED)
_3324_/Q                                 10     15     -5 (VIOLATED)
clkbuf_leaf_25_clk/X                     10     15     -5 (VIOLATED)
clkbuf_leaf_26_clk/X                     10     15     -5 (VIOLATED)
clkbuf_leaf_5_clk/X                      10     15     -5 (VIOLATED)
fanout159/X                              10     15     -5 (VIOLATED)
fanout220/X                              10     15     -5 (VIOLATED)
fanout221/X                              10     15     -5 (VIOLATED)
fanout302/X                              10     15     -5 (VIOLATED)
fanout308/X                              10     15     -5 (VIOLATED)
_3435_/Q                                 10     14     -4 (VIOLATED)
clkbuf_leaf_13_clk/X                     10     14     -4 (VIOLATED)
clkbuf_leaf_6_clk/X                      10     14     -4 (VIOLATED)
clkbuf_leaf_8_clk/X                      10     14     -4 (VIOLATED)
_3325_/Q                                 10     13     -3 (VIOLATED)
_3371_/Q                                 10     13     -3 (VIOLATED)
clkbuf_leaf_19_clk/X                     10     13     -3 (VIOLATED)
clkbuf_leaf_23_clk/X                     10     13     -3 (VIOLATED)
clkbuf_leaf_29_clk/X                     10     13     -3 (VIOLATED)
clkbuf_leaf_7_clk/X                      10     13     -3 (VIOLATED)
fanout150/X                              10     13     -3 (VIOLATED)
fanout224/X                              10     13     -3 (VIOLATED)
fanout228/X                              10     13     -3 (VIOLATED)
fanout296/X                              10     13     -3 (VIOLATED)
_1701_/X                                 10     12     -2 (VIOLATED)
clkbuf_leaf_15_clk/X                     10     12     -2 (VIOLATED)
clkbuf_leaf_1_clk/X                      10     12     -2 (VIOLATED)
clkbuf_leaf_27_clk/X                     10     12     -2 (VIOLATED)
clkbuf_leaf_30_clk/X                     10     12     -2 (VIOLATED)
_1673_/X                                 10     11        (VIOLATED)
_1710_/X                                 10     11        (VIOLATED)
_1714_/X                                 10     11        (VIOLATED)
_1728_/X                                 10     11        (VIOLATED)
_1737_/X                                 10     11        (VIOLATED)
_1741_/X                                 10     11        (VIOLATED)
_1754_/X                                 10     11        (VIOLATED)
_1763_/X                                 10     11        (VIOLATED)
_1767_/X                                 10     11        (VIOLATED)
_1798_/X                                 10     11        (VIOLATED)
_1809_/X                                 10     11        (VIOLATED)
_1815_/X                                 10     11        (VIOLATED)
_1819_/X                                 10     11        (VIOLATED)
_1831_/X                                 10     11        (VIOLATED)
_1837_/X                                 10     11        (VIOLATED)
_1841_/X                                 10     11        (VIOLATED)
_1851_/Y                                 10     11        (VIOLATED)
_1857_/X                                 10     11        (VIOLATED)
_1861_/X                                 10     11        (VIOLATED)
_1903_/X                                 10     11        (VIOLATED)
_1909_/X                                 10     11        (VIOLATED)
_1913_/X                                 10     11        (VIOLATED)
_1922_/X                                 10     11        (VIOLATED)
_1932_/X                                 10     11        (VIOLATED)
_1934_/X                                 10     11        (VIOLATED)
_1940_/X                                 10     11        (VIOLATED)
_1954_/X                                 10     11        (VIOLATED)
_1997_/X                                 10     11        (VIOLATED)
_2003_/X                                 10     11        (VIOLATED)
_2007_/X                                 10     11        (VIOLATED)
_2019_/X                                 10     11        (VIOLATED)
_2025_/X                                 10     11        (VIOLATED)
_2029_/X                                 10     11        (VIOLATED)
_2035_/X                                 10     11        (VIOLATED)
_2045_/X                                 10     11        (VIOLATED)
_2049_/X                                 10     11        (VIOLATED)
_2200_/Y                                 10     11        (VIOLATED)
_2331_/X                                 10     11        (VIOLATED)
_2335_/X                                 10     11        (VIOLATED)
_2338_/X                                 10     11        (VIOLATED)
_2347_/X                                 10     11        (VIOLATED)
_2350_/X                                 10     11        (VIOLATED)
_2354_/X                                 10     11        (VIOLATED)
_2357_/X                                 10     11        (VIOLATED)
_2363_/X                                 10     11        (VIOLATED)
_2366_/X                                 10     11        (VIOLATED)
_2370_/X                                 10     11        (VIOLATED)
_2373_/X                                 10     11        (VIOLATED)
_2386_/X                                 10     11        (VIOLATED)
_2390_/X                                 10     11        (VIOLATED)
_2393_/X                                 10     11        (VIOLATED)
_3180_/Q                                 10     11        (VIOLATED)
_3428_/Q                                 10     11        (VIOLATED)
clkbuf_leaf_12_clk/X                     10     11        (VIOLATED)
clkbuf_leaf_16_clk/X                     10     11        (VIOLATED)
fanout209/X                              10     11        (VIOLATED)
fanout231/X                              10     11        (VIOLATED)
fanout238/X                              10     11        (VIOLATED)
fanout239/X                              10     11        (VIOLATED)
fanout283/X                              10     11        (VIOLATED)
fanout284/X                              10     11        (VIOLATED)
fanout301/X                              10     11        (VIOLATED)
input14/X                                10     11        (VIOLATED)
max_cap138/X                             10     11        (VIOLATED)



===========================================================================
report_parasitic_annotation -report_unannotated
============================================================================
Found 32 unannotated drivers.
 clkload0/Y
 clkload1/Y
 clkload10/Y
 clkload11/Y
 clkload12/Y
 clkload13/Y
 clkload14/Y
 clkload15/Y
 clkload16/Y
 clkload17/Y
 clkload18/Y
 clkload19/Y
 clkload2/Y
 clkload20/Y
 clkload21/Y
 clkload22/Y
 clkload23/Y
 clkload24/X
 clkload25/X
 clkload26/Y
 clkload27/Y
 clkload28/Y
 clkload29/Y
 clkload3/Y
 clkload30/Y
 clkload31/Y
 clkload4/Y
 clkload5/Y
 clkload6/X
 clkload7/Y
 clkload8/Y
 clkload9/Y
Found 0 partially unannotated drivers.

===========================================================================
max slew violation count 242
max fanout violation count 151
max cap violation count 0
============================================================================

===========================================================================
check_setup -verbose -unconstrained_endpoints -multiple_clock -no_clock -no_input_delay -loops -generated_clocks
===========================================================================
Warning: There are 4 unclocked register/latch pins.
  _3228_/CLK
  _3246_/CLK
  _3264_/CLK
  _3282_/CLK
Warning: There are 4 unconstrained endpoints.
  _3228_/D
  _3246_/D
  _3264_/D
  _3282_/D
Warning: There are 43 combinational loops in the design.
  _2158_/Y
  _2172_/A1
  _2172_/X
  _2174_/A1
  _2174_/Y
  _2554_/B
  _2554_/Y
  _2555_/B1
  _2555_/X
  _2557_/C
  _2557_/X
  _2558_/B1_N
  _2558_/X
  _2584_/B1
  _2584_/Y
  _2620_/B1
  _2620_/X
  _2621_/B1
  _2621_/X
  _2666_/B1
  _2666_/X
  _2668_/A1
  _2668_/X
  fanout143/A
  fanout143/X
  _2096_/A0
  _2096_/X
  _2098_/A2
  _2098_/X
  _2125_/B1
  _2125_/X
  _2158_/C1
  | loop cut point
  _2158_/Y
  --------------------------------
  _2172_/X
  _2174_/A1
  _2174_/Y
  _2554_/B
  _2554_/Y
  _2555_/B1
  _2555_/X
  _2557_/C
  _2557_/X
  _2558_/B1_N
  _2558_/X
  _2584_/B1
  _2584_/Y
  _2620_/B1
  _2620_/X
  _2621_/B1
  _2621_/X
  _2666_/B1
  _2666_/X
  _2668_/A1
  _2668_/X
  fanout143/A
  fanout143/X
  _2096_/A0
  _2096_/X
  _2098_/A2
  _2098_/X
  _2125_/B1
  _2125_/X
  _2162_/C1
  _2162_/X
  _2172_/A3
  | loop cut point
  _2172_/X
  --------------------------------
  _2172_/X
  _2174_/A1
  _2174_/Y
  _2554_/B
  _2554_/Y
  _2555_/B1
  _2555_/X
  _2557_/C
  _2557_/X
  _2558_/B1_N
  _2558_/X
  _2584_/B1
  _2584_/Y
  _2620_/B1
  _2620_/X
  _2621_/B1
  _2621_/X
  _2666_/B1
  _2666_/X
  _2668_/A1
  _2668_/X
  fanout143/A
  fanout143/X
  _2096_/A0
  _2096_/X
  _2098_/A2
  _2098_/X
  _2125_/B1
  _2125_/X
  _2166_/C1
  _2166_/Y
  _2172_/B1
  | loop cut point
  _2172_/X
  --------------------------------
  _2172_/X
  _2174_/A1
  _2174_/Y
  _2554_/B
  _2554_/Y
  _2555_/B1
  _2555_/X
  _2557_/C
  _2557_/X
  _2558_/B1_N
  _2558_/X
  _2584_/B1
  _2584_/Y
  _2620_/B1
  _2620_/X
  _2621_/B1
  _2621_/X
  _2666_/B1
  _2666_/X
  _2668_/A1
  _2668_/X
  fanout143/A
  fanout143/X
  _2096_/A0
  _2096_/X
  _2098_/A2
  _2098_/X
  _2125_/B1
  _2125_/X
  _2171_/A1
  _2171_/X
  _2172_/B2
  | loop cut point
  _2172_/X
  --------------------------------
  _1864_/X
  _2053_/A2
  _2053_/X
  _2060_/A2
  _2060_/Y
  _2156_/A
  _2156_/X
  _2158_/B2
  _2158_/Y
  _2172_/A1
  _2172_/X
  _2174_/A1
  _2174_/Y
  _2554_/B
  _2554_/Y
  _2555_/B1
  _2555_/X
  _2557_/C
  _2557_/X
  _2558_/B1_N
  _2558_/X
  _2584_/B1
  _2584_/Y
  _2620_/B1
  _2620_/X
  _2621_/B1
  _2621_/X
  _2666_/B1
  _2666_/X
  _2668_/A1
  _2668_/X
  fanout143/A
  fanout143/X
  _2279_/A0
  _2279_/X
  _2280_/B
  _2280_/Y
  _2281_/B1
  _2281_/Y
  _2311_/B1
  _2311_/X
  _2312_/B1
  _2312_/X
  _2321_/B1
  _2321_/X
  _2323_/A1
  _2323_/X
  fanout150/A
  fanout150/X
  _1655_/A
  _1655_/Y
  _2402_/A2
  _2402_/X
  _2403_/D
  _2403_/X
  _2404_/B1
  _2404_/Y
  _2437_/S
  _2437_/X
  _2474_/A1
  _2474_/X
  _2518_/B1
  _2518_/X
  _2520_/A1
  _2520_/X
  _1654_/A
  _1654_/Y
  _1682_/A1
  _1682_/X
  _1683_/A1
  _1683_/X
  _1684_/A1
  _1684_/X
  _1688_/B1
  _1688_/X
  _1715_/A0
  _1715_/X
  _1770_/A2
  _1770_/Y
  _1864_/C
  | loop cut point
  _1864_/X
  --------------------------------
  _2158_/Y
  _2172_/A1
  _2172_/X
  _2174_/A1
  _2174_/Y
  _2554_/B
  _2554_/Y
  _2555_/B1
  _2555_/X
  _2557_/C
  _2557_/X
  _2558_/B1_N
  _2558_/X
  _2584_/B1
  _2584_/Y
  _2620_/B1
  _2620_/X
  _2621_/B1
  _2621_/X
  _2666_/B1
  _2666_/X
  _2668_/A1
  _2668_/X
  fanout143/A
  fanout143/X
  _2279_/A0
  _2279_/X
  _2280_/B
  _2280_/Y
  _2281_/B1
  _2281_/Y
  _2311_/B1
  _2311_/X
  _2312_/B1
  _2312_/X
  _2321_/B1
  _2321_/X
  _2323_/A1
  _2323_/X
  fanout150/A
  fanout150/X
  _1655_/A
  _1655_/Y
  _2402_/A2
  _2402_/X
  _2403_/D
  _2403_/X
  _2404_/B1
  _2404_/Y
  _2437_/S
  _2437_/X
  _2474_/A1
  _2474_/X
  _2518_/B1
  _2518_/X
  _2520_/A1
  _2520_/X
  _1654_/A
  _1654_/Y
  _1682_/A1
  _1682_/X
  _1683_/A1
  _1683_/X
  _1684_/A1
  _1684_/X
  _1688_/B1
  _1688_/X
  _2068_/A0
  _2068_/X
  _2070_/A2
  _2070_/X
  _2073_/B1
  _2073_/X
  _2086_/A1
  _2086_/Y
  _2092_/A3
  _2092_/Y
  _2158_/A1
  | loop cut point
  _2158_/Y
  --------------------------------
  _2158_/Y
  _2172_/A1
  _2172_/X
  _2174_/A1
  _2174_/Y
  _2554_/B
  _2554_/Y
  _2555_/B1
  _2555_/X
  _2557_/C
  _2557_/X
  _2558_/B1_N
  _2558_/X
  _2584_/B1
  _2584_/Y
  _2620_/B1
  _2620_/X
  _2621_/B1
  _2621_/X
  _2666_/B1
  _2666_/X
  _2668_/A1
  _2668_/X
  fanout143/A
  fanout143/X
  _2279_/A0
  _2279_/X
  _2280_/B
  _2280_/Y
  _2281_/B1
  _2281_/Y
  _2311_/B1
  _2311_/X
  _2312_/B1
  _2312_/X
  _2321_/B1
  _2321_/X
  _2323_/A1
  _2323_/X
  fanout150/A
  fanout150/X
  _1655_/A
  _1655_/Y
  _2402_/A2
  _2402_/X
  _2403_/D
  _2403_/X
  _2404_/B1
  _2404_/Y
  _2437_/S
  _2437_/X
  _2474_/A1
  _2474_/X
  _2518_/B1
  _2518_/X
  _2520_/A1
  _2520_/X
  _1654_/A
  _1654_/Y
  _1682_/A1
  _1682_/X
  _1683_/A1
  _1683_/X
  _1684_/A1
  _1684_/X
  _1688_/B1
  _1688_/X
  _2068_/A0
  _2068_/X
  _2070_/A2
  _2070_/X
  _2073_/B1
  _2073_/X
  _2086_/A1
  _2086_/Y
  _2093_/A3
  _2093_/X
  _2157_/B1
  _2157_/X
  _2158_/B1
  | loop cut point
  _2158_/Y
  --------------------------------
  _2172_/X
  _2174_/A1
  _2174_/Y
  _2554_/B
  _2554_/Y
  _2555_/B1
  _2555_/X
  _2557_/C
  _2557_/X
  _2558_/B1_N
  _2558_/X
  _2584_/B1
  _2584_/Y
  _2620_/B1
  _2620_/X
  _2621_/B1
  _2621_/X
  _2666_/B1
  _2666_/X
  _2668_/A1
  _2668_/X
  fanout143/A
  fanout143/X
  _2279_/A0
  _2279_/X
  _2280_/B
  _2280_/Y
  _2281_/B1
  _2281_/Y
  _2311_/B1
  _2311_/X
  _2312_/B1
  _2312_/X
  _2321_/B1
  _2321_/X
  _2323_/A1
  _2323_/X
  fanout150/A
  fanout150/X
  _1655_/A
  _1655_/Y
  _2402_/A2
  _2402_/X
  _2403_/D
  _2403_/X
  _2404_/B1
  _2404_/Y
  _2437_/S
  _2437_/X
  _2474_/A1
  _2474_/X
  _2518_/B1
  _2518_/X
  _2520_/A1
  _2520_/X
  _1654_/A
  _1654_/Y
  _1682_/A1
  _1682_/X
  _1683_/A1
  _1683_/X
  _1684_/A1
  _1684_/X
  _1688_/B1
  _1688_/X
  _2136_/A2
  _2136_/X
  _2140_/B1
  _2140_/X
  _2151_/A2
  _2151_/Y
  _2153_/A1
  _2153_/X
  _2154_/B
  _2154_/Y
  _2172_/A2
  | loop cut point
  _2172_/X
  --------------------------------
  _2321_/X
  _2323_/A1
  _2323_/X
  fanout150/A
  fanout150/X
  _1655_/A
  _1655_/Y
  _2402_/A2
  _2402_/X
  _2403_/D
  _2403_/X
  _2404_/B1
  _2404_/Y
  _2437_/S
  _2437_/X
  _2474_/A1
  _2474_/X
  _2518_/B1
  _2518_/X
  _2520_/A1
  _2520_/X
  _1654_/A
  _1654_/Y
  _1682_/A1
  _1682_/X
  _1683_/A1
  _1683_/X
  _1684_/A1
  _1684_/X
  _1688_/B1
  _1688_/X
  _2189_/A0
  _2189_/X
  _2191_/A2
  _2191_/X
  _2199_/A1
  _2199_/X
  _2200_/A1
  _2200_/Y
  _2207_/A2
  _2207_/Y
  _2239_/S
  _2239_/X
  _2273_/A2
  _2273_/X
  _2321_/B2
  | loop cut point
  _2321_/X
  --------------------------------
  _2321_/X
  _2323_/A1
  _2323_/X
  fanout150/A
  fanout150/X
  _1655_/A
  _1655_/Y
  _2402_/A2
  _2402_/X
  _2403_/D
  _2403_/X
  _2404_/B1
  _2404_/Y
  _2437_/S
  _2437_/X
  _2474_/A1
  _2474_/X
  _2518_/B1
  _2518_/X
  _2520_/A1
  _2520_/X
  _1654_/A
  _1654_/Y
  _1682_/A1
  _1682_/X
  _1683_/A1
  _1683_/X
  _1684_/A1
  _1684_/X
  _1688_/B1
  _1688_/X
  _2189_/A0
  _2189_/X
  _2191_/A2
  _2191_/X
  _2199_/A1
  _2199_/X
  _2200_/A1
  _2200_/Y
  _2207_/A2
  _2207_/Y
  _2315_/A2
  _2315_/X
  _2316_/B2
  _2316_/X
  _2321_/A3
  | loop cut point
  _2321_/X
  --------------------------------
  _2321_/X
  _2323_/A1
  _2323_/X
  fanout150/A
  fanout150/X
  _1655_/A
  _1655_/Y
  _2402_/A2
  _2402_/X
  _2403_/D
  _2403_/X
  _2404_/B1
  _2404_/Y
  _2437_/S
  _2437_/X
  _2474_/A1
  _2474_/X
  _2518_/B1
  _2518_/X
  _2520_/A1
  _2520_/X
  _1654_/A
  _1654_/Y
  _1682_/A1
  _1682_/X
  _1683_/A1
  _1683_/X
  _1684_/A1
  _1684_/X
  _1688_/B1
  _1688_/X
  _2189_/A0
  _2189_/X
  _2191_/A2
  _2191_/X
  _2199_/A1
  _2199_/X
  _2200_/A1
  _2200_/Y
  _2207_/A2
  _2207_/Y
  _2318_/A2
  _2318_/X
  _2320_/B1
  _2320_/X
  _2321_/A2
  | loop cut point
  _2321_/X
  --------------------------------
  _2312_/X
  _2321_/B1
  _2321_/X
  _2323_/A1
  _2323_/X
  fanout150/A
  fanout150/X
  _1655_/A
  _1655_/Y
  _2402_/A2
  _2402_/X
  _2403_/D
  _2403_/X
  _2404_/B1
  _2404_/Y
  _2437_/S
  _2437_/X
  _2474_/A1
  _2474_/X
  _2518_/B1
  _2518_/X
  _2520_/A1
  _2520_/X
  _1654_/A
  _1654_/Y
  _1682_/A1
  _1682_/X
  _1683_/A1
  _1683_/X
  _1684_/A1
  _1684_/X
  _1688_/B1
  _1688_/X
  _2189_/A0
  _2189_/X
  _2191_/A2
  _2191_/X
  _2199_/A1
  _2199_/X
  _2200_/A1
  _2200_/Y
  _2274_/A1
  _2274_/X
  _2275_/C1
  _2275_/X
  _2312_/A2
  | loop cut point
  _2312_/X
  --------------------------------
  _2312_/X
  _2321_/B1
  _2321_/X
  _2323_/A1
  _2323_/X
  fanout150/A
  fanout150/X
  _1655_/A
  _1655_/Y
  _2402_/A2
  _2402_/X
  _2403_/D
  _2403_/X
  _2404_/B1
  _2404_/Y
  _2437_/S
  _2437_/X
  _2474_/A1
  _2474_/X
  _2518_/B1
  _2518_/X
  _2520_/A1
  _2520_/X
  _1654_/A
  _1654_/Y
  _1682_/A1
  _1682_/X
  _1683_/A1
  _1683_/X
  _1684_/A1
  _1684_/X
  _1688_/B1
  _1688_/X
  _2189_/A0
  _2189_/X
  _2191_/A2
  _2191_/X
  _2199_/A1
  _2199_/X
  _2200_/A1
  _2200_/Y
  _2276_/A1
  _2276_/X
  _2277_/C1
  _2277_/X
  _2312_/A3
  | loop cut point
  _2312_/X
  --------------------------------
  _2312_/X
  _2321_/B1
  _2321_/X
  _2323_/A1
  _2323_/X
  fanout150/A
  fanout150/X
  _1655_/A
  _1655_/Y
  _2402_/A2
  _2402_/X
  _2403_/D
  _2403_/X
  _2404_/B1
  _2404_/Y
  _2437_/S
  _2437_/X
  _2474_/A1
  _2474_/X
  _2518_/B1
  _2518_/X
  _2520_/A1
  _2520_/X
  _1654_/A
  _1654_/Y
  _1682_/A1
  _1682_/X
  _1683_/A1
  _1683_/X
  _1684_/A1
  _1684_/X
  _1688_/B1
  _1688_/X
  _2264_/A0
  _2264_/X
  _2266_/A2
  _2266_/Y
  _2267_/D
  _2267_/X
  _2268_/A3
  _2268_/X
  _2270_/A3
  _2270_/X
  _2312_/A1
  | loop cut point
  _2312_/X
  --------------------------------
  _2321_/X
  _2323_/A1
  _2323_/X
  fanout150/A
  fanout150/X
  _1655_/A
  _1655_/Y
  _2402_/A2
  _2402_/X
  _2403_/D
  _2403_/X
  _2404_/B1
  _2404_/Y
  _2437_/S
  _2437_/X
  _2474_/A1
  _2474_/X
  _2518_/B1
  _2518_/X
  _2520_/A1
  _2520_/X
  _1654_/A
  _1654_/Y
  _1682_/A1
  _1682_/X
  _1683_/A1
  _1683_/X
  _1684_/A1
  _1684_/X
  _1688_/B1
  _1688_/X
  _2298_/A0
  _2298_/X
  _2300_/A2
  _2300_/X
  _2307_/D
  _2307_/X
  _2308_/B1
  _2308_/Y
  _2309_/B1
  _2309_/X
  _2310_/A3
  _2310_/Y
  _2321_/A1
  | loop cut point
  _2321_/X
  --------------------------------
  _2311_/X
  _2312_/B1
  _2312_/X
  _2321_/B1
  _2321_/X
  _2323_/A1
  _2323_/X
  fanout150/A
  fanout150/X
  _1655_/A
  _1655_/Y
  _2402_/A2
  _2402_/X
  _2403_/D
  _2403_/X
  _2404_/B1
  _2404_/Y
  _2437_/S
  _2437_/X
  _2474_/A1
  _2474_/X
  _2518_/B1
  _2518_/X
  _2520_/A1
  _2520_/X
  _1654_/A
  _1654_/Y
  _1682_/A1
  _1682_/X
  _1683_/A1
  _1683_/X
  _1684_/A1
  _1684_/X
  _1688_/B1
  _1688_/X
  _2298_/A0
  _2298_/X
  _2300_/A2
  _2300_/X
  _2307_/D
  _2307_/X
  _2308_/B1
  _2308_/Y
  _2309_/B1
  _2309_/X
  _2311_/A3
  | loop cut point
  _2311_/X
  --------------------------------
  _2404_/Y
  _2437_/S
  _2437_/X
  _2474_/A1
  _2474_/X
  _2518_/B1
  _2518_/X
  _2520_/A1
  _2520_/X
  _1654_/A
  _1654_/Y
  _1682_/A1
  _1682_/X
  _1683_/A1
  _1683_/X
  _1684_/A1
  _1684_/X
  _2347_/B1
  _2347_/X
  _2351_/A0
  _2351_/X
  _2359_/A2
  _2359_/X
  _2360_/C
  _2360_/X
  _2397_/A2
  _2397_/X
  _2404_/A1
  | loop cut point
  _2404_/Y
  --------------------------------
  _2474_/X
  _2518_/B1
  _2518_/X
  _2520_/A1
  _2520_/X
  _1654_/A
  _1654_/Y
  _1682_/A1
  _1682_/X
  _1683_/A1
  _1683_/X
  _1684_/A1
  _1684_/X
  _2347_/B1
  _2347_/X
  _2351_/A0
  _2351_/X
  _2359_/A2
  _2359_/X
  _2360_/C
  _2360_/X
  _2397_/A2
  _2397_/X
  _2472_/A1
  _2472_/X
  _2473_/C1
  _2473_/X
  _2474_/C1
  | loop cut point
  _2474_/X
  --------------------------------
  _2518_/X
  _2520_/A1
  _2520_/X
  _1654_/A
  _1654_/Y
  _1682_/A1
  _1682_/X
  _1683_/A1
  _1683_/X
  _1684_/A1
  _1684_/X
  _2347_/B1
  _2347_/X
  _2351_/A0
  _2351_/X
  _2359_/A2
  _2359_/X
  _2360_/C
  _2360_/X
  _2397_/A2
  _2397_/X
  _2475_/A1
  _2475_/X
  _2476_/C1
  _2476_/X
  _2509_/A2
  _2509_/X
  _2518_/B2
  | loop cut point
  _2518_/X
  --------------------------------
  _2518_/X
  _2520_/A1
  _2520_/X
  _1654_/A
  _1654_/Y
  _1682_/A1
  _1682_/X
  _1683_/A1
  _1683_/X
  _1684_/A1
  _1684_/X
  _2347_/B1
  _2347_/X
  _2351_/A0
  _2351_/X
  _2359_/A2
  _2359_/X
  _2360_/C
  _2360_/X
  _2397_/A2
  _2397_/X
  _2511_/A1
  _2511_/X
  _2512_/C1
  _2512_/X
  _2513_/B1
  _2513_/X
  _2518_/A2
  | loop cut point
  _2518_/X
  --------------------------------
  _2518_/X
  _2520_/A1
  _2520_/X
  _1654_/A
  _1654_/Y
  _1682_/A1
  _1682_/X
  _1683_/A1
  _1683_/X
  _1684_/A1
  _1684_/X
  _2347_/B1
  _2347_/X
  _2351_/A0
  _2351_/X
  _2359_/A2
  _2359_/X
  _2360_/C
  _2360_/X
  _2397_/A2
  _2397_/X
  _2515_/A1
  _2515_/X
  _2516_/C1
  _2516_/X
  _2517_/B1
  _2517_/X
  _2518_/A3
  | loop cut point
  _2518_/X
  --------------------------------
  _2584_/Y
  _2620_/B1
  _2620_/X
  _2621_/B1
  _2621_/X
  _2666_/B1
  _2666_/X
  _2668_/A1
  _2668_/X
  fanout143/A
  fanout143/X
  _2279_/A0
  _2279_/X
  _2280_/B
  _2280_/Y
  _2281_/B1
  _2281_/Y
  _2311_/B1
  _2311_/X
  _2312_/B1
  _2312_/X
  _2321_/B1
  _2321_/X
  _2323_/A1
  _2323_/X
  fanout150/A
  fanout150/X
  _1655_/A
  _1655_/Y
  _2402_/A2
  _2402_/X
  _2403_/D
  _2403_/X
  _2404_/B1
  _2404_/Y
  _2437_/S
  _2437_/X
  _2474_/A1
  _2474_/X
  _2518_/B1
  _2518_/X
  _2520_/A1
  _2520_/X
  _1654_/A
  _1654_/Y
  _1682_/A1
  _1682_/X
  _1683_/A1
  _1683_/X
  _1684_/A1
  _1684_/X
  _2347_/B1
  _2347_/X
  _2573_/A0
  _2573_/X
  _2575_/A2
  _2575_/Y
  _2582_/A2
  _2582_/X
  _2583_/A2
  _2583_/X
  _2584_/A3
  | loop cut point
  _2584_/Y
  --------------------------------
  _2621_/X
  _2666_/B1
  _2666_/X
  _2668_/A1
  _2668_/X
  fanout143/A
  fanout143/X
  _2279_/A0
  _2279_/X
  _2280_/B
  _2280_/Y
  _2281_/B1
  _2281_/Y
  _2311_/B1
  _2311_/X
  _2312_/B1
  _2312_/X
  _2321_/B1
  _2321_/X
  _2323_/A1
  _2323_/X
  fanout150/A
  fanout150/X
  _1655_/A
  _1655_/Y
  _2402_/A2
  _2402_/X
  _2403_/D
  _2403_/X
  _2404_/B1
  _2404_/Y
  _2437_/S
  _2437_/X
  _2474_/A1
  _2474_/X
  _2518_/B1
  _2518_/X
  _2520_/A1
  _2520_/X
  _1654_/A
  _1654_/Y
  _1682_/A1
  _1682_/X
  _1683_/A1
  _1683_/X
  _1684_/A1
  _1684_/X
  _2347_/B1
  _2347_/X
  _2573_/A0
  _2573_/X
  _2575_/A2
  _2575_/Y
  _2582_/A2
  _2582_/X
  _2583_/A2
  _2583_/X
  _2585_/A3
  _2585_/X
  _2621_/A1
  | loop cut point
  _2621_/X
  --------------------------------
  _2666_/X
  _2668_/A1
  _2668_/X
  fanout143/A
  fanout143/X
  _2279_/A0
  _2279_/X
  _2280_/B
  _2280_/Y
  _2281_/B1
  _2281_/Y
  _2311_/B1
  _2311_/X
  _2312_/B1
  _2312_/X
  _2321_/B1
  _2321_/X
  _2323_/A1
  _2323_/X
  fanout150/A
  fanout150/X
  _1655_/A
  _1655_/Y
  _2402_/A2
  _2402_/X
  _2403_/D
  _2403_/X
  _2404_/B1
  _2404_/Y
  _2437_/S
  _2437_/X
  _2474_/A1
  _2474_/X
  _2518_/B1
  _2518_/X
  _2520_/A1
  _2520_/X
  _1654_/A
  _1654_/Y
  _1682_/A1
  _1682_/X
  _1683_/A1
  _1683_/X
  _1684_/A1
  _1684_/X
  _2347_/B1
  _2347_/X
  _2573_/A0
  _2573_/X
  _2575_/A2
  _2575_/Y
  _2582_/A2
  _2582_/X
  _2583_/A2
  _2583_/X
  _2585_/A3
  _2585_/X
  _2623_/B1
  _2623_/X
  _2657_/A2
  _2657_/X
  _2666_/B2
  | loop cut point
  _2666_/X
  --------------------------------
  _2666_/X
  _2668_/A1
  _2668_/X
  fanout143/A
  fanout143/X
  _2279_/A0
  _2279_/X
  _2280_/B
  _2280_/Y
  _2281_/B1
  _2281_/Y
  _2311_/B1
  _2311_/X
  _2312_/B1
  _2312_/X
  _2321_/B1
  _2321_/X
  _2323_/A1
  _2323_/X
  fanout150/A
  fanout150/X
  _1655_/A
  _1655_/Y
  _2402_/A2
  _2402_/X
  _2403_/D
  _2403_/X
  _2404_/B1
  _2404_/Y
  _2437_/S
  _2437_/X
  _2474_/A1
  _2474_/X
  _2518_/B1
  _2518_/X
  _2520_/A1
  _2520_/X
  _1654_/A
  _1654_/Y
  _1682_/A1
  _1682_/X
  _1683_/A1
  _1683_/X
  _1684_/A1
  _1684_/X
  _2347_/B1
  _2347_/X
  _2573_/A0
  _2573_/X
  _2575_/A2
  _2575_/Y
  _2582_/A2
  _2582_/X
  _2583_/A2
  _2583_/X
  _2585_/A3
  _2585_/X
  _2661_/A1
  _2661_/X
  _2666_/A2
  | loop cut point
  _2666_/X
  --------------------------------
  _2666_/X
  _2668_/A1
  _2668_/X
  fanout143/A
  fanout143/X
  _2279_/A0
  _2279_/X
  _2280_/B
  _2280_/Y
  _2281_/B1
  _2281_/Y
  _2311_/B1
  _2311_/X
  _2312_/B1
  _2312_/X
  _2321_/B1
  _2321_/X
  _2323_/A1
  _2323_/X
  fanout150/A
  fanout150/X
  _1655_/A
  _1655_/Y
  _2402_/A2
  _2402_/X
  _2403_/D
  _2403_/X
  _2404_/B1
  _2404_/Y
  _2437_/S
  _2437_/X
  _2474_/A1
  _2474_/X
  _2518_/B1
  _2518_/X
  _2520_/A1
  _2520_/X
  _1654_/A
  _1654_/Y
  _1682_/A1
  _1682_/X
  _1683_/A1
  _1683_/X
  _1684_/A1
  _1684_/X
  _2347_/B1
  _2347_/X
  _2573_/A0
  _2573_/X
  _2575_/A2
  _2575_/Y
  _2582_/A2
  _2582_/X
  _2583_/A2
  _2583_/X
  _2585_/A3
  _2585_/X
  _2665_/A1
  _2665_/X
  _2666_/A3
  | loop cut point
  _2666_/X
  --------------------------------
  _2621_/X
  _2666_/B1
  _2666_/X
  _2668_/A1
  _2668_/X
  fanout143/A
  fanout143/X
  _2279_/A0
  _2279_/X
  _2280_/B
  _2280_/Y
  _2281_/B1
  _2281_/Y
  _2311_/B1
  _2311_/X
  _2312_/B1
  _2312_/X
  _2321_/B1
  _2321_/X
  _2323_/A1
  _2323_/X
  fanout150/A
  fanout150/X
  _1655_/A
  _1655_/Y
  _2402_/A2
  _2402_/X
  _2403_/D
  _2403_/X
  _2404_/B1
  _2404_/Y
  _2437_/S
  _2437_/X
  _2474_/A1
  _2474_/X
  _2518_/B1
  _2518_/X
  _2520_/A1
  _2520_/X
  _1654_/A
  _1654_/Y
  _1682_/A1
  _1682_/X
  _1683_/A1
  _1683_/X
  _1684_/A1
  _1684_/X
  _2347_/B1
  _2347_/X
  _2600_/A0
  _2600_/X
  _2602_/A2
  _2602_/Y
  _2603_/D
  _2603_/X
  _2616_/A2
  _2616_/X
  _2617_/A3
  _2617_/Y
  _2621_/C1
  | loop cut point
  _2621_/X
  --------------------------------
  _2666_/X
  _2668_/A1
  _2668_/X
  fanout143/A
  fanout143/X
  _2279_/A0
  _2279_/X
  _2280_/B
  _2280_/Y
  _2281_/B1
  _2281_/Y
  _2311_/B1
  _2311_/X
  _2312_/B1
  _2312_/X
  _2321_/B1
  _2321_/X
  _2323_/A1
  _2323_/X
  fanout150/A
  fanout150/X
  _1655_/A
  _1655_/Y
  _2402_/A2
  _2402_/X
  _2403_/D
  _2403_/X
  _2404_/B1
  _2404_/Y
  _2437_/S
  _2437_/X
  _2474_/A1
  _2474_/X
  _2518_/B1
  _2518_/X
  _2520_/A1
  _2520_/X
  _1654_/A
  _1654_/Y
  _1682_/A1
  _1682_/X
  _1683_/A1
  _1683_/X
  _1684_/A1
  _1684_/X
  _2347_/B1
  _2347_/X
  _2648_/A0
  _2648_/X
  _2650_/A2
  _2650_/Y
  _2651_/D
  _2651_/Y
  _2653_/A3
  _2653_/X
  _2656_/A1
  _2656_/Y
  _2666_/A1
  | loop cut point
  _2666_/X
  --------------------------------
  _2474_/X
  _2518_/B1
  _2518_/X
  _2520_/A1
  _2520_/X
  _1654_/A
  _1654_/Y
  _1682_/A1
  _1682_/X
  _1683_/A1
  _1683_/X
  _1684_/A1
  _1684_/X
  clone18/B1
  clone18/X
  _2429_/A0
  _2429_/X
  _2431_/A2
  _2431_/Y
  _2432_/D
  _2432_/X
  _2434_/A3
  _2434_/X
  _2435_/A3
  _2435_/Y
  _2474_/A2
  | loop cut point
  _2474_/X
  --------------------------------
  _2474_/X
  _2518_/B1
  _2518_/X
  _2520_/A1
  _2520_/X
  _1654_/A
  _1654_/Y
  _1682_/A1
  _1682_/X
  _1683_/A1
  _1683_/X
  _1684_/A1
  _1684_/X
  clone18/B1
  clone18/X
  _2452_/A0
  _2452_/X
  _2454_/A2
  _2454_/Y
  _2455_/D
  _2455_/X
  _2468_/A1
  _2468_/Y
  _2471_/A1
  _2471_/Y
  _2474_/B1
  | loop cut point
  _2474_/X
  --------------------------------
  _2518_/X
  _2520_/A1
  _2520_/X
  _1654_/A
  _1654_/Y
  _1682_/A1
  _1682_/X
  _1683_/A1
  _1683_/X
  _1684_/A1
  _1684_/X
  clone18/B1
  clone18/X
  _2501_/A0
  _2501_/X
  _2503_/A1
  _2503_/X
  _2504_/A1
  _2504_/X
  _2505_/B1
  _2505_/X
  _2506_/A1
  _2506_/Y
  _2507_/A1
  _2507_/Y
  _2518_/A1
  | loop cut point
  _2518_/X
  --------------------------------
  _2621_/X
  _2666_/B1
  _2666_/X
  _2668_/A1
  _2668_/X
  fanout143/A
  fanout143/X
  _2279_/A0
  _2279_/X
  _2280_/B
  _2280_/Y
  _2281_/B1
  _2281_/Y
  _2311_/B1
  _2311_/X
  _2312_/B1
  _2312_/X
  _2321_/B1
  _2321_/X
  _2323_/A1
  _2323_/X
  fanout150/A
  fanout150/X
  _1655_/A
  _1655_/Y
  _2402_/A2
  _2402_/X
  _2403_/D
  _2403_/X
  _2404_/B1
  _2404_/Y
  _2437_/S
  _2437_/X
  _2474_/A1
  _2474_/X
  _2518_/B1
  _2518_/X
  _2520_/A1
  _2520_/X
  _1654_/A
  _1654_/Y
  _1682_/A1
  _1682_/X
  _1683_/A1
  _1683_/X
  _1684_/A1
  _1684_/X
  clone18/B1
  clone18/X
  _2523_/A0
  _2523_/X
  _2526_/A2
  _2526_/X
  _2533_/D
  _2533_/X
  _2546_/A1
  _2546_/Y
  _2553_/A1
  _2553_/Y
  _2586_/S
  _2586_/X
  _2621_/A2
  | loop cut point
  _2621_/X
  --------------------------------
  _2620_/X
  _2621_/B1
  _2621_/X
  _2666_/B1
  _2666_/X
  _2668_/A1
  _2668_/X
  fanout143/A
  fanout143/X
  _2279_/A0
  _2279_/X
  _2280_/B
  _2280_/Y
  _2281_/B1
  _2281_/Y
  _2311_/B1
  _2311_/X
  _2312_/B1
  _2312_/X
  _2321_/B1
  _2321_/X
  _2323_/A1
  _2323_/X
  fanout150/A
  fanout150/X
  _1655_/A
  _1655_/Y
  _2402_/A2
  _2402_/X
  _2403_/D
  _2403_/X
  _2404_/B1
  _2404_/Y
  _2437_/S
  _2437_/X
  _2474_/A1
  _2474_/X
  _2518_/B1
  _2518_/X
  _2520_/A1
  _2520_/X
  _1654_/A
  _1654_/Y
  _1682_/A1
  _1682_/X
  _1683_/A1
  _1683_/X
  _1684_/A1
  _1684_/X
  clone18/B1
  clone18/X
  _2523_/A0
  _2523_/X
  _2526_/A2
  _2526_/X
  _2533_/D
  _2533_/X
  _2546_/A1
  _2546_/Y
  _2553_/A1
  _2553_/Y
  _2620_/A2
  | loop cut point
  _2620_/X
  --------------------------------
  _2620_/X
  _2621_/B1
  _2621_/X
  _2666_/B1
  _2666_/X
  _2668_/A1
  _2668_/X
  fanout143/A
  fanout143/X
  _2279_/A0
  _2279_/X
  _2280_/B
  _2280_/Y
  _2281_/B1
  _2281_/Y
  _2311_/B1
  _2311_/X
  _2312_/B1
  _2312_/X
  _2321_/B1
  _2321_/X
  _2323_/A1
  _2323_/X
  fanout150/A
  fanout150/X
  _1655_/A
  _1655_/Y
  _2402_/A2
  _2402_/X
  _2403_/D
  _2403_/X
  _2404_/B1
  _2404_/Y
  _2437_/S
  _2437_/X
  _2474_/A1
  _2474_/X
  _2518_/B1
  _2518_/X
  _2520_/A1
  _2520_/X
  _1654_/A
  _1654_/Y
  _1682_/A1
  _1682_/X
  _1683_/A1
  _1683_/X
  _1684_/A1
  _1684_/X
  clone18/B1
  clone18/X
  _2523_/A0
  _2523_/X
  _2526_/A2
  _2526_/X
  _2533_/D
  _2533_/X
  _2546_/A1
  _2546_/Y
  _2619_/A1
  _2619_/X
  _2620_/C1
  | loop cut point
  _2620_/X
  --------------------------------
  _2053_/X
  _2060_/A2
  _2060_/Y
  _2156_/A
  _2156_/X
  _2158_/B2
  _2158_/Y
  _2172_/A1
  _2172_/X
  _2174_/A1
  _2174_/Y
  _2554_/B
  _2554_/Y
  _2555_/B1
  _2555_/X
  _2557_/C
  _2557_/X
  _2558_/B1_N
  _2558_/X
  _2584_/B1
  _2584_/Y
  _2620_/B1
  _2620_/X
  _2621_/B1
  _2621_/X
  _2666_/B1
  _2666_/X
  _2668_/A1
  _2668_/X
  fanout143/A
  fanout143/X
  _2279_/A0
  _2279_/X
  _2280_/B
  _2280_/Y
  _2281_/B1
  _2281_/Y
  _2311_/B1
  _2311_/X
  _2312_/B1
  _2312_/X
  _2321_/B1
  _2321_/X
  _2323_/A1
  _2323_/X
  fanout150/A
  fanout150/X
  _1655_/A
  _1655_/Y
  _2402_/A2
  _2402_/X
  _2403_/D
  _2403_/X
  _2404_/B1
  _2404_/Y
  _2437_/S
  _2437_/X
  _2474_/A1
  _2474_/X
  _2518_/B1
  _2518_/X
  _2520_/A1
  _2520_/X
  _1654_/A
  _1654_/Y
  _1938_/A2
  _1938_/X
  _1940_/C1
  _1940_/X
  clone39/A2
  clone39/X
  _1955_/B1
  _1955_/X
  _2051_/A2
  _2051_/X
  _2052_/A2
  _2052_/Y
  _2053_/A1
  | loop cut point
  _2053_/X
  --------------------------------
  _1864_/X
  _2053_/A2
  _2053_/X
  _2060_/A2
  _2060_/Y
  _2156_/A
  _2156_/X
  _2158_/B2
  _2158_/Y
  _2172_/A1
  _2172_/X
  _2174_/A1
  _2174_/Y
  _2554_/B
  _2554_/Y
  _2555_/B1
  _2555_/X
  _2557_/C
  _2557_/X
  _2558_/B1_N
  _2558_/X
  _2584_/B1
  _2584_/Y
  _2620_/B1
  _2620_/X
  _2621_/B1
  _2621_/X
  _2666_/B1
  _2666_/X
  _2668_/A1
  _2668_/X
  fanout143/A
  fanout143/X
  _2279_/A0
  _2279_/X
  _2280_/B
  _2280_/Y
  _2281_/B1
  _2281_/Y
  _2311_/B1
  _2311_/X
  _2312_/B1
  _2312_/X
  _2321_/B1
  _2321_/X
  _2323_/A1
  _2323_/X
  fanout150/A
  fanout150/X
  _1655_/A
  _1655_/Y
  _2402_/A2
  _2402_/X
  _2403_/D
  _2403_/X
  _2404_/B1
  _2404_/Y
  _2437_/S
  _2437_/X
  _2474_/A1
  _2474_/X
  _2518_/B1
  _2518_/X
  _2520_/A1
  _2520_/X
  _1654_/A
  _1654_/Y
  fanout152/A
  fanout152/X
  fanout151/A
  fanout151/X
  _1791_/C
  _1791_/X
  _1793_/A2
  _1793_/X
  _1794_/A
  _1794_/X
  clone17/A1
  clone17/X
  _1820_/A0
  _1820_/X
  _1863_/A2
  _1863_/Y
  _1864_/D
  | loop cut point
  _1864_/X
  --------------------------------
  _2060_/Y
  _2156_/A
  _2156_/X
  _2158_/B2
  _2158_/Y
  _2172_/A1
  _2172_/X
  _2174_/A1
  _2174_/Y
  _2554_/B
  _2554_/Y
  _2555_/B1
  _2555_/X
  _2557_/C
  _2557_/X
  _2558_/B1_N
  _2558_/X
  _2584_/B1
  _2584_/Y
  _2620_/B1
  _2620_/X
  _2621_/B1
  _2621_/X
  _2666_/B1
  _2666_/X
  _2668_/A1
  _2668_/X
  fanout143/A
  fanout143/X
  _2279_/A0
  _2279_/X
  _2280_/B
  _2280_/Y
  _2281_/B1
  _2281_/Y
  _2311_/B1
  _2311_/X
  _2312_/B1
  _2312_/X
  _2321_/B1
  _2321_/X
  _2323_/A1
  _2323_/X
  fanout150/A
  fanout150/X
  _1655_/A
  _1655_/Y
  _2402_/A2
  _2402_/X
  _2403_/D
  _2403_/X
  _2404_/B1
  _2404_/Y
  _2437_/S
  _2437_/X
  _2474_/A1
  _2474_/X
  _2518_/B1
  _2518_/X
  _2520_/A1
  _2520_/X
  fanout155/A
  fanout155/X
  _2055_/A1
  _2055_/X
  _2059_/A2
  _2059_/X
  _2060_/B1
  | loop cut point
  _2060_/Y
  --------------------------------
  _2158_/Y
  _2172_/A1
  _2172_/X
  _2174_/A1
  _2174_/Y
  _2554_/B
  _2554_/Y
  _2555_/B1
  _2555_/X
  _2557_/C
  _2557_/X
  _2558_/B1_N
  _2558_/X
  _2584_/B1
  _2584_/Y
  _2620_/B1
  _2620_/X
  _2621_/B1
  _2621_/X
  _2666_/B1
  _2666_/X
  _2668_/A1
  _2668_/X
  fanout143/A
  fanout143/X
  _2279_/A0
  _2279_/X
  _2280_/B
  _2280_/Y
  _2281_/B1
  _2281_/Y
  _2311_/B1
  _2311_/X
  _2312_/B1
  _2312_/X
  _2321_/B1
  _2321_/X
  _2323_/A1
  _2323_/X
  fanout150/A
  fanout150/X
  _1655_/A
  _1655_/Y
  _2402_/A2
  _2402_/X
  _2403_/D
  _2403_/X
  _2404_/B1
  _2404_/Y
  _2437_/S
  _2437_/X
  _2474_/A1
  _2474_/X
  _2518_/B1
  _2518_/X
  _2520_/A1
  _2520_/X
  fanout155/A
  fanout155/X
  _2055_/A1
  _2055_/X
  _2059_/A2
  _2059_/X
  _2061_/B1
  _2061_/X
  _2155_/S
  _2155_/X
  _2158_/A2
  | loop cut point
  _2158_/Y
  --------------------------------
  _2279_/X
  _2280_/B
  _2280_/Y
  _2281_/B1
  _2281_/Y
  _2311_/B1
  _2311_/X
  _2312_/B1
  _2312_/X
  _2321_/B1
  _2321_/X
  _2323_/A1
  _2323_/X
  fanout150/A
  fanout150/X
  _1655_/A
  _1655_/Y
  _2402_/A2
  _2402_/X
  _2403_/D
  _2403_/X
  _2404_/B1
  _2404_/Y
  _2437_/S
  _2437_/X
  _2474_/A1
  _2474_/X
  _2518_/B1
  _2518_/X
  _2520_/A1
  _2520_/X
  fanout155/A
  fanout155/X
  _2279_/A1
  | loop cut point
  _2279_/X
  --------------------------------
  _2403_/X
  _2404_/B1
  _2404_/Y
  _2437_/S
  _2437_/X
  _2474_/A1
  _2474_/X
  _2518_/B1
  _2518_/X
  _2520_/A1
  _2520_/X
  fanout156/A
  fanout156/X
  _2399_/A1
  _2399_/X
  _2400_/B
  _2400_/Y
  _2403_/C
  | loop cut point
  _2403_/X
  --------------------------------
  _2558_/X
  _2584_/B1
  _2584_/Y
  _2620_/B1
  _2620_/X
  _2621_/B1
  _2621_/X
  _2666_/B1
  _2666_/X
  _2668_/A1
  _2668_/X
  fanout143/A
  fanout143/X
  _2279_/A0
  _2279_/X
  _2280_/B
  _2280_/Y
  _2281_/B1
  _2281_/Y
  _2311_/B1
  _2311_/X
  _2312_/B1
  _2312_/X
  _2321_/B1
  _2321_/X
  _2323_/A1
  _2323_/X
  fanout150/A
  fanout150/X
  _1655_/A
  _1655_/Y
  _2402_/A2
  _2402_/X
  _2403_/D
  _2403_/X
  _2404_/B1
  _2404_/Y
  _2437_/S
  _2437_/X
  _2474_/A1
  _2474_/X
  _2518_/B1
  _2518_/X
  _2520_/A1
  _2520_/X
  fanout156/A
  fanout156/X
  _2556_/A1
  _2556_/X
  _2558_/A2
  | loop cut point
  _2558_/X
  --------------------------------
  _2555_/X
  _2557_/C
  _2557_/X
  _2558_/B1_N
  _2558_/X
  _2584_/B1
  _2584_/Y
  _2620_/B1
  _2620_/X
  _2621_/B1
  _2621_/X
  _2666_/B1
  _2666_/X
  _2668_/A1
  _2668_/X
  fanout143/A
  fanout143/X
  _2279_/A0
  _2279_/X
  _2280_/B
  _2280_/Y
  _2281_/B1
  _2281_/Y
  _2311_/B1
  _2311_/X
  _2312_/B1
  _2312_/X
  _2321_/B1
  _2321_/X
  _2323_/A1
  _2323_/X
  fanout150/A
  fanout150/X
  _1655_/A
  _1655_/Y
  _2555_/A2
  | loop cut point
  _2555_/X
  --------------------------------
  _2281_/Y
  _2311_/B1
  _2311_/X
  _2312_/B1
  _2312_/X
  _2321_/B1
  _2321_/X
  _2323_/A1
  _2323_/X
  fanout150/A
  fanout150/X
  _1655_/A
  _1655_/Y
  fanout147/A
  fanout147/X
  _2278_/A0
  _2278_/X
  _2281_/A2
  | loop cut point
  _2281_/Y
  --------------------------------
