Clock: clk
Sources: clk 
Generated: no
Virtual: yes
Propagated: no
Period: 100.000000

===========================================================================
report_clock_properties
============================================================================
Clock                   Period          Waveform
----------------------------------------------------
clk                 100.000000    0.000000 50.000000

===========================================================================
report_clock_latency
============================================================================
Clock clk
rise -> rise
    min     max
0.000000 0.000000 source latency
1.197324         network latency _3111_/CLK
        20.657295 network latency _2886_/CLK
---------------
1.197324 20.657295 latency
        19.459970 skew

rise -> fall
    min     max
0.000000 0.000000 source latency
2.223661         network latency _2842_/CLK
        20.610533 network latency _2886_/CLK
---------------
2.223661 20.610533 latency
        18.386871 skew

fall -> fall
    min     max
0.000000 0.000000 source latency
1.085422         network latency _3059_/CLK
        1.125080 network latency _2795_/CLK
---------------
1.085422 1.125080 latency
        0.039659 skew



===========================================================================
report_clock_min_period
============================================================================
clk period_min = 4.96 fmax = 201.65
