
===========================================================================
Violator List
============================================================================
[setup in-out] nrst -> CBnorth_out[0] : -6.262823
[setup in-out] nrst -> CBeast_out[2] : -6.187517
[setup in-out] nrst -> CBnorth_out[2] : -6.157324
[setup in-out] nrst -> CBnorth_out[9] : -6.075855
[setup in-out] nrst -> CBnorth_out[1] : -5.962535
[setup in-out] nrst -> CBnorth_out[4] : -5.940742
[setup in-out] nrst -> CBnorth_out[5] : -5.918862
[setup in-out] nrst -> CBnorth_out[10] : -5.912099
[setup in-out] nrst -> CBnorth_out[15] : -5.883354
[setup in-out] nrst -> CBnorth_out[3] : -5.836361
[setup in-out] nrst -> CBeast_out[6] : -5.833789
[setup in-out] nrst -> CBeast_out[1] : -5.790030
[setup in-out] nrst -> CBnorth_out[14] : -5.789923
[setup in-out] nrst -> CBnorth_out[12] : -5.783461
[setup in-out] nrst -> CBeast_out[0] : -5.737253
[setup in-out] nrst -> CBeast_out[9] : -5.694238
[setup in-out] nrst -> CBnorth_out[7] : -5.689193
[setup in-out] nrst -> CBeast_out[3] : -5.686788
[setup in-out] nrst -> SBsouth_out[2] : -5.652171
[setup in-out] nrst -> CBnorth_out[11] : -5.632961
[setup in-out] nrst -> CBeast_out[14] : -5.591197
[setup in-out] nrst -> SBwest_out[2] : -5.581649
[setup in-out] nrst -> CBnorth_out[6] : -5.580098
[setup in-out] nrst -> CBeast_out[15] : -5.565749
[setup in-out] nrst -> CBnorth_out[8] : -5.555131
[setup in-out] nrst -> CBeast_out[10] : -5.549440
[setup in-out] nrst -> CBeast_out[4] : -5.429199
[setup in-out] nrst -> CBeast_out[5] : -5.425179
[setup in-out] nrst -> CBeast_out[12] : -5.407228
[setup in-out] nrst -> CBeast_out[8] : -5.338413
[setup in-out] nrst -> CBeast_out[11] : -5.304490
[setup in-out] nrst -> SBwest_out[6] : -5.278876
[setup in-out] nrst -> SBwest_out[0] : -5.262210
[setup in-out] nrst -> SBwest_out[12] : -5.176972
[setup in-out] nrst -> SBwest_out[15] : -5.148602
[setup in-out] nrst -> CBeast_out[7] : -5.101033
[setup in-out] nrst -> SBwest_out[14] : -5.100071
[setup in-out] nrst -> SBwest_out[9] : -5.076368
[setup in-out] nrst -> CBnorth_out[13] : -5.041915
[setup in-out] nrst -> SBwest_out[3] : -5.019096
[setup in-out] nrst -> SBsouth_out[9] : -5.014421
[setup in-out] nrst -> SBsouth_out[6] : -4.980791
[setup in-out] nrst -> SBwest_out[1] : -4.971191
[setup in-out] nrst -> SBsouth_out[15] : -4.957640
[setup in-out] nrst -> SBwest_out[10] : -4.952474
[setup in-out] nrst -> SBsouth_out[3] : -4.928158
[setup in-out] nrst -> SBsouth_out[14] : -4.924820
[setup in-out] nrst -> SBsouth_out[1] : -4.893696
[setup in-out] nrst -> SBsouth_out[0] : -4.872675
[setup in-out] nrst -> SBsouth_out[10] : -4.835892
[setup in-out] nrst -> CBeast_out[13] : -4.833210
[setup in-out] nrst -> SBwest_out[5] : -4.782267
[setup in-out] nrst -> SBsouth_out[12] : -4.753597
[setup in-out] nrst -> SBwest_out[4] : -4.657382
[setup in-out] nrst -> SBsouth_out[5] : -4.653828
[setup in-out] nrst -> SBsouth_out[8] : -4.648437
[setup in-out] nrst -> SBwest_out[11] : -4.633218
[setup in-out] nrst -> SBsouth_out[4] : -4.619412
[setup in-out] nrst -> SBwest_out[8] : -4.617878
[setup in-out] nrst -> SBwest_out[7] : -4.594318
[setup in-out] nrst -> SBsouth_out[11] : -4.563571
[setup in-out] nrst -> SBsouth_out[7] : -4.472085
[setup in-out] nrst -> SBwest_out[13] : -4.235570
[setup in-out] nrst -> SBsouth_out[13] : -4.230430
