Clock: CLK
Sources: CLK 
Generated: no
Virtual: yes
Propagated: no
Period: 25.000000

===========================================================================
report_clock_properties
============================================================================
Clock                   Period          Waveform
----------------------------------------------------
CLK                  25.000000    0.000000 12.500000

===========================================================================
report_clock_latency
============================================================================
Clock CLK
rise -> rise
    min     max
0.000000 0.000000 source latency
0.428441         network latency _3880_/CLK
        0.568983 network latency _3848_/CLK
---------------
0.428441 0.568983 latency
        0.140542 skew

fall -> fall
    min     max
0.000000 0.000000 source latency
0.348958         network latency _3880_/CLK
        0.483460 network latency _3848_/CLK
---------------
0.348958 0.483460 latency
        0.134502 skew



===========================================================================
report_clock_min_period
============================================================================
CLK period_min = 4.25 fmax = 235.44
