Clock: CLK
Sources: CLK 
Generated: no
Virtual: yes
Propagated: no
Period: 25.000000

===========================================================================
report_clock_properties
============================================================================
Clock                   Period          Waveform
----------------------------------------------------
CLK                  25.000000    0.000000 12.500000

===========================================================================
report_clock_latency
============================================================================
Clock CLK
rise -> rise
    min     max
0.000000 0.000000 source latency
0.445851         network latency _3880_/CLK
        0.590054 network latency _3848_/CLK
---------------
0.445851 0.590054 latency
        0.144203 skew

fall -> fall
    min     max
0.000000 0.000000 source latency
0.362843         network latency _3880_/CLK
        0.499582 network latency _3848_/CLK
---------------
0.362843 0.499582 latency
        0.136739 skew



===========================================================================
report_clock_min_period
============================================================================
CLK period_min = 4.31 fmax = 232.28
