
===========================================================================
report_checks -unconstrained
===========================================================================
======================= nom_ff_n40C_1v95 Corner ===================================

Startpoint: nrst (input port clocked by clk)
Endpoint: _2796_ (recovery check against rising-edge clock clk)
Path Group: asynchronous
Path Type: max

Fanout         Cap        Slew       Delay        Time   Description
---------------------------------------------------------------------------------------------
                                  0.000000    0.000000   clock clk (rise edge)
                                  0.000000    0.000000   clock network delay (propagated)
                                  5.000000    5.000000 ^ input external delay
     1    0.002890    0.014235    0.007471    5.007472 ^ nrst (in)
                                                         nrst (net)
                      0.014235    0.000000    5.007472 ^ input9/A (sky130_fd_sc_hd__clkbuf_2)
     4    0.038494    0.162378    0.152103    5.159575 ^ input9/X (sky130_fd_sc_hd__clkbuf_2)
                                                         net9 (net)
                      0.162409    0.001829    5.161404 ^ fanout131/A (sky130_fd_sc_hd__buf_2)
     5    0.045403    0.167562    0.190939    5.352343 ^ fanout131/X (sky130_fd_sc_hd__buf_2)
                                                         net131 (net)
                      0.167582    0.001527    5.353869 ^ fanout127/A (sky130_fd_sc_hd__buf_2)
     6    0.050640    0.186382    0.203713    5.557583 ^ fanout127/X (sky130_fd_sc_hd__buf_2)
                                                         net127 (net)
                      0.186437    0.002655    5.560238 ^ fanout126/A (sky130_fd_sc_hd__clkbuf_4)
    10    0.055753    0.130723    0.193731    5.753970 ^ fanout126/X (sky130_fd_sc_hd__clkbuf_4)
                                                         net126 (net)
                      0.130900    0.003302    5.757272 ^ fanout125/A (sky130_fd_sc_hd__buf_2)
     8    0.036817    0.137201    0.166682    5.923954 ^ fanout125/X (sky130_fd_sc_hd__buf_2)
                                                         net125 (net)
                      0.137265    0.001400    5.925353 ^ _2796_/RESET_B (sky130_fd_sc_hd__dfrtp_4)
                                              5.925353   data arrival time

                                 25.000000   25.000000   clock clk (rise edge)
                                  0.000000   25.000000   clock source latency
     1    0.033935    0.117953    0.081657   25.081657 ^ clk (in)
                                                         clk (net)
                      0.117967    0.000000   25.081657 ^ clkbuf_0_clk/A (sky130_fd_sc_hd__clkbuf_16)
    16    0.143225    0.120491    0.174806   25.256462 ^ clkbuf_0_clk/X (sky130_fd_sc_hd__clkbuf_16)
                                                         clknet_0_clk (net)
                      0.120712    0.004166   25.260628 ^ clkbuf_4_6_0_clk/A (sky130_fd_sc_hd__clkbuf_8)
    12    0.036541    0.057690    0.127898   25.388525 ^ clkbuf_4_6_0_clk/X (sky130_fd_sc_hd__clkbuf_8)
                                                         clknet_4_6_0_clk (net)
                      0.057717    0.001142   25.389668 ^ _2796_/CLK (sky130_fd_sc_hd__dfrtp_4)
                                 -0.250000   25.139669   clock uncertainty
                                  0.000000   25.139669   clock reconvergence pessimism
                                  0.101828   25.241497   library recovery time
                                             25.241497   data required time
---------------------------------------------------------------------------------------------
                                             25.241497   data required time
                                             -5.925353   data arrival time
---------------------------------------------------------------------------------------------
                                             19.316143   slack (MET)


Startpoint: clk (clock source 'clk')
Endpoint: gpio[24] (output port clocked by clk)
Path Group: clk
Path Type: max

Fanout         Cap        Slew       Delay        Time   Description
---------------------------------------------------------------------------------------------
                                 12.500000   12.500000   clock clk (fall edge)
                                  0.000000   12.500000   clock source latency
     1    0.032972    0.051662    0.035841   12.535840 v clk (in)
                                                         clk (net)
                      0.051689    0.000000   12.535840 v clkbuf_0_clk/A (sky130_fd_sc_hd__clkbuf_16)
    16    0.135769    0.073299    0.152331   12.688171 v clkbuf_0_clk/X (sky130_fd_sc_hd__clkbuf_16)
                                                         clknet_0_clk (net)
                      0.073600    0.003706   12.691878 v clkbuf_4_8_0_clk/A (sky130_fd_sc_hd__clkbuf_8)
     9    0.040542    0.042658    0.128292   12.820170 v clkbuf_4_8_0_clk/X (sky130_fd_sc_hd__clkbuf_8)
                                                         clknet_4_8_0_clk (net)
                      0.042727    0.001557   12.821727 v _2303_/A (sky130_fd_sc_hd__and2_2)
     1    0.034517    0.073822    0.159304   12.981030 v _2303_/X (sky130_fd_sc_hd__and2_2)
                                                         gpio[24] (net)
     0    0.034517    0.073830    0.000803   12.981833 v gpio[24] (inout)
                                                         gpio[24] (net)
                                             12.981833   data arrival time

                                 25.000000   25.000000   clock clk (rise edge)
                                  0.000000   25.000000   clock network delay (propagated)
                                 -0.250000   24.750000   clock uncertainty
                                  0.000000   24.750000   clock reconvergence pessimism
                                 -5.000000   19.750000   output external delay
                                             19.750000   data required time
---------------------------------------------------------------------------------------------
                                             19.750000   data required time
                                            -12.981833   data arrival time
---------------------------------------------------------------------------------------------
                                              6.768166   slack (MET)




===========================================================================
report_checks --slack_max -0.01
============================================================================
======================= nom_ff_n40C_1v95 Corner ===================================

No paths found.


===========================================================================
 report_check_types -max_slew -max_cap -max_fanout -violators
============================================================================
======================= nom_ff_n40C_1v95 Corner ===================================

max fanout

Pin                                   Limit Fanout  Slack
---------------------------------------------------------
clkbuf_0_clk/X                           10     16     -6 (VIOLATED)
clkbuf_4_4_0_clk/X                       10     14     -4 (VIOLATED)
clkbuf_4_7_0_clk/X                       10     13     -3 (VIOLATED)
clkbuf_4_3_0_clk/X                       10     12     -2 (VIOLATED)
clkbuf_4_6_0_clk/X                       10     12     -2 (VIOLATED)



===========================================================================
report_parasitic_annotation -report_unannotated
============================================================================
Found 17 unannotated drivers.
 cs
 gpio[25]
 clkload0/Y
 clkload1/Y
 clkload10/Y
 clkload11/Y
 clkload12/Y
 clkload13/Y
 clkload14/Y
 clkload2/Y
 clkload3/Y
 clkload4/Y
 clkload5/Y
 clkload6/X
 clkload7/Y
 clkload8/Y
 clkload9/Y
Found 0 partially unannotated drivers.

===========================================================================
max slew violation count 0
max fanout violation count 5
max cap violation count 0
============================================================================

===========================================================================
check_setup -verbose -unconstrained_endpoints -multiple_clock -no_clock -no_input_delay -loops -generated_clocks
===========================================================================
Warning: There are 6 unconstrained endpoints.
  gpio[16]
  gpio[17]
  gpio[18]
  gpio[19]
  gpio[20]
  gpio[25]
