Clock: clk
Sources: clk 
Generated: no
Virtual: yes
Propagated: no
Period: 25.000000

===========================================================================
report_clock_properties
============================================================================
Clock                   Period          Waveform
----------------------------------------------------
clk                  25.000000    0.000000 12.500000

===========================================================================
report_clock_latency
============================================================================
Clock clk
rise -> rise
    min     max
0.000000 0.000000 source latency
0.388518         network latency _2780_/CLK
        0.404986 network latency _2735_/CLK
---------------
0.388518 0.404986 latency
        0.016468 skew

fall -> fall
    min     max
0.000000 0.000000 source latency
0.316833         network latency _2780_/CLK
        0.328503 network latency _2769_/CLK
---------------
0.316833 0.328503 latency
        0.011671 skew



===========================================================================
report_clock_min_period
============================================================================
clk period_min = 5.92 fmax = 169.03
