
===========================================================================
report_checks -unconstrained
===========================================================================
======================= max_ff_n40C_1v95 Corner ===================================

Startpoint: nrst (input port clocked by clk)
Endpoint: _2819_ (recovery check against rising-edge clock clk)
Path Group: asynchronous
Path Type: max

Fanout         Cap        Slew       Delay        Time   Description
---------------------------------------------------------------------------------------------
                                  0.000000    0.000000   clock clk (rise edge)
                                  0.000000    0.000000   clock network delay (propagated)
                                  5.000000    5.000000 ^ input external delay
     1    0.002918    0.014339    0.007587    5.007587 ^ nrst (in)
                                                         nrst (net)
                      0.014341    0.000000    5.007587 ^ input9/A (sky130_fd_sc_hd__clkbuf_2)
     4    0.040981    0.171930    0.158321    5.165908 ^ input9/X (sky130_fd_sc_hd__clkbuf_2)
                                                         net9 (net)
                      0.172012    0.003070    5.168977 ^ fanout131/A (sky130_fd_sc_hd__buf_2)
     5    0.048065    0.177232    0.197396    5.366373 ^ fanout131/X (sky130_fd_sc_hd__buf_2)
                                                         net131 (net)
                      0.177314    0.003143    5.369516 ^ fanout127/A (sky130_fd_sc_hd__buf_2)
     6    0.054466    0.200312    0.212532    5.582048 ^ fanout127/X (sky130_fd_sc_hd__buf_2)
                                                         net127 (net)
                      0.200517    0.005286    5.587334 ^ fanout126/A (sky130_fd_sc_hd__clkbuf_4)
    10    0.057889    0.136121    0.196823    5.784157 ^ fanout126/X (sky130_fd_sc_hd__clkbuf_4)
                                                         net126 (net)
                      0.136735    0.007437    5.791595 ^ fanout124/A (sky130_fd_sc_hd__clkbuf_4)
    10    0.048463    0.115336    0.173141    5.964735 ^ fanout124/X (sky130_fd_sc_hd__clkbuf_4)
                                                         net124 (net)
                      0.115657    0.004945    5.969680 ^ _2819_/RESET_B (sky130_fd_sc_hd__dfrtp_4)
                                              5.969680   data arrival time

                                 25.000000   25.000000   clock clk (rise edge)
                                  0.000000   25.000000   clock source latency
     1    0.035425    0.122927    0.085464   25.085463 ^ clk (in)
                                                         clk (net)
                      0.122954    0.000000   25.085463 ^ clkbuf_0_clk/A (sky130_fd_sc_hd__clkbuf_16)
    16    0.150121    0.126242    0.175710   25.261173 ^ clkbuf_0_clk/X (sky130_fd_sc_hd__clkbuf_16)
                                                         clknet_0_clk (net)
                      0.127433    0.009804   25.270977 ^ clkbuf_4_6_0_clk/A (sky130_fd_sc_hd__clkbuf_8)
    12    0.037444    0.059043    0.129297   25.400274 ^ clkbuf_4_6_0_clk/X (sky130_fd_sc_hd__clkbuf_8)
                                                         clknet_4_6_0_clk (net)
                      0.059155    0.001641   25.401917 ^ _2819_/CLK (sky130_fd_sc_hd__dfrtp_4)
                                 -0.250000   25.151917   clock uncertainty
                                  0.000000   25.151917   clock reconvergence pessimism
                                  0.108859   25.260775   library recovery time
                                             25.260775   data required time
---------------------------------------------------------------------------------------------
                                             25.260775   data required time
                                             -5.969680   data arrival time
---------------------------------------------------------------------------------------------
                                             19.291096   slack (MET)


Startpoint: clk (clock source 'clk')
Endpoint: gpio[24] (output port clocked by clk)
Path Group: clk
Path Type: max

Fanout         Cap        Slew       Delay        Time   Description
---------------------------------------------------------------------------------------------
                                 12.500000   12.500000   clock clk (fall edge)
                                  0.000000   12.500000   clock source latency
     1    0.034462    0.053949    0.037796   12.537796 v clk (in)
                                                         clk (net)
                      0.054003    0.000000   12.537796 v clkbuf_0_clk/A (sky130_fd_sc_hd__clkbuf_16)
    16    0.142665    0.076729    0.152099   12.689895 v clkbuf_0_clk/X (sky130_fd_sc_hd__clkbuf_16)
                                                         clknet_0_clk (net)
                      0.078534    0.009146   12.699040 v clkbuf_4_8_0_clk/A (sky130_fd_sc_hd__clkbuf_8)
     9    0.042508    0.044196    0.130821   12.829861 v clkbuf_4_8_0_clk/X (sky130_fd_sc_hd__clkbuf_8)
                                                         clknet_4_8_0_clk (net)
                      0.044476    0.002767   12.832627 v _2303_/A (sky130_fd_sc_hd__and2_2)
     1    0.034595    0.074000    0.159494   12.992122 v _2303_/X (sky130_fd_sc_hd__and2_2)
                                                         gpio[24] (net)
     0    0.034595    0.074046    0.001678   12.993799 v gpio[24] (inout)
                                                         gpio[24] (net)
                                             12.993799   data arrival time

                                 25.000000   25.000000   clock clk (rise edge)
                                  0.000000   25.000000   clock network delay (propagated)
                                 -0.250000   24.750000   clock uncertainty
                                  0.000000   24.750000   clock reconvergence pessimism
                                 -5.000000   19.750000   output external delay
                                             19.750000   data required time
---------------------------------------------------------------------------------------------
                                             19.750000   data required time
                                            -12.993799   data arrival time
---------------------------------------------------------------------------------------------
                                              6.756200   slack (MET)




===========================================================================
report_checks --slack_max -0.01
============================================================================
======================= max_ff_n40C_1v95 Corner ===================================

No paths found.


===========================================================================
 report_check_types -max_slew -max_cap -max_fanout -violators
============================================================================
======================= max_ff_n40C_1v95 Corner ===================================

max fanout

Pin                                   Limit Fanout  Slack
---------------------------------------------------------
clkbuf_0_clk/X                           10     16     -6 (VIOLATED)
clkbuf_4_4_0_clk/X                       10     14     -4 (VIOLATED)
clkbuf_4_7_0_clk/X                       10     13     -3 (VIOLATED)
clkbuf_4_3_0_clk/X                       10     12     -2 (VIOLATED)
clkbuf_4_6_0_clk/X                       10     12     -2 (VIOLATED)



===========================================================================
report_parasitic_annotation -report_unannotated
============================================================================
Found 17 unannotated drivers.
 cs
 gpio[25]
 clkload0/Y
 clkload1/Y
 clkload10/Y
 clkload11/Y
 clkload12/Y
 clkload13/Y
 clkload14/Y
 clkload2/Y
 clkload3/Y
 clkload4/Y
 clkload5/Y
 clkload6/X
 clkload7/Y
 clkload8/Y
 clkload9/Y
Found 0 partially unannotated drivers.

===========================================================================
max slew violation count 0
max fanout violation count 5
max cap violation count 0
============================================================================

===========================================================================
check_setup -verbose -unconstrained_endpoints -multiple_clock -no_clock -no_input_delay -loops -generated_clocks
===========================================================================
Warning: There are 6 unconstrained endpoints.
  gpio[16]
  gpio[17]
  gpio[18]
  gpio[19]
  gpio[20]
  gpio[25]
