Clock: clk
Sources: clk 
Generated: no
Virtual: yes
Propagated: no
Period: 25.000000

===========================================================================
report_clock_properties
============================================================================
Clock                   Period          Waveform
----------------------------------------------------
clk                  25.000000    0.000000 12.500000

===========================================================================
report_clock_latency
============================================================================
Clock clk
rise -> rise
    min     max
0.000000 0.000000 source latency
0.401054         network latency _2780_/CLK
        0.420087 network latency _2735_/CLK
---------------
0.401054 0.420087 latency
        0.019033 skew

fall -> fall
    min     max
0.000000 0.000000 source latency
0.326793         network latency _2780_/CLK
        0.340100 network latency _2769_/CLK
---------------
0.326793 0.340100 latency
        0.013307 skew



===========================================================================
report_clock_min_period
============================================================================
clk period_min = 6.04 fmax = 165.44
