
===========================================================================
report_checks -unconstrained
===========================================================================
======================= min_ff_n40C_1v95 Corner ===================================

Startpoint: nrst (input port clocked by clk)
Endpoint: _3033_ (recovery check against rising-edge clock clk)
Path Group: asynchronous
Path Type: max

Fanout         Cap        Slew       Delay        Time   Description
---------------------------------------------------------------------------------------------
                                  0.000000    0.000000   clock clk (rise edge)
                                  0.000000    0.000000   clock network delay (propagated)
                                 20.000000   20.000000 ^ input external delay
     2    0.030269    0.105791    0.072552   20.072552 ^ nrst (in)
                                                         nrst (net)
                      0.105794    0.000000   20.072552 ^ input62/A (sky130_fd_sc_hd__clkbuf_1)
     1    0.021878    0.193944    0.171976   20.244528 ^ input62/X (sky130_fd_sc_hd__clkbuf_1)
                                                         net62 (net)
                      0.193946    0.000558   20.245087 ^ fanout229/A (sky130_fd_sc_hd__buf_2)
    13    0.086183    0.313875    0.290550   20.535637 ^ fanout229/X (sky130_fd_sc_hd__buf_2)
                                                         net229 (net)
                      0.313906    0.002652   20.538288 ^ fanout228/A (sky130_fd_sc_hd__buf_2)
    13    0.079566    0.289602    0.286471   20.824759 ^ fanout228/X (sky130_fd_sc_hd__buf_2)
                                                         net228 (net)
                      0.289603    0.000448   20.825207 ^ fanout227/A (sky130_fd_sc_hd__dlymetal6s2s_1)
     5    0.023424    0.189703    0.191866   21.017073 ^ fanout227/X (sky130_fd_sc_hd__dlymetal6s2s_1)
                                                         net227 (net)
                      0.189705    0.000467   21.017540 ^ fanout224/A (sky130_fd_sc_hd__clkbuf_4)
    10    0.047939    0.114595    0.183793   21.201332 ^ fanout224/X (sky130_fd_sc_hd__clkbuf_4)
                                                         net224 (net)
                      0.114605    0.001172   21.202505 ^ _3033_/SET_B (sky130_fd_sc_hd__dfstp_2)
                                             21.202505   data arrival time

                                100.000000  100.000000   clock clk (rise edge)
                                  0.000000  100.000000   clock source latency
     2    0.035921    0.124190    0.086708  100.086708 ^ clk (in)
                                                         clk (net)
                      0.124264    0.000000  100.086708 ^ clkbuf_0_clk/A (sky130_fd_sc_hd__clkbuf_16)
     9    0.070474    0.067634    0.138648  100.225349 ^ clkbuf_0_clk/X (sky130_fd_sc_hd__clkbuf_16)
                                                         clknet_0_clk (net)
                      0.067638    0.000661  100.226013 ^ clkbuf_2_3__f_clk/A (sky130_fd_sc_hd__clkbuf_16)
    19    0.087640    0.079976    0.131728  100.357742 ^ clkbuf_2_3__f_clk/X (sky130_fd_sc_hd__clkbuf_16)
                                                         clknet_2_3__leaf_clk (net)
                      0.080379    0.004519  100.362259 ^ clkbuf_leaf_12_clk/A (sky130_fd_sc_hd__clkbuf_8)
    11    0.041927    0.063916    0.122050  100.484306 ^ clkbuf_leaf_12_clk/X (sky130_fd_sc_hd__clkbuf_8)
                                                         clknet_leaf_12_clk (net)
                      0.063919    0.000490  100.484802 ^ _3033_/CLK (sky130_fd_sc_hd__dfstp_2)
                                 -0.250000  100.234802   clock uncertainty
                                  0.000000  100.234802   clock reconvergence pessimism
                                  0.089860  100.324669   library recovery time
                                            100.324669   data required time
---------------------------------------------------------------------------------------------
                                            100.324669   data required time
                                            -21.202505   data arrival time
---------------------------------------------------------------------------------------------
                                             79.122162   slack (MET)


Startpoint: SBwest_in[0] (input port clocked by clk)
Endpoint: CBnorth_out[6] (output port clocked by clk)
Path Group: clk
Path Type: max

Fanout         Cap        Slew       Delay        Time   Description
---------------------------------------------------------------------------------------------
                                  0.000000    0.000000   clock clk (rise edge)
                                  0.000000    0.000000   clock network delay (propagated)
                                 20.000000   20.000000 ^ input external delay
     2    0.004180    0.018853    0.010834   20.010834 ^ SBwest_in[0] (in)
                                                         SBwest_in[0] (net)
                      0.018853    0.000000   20.010834 ^ input43/A (sky130_fd_sc_hd__clkbuf_1)
     1    0.010133    0.093730    0.092042   20.102877 ^ input43/X (sky130_fd_sc_hd__clkbuf_1)
                                                         net43 (net)
                      0.093732    0.000339   20.103216 ^ _1662_/B1_N (sky130_fd_sc_hd__a21bo_1)
     1    0.005760    0.034025    0.111166   20.214382 v _1662_/X (sky130_fd_sc_hd__a21bo_1)
                                                         _0424_ (net)
                      0.034025    0.000147   20.214529 v _1663_/A0 (sky130_fd_sc_hd__mux2_1)
     1    0.002990    0.038675    0.142521   20.357050 v _1663_/X (sky130_fd_sc_hd__mux2_1)
                                                         _0425_ (net)
                      0.038675    0.000030   20.357080 v _1664_/A3 (sky130_fd_sc_hd__a31oi_1)
     1    0.003538    0.102277    0.119204   20.476284 ^ _1664_/Y (sky130_fd_sc_hd__a31oi_1)
                                                         _0426_ (net)
                      0.102277    0.000037   20.476322 ^ _1665_/B2 (sky130_fd_sc_hd__a22o_2)
     4    0.027003    0.107796    0.148246   20.624567 ^ _1665_/X (sky130_fd_sc_hd__a22o_2)
                                                         _0427_ (net)
                      0.107796    0.000355   20.624924 ^ _1668_/A (sky130_fd_sc_hd__nand2_4)
    19    0.067447    0.103128    0.099440   20.724363 v _1668_/Y (sky130_fd_sc_hd__nand2_4)
                                                         _0430_ (net)
                      0.103858    0.006960   20.731323 v _1687_/A3 (sky130_fd_sc_hd__mux4_1)
     1    0.001853    0.055862    0.270484   21.001806 v _1687_/X (sky130_fd_sc_hd__mux4_1)
                                                         _0449_ (net)
                      0.055862    0.000016   21.001823 v _1779_/A0 (sky130_fd_sc_hd__mux2_1)
     1    0.005841    0.048965    0.163714   21.165537 v _1779_/X (sky130_fd_sc_hd__mux2_1)
                                                         _0541_ (net)
                      0.048965    0.000112   21.165649 v _1780_/A2 (sky130_fd_sc_hd__a21o_1)
     1    0.003746    0.027027    0.120028   21.285677 v _1780_/X (sky130_fd_sc_hd__a21o_1)
                                                         _0542_ (net)
                      0.027027    0.000046   21.285725 v _1781_/C1 (sky130_fd_sc_hd__o211a_2)
     8    0.042710    0.088614    0.124603   21.410326 v _1781_/X (sky130_fd_sc_hd__o211a_2)
                                                         _0543_ (net)
                      0.088675    0.002112   21.412439 v _1811_/S (sky130_fd_sc_hd__mux2_1)
     1    0.002329    0.036060    0.193332   21.605770 v _1811_/X (sky130_fd_sc_hd__mux2_1)
                                                         _0573_ (net)
                      0.036060    0.000021   21.605791 v _1842_/A1 (sky130_fd_sc_hd__mux2_1)
     1    0.002897    0.037373    0.148312   21.754103 v _1842_/X (sky130_fd_sc_hd__mux2_1)
                                                         _0604_ (net)
                      0.037373    0.000034   21.754137 v _1875_/A1 (sky130_fd_sc_hd__mux2_1)
     1    0.002426    0.035297    0.145814   21.899950 v _1875_/X (sky130_fd_sc_hd__mux2_1)
                                                         _0637_ (net)
                      0.035297    0.000023   21.899975 v _1883_/A1 (sky130_fd_sc_hd__mux2_1)
     7    0.038362    0.148886    0.270104   22.170078 v _1883_/X (sky130_fd_sc_hd__mux2_1)
                                                         _0645_ (net)
                      0.148886    0.000504   22.170582 v _1887_/A2 (sky130_fd_sc_hd__o211a_1)
     1    0.004892    0.034819    0.179663   22.350245 v _1887_/X (sky130_fd_sc_hd__o211a_1)
                                                         CB_0.le_outA (net)
                      0.034819    0.000083   22.350328 v fanout141/A (sky130_fd_sc_hd__buf_2)
    11    0.063686    0.105124    0.153557   22.503885 v fanout141/X (sky130_fd_sc_hd__buf_2)
                                                         net141 (net)
                      0.105157    0.001757   22.505642 v _1762_/A0 (sky130_fd_sc_hd__mux2_1)
     3    0.019464    0.094472    0.233413   22.739056 v _1762_/X (sky130_fd_sc_hd__mux2_1)
                                                         _0524_ (net)
                      0.094472    0.000330   22.739386 v _1772_/B1 (sky130_fd_sc_hd__a2bb2o_1)
     5    0.019297    0.086064    0.243423   22.982809 v _1772_/X (sky130_fd_sc_hd__a2bb2o_1)
                                                         _0534_ (net)
                      0.086064    0.000275   22.983084 v _1776_/B1 (sky130_fd_sc_hd__o31a_2)
     6    0.029449    0.080156    0.127876   23.110960 v _1776_/X (sky130_fd_sc_hd__o31a_2)
                                                         _0538_ (net)
                      0.080158    0.000563   23.111525 v _1903_/A1 (sky130_fd_sc_hd__a221o_1)
     1    0.002598    0.031978    0.174573   23.286097 v _1903_/X (sky130_fd_sc_hd__a221o_1)
                                                         _0663_ (net)
                      0.031978    0.000028   23.286125 v _1904_/C (sky130_fd_sc_hd__or3_1)
     1    0.008670    0.065467    0.199536   23.485662 v _1904_/X (sky130_fd_sc_hd__or3_1)
                                                         _0664_ (net)
                      0.065467    0.000203   23.485865 v _1915_/B1 (sky130_fd_sc_hd__a22o_1)
     5    0.028119    0.101251    0.165173   23.651037 v _1915_/X (sky130_fd_sc_hd__a22o_1)
                                                         _0675_ (net)
                      0.101260    0.001013   23.652050 v _1916_/A (sky130_fd_sc_hd__inv_2)
     4    0.021237    0.081285    0.100563   23.752613 ^ _1916_/Y (sky130_fd_sc_hd__inv_2)
                                                         _0676_ (net)
                      0.081285    0.000213   23.752827 ^ _1973_/B1 (sky130_fd_sc_hd__a21o_1)
     1    0.003878    0.033668    0.056433   23.809259 ^ _1973_/X (sky130_fd_sc_hd__a21o_1)
                                                         _0733_ (net)
                      0.033668    0.000050   23.809309 ^ _1974_/B2 (sky130_fd_sc_hd__o221a_1)
     2    0.007689    0.069358    0.110255   23.919563 ^ _1974_/X (sky130_fd_sc_hd__o221a_1)
                                                         _0734_ (net)
                      0.069358    0.000107   23.919670 ^ _2015_/A1 (sky130_fd_sc_hd__o22a_1)
     1    0.005735    0.048099    0.094181   24.013851 ^ _2015_/X (sky130_fd_sc_hd__o22a_1)
                                                         _0775_ (net)
                      0.048099    0.000069   24.013920 ^ _2018_/A2 (sky130_fd_sc_hd__o211a_1)
     1    0.005427    0.044184    0.090822   24.104742 ^ _2018_/X (sky130_fd_sc_hd__o211a_1)
                                                         CB_0.le_outB (net)
                      0.044184    0.000110   24.104853 ^ fanout127/A (sky130_fd_sc_hd__buf_2)
    15    0.076967    0.280915    0.244823   24.349674 ^ fanout127/X (sky130_fd_sc_hd__buf_2)
                                                         net127 (net)
                      0.280987    0.003732   24.353407 ^ _1671_/A0 (sky130_fd_sc_hd__mux2_1)
     1    0.002445    0.033346    0.102119   24.455526 ^ _1671_/X (sky130_fd_sc_hd__mux2_1)
                                                         _0433_ (net)
                      0.033346    0.000021   24.455547 ^ _1673_/A1 (sky130_fd_sc_hd__mux2_1)
     3    0.028813    0.193060    0.191141   24.646688 ^ _1673_/X (sky130_fd_sc_hd__mux2_1)
                                                         _0435_ (net)
                      0.193060    0.000743   24.647432 ^ _1682_/A2 (sky130_fd_sc_hd__a22o_2)
     4    0.025564    0.103155    0.161995   24.809427 ^ _1682_/X (sky130_fd_sc_hd__a22o_2)
                                                         _0444_ (net)
                      0.103155    0.000158   24.809584 ^ _2064_/A (sky130_fd_sc_hd__nand2_4)
    19    0.067356    0.102401    0.099112   24.908697 v _2064_/Y (sky130_fd_sc_hd__nand2_4)
                                                         _0822_ (net)
                      0.102863    0.005542   24.914238 v _2065_/A3 (sky130_fd_sc_hd__mux4_1)
     1    0.003459    0.066770    0.284452   25.198690 v _2065_/X (sky130_fd_sc_hd__mux4_1)
                                                         _0823_ (net)
                      0.066770    0.000041   25.198730 v _2066_/B (sky130_fd_sc_hd__nor2_1)
     1    0.003368    0.061847    0.073138   25.271870 ^ _2066_/Y (sky130_fd_sc_hd__nor2_1)
                                                         _0824_ (net)
                      0.061847    0.000034   25.271902 ^ _2088_/C1 (sky130_fd_sc_hd__a211o_1)
     1    0.002942    0.029693    0.059128   25.331030 ^ _2088_/X (sky130_fd_sc_hd__a211o_1)
                                                         _0846_ (net)
                      0.029693    0.000027   25.331057 ^ _2090_/A2 (sky130_fd_sc_hd__a22o_2)
     9    0.047629    0.183415    0.191372   25.522429 ^ _2090_/X (sky130_fd_sc_hd__a22o_2)
                                                         _0848_ (net)
                      0.183438    0.001714   25.524143 ^ _2144_/S0 (sky130_fd_sc_hd__mux4_1)
     1    0.002472    0.061029    0.279995   25.804138 v _2144_/X (sky130_fd_sc_hd__mux4_1)
                                                         _0902_ (net)
                      0.061029    0.000025   25.804163 v _2172_/A0 (sky130_fd_sc_hd__mux2_1)
     1    0.002462    0.035190    0.148178   25.952341 v _2172_/X (sky130_fd_sc_hd__mux2_1)
                                                         _0930_ (net)
                      0.035190    0.000025   25.952366 v _2176_/A0 (sky130_fd_sc_hd__mux2_2)
     5    0.032774    0.089592    0.205690   26.158056 v _2176_/X (sky130_fd_sc_hd__mux2_2)
                                                         _0934_ (net)
                      0.089636    0.001863   26.159920 v _2179_/A2 (sky130_fd_sc_hd__o211a_1)
     1    0.012648    0.056289    0.181602   26.341522 v _2179_/X (sky130_fd_sc_hd__o211a_1)
                                                         CB_1.le_outA (net)
                      0.056290    0.000327   26.341848 v fanout130/A (sky130_fd_sc_hd__clkbuf_4)
    21    0.080694    0.112107    0.179133   26.520981 v fanout130/X (sky130_fd_sc_hd__clkbuf_4)
                                                         net130 (net)
                      0.112158    0.000197   26.521179 v _2229_/A2 (sky130_fd_sc_hd__mux4_1)
     1    0.002470    0.062327    0.289496   26.810675 v _2229_/X (sky130_fd_sc_hd__mux4_1)
                                                         _0985_ (net)
                      0.062327    0.000011   26.810686 v _2230_/B (sky130_fd_sc_hd__nand2b_1)
     4    0.019286    0.156177    0.140121   26.950808 ^ _2230_/Y (sky130_fd_sc_hd__nand2b_1)
                                                         _0986_ (net)
                      0.156181    0.000661   26.951468 ^ _2231_/B (sky130_fd_sc_hd__nand2_2)
     5    0.020253    0.071012    0.077879   27.029346 v _2231_/Y (sky130_fd_sc_hd__nand2_2)
                                                         _0987_ (net)
                      0.071014    0.000332   27.029678 v _2232_/A (sky130_fd_sc_hd__inv_2)
     1    0.008126    0.038600    0.055543   27.085222 ^ _2232_/Y (sky130_fd_sc_hd__inv_2)
                                                         _0988_ (net)
                      0.038600    0.000231   27.085453 ^ _2307_/A1 (sky130_fd_sc_hd__o21ai_1)
     1    0.005607    0.038756    0.049127   27.134581 v _2307_/Y (sky130_fd_sc_hd__o21ai_1)
                                                         _1063_ (net)
                      0.038756    0.000075   27.134655 v _2309_/B1 (sky130_fd_sc_hd__a22oi_2)
     2    0.008673    0.074911    0.075794   27.210447 ^ _2309_/Y (sky130_fd_sc_hd__a22oi_2)
                                                         _1065_ (net)
                      0.074911    0.000190   27.210638 ^ _2312_/A2 (sky130_fd_sc_hd__o211a_1)
     1    0.011790    0.080774    0.122979   27.333616 ^ _2312_/X (sky130_fd_sc_hd__o211a_1)
                                                         CB_1.le_outB (net)
                      0.080774    0.000172   27.333790 ^ fanout134/A (sky130_fd_sc_hd__buf_2)
    19    0.072020    0.263238    0.242300   27.576090 ^ fanout134/X (sky130_fd_sc_hd__buf_2)
                                                         net134 (net)
                      0.263324    0.003961   27.580051 ^ fanout133/A (sky130_fd_sc_hd__buf_2)
    19    0.070122    0.256060    0.259380   27.839432 ^ fanout133/X (sky130_fd_sc_hd__buf_2)
                                                         net133 (net)
                      0.256062    0.000632   27.840063 ^ fanout132/A (sky130_fd_sc_hd__buf_1)
     5    0.021330    0.188563    0.168482   28.008545 ^ fanout132/X (sky130_fd_sc_hd__buf_1)
                                                         net132 (net)
                      0.188563    0.000108   28.008654 ^ fanout131/A (sky130_fd_sc_hd__buf_2)
    10    0.038946    0.144773    0.178254   28.186909 ^ fanout131/X (sky130_fd_sc_hd__buf_2)
                                                         net131 (net)
                      0.144774    0.000782   28.187689 ^ _1492_/A1 (sky130_fd_sc_hd__o31a_1)
     2    0.006629    0.060993    0.115362   28.303051 ^ _1492_/X (sky130_fd_sc_hd__o31a_1)
                                                         _1286_ (net)
                      0.060993    0.000044   28.303095 ^ _1495_/A2 (sky130_fd_sc_hd__a211oi_1)
     1    0.001867    0.038139    0.040584   28.343679 v _1495_/Y (sky130_fd_sc_hd__a211oi_1)
                                                         _1289_ (net)
                      0.038139    0.000018   28.343699 v _1500_/A2_N (sky130_fd_sc_hd__a2bb2o_1)
     5    0.018086    0.138767    0.224793   28.568491 ^ _1500_/X (sky130_fd_sc_hd__a2bb2o_1)
                                                         _1294_ (net)
                      0.138767    0.000222   28.568712 ^ _1503_/B1_N (sky130_fd_sc_hd__a21boi_4)
    19    0.086908    0.464968    0.310143   28.878855 ^ _1503_/Y (sky130_fd_sc_hd__a21boi_4)
                                                         _1297_ (net)
                      0.465033    0.004587   28.883442 ^ _2335_/A0 (sky130_fd_sc_hd__mux2_1)
     1    0.003166    0.038967    0.103718   28.987160 ^ _2335_/X (sky130_fd_sc_hd__mux2_1)
                                                         _1074_ (net)
                      0.038967    0.000036   28.987196 ^ _2336_/A1 (sky130_fd_sc_hd__mux2_1)
     1    0.005252    0.044319    0.086779   29.073975 ^ _2336_/X (sky130_fd_sc_hd__mux2_1)
                                                         net87 (net)
                      0.044319    0.000123   29.074097 ^ output87/A (sky130_fd_sc_hd__buf_2)
     1    0.037910    0.141151    0.150020   29.224117 ^ output87/X (sky130_fd_sc_hd__buf_2)
                                                         CBnorth_out[6] (net)
                      0.141161    0.000977   29.225094 ^ CBnorth_out[6] (out)
                                             29.225094   data arrival time

                                100.000000  100.000000   clock clk (rise edge)
                                  0.000000  100.000000   clock network delay (propagated)
                                 -0.250000   99.750000   clock uncertainty
                                  0.000000   99.750000   clock reconvergence pessimism
                                -20.000000   79.750000   output external delay
                                             79.750000   data required time
---------------------------------------------------------------------------------------------
                                             79.750000   data required time
                                            -29.225094   data arrival time
---------------------------------------------------------------------------------------------
                                             50.524906   slack (MET)




===========================================================================
report_checks --slack_max -0.01
============================================================================
======================= min_ff_n40C_1v95 Corner ===================================

No paths found.


===========================================================================
 report_check_types -max_slew -max_cap -max_fanout -violators
============================================================================
======================= min_ff_n40C_1v95 Corner ===================================

max fanout

Pin                                   Limit Fanout  Slack
---------------------------------------------------------
fanout122/X                              10     21    -11 (VIOLATED)
fanout128/X                              10     21    -11 (VIOLATED)
fanout130/X                              10     21    -11 (VIOLATED)
fanout136/X                              10     21    -11 (VIOLATED)
fanout171/X                              10     21    -11 (VIOLATED)
fanout217/X                              10     21    -11 (VIOLATED)
fanout261/X                              10     21    -11 (VIOLATED)
_1479_/Y                                 10     19     -9 (VIOLATED)
_1503_/Y                                 10     19     -9 (VIOLATED)
_1629_/Y                                 10     19     -9 (VIOLATED)
_1668_/Y                                 10     19     -9 (VIOLATED)
_1685_/Y                                 10     19     -9 (VIOLATED)
_2023_/Y                                 10     19     -9 (VIOLATED)
_2055_/Y                                 10     19     -9 (VIOLATED)
_2058_/Y                                 10     19     -9 (VIOLATED)
_2061_/Y                                 10     19     -9 (VIOLATED)
_2064_/Y                                 10     19     -9 (VIOLATED)
_2073_/X                                 10     19     -9 (VIOLATED)
_2080_/Y                                 10     19     -9 (VIOLATED)
clkbuf_2_0__f_clk/X                      10     19     -9 (VIOLATED)
clkbuf_2_2__f_clk/X                      10     19     -9 (VIOLATED)
clkbuf_2_3__f_clk/X                      10     19     -9 (VIOLATED)
fanout133/X                              10     19     -9 (VIOLATED)
fanout134/X                              10     19     -9 (VIOLATED)
input1/X                                 10     19     -9 (VIOLATED)
input10/X                                10     19     -9 (VIOLATED)
input11/X                                10     19     -9 (VIOLATED)
input12/X                                10     19     -9 (VIOLATED)
input13/X                                10     19     -9 (VIOLATED)
input14/X                                10     19     -9 (VIOLATED)
input15/X                                10     19     -9 (VIOLATED)
input16/X                                10     19     -9 (VIOLATED)
input17/X                                10     19     -9 (VIOLATED)
input18/X                                10     19     -9 (VIOLATED)
input19/X                                10     19     -9 (VIOLATED)
input2/X                                 10     19     -9 (VIOLATED)
input20/X                                10     19     -9 (VIOLATED)
input21/X                                10     19     -9 (VIOLATED)
input22/X                                10     19     -9 (VIOLATED)
input23/X                                10     19     -9 (VIOLATED)
input24/X                                10     19     -9 (VIOLATED)
input25/X                                10     19     -9 (VIOLATED)
input26/X                                10     19     -9 (VIOLATED)
input27/X                                10     19     -9 (VIOLATED)
input28/X                                10     19     -9 (VIOLATED)
input3/X                                 10     19     -9 (VIOLATED)
input4/X                                 10     19     -9 (VIOLATED)
input5/X                                 10     19     -9 (VIOLATED)
input6/X                                 10     19     -9 (VIOLATED)
input7/X                                 10     19     -9 (VIOLATED)
input8/X                                 10     19     -9 (VIOLATED)
input9/X                                 10     19     -9 (VIOLATED)
_1527_/Y                                 10     17     -7 (VIOLATED)
_1551_/X                                 10     17     -7 (VIOLATED)
_1597_/X                                 10     17     -7 (VIOLATED)
clkbuf_2_1__f_clk/X                      10     17     -7 (VIOLATED)
clkbuf_leaf_3_clk/X                      10     17     -7 (VIOLATED)
clkbuf_leaf_1_clk/X                      10     16     -6 (VIOLATED)
clkbuf_leaf_22_clk/X                     10     16     -6 (VIOLATED)
clkbuf_leaf_5_clk/X                      10     16     -6 (VIOLATED)
_1548_/X                                 10     15     -5 (VIOLATED)
_1577_/X                                 10     15     -5 (VIOLATED)
clkbuf_leaf_13_clk/X                     10     15     -5 (VIOLATED)
clkbuf_leaf_14_clk/X                     10     15     -5 (VIOLATED)
clkbuf_leaf_30_clk/X                     10     15     -5 (VIOLATED)
fanout127/X                              10     15     -5 (VIOLATED)
fanout272/X                              10     15     -5 (VIOLATED)
clkbuf_leaf_0_clk/X                      10     14     -4 (VIOLATED)
clkbuf_leaf_2_clk/X                      10     14     -4 (VIOLATED)
clkbuf_leaf_6_clk/X                      10     14     -4 (VIOLATED)
_1524_/Y                                 10     13     -3 (VIOLATED)
_1711_/X                                 10     13     -3 (VIOLATED)
_1750_/X                                 10     13     -3 (VIOLATED)
_3039_/Q                                 10     13     -3 (VIOLATED)
clkbuf_leaf_25_clk/X                     10     13     -3 (VIOLATED)
clkbuf_leaf_28_clk/X                     10     13     -3 (VIOLATED)
clkbuf_leaf_4_clk/X                      10     13     -3 (VIOLATED)
fanout228/X                              10     13     -3 (VIOLATED)
fanout229/X                              10     13     -3 (VIOLATED)
fanout262/X                              10     13     -3 (VIOLATED)
input60/X                                10     13     -3 (VIOLATED)
clkbuf_leaf_21_clk/X                     10     12     -2 (VIOLATED)
clkbuf_leaf_23_clk/X                     10     12     -2 (VIOLATED)
clkbuf_leaf_27_clk/X                     10     12     -2 (VIOLATED)
clkbuf_leaf_9_clk/X                      10     12     -2 (VIOLATED)
fanout254/X                              10     12     -2 (VIOLATED)
clkbuf_leaf_10_clk/X                     10     11        (VIOLATED)
clkbuf_leaf_12_clk/X                     10     11        (VIOLATED)
fanout141/X                              10     11        (VIOLATED)
fanout193/X                              10     11        (VIOLATED)
fanout210/X                              10     11        (VIOLATED)
fanout218/X                              10     11        (VIOLATED)
fanout250/X                              10     11        (VIOLATED)



===========================================================================
report_parasitic_annotation -report_unannotated
============================================================================
Found 35 unannotated drivers.
 _2313_/X
 _2315_/X
 _2317_/X
 _2319_/X
 clkload0/Y
 clkload1/X
 clkload10/Y
 clkload11/Y
 clkload12/X
 clkload13/Y
 clkload14/Y
 clkload15/Y
 clkload16/Y
 clkload17/Y
 clkload18/Y
 clkload19/Y
 clkload2/X
 clkload20/Y
 clkload21/Y
 clkload22/Y
 clkload23/Y
 clkload24/Y
 clkload25/Y
 clkload26/Y
 clkload27/Y
 clkload28/X
 clkload29/Y
 clkload3/Y
 clkload30/Y
 clkload4/Y
 clkload5/Y
 clkload6/Y
 clkload7/Y
 clkload8/Y
 clkload9/Y
Found 0 partially unannotated drivers.

===========================================================================
max slew violation count 0
max fanout violation count 93
max cap violation count 0
============================================================================

===========================================================================
check_setup -verbose -unconstrained_endpoints -multiple_clock -no_clock -no_input_delay -loops -generated_clocks
===========================================================================
Warning: There are 8 unclocked register/latch pins.
  _2792_/CLK
  _2841_/CLK
  _2842_/CLK
  _2863_/CLK
  _2864_/CLK
  _2885_/CLK
  _2886_/CLK
  _2907_/CLK
Warning: There are 8 unconstrained endpoints.
  _2792_/D
  _2841_/D
  _2842_/D
  _2863_/D
  _2864_/D
  _2885_/D
  _2886_/D
  _2907_/D
Warning: There are 53 combinational loops in the design.
  _1665_/X
  _1668_/A
  _1668_/Y
  _1687_/A3
  _1687_/X
  _1779_/A0
  _1779_/X
  _1780_/A2
  _1780_/X
  _1781_/C1
  _1781_/X
  _1811_/S
  _1811_/X
  _1842_/A1
  _1842_/X
  _1875_/A1
  _1875_/X
  _1883_/A1
  _1883_/X
  _1887_/A2
  _1887_/X
  fanout141/A
  fanout141/X
  _1656_/A0
  _1656_/X
  _1665_/A2
  | loop cut point
  _1665_/X
  --------------------------------
  _1842_/X
  _1875_/A1
  _1875_/X
  _1883_/A1
  _1883_/X
  _1887_/A2
  _1887_/X
  fanout141/A
  fanout141/X
  _1762_/A0
  _1762_/X
  _1772_/B1
  _1772_/X
  _1776_/B1
  _1776_/X
  _1791_/A2
  _1791_/X
  _1796_/B1
  _1796_/X
  _1797_/B
  _1797_/X
  _1810_/C1
  _1810_/X
  _1842_/S
  | loop cut point
  _1842_/X
  --------------------------------
  _1842_/X
  _1875_/A1
  _1875_/X
  _1883_/A1
  _1883_/X
  _1887_/A2
  _1887_/X
  fanout141/A
  fanout141/X
  _1762_/A0
  _1762_/X
  _1772_/B1
  _1772_/X
  _1776_/B1
  _1776_/X
  _1791_/A2
  _1791_/X
  _1796_/B1
  _1796_/X
  _1797_/B
  _1797_/X
  _1810_/C1
  _1810_/X
  _1842_/S
  | loop cut point
  _1842_/X
  --------------------------------
  _1875_/X
  _1883_/A1
  _1883_/X
  _1887_/A2
  _1887_/X
  fanout141/A
  fanout141/X
  _1762_/A0
  _1762_/X
  _1772_/B1
  _1772_/X
  _1776_/B1
  _1776_/X
  _1791_/A2
  _1791_/X
  _1796_/B1
  _1796_/X
  _1797_/B
  _1797_/X
  _1810_/C1
  _1810_/X
  _1874_/S
  _1874_/X
  _1875_/A0
  | loop cut point
  _1875_/X
  --------------------------------
  _1883_/X
  _1887_/A2
  _1887_/X
  fanout141/A
  fanout141/X
  _1762_/A0
  _1762_/X
  _1772_/B1
  _1772_/X
  _1776_/B1
  _1776_/X
  _1791_/A2
  _1791_/X
  _1796_/B1
  _1796_/X
  _1797_/B
  _1797_/X
  _1810_/C1
  _1810_/X
  _1878_/S
  _1878_/X
  _1882_/A1
  _1882_/X
  _1883_/A0
  | loop cut point
  _1883_/X
  --------------------------------
  _1875_/X
  _1883_/A1
  _1883_/X
  _1887_/A2
  _1887_/X
  fanout141/A
  fanout141/X
  _1762_/A0
  _1762_/X
  _1772_/B1
  _1772_/X
  _1776_/B1
  _1776_/X
  _1822_/A1
  _1822_/X
  _1823_/B1
  _1823_/X
  _1839_/A2
  _1839_/X
  _1840_/B1
  _1840_/X
  _1875_/S
  | loop cut point
  _1875_/X
  --------------------------------
  _1875_/X
  _1883_/A1
  _1883_/X
  _1887_/A2
  _1887_/X
  fanout141/A
  fanout141/X
  _1762_/A0
  _1762_/X
  _1772_/B1
  _1772_/X
  _1776_/B1
  _1776_/X
  _1822_/A1
  _1822_/X
  _1823_/B1
  _1823_/X
  _1839_/A2
  _1839_/X
  _1840_/B1
  _1840_/X
  _1875_/S
  | loop cut point
  _1875_/X
  --------------------------------
  _1883_/X
  _1887_/A2
  _1887_/X
  fanout141/A
  fanout141/X
  _1762_/A0
  _1762_/X
  _1772_/B1
  _1772_/X
  _1776_/B1
  _1776_/X
  _1861_/A1
  _1861_/X
  _1869_/A2
  _1869_/X
  _1870_/A2
  _1870_/Y
  _1871_/C1
  _1871_/X
  _1883_/S
  | loop cut point
  _1883_/X
  --------------------------------
  _1883_/X
  _1887_/A2
  _1887_/X
  fanout141/A
  fanout141/X
  _1762_/A0
  _1762_/X
  _1772_/B1
  _1772_/X
  _1776_/B1
  _1776_/X
  _1861_/A1
  _1861_/X
  _1869_/A2
  _1869_/X
  _1870_/A2
  _1870_/Y
  _1871_/C1
  _1871_/X
  _1883_/S
  | loop cut point
  _1883_/X
  --------------------------------
  _1687_/X
  _1779_/A0
  _1779_/X
  _1780_/A2
  _1780_/X
  _1781_/C1
  _1781_/X
  _1811_/S
  _1811_/X
  _1842_/A1
  _1842_/X
  _1875_/A1
  _1875_/X
  _1883_/A1
  _1883_/X
  _1887_/A2
  _1887_/X
  fanout141/A
  fanout141/X
  _1762_/A0
  _1762_/X
  _1772_/B1
  _1772_/X
  _1776_/B1
  _1776_/X
  _1903_/A1
  _1903_/X
  _1904_/C
  _1904_/X
  _1915_/B1
  _1915_/X
  _1916_/A
  _1916_/Y
  _1973_/B1
  _1973_/X
  _1974_/B2
  _1974_/X
  _2015_/A1
  _2015_/X
  _2018_/A2
  _2018_/X
  fanout127/A
  fanout127/X
  _1671_/A0
  _1671_/X
  _1673_/A1
  _1673_/X
  _1682_/A2
  _1682_/X
  _1685_/A
  _1685_/Y
  _1687_/A2
  | loop cut point
  _1687_/X
  --------------------------------
  _1904_/X
  _1915_/B1
  _1915_/X
  _1916_/A
  _1916_/Y
  _1973_/B1
  _1973_/X
  _1974_/B2
  _1974_/X
  _2015_/A1
  _2015_/X
  _2018_/A2
  _2018_/X
  fanout127/A
  fanout127/X
  _1671_/A0
  _1671_/X
  _1673_/A1
  _1673_/X
  _1682_/A2
  _1682_/X
  _1685_/A
  _1685_/Y
  _1889_/A3
  _1889_/X
  _1890_/B
  _1890_/Y
  _1904_/A
  | loop cut point
  _1904_/X
  --------------------------------
  _1974_/X
  _2015_/A1
  _2015_/X
  _2018_/A2
  _2018_/X
  fanout127/A
  fanout127/X
  _1671_/A0
  _1671_/X
  _1673_/A1
  _1673_/X
  _1682_/A2
  _1682_/X
  _1685_/A
  _1685_/Y
  _1926_/A1
  _1926_/X
  _1929_/A3
  _1929_/X
  _1930_/B2
  _1930_/Y
  _1940_/A1_N
  _1940_/X
  _1943_/A
  _1943_/Y
  _1944_/S
  _1944_/X
  _1974_/A2
  | loop cut point
  _1974_/X
  --------------------------------
  _1973_/X
  _1974_/B2
  _1974_/X
  _2015_/A1
  _2015_/X
  _2018_/A2
  _2018_/X
  fanout127/A
  fanout127/X
  _1671_/A0
  _1671_/X
  _1673_/A1
  _1673_/X
  _1682_/A2
  _1682_/X
  _1685_/A
  _1685_/Y
  _1926_/A1
  _1926_/X
  _1929_/A3
  _1929_/X
  _1930_/B2
  _1930_/Y
  _1940_/A1_N
  _1940_/X
  _1943_/A
  _1943_/Y
  _1973_/A2
  | loop cut point
  _1973_/X
  --------------------------------
  _2015_/X
  _2018_/A2
  _2018_/X
  fanout127/A
  fanout127/X
  _1671_/A0
  _1671_/X
  _1673_/A1
  _1673_/X
  _1682_/A2
  _1682_/X
  _1685_/A
  _1685_/Y
  _1926_/A1
  _1926_/X
  _1929_/A3
  _1929_/X
  _1930_/B2
  _1930_/Y
  _1940_/A1_N
  _1940_/X
  _1943_/A
  _1943_/Y
  _2001_/A2
  _2001_/X
  _2004_/A2
  _2004_/X
  _2015_/A2
  | loop cut point
  _2015_/X
  --------------------------------
  _2015_/X
  _2018_/A2
  _2018_/X
  fanout127/A
  fanout127/X
  _1671_/A0
  _1671_/X
  _1673_/A1
  _1673_/X
  _1682_/A2
  _1682_/X
  _1685_/A
  _1685_/Y
  _1926_/A1
  _1926_/X
  _1929_/A3
  _1929_/X
  _1930_/B2
  _1930_/Y
  _1940_/A1_N
  _1940_/X
  _1943_/A
  _1943_/Y
  _2005_/S
  _2005_/X
  _2008_/A2
  _2008_/X
  _2015_/B1
  | loop cut point
  _2015_/X
  --------------------------------
  _1974_/X
  _2015_/A1
  _2015_/X
  _2018_/A2
  _2018_/X
  fanout127/A
  fanout127/X
  _1671_/A0
  _1671_/X
  _1673_/A1
  _1673_/X
  _1682_/A2
  _1682_/X
  _1685_/A
  _1685_/Y
  _1926_/A1
  _1926_/X
  _1929_/A3
  _1929_/X
  _1930_/B2
  _1930_/Y
  _1940_/A1_N
  _1940_/X
  _1972_/B
  _1972_/X
  _1974_/B1
  | loop cut point
  _1974_/X
  --------------------------------
  _2015_/X
  _2018_/A2
  _2018_/X
  fanout127/A
  fanout127/X
  _1671_/A0
  _1671_/X
  _1673_/A1
  _1673_/X
  _1682_/A2
  _1682_/X
  _1685_/A
  _1685_/Y
  _1926_/A1
  _1926_/X
  _1929_/A3
  _1929_/X
  _1930_/B2
  _1930_/Y
  _1940_/A1_N
  _1940_/X
  _2009_/A1
  _2009_/Y
  _2013_/B1
  _2013_/X
  _2014_/A2
  _2014_/X
  _2015_/B2
  | loop cut point
  _2015_/X
  --------------------------------
  _1974_/X
  _2015_/A1
  _2015_/X
  _2018_/A2
  _2018_/X
  fanout127/A
  fanout127/X
  _1671_/A0
  _1671_/X
  _1673_/A1
  _1673_/X
  _1682_/A2
  _1682_/X
  _1685_/A
  _1685_/Y
  _1956_/A1
  _1956_/X
  _1957_/B
  _1957_/Y
  _1967_/B
  _1967_/X
  _1970_/A2_N
  _1970_/X
  _1971_/A
  _1971_/Y
  _1974_/C1
  | loop cut point
  _1974_/X
  --------------------------------
  _1781_/X
  _1811_/S
  _1811_/X
  _1842_/A1
  _1842_/X
  _1875_/A1
  _1875_/X
  _1883_/A1
  _1883_/X
  _1887_/A2
  _1887_/X
  fanout141/A
  fanout141/X
  _1762_/A0
  _1762_/X
  _1772_/B1
  _1772_/X
  _1776_/B1
  _1776_/X
  _1903_/A1
  _1903_/X
  _1904_/C
  _1904_/X
  _1915_/B1
  _1915_/X
  _1916_/A
  _1916_/Y
  _1973_/B1
  _1973_/X
  _1974_/B2
  _1974_/X
  _2015_/A1
  _2015_/X
  _2018_/A2
  _2018_/X
  fanout127/A
  fanout127/X
  _1671_/A0
  _1671_/X
  _1673_/A1
  _1673_/X
  _1682_/A2
  _1682_/X
  _2064_/A
  _2064_/Y
  _2065_/A3
  _2065_/X
  _2066_/B
  _2066_/Y
  _2088_/C1
  _2088_/X
  _2090_/A2
  _2090_/X
  _2144_/S0
  _2144_/X
  _2172_/A0
  _2172_/X
  _2176_/A0
  _2176_/X
  _2179_/A2
  _2179_/X
  fanout130/A
  fanout130/X
  _1607_/A2
  _1607_/X
  _1608_/B
  _1608_/Y
  _1781_/B1
  | loop cut point
  _1781_/X
  --------------------------------
  _1915_/X
  _1916_/A
  _1916_/Y
  _1973_/B1
  _1973_/X
  _1974_/B2
  _1974_/X
  _2015_/A1
  _2015_/X
  _2018_/A2
  _2018_/X
  fanout127/A
  fanout127/X
  _1671_/A0
  _1671_/X
  _1673_/A1
  _1673_/X
  _1682_/A2
  _1682_/X
  _2064_/A
  _2064_/Y
  _2065_/A3
  _2065_/X
  _2066_/B
  _2066_/Y
  _2088_/C1
  _2088_/X
  _2090_/A2
  _2090_/X
  _2144_/S0
  _2144_/X
  _2172_/A0
  _2172_/X
  _2176_/A0
  _2176_/X
  _2179_/A2
  _2179_/X
  fanout130/A
  fanout130/X
  _1888_/A2
  _1888_/X
  _1915_/A2
  | loop cut point
  _1915_/X
  --------------------------------
  _2090_/X
  _2144_/S0
  _2144_/X
  _2172_/A0
  _2172_/X
  _2176_/A0
  _2176_/X
  _2179_/A2
  _2179_/X
  fanout130/A
  fanout130/X
  _2089_/A2
  _2089_/X
  _2090_/B1
  | loop cut point
  _2090_/X
  --------------------------------
  _2229_/X
  _2230_/B
  _2230_/Y
  _2231_/B
  _2231_/Y
  _2232_/A
  _2232_/Y
  _2307_/A1
  _2307_/Y
  _2309_/B1
  _2309_/Y
  _2312_/A2
  _2312_/X
  fanout134/A
  fanout134/X
  _2229_/A3
  | loop cut point
  _2229_/X
  --------------------------------
  _2144_/X
  _2172_/A0
  _2172_/X
  _2176_/A0
  _2176_/X
  _2179_/A2
  _2179_/X
  fanout130/A
  fanout130/X
  _2229_/A2
  _2229_/X
  _2230_/B
  _2230_/Y
  _2231_/B
  _2231_/Y
  _2232_/A
  _2232_/Y
  _2307_/A1
  _2307_/Y
  _2309_/B1
  _2309_/Y
  _2312_/A2
  _2312_/X
  fanout134/A
  fanout134/X
  fanout133/A
  fanout133/X
  _2091_/A3
  _2091_/X
  _2092_/A
  _2092_/Y
  _2116_/B1
  _2116_/X
  _2144_/S1
  | loop cut point
  _2144_/X
  --------------------------------
  _2144_/X
  _2172_/A0
  _2172_/X
  _2176_/A0
  _2176_/X
  _2179_/A2
  _2179_/X
  fanout130/A
  fanout130/X
  _2229_/A2
  _2229_/X
  _2230_/B
  _2230_/Y
  _2231_/B
  _2231_/Y
  _2232_/A
  _2232_/Y
  _2307_/A1
  _2307_/Y
  _2309_/B1
  _2309_/Y
  _2312_/A2
  _2312_/X
  fanout134/A
  fanout134/X
  fanout133/A
  fanout133/X
  _2091_/A3
  _2091_/X
  _2092_/A
  _2092_/Y
  _2116_/B1
  _2116_/X
  _2144_/S1
  | loop cut point
  _2144_/X
  --------------------------------
  _2172_/X
  _2176_/A0
  _2176_/X
  _2179_/A2
  _2179_/X
  fanout130/A
  fanout130/X
  _2229_/A2
  _2229_/X
  _2230_/B
  _2230_/Y
  _2231_/B
  _2231_/Y
  _2232_/A
  _2232_/Y
  _2307_/A1
  _2307_/Y
  _2309_/B1
  _2309_/Y
  _2312_/A2
  _2312_/X
  fanout134/A
  fanout134/X
  fanout133/A
  fanout133/X
  _2091_/A3
  _2091_/X
  _2092_/A
  _2092_/Y
  _2116_/B1
  _2116_/X
  _2171_/S1
  _2171_/X
  _2172_/A1
  | loop cut point
  _2172_/X
  --------------------------------
  _2176_/X
  _2179_/A2
  _2179_/X
  fanout130/A
  fanout130/X
  _2229_/A2
  _2229_/X
  _2230_/B
  _2230_/Y
  _2231_/B
  _2231_/Y
  _2232_/A
  _2232_/Y
  _2307_/A1
  _2307_/Y
  _2309_/B1
  _2309_/Y
  _2312_/A2
  _2312_/X
  fanout134/A
  fanout134/X
  fanout133/A
  fanout133/X
  _2091_/A3
  _2091_/X
  _2092_/A
  _2092_/Y
  _2116_/B1
  _2116_/X
  _2173_/S1
  _2173_/X
  _2175_/A1
  _2175_/X
  _2176_/A1
  | loop cut point
  _2176_/X
  --------------------------------
  _2172_/X
  _2176_/A0
  _2176_/X
  _2179_/A2
  _2179_/X
  fanout130/A
  fanout130/X
  _2229_/A2
  _2229_/X
  _2230_/B
  _2230_/Y
  _2231_/B
  _2231_/Y
  _2232_/A
  _2232_/Y
  _2307_/A1
  _2307_/Y
  _2309_/B1
  _2309_/Y
  _2312_/A2
  _2312_/X
  fanout134/A
  fanout134/X
  fanout133/A
  fanout133/X
  _2128_/A3
  _2128_/X
  _2129_/B
  _2129_/Y
  _2143_/B1
  _2143_/X
  _2172_/S
  | loop cut point
  _2172_/X
  --------------------------------
  _2172_/X
  _2176_/A0
  _2176_/X
  _2179_/A2
  _2179_/X
  fanout130/A
  fanout130/X
  _2229_/A2
  _2229_/X
  _2230_/B
  _2230_/Y
  _2231_/B
  _2231_/Y
  _2232_/A
  _2232_/Y
  _2307_/A1
  _2307_/Y
  _2309_/B1
  _2309_/Y
  _2312_/A2
  _2312_/X
  fanout134/A
  fanout134/X
  fanout133/A
  fanout133/X
  _2128_/A3
  _2128_/X
  _2129_/B
  _2129_/Y
  _2143_/B1
  _2143_/X
  _2172_/S
  | loop cut point
  _2172_/X
  --------------------------------
  _2176_/X
  _2179_/A2
  _2179_/X
  fanout130/A
  fanout130/X
  _2229_/A2
  _2229_/X
  _2230_/B
  _2230_/Y
  _2231_/B
  _2231_/Y
  _2232_/A
  _2232_/Y
  _2307_/A1
  _2307_/Y
  _2309_/B1
  _2309_/Y
  _2312_/A2
  _2312_/X
  fanout134/A
  fanout134/X
  fanout133/A
  fanout133/X
  _2154_/A3
  _2154_/X
  _2170_/B1
  _2170_/X
  _2176_/S
  | loop cut point
  _2176_/X
  --------------------------------
  _2176_/X
  _2179_/A2
  _2179_/X
  fanout130/A
  fanout130/X
  _2229_/A2
  _2229_/X
  _2230_/B
  _2230_/Y
  _2231_/B
  _2231_/Y
  _2232_/A
  _2232_/Y
  _2307_/A1
  _2307_/Y
  _2309_/B1
  _2309_/Y
  _2312_/A2
  _2312_/X
  fanout134/A
  fanout134/X
  fanout133/A
  fanout133/X
  _2154_/A3
  _2154_/X
  _2170_/B1
  _2170_/X
  _2176_/S
  | loop cut point
  _2176_/X
  --------------------------------
  _2309_/Y
  _2312_/A2
  _2312_/X
  fanout134/A
  fanout134/X
  fanout133/A
  fanout133/X
  _2202_/A3
  _2202_/X
  _2203_/A
  _2203_/Y
  _2204_/B1
  _2204_/X
  _2205_/B
  _2205_/Y
  _2234_/A2
  _2234_/Y
  _2297_/A1
  _2297_/X
  _2309_/A2
  | loop cut point
  _2309_/Y
  --------------------------------
  _2309_/Y
  _2312_/A2
  _2312_/X
  fanout134/A
  fanout134/X
  fanout133/A
  fanout133/X
  _2202_/A3
  _2202_/X
  _2203_/A
  _2203_/Y
  _2204_/B1
  _2204_/X
  _2205_/B
  _2205_/Y
  _2267_/S
  _2267_/X
  _2269_/A2
  _2269_/Y
  _2309_/A1
  | loop cut point
  _2309_/Y
  --------------------------------
  _2307_/Y
  _2309_/B1
  _2309_/Y
  _2312_/A2
  _2312_/X
  fanout134/A
  fanout134/X
  fanout133/A
  fanout133/X
  _2202_/A3
  _2202_/X
  _2203_/A
  _2203_/Y
  _2204_/B1
  _2204_/X
  _2205_/B
  _2205_/Y
  _2303_/S
  _2303_/X
  _2307_/A2
  | loop cut point
  _2307_/Y
  --------------------------------
  _2309_/Y
  _2312_/A2
  _2312_/X
  fanout134/A
  fanout134/X
  fanout133/A
  fanout133/X
  _2202_/A3
  _2202_/X
  _2203_/A
  _2203_/Y
  _2204_/B1
  _2204_/X
  fanout135/A
  fanout135/X
  _2298_/A2
  _2298_/Y
  _2302_/B1
  _2302_/X
  _2308_/A2
  _2308_/Y
  _2309_/B2
  | loop cut point
  _2309_/Y
  --------------------------------
  _2307_/Y
  _2309_/B1
  _2309_/Y
  _2312_/A2
  _2312_/X
  fanout134/A
  fanout134/X
  fanout133/A
  fanout133/X
  _2202_/A3
  _2202_/X
  _2203_/A
  _2203_/Y
  _2204_/B1
  _2204_/X
  fanout135/A
  fanout135/X
  _2304_/A2
  _2304_/Y
  _2306_/A2
  _2306_/X
  _2307_/B1
  | loop cut point
  _2307_/Y
  --------------------------------
  _1781_/X
  _1811_/S
  _1811_/X
  _1842_/A1
  _1842_/X
  _1875_/A1
  _1875_/X
  _1883_/A1
  _1883_/X
  _1887_/A2
  _1887_/X
  fanout141/A
  fanout141/X
  _1762_/A0
  _1762_/X
  _1772_/B1
  _1772_/X
  _1776_/B1
  _1776_/X
  _1903_/A1
  _1903_/X
  _1904_/C
  _1904_/X
  _1915_/B1
  _1915_/X
  _1916_/A
  _1916_/Y
  _1973_/B1
  _1973_/X
  _1974_/B2
  _1974_/X
  _2015_/A1
  _2015_/X
  _2018_/A2
  _2018_/X
  fanout127/A
  fanout127/X
  _1671_/A0
  _1671_/X
  _1673_/A1
  _1673_/X
  _1682_/A2
  _1682_/X
  _2064_/A
  _2064_/Y
  _2065_/A3
  _2065_/X
  _2066_/B
  _2066_/Y
  _2088_/C1
  _2088_/X
  _2090_/A2
  _2090_/X
  _2144_/S0
  _2144_/X
  _2172_/A0
  _2172_/X
  _2176_/A0
  _2176_/X
  _2179_/A2
  _2179_/X
  fanout130/A
  fanout130/X
  _2229_/A2
  _2229_/X
  _2230_/B
  _2230_/Y
  _2231_/B
  _2231_/Y
  _2232_/A
  _2232_/Y
  _2307_/A1
  _2307_/Y
  _2309_/B1
  _2309_/Y
  _2312_/A2
  _2312_/X
  fanout134/A
  fanout134/X
  fanout133/A
  fanout133/X
  fanout132/A
  fanout132/X
  _1469_/A1
  _1469_/X
  _1471_/B2
  _1471_/Y
  _1476_/A2_N
  _1476_/X
  _1479_/B1_N
  _1479_/Y
  _1552_/A0
  _1552_/X
  _1603_/A2
  _1603_/X
  _1604_/B
  _1604_/Y
  _1781_/A1
  | loop cut point
  _1781_/X
  --------------------------------
  _1915_/X
  _1916_/A
  _1916_/Y
  _1973_/B1
  _1973_/X
  _1974_/B2
  _1974_/X
  _2015_/A1
  _2015_/X
  _2018_/A2
  _2018_/X
  fanout127/A
  fanout127/X
  _1671_/A0
  _1671_/X
  _1673_/A1
  _1673_/X
  _1682_/A2
  _1682_/X
  _2064_/A
  _2064_/Y
  _2065_/A3
  _2065_/X
  _2066_/B
  _2066_/Y
  _2088_/C1
  _2088_/X
  _2090_/A2
  _2090_/X
  _2144_/S0
  _2144_/X
  _2172_/A0
  _2172_/X
  _2176_/A0
  _2176_/X
  _2179_/A2
  _2179_/X
  fanout130/A
  fanout130/X
  _2229_/A2
  _2229_/X
  _2230_/B
  _2230_/Y
  _2231_/B
  _2231_/Y
  _2232_/A
  _2232_/Y
  _2307_/A1
  _2307_/Y
  _2309_/B1
  _2309_/Y
  _2312_/A2
  _2312_/X
  fanout134/A
  fanout134/X
  fanout133/A
  fanout133/X
  fanout132/A
  fanout132/X
  _1469_/A1
  _1469_/X
  _1471_/B2
  _1471_/Y
  _1476_/A2_N
  _1476_/X
  _1479_/B1_N
  _1479_/Y
  _1905_/A3
  _1905_/X
  _1913_/A2
  _1913_/Y
  _1914_/A2
  _1914_/Y
  _1915_/B2
  | loop cut point
  _1915_/X
  --------------------------------
  _2090_/X
  _2144_/S0
  _2144_/X
  _2172_/A0
  _2172_/X
  _2176_/A0
  _2176_/X
  _2179_/A2
  _2179_/X
  fanout130/A
  fanout130/X
  _2229_/A2
  _2229_/X
  _2230_/B
  _2230_/Y
  _2231_/B
  _2231_/Y
  _2232_/A
  _2232_/Y
  _2307_/A1
  _2307_/Y
  _2309_/B1
  _2309_/Y
  _2312_/A2
  _2312_/X
  fanout134/A
  fanout134/X
  fanout133/A
  fanout133/X
  fanout132/A
  fanout132/X
  _1469_/A1
  _1469_/X
  _1471_/B2
  _1471_/Y
  _1476_/A2_N
  _1476_/X
  _2023_/B1_N
  _2023_/Y
  _2035_/A2
  _2035_/X
  _2051_/A2
  _2051_/Y
  _2052_/A2
  _2052_/Y
  _2090_/A1
  | loop cut point
  _2090_/X
  --------------------------------
  _2231_/Y
  _2232_/A
  _2232_/Y
  _2307_/A1
  _2307_/Y
  _2309_/B1
  _2309_/Y
  _2312_/A2
  _2312_/X
  fanout134/A
  fanout134/X
  fanout133/A
  fanout133/X
  fanout132/A
  fanout132/X
  _1469_/A1
  _1469_/X
  _1471_/B2
  _1471_/Y
  _1476_/A2_N
  _1476_/X
  _2023_/B1_N
  _2023_/Y
  _2224_/A1_N
  _2224_/X
  _2227_/A2
  _2227_/X
  _2228_/C1
  _2228_/X
  _2231_/A
  | loop cut point
  _2231_/Y
  --------------------------------
  _1687_/X
  _1779_/A0
  _1779_/X
  _1780_/A2
  _1780_/X
  _1781_/C1
  _1781_/X
  _1811_/S
  _1811_/X
  _1842_/A1
  _1842_/X
  _1875_/A1
  _1875_/X
  _1883_/A1
  _1883_/X
  _1887_/A2
  _1887_/X
  fanout141/A
  fanout141/X
  _1762_/A0
  _1762_/X
  _1772_/B1
  _1772_/X
  _1776_/B1
  _1776_/X
  _1903_/A1
  _1903_/X
  _1904_/C
  _1904_/X
  _1915_/B1
  _1915_/X
  _1916_/A
  _1916_/Y
  _1973_/B1
  _1973_/X
  _1974_/B2
  _1974_/X
  _2015_/A1
  _2015_/X
  _2018_/A2
  _2018_/X
  fanout127/A
  fanout127/X
  _1671_/A0
  _1671_/X
  _1673_/A1
  _1673_/X
  _1682_/A2
  _1682_/X
  _2064_/A
  _2064_/Y
  _2065_/A3
  _2065_/X
  _2066_/B
  _2066_/Y
  _2088_/C1
  _2088_/X
  _2090_/A2
  _2090_/X
  _2144_/S0
  _2144_/X
  _2172_/A0
  _2172_/X
  _2176_/A0
  _2176_/X
  _2179_/A2
  _2179_/X
  fanout130/A
  fanout130/X
  _2229_/A2
  _2229_/X
  _2230_/B
  _2230_/Y
  _2231_/B
  _2231_/Y
  _2232_/A
  _2232_/Y
  _2307_/A1
  _2307_/Y
  _2309_/B1
  _2309_/Y
  _2312_/A2
  _2312_/X
  fanout134/A
  fanout134/X
  fanout133/A
  fanout133/X
  fanout132/A
  fanout132/X
  fanout131/A
  fanout131/X
  _1619_/A1
  _1619_/X
  _1622_/B2
  _1622_/X
  _1626_/B1
  _1626_/X
  _1629_/A
  _1629_/Y
  _1687_/A0
  | loop cut point
  _1687_/X
  --------------------------------
  _2065_/X
  _2066_/B
  _2066_/Y
  _2088_/C1
  _2088_/X
  _2090_/A2
  _2090_/X
  _2144_/S0
  _2144_/X
  _2172_/A0
  _2172_/X
  _2176_/A0
  _2176_/X
  _2179_/A2
  _2179_/X
  fanout130/A
  fanout130/X
  _2229_/A2
  _2229_/X
  _2230_/B
  _2230_/Y
  _2231_/B
  _2231_/Y
  _2232_/A
  _2232_/Y
  _2307_/A1
  _2307_/Y
  _2309_/B1
  _2309_/Y
  _2312_/A2
  _2312_/X
  fanout134/A
  fanout134/X
  fanout133/A
  fanout133/X
  fanout132/A
  fanout132/X
  fanout131/A
  fanout131/X
  _1619_/A1
  _1619_/X
  _1622_/B2
  _1622_/X
  _1626_/B1
  _1626_/X
  _2055_/A
  _2055_/Y
  _2065_/A2
  | loop cut point
  _2065_/X
  --------------------------------
  _1687_/X
  _1779_/A0
  _1779_/X
  _1780_/A2
  _1780_/X
  _1781_/C1
  _1781_/X
  _1811_/S
  _1811_/X
  _1842_/A1
  _1842_/X
  _1875_/A1
  _1875_/X
  _1883_/A1
  _1883_/X
  _1887_/A2
  _1887_/X
  fanout141/A
  fanout141/X
  _1762_/A0
  _1762_/X
  _1772_/B1
  _1772_/X
  _1776_/B1
  _1776_/X
  _1903_/A1
  _1903_/X
  _1904_/C
  _1904_/X
  _1915_/B1
  _1915_/X
  _1916_/A
  _1916_/Y
  _1973_/B1
  _1973_/X
  _1974_/B2
  _1974_/X
  _2015_/A1
  _2015_/X
  _2018_/A2
  _2018_/X
  fanout127/A
  fanout127/X
  _1671_/A0
  _1671_/X
  _1673_/A1
  _1673_/X
  _1682_/A2
  _1682_/X
  _2064_/A
  _2064_/Y
  _2065_/A3
  _2065_/X
  _2066_/B
  _2066_/Y
  _2088_/C1
  _2088_/X
  _2090_/A2
  _2090_/X
  _2144_/S0
  _2144_/X
  _2172_/A0
  _2172_/X
  _2176_/A0
  _2176_/X
  _2179_/A2
  _2179_/X
  fanout130/A
  fanout130/X
  _2229_/A2
  _2229_/X
  _2230_/B
  _2230_/Y
  _2231_/B
  _2231_/Y
  _2232_/A
  _2232_/Y
  _2307_/A1
  _2307_/Y
  _2309_/B1
  _2309_/Y
  _2312_/A2
  _2312_/X
  fanout134/A
  fanout134/X
  fanout133/A
  fanout133/X
  fanout132/A
  fanout132/X
  fanout131/A
  fanout131/X
  _1637_/A1
  _1637_/X
  _1639_/B2
  _1639_/X
  _1645_/B1
  _1645_/X
  _1649_/B1
  _1649_/Y
  wire121/A
  wire121/X
  _1687_/A1
  | loop cut point
  _1687_/X
  --------------------------------
  _2065_/X
  _2066_/B
  _2066_/Y
  _2088_/C1
  _2088_/X
  _2090_/A2
  _2090_/X
  _2144_/S0
  _2144_/X
  _2172_/A0
  _2172_/X
  _2176_/A0
  _2176_/X
  _2179_/A2
  _2179_/X
  fanout130/A
  fanout130/X
  _2229_/A2
  _2229_/X
  _2230_/B
  _2230_/Y
  _2231_/B
  _2231_/Y
  _2232_/A
  _2232_/Y
  _2307_/A1
  _2307_/Y
  _2309_/B1
  _2309_/Y
  _2312_/A2
  _2312_/X
  fanout134/A
  fanout134/X
  fanout133/A
  fanout133/X
  fanout132/A
  fanout132/X
  fanout131/A
  fanout131/X
  _1637_/A1
  _1637_/X
  _1639_/B2
  _1639_/X
  _1645_/B1
  _1645_/X
  _2058_/A
  _2058_/Y
  _2065_/A0
  | loop cut point
  _2065_/X
  --------------------------------
  _1660_/X
  _1665_/B1
  _1665_/X
  _1668_/A
  _1668_/Y
  _1687_/A3
  _1687_/X
  _1779_/A0
  _1779_/X
  _1780_/A2
  _1780_/X
  _1781_/C1
  _1781_/X
  _1811_/S
  _1811_/X
  _1842_/A1
  _1842_/X
  _1875_/A1
  _1875_/X
  _1883_/A1
  _1883_/X
  _1887_/A2
  _1887_/X
  fanout141/A
  fanout141/X
  _1762_/A0
  _1762_/X
  _1772_/B1
  _1772_/X
  _1776_/B1
  _1776_/X
  _1903_/A1
  _1903_/X
  _1904_/C
  _1904_/X
  _1915_/B1
  _1915_/X
  _1916_/A
  _1916_/Y
  _1973_/B1
  _1973_/X
  _1974_/B2
  _1974_/X
  _2015_/A1
  _2015_/X
  _2018_/A2
  _2018_/X
  fanout127/A
  fanout127/X
  _1671_/A0
  _1671_/X
  _1673_/A1
  _1673_/X
  _1682_/A2
  _1682_/X
  _2064_/A
  _2064_/Y
  _2065_/A3
  _2065_/X
  _2066_/B
  _2066_/Y
  _2088_/C1
  _2088_/X
  _2090_/A2
  _2090_/X
  _2144_/S0
  _2144_/X
  _2172_/A0
  _2172_/X
  _2176_/A0
  _2176_/X
  _2179_/A2
  _2179_/X
  fanout130/A
  fanout130/X
  _2229_/A2
  _2229_/X
  _2230_/B
  _2230_/Y
  _2231_/B
  _2231_/Y
  _2232_/A
  _2232_/Y
  _2307_/A1
  _2307_/Y
  _2309_/B1
  _2309_/Y
  _2312_/A2
  _2312_/X
  fanout134/A
  fanout134/X
  fanout133/A
  fanout133/X
  fanout132/A
  fanout132/X
  fanout131/A
  fanout131/X
  _1658_/A1
  _1658_/X
  _1660_/B2
  | loop cut point
  _1660_/X
  --------------------------------
  _1682_/X
  _2064_/A
  _2064_/Y
  _2065_/A3
  _2065_/X
  _2066_/B
  _2066_/Y
  _2088_/C1
  _2088_/X
  _2090_/A2
  _2090_/X
  _2144_/S0
  _2144_/X
  _2172_/A0
  _2172_/X
  _2176_/A0
  _2176_/X
  _2179_/A2
  _2179_/X
  fanout130/A
  fanout130/X
  _2229_/A2
  _2229_/X
  _2230_/B
  _2230_/Y
  _2231_/B
  _2231_/Y
  _2232_/A
  _2232_/Y
  _2307_/A1
  _2307_/Y
  _2309_/B1
  _2309_/Y
  _2312_/A2
  _2312_/X
  fanout134/A
  fanout134/X
  fanout133/A
  fanout133/X
  fanout132/A
  fanout132/X
  fanout131/A
  fanout131/X
  _1675_/A1
  _1675_/X
  _1678_/B2
  _1678_/X
  _1682_/B1
  | loop cut point
  _1682_/X
  --------------------------------
  _1779_/X
  _1780_/A2
  _1780_/X
  _1781_/C1
  _1781_/X
  _1811_/S
  _1811_/X
  _1842_/A1
  _1842_/X
  _1875_/A1
  _1875_/X
  _1883_/A1
  _1883_/X
  _1887_/A2
  _1887_/X
  fanout141/A
  fanout141/X
  _1762_/A0
  _1762_/X
  _1772_/B1
  _1772_/X
  _1776_/B1
  _1776_/X
  _1903_/A1
  _1903_/X
  _1904_/C
  _1904_/X
  _1915_/B1
  _1915_/X
  _1916_/A
  _1916_/Y
  _1973_/B1
  _1973_/X
  _1974_/B2
  _1974_/X
  _2015_/A1
  _2015_/X
  _2018_/A2
  _2018_/X
  fanout127/A
  fanout127/X
  _1671_/A0
  _1671_/X
  _1673_/A1
  _1673_/X
  _1682_/A2
  _1682_/X
  _2064_/A
  _2064_/Y
  _2065_/A3
  _2065_/X
  _2066_/B
  _2066_/Y
  _2088_/C1
  _2088_/X
  _2090_/A2
  _2090_/X
  _2144_/S0
  _2144_/X
  _2172_/A0
  _2172_/X
  _2176_/A0
  _2176_/X
  _2179_/A2
  _2179_/X
  fanout130/A
  fanout130/X
  _2229_/A2
  _2229_/X
  _2230_/B
  _2230_/Y
  _2231_/B
  _2231_/Y
  _2232_/A
  _2232_/Y
  _2307_/A1
  _2307_/Y
  _2309_/B1
  _2309_/Y
  _2312_/A2
  _2312_/X
  fanout134/A
  fanout134/X
  fanout133/A
  fanout133/X
  fanout132/A
  fanout132/X
  fanout131/A
  fanout131/X
  _1699_/A1
  _1699_/X
  _1702_/A2
  _1702_/Y
  _1707_/A2_N
  _1707_/X
  _1712_/B1
  _1712_/Y
  _1778_/A0
  _1778_/X
  _1779_/A1
  | loop cut point
  _1779_/X
  --------------------------------
  _1904_/X
  _1915_/B1
  _1915_/X
  _1916_/A
  _1916_/Y
  _1973_/B1
  _1973_/X
  _1974_/B2
  _1974_/X
  _2015_/A1
  _2015_/X
  _2018_/A2
  _2018_/X
  fanout127/A
  fanout127/X
  _1671_/A0
  _1671_/X
  _1673_/A1
  _1673_/X
  _1682_/A2
  _1682_/X
  _2064_/A
  _2064_/Y
  _2065_/A3
  _2065_/X
  _2066_/B
  _2066_/Y
  _2088_/C1
  _2088_/X
  _2090_/A2
  _2090_/X
  _2144_/S0
  _2144_/X
  _2172_/A0
  _2172_/X
  _2176_/A0
  _2176_/X
  _2179_/A2
  _2179_/X
  fanout130/A
  fanout130/X
  _2229_/A2
  _2229_/X
  _2230_/B
  _2230_/Y
  _2231_/B
  _2231_/Y
  _2232_/A
  _2232_/Y
  _2307_/A1
  _2307_/Y
  _2309_/B1
  _2309_/Y
  _2312_/A2
  _2312_/X
  fanout134/A
  fanout134/X
  fanout133/A
  fanout133/X
  fanout132/A
  fanout132/X
  fanout131/A
  fanout131/X
  _1699_/A1
  _1699_/X
  _1702_/A2
  _1702_/Y
  _1707_/A2_N
  _1707_/X
  _1712_/B1
  _1712_/Y
  _1892_/B
  _1892_/Y
  _1893_/C1
  _1893_/X
  _1904_/B
  | loop cut point
  _1904_/X
  --------------------------------
  _2088_/X
  _2090_/A2
  _2090_/X
  _2144_/S0
  _2144_/X
  _2172_/A0
  _2172_/X
  _2176_/A0
  _2176_/X
  _2179_/A2
  _2179_/X
  fanout130/A
  fanout130/X
  _2229_/A2
  _2229_/X
  _2230_/B
  _2230_/Y
  _2231_/B
  _2231_/Y
  _2232_/A
  _2232_/Y
  _2307_/A1
  _2307_/Y
  _2309_/B1
  _2309_/Y
  _2312_/A2
  _2312_/X
  fanout134/A
  fanout134/X
  fanout133/A
  fanout133/X
  fanout132/A
  fanout132/X
  fanout131/A
  fanout131/X
  _1699_/A1
  _1699_/X
  _1702_/A2
  _1702_/Y
  _1707_/A2_N
  _1707_/X
  _2073_/A
  _2073_/X
  _2074_/A1
  _2074_/X
  _2088_/A2
  | loop cut point
  _2088_/X
  --------------------------------
  _1903_/X
  _1904_/C
  _1904_/X
  _1915_/B1
  _1915_/X
  _1916_/A
  _1916_/Y
  _1973_/B1
  _1973_/X
  _1974_/B2
  _1974_/X
  _2015_/A1
  _2015_/X
  _2018_/A2
  _2018_/X
  fanout127/A
  fanout127/X
  _1671_/A0
  _1671_/X
  _1673_/A1
  _1673_/X
  _1682_/A2
  _1682_/X
  _2064_/A
  _2064_/Y
  _2065_/A3
  _2065_/X
  _2066_/B
  _2066_/Y
  _2088_/C1
  _2088_/X
  _2090_/A2
  _2090_/X
  _2144_/S0
  _2144_/X
  _2172_/A0
  _2172_/X
  _2176_/A0
  _2176_/X
  _2179_/A2
  _2179_/X
  fanout130/A
  fanout130/X
  _2229_/A2
  _2229_/X
  _2230_/B
  _2230_/Y
  _2231_/B
  _2231_/Y
  _2232_/A
  _2232_/Y
  _2307_/A1
  _2307_/Y
  _2309_/B1
  _2309_/Y
  _2312_/A2
  _2312_/X
  fanout134/A
  fanout134/X
  fanout133/A
  fanout133/X
  fanout132/A
  fanout132/X
  fanout131/A
  fanout131/X
  _1738_/A1
  _1738_/X
  _1740_/B2
  _1740_/X
  _1746_/B1
  _1746_/X
  _1750_/B1
  _1750_/X
  _1903_/B2
  | loop cut point
  _1903_/X
  --------------------------------
  _2088_/X
  _2090_/A2
  _2090_/X
  _2144_/S0
  _2144_/X
  _2172_/A0
  _2172_/X
  _2176_/A0
  _2176_/X
  _2179_/A2
  _2179_/X
  fanout130/A
  fanout130/X
  _2229_/A2
  _2229_/X
  _2230_/B
  _2230_/Y
  _2231_/B
  _2231_/Y
  _2232_/A
  _2232_/Y
  _2307_/A1
  _2307_/Y
  _2309_/B1
  _2309_/Y
  _2312_/A2
  _2312_/X
  fanout134/A
  fanout134/X
  fanout133/A
  fanout133/X
  fanout132/A
  fanout132/X
  fanout131/A
  fanout131/X
  _1738_/A1
  _1738_/X
  _1740_/B2
  _1740_/X
  _1746_/B1
  _1746_/X
  _2077_/B1_N
  _2077_/Y
  _2087_/A4
  _2087_/X
  _2088_/B1
  | loop cut point
  _2088_/X
  --------------------------------
  _1772_/X
  _1776_/B1
  _1776_/X
  _1903_/A1
  _1903_/X
  _1904_/C
  _1904_/X
  _1915_/B1
  _1915_/X
  _1916_/A
  _1916_/Y
  _1973_/B1
  _1973_/X
  _1974_/B2
  _1974_/X
  _2015_/A1
  _2015_/X
  _2018_/A2
  _2018_/X
  fanout127/A
  fanout127/X
  _1671_/A0
  _1671_/X
  _1673_/A1
  _1673_/X
  _1682_/A2
  _1682_/X
  _2064_/A
  _2064_/Y
  _2065_/A3
  _2065_/X
  _2066_/B
  _2066_/Y
  _2088_/C1
  _2088_/X
  _2090_/A2
  _2090_/X
  _2144_/S0
  _2144_/X
  _2172_/A0
  _2172_/X
  _2176_/A0
  _2176_/X
  _2179_/A2
  _2179_/X
  fanout130/A
  fanout130/X
  _2229_/A2
  _2229_/X
  _2230_/B
  _2230_/Y
  _2231_/B
  _2231_/Y
  _2232_/A
  _2232_/Y
  _2307_/A1
  _2307_/Y
  _2309_/B1
  _2309_/Y
  _2312_/A2
  _2312_/X
  fanout134/A
  fanout134/X
  fanout133/A
  fanout133/X
  fanout132/A
  fanout132/X
  fanout131/A
  fanout131/X
  _1764_/A1
  _1764_/X
  _1767_/A2
  _1767_/Y
  _1772_/A2_N
  | loop cut point
  _1772_/X
  --------------------------------
  _1660_/X
  _1665_/B1
  _1665_/X
  _1668_/A
  _1668_/Y
  _1687_/A3
  _1687_/X
  _1779_/A0
  _1779_/X
  _1780_/A2
  _1780_/X
  _1781_/C1
  _1781_/X
  _1811_/S
  _1811_/X
  _1842_/A1
  _1842_/X
  _1875_/A1
  _1875_/X
  _1883_/A1
  _1883_/X
  _1887_/A2
  _1887_/X
  fanout141/A
  fanout141/X
  _1762_/A0
  _1762_/X
  _1772_/B1
  _1772_/X
  _1776_/B1
  _1776_/X
  _1903_/A1
  _1903_/X
  _1904_/C
  _1904_/X
  _1915_/B1
  _1915_/X
  _1916_/A
  _1916_/Y
  _1973_/B1
  _1973_/X
  _1974_/B2
  _1974_/X
  _2015_/A1
  _2015_/X
  _2018_/A2
  _2018_/X
  fanout127/A
  fanout127/X
  _1671_/A0
  _1671_/X
  _1673_/A1
  _1673_/X
  _1682_/A2
  _1682_/X
  _2064_/A
  _2064_/Y
  _2065_/A3
  _2065_/X
  _2066_/B
  _2066_/Y
  _2088_/C1
  _2088_/X
  _2090_/A2
  _2090_/X
  _2144_/S0
  _2144_/X
  _2172_/A0
  _2172_/X
  _2176_/A0
  _2176_/X
  _2179_/A2
  _2179_/X
  fanout130/A
  fanout130/X
  fanout128/A
  fanout128/X
  _1659_/A
  _1659_/X
  _1660_/C1
  | loop cut point
  _1660_/X
  --------------------------------
  _1762_/X
  _1772_/B1
  _1772_/X
  _1776_/B1
  _1776_/X
  _1903_/A1
  _1903_/X
  _1904_/C
  _1904_/X
  _1915_/B1
  _1915_/X
  _1916_/A
  _1916_/Y
  _1973_/B1
  _1973_/X
  _1974_/B2
  _1974_/X
  _2015_/A1
  _2015_/X
  _2018_/A2
  _2018_/X
  fanout127/A
  fanout127/X
  fanout126/A
  fanout126/X
  fanout124/A
  fanout124/X
  fanout123/A
  fanout123/X
  _1760_/A1
  _1760_/X
  _1762_/A1
  | loop cut point
  _1762_/X
  --------------------------------
