Clock: clk
Sources: clk 
Generated: no
Virtual: yes
Propagated: no
Period: 100.000000

===========================================================================
report_clock_properties
============================================================================
Clock                   Period          Waveform
----------------------------------------------------
clk                 100.000000    0.000000 50.000000

===========================================================================
report_clock_latency
============================================================================
Clock clk
rise -> rise
    min     max
0.000000 0.000000 source latency
0.466687         network latency _3088_/CLK
        20.259163 network latency _2842_/CLK
---------------
0.466687 20.259163 latency
        19.792477 skew

rise -> fall
    min     max
0.000000 0.000000 source latency
0.823344         network latency _2864_/CLK
        20.217697 network latency _2842_/CLK
---------------
0.823344 20.217697 latency
        19.394352 skew

fall -> fall
    min     max
0.000000 0.000000 source latency
0.408036         network latency _3088_/CLK
        0.432618 network latency _2820_/CLK
---------------
0.408036 0.432618 latency
        0.024581 skew



===========================================================================
report_clock_min_period
============================================================================
clk period_min = 1.95 fmax = 513.69
