Clock: CLK
Sources: CLK 
Generated: no
Virtual: yes
Propagated: no
Period: 25.000000

===========================================================================
report_clock_properties
============================================================================
Clock                   Period          Waveform
----------------------------------------------------
CLK                  25.000000    0.000000 12.500000

===========================================================================
report_clock_latency
============================================================================
Clock CLK
rise -> rise
    min     max
0.000000 0.000000 source latency
1.046091         network latency _3880_/CLK
        1.410103 network latency _3848_/CLK
---------------
1.046091 1.410103 latency
        0.364012 skew

fall -> fall
    min     max
0.000000 0.000000 source latency
0.896312         network latency _3880_/CLK
        1.236879 network latency _3848_/CLK
---------------
0.896312 1.236879 latency
        0.340568 skew



===========================================================================
report_clock_min_period
============================================================================
CLK period_min = 13.51 fmax = 74.05
