Clock: clk
Sources: clk 
Generated: no
Virtual: yes
Propagated: no
Period: 25.000000

===========================================================================
report_clock_properties
============================================================================
Clock                   Period          Waveform
----------------------------------------------------
clk                  25.000000    0.000000 12.500000

===========================================================================
report_clock_latency
============================================================================
Clock clk
rise -> rise
    min     max
0.000000 0.000000 source latency
0.985199         network latency _2780_/CLK
        1.025444 network latency _2735_/CLK
---------------
0.985199 1.025444 latency
        0.040245 skew

fall -> fall
    min     max
0.000000 0.000000 source latency
0.842295         network latency _2780_/CLK
        0.872574 network latency _2735_/CLK
---------------
0.842295 0.872574 latency
        0.030279 skew



===========================================================================
report_clock_min_period
============================================================================
clk period_min = 18.55 fmax = 53.90
