
===========================================================================
report_checks -unconstrained
===========================================================================
======================= max_ff_n40C_1v95 Corner ===================================

Startpoint: nrst (input port clocked by clk)
Endpoint: _1335_ (recovery check against rising-edge clock clk)
Path Group: asynchronous
Path Type: max

Fanout         Cap        Slew       Delay        Time   Description
---------------------------------------------------------------------------------------------
                                  0.000000    0.000000   clock clk (rise edge)
                                  0.000000    0.000000   clock network delay (propagated)
                                  5.000000    5.000000 ^ input external delay
     1    0.002779    0.013843    0.007224    5.007224 ^ nrst (in)
                                                         nrst (net)
                      0.013845    0.000000    5.007224 ^ input2/A (sky130_fd_sc_hd__clkbuf_1)
     3    0.015487    0.139394    0.121053    5.128277 ^ input2/X (sky130_fd_sc_hd__clkbuf_1)
                                                         net2 (net)
                      0.139427    0.001762    5.130038 ^ fanout86/A (sky130_fd_sc_hd__clkbuf_4)
    10    0.068424    0.158362    0.203505    5.333543 ^ fanout86/X (sky130_fd_sc_hd__clkbuf_4)
                                                         net86 (net)
                      0.158444    0.003002    5.336545 ^ fanout85/A (sky130_fd_sc_hd__clkbuf_4)
    10    0.053729    0.126852    0.184633    5.521178 ^ fanout85/X (sky130_fd_sc_hd__clkbuf_4)
                                                         net85 (net)
                      0.127396    0.006718    5.527896 ^ _1335_/RESET_B (sky130_fd_sc_hd__dfrtp_2)
                                              5.527896   data arrival time

                                 25.000000   25.000000   clock clk (rise edge)
                                  0.000000   25.000000   clock source latency
     1    0.020470    0.073279    0.050383   25.050383 ^ clk (in)
                                                         clk (net)
                      0.073298    0.000000   25.050383 ^ clkbuf_0_clk/A (sky130_fd_sc_hd__clkbuf_16)
     4    0.040807    0.045862    0.108367   25.158749 ^ clkbuf_0_clk/X (sky130_fd_sc_hd__clkbuf_16)
                                                         clknet_0_clk (net)
                      0.046110    0.002336   25.161085 ^ clkbuf_2_2__f_clk/A (sky130_fd_sc_hd__clkbuf_16)
     9    0.042727    0.047033    0.102272   25.263357 ^ clkbuf_2_2__f_clk/X (sky130_fd_sc_hd__clkbuf_16)
                                                         clknet_2_2__leaf_clk (net)
                      0.047187    0.001808   25.265165 ^ _1335_/CLK (sky130_fd_sc_hd__dfrtp_2)
                                 -0.250000   25.015165   clock uncertainty
                                  0.000000   25.015165   clock reconvergence pessimism
                                  0.111498   25.126663   library recovery time
                                             25.126663   data required time
---------------------------------------------------------------------------------------------
                                             25.126663   data required time
                                             -5.527896   data arrival time
---------------------------------------------------------------------------------------------
                                             19.598768   slack (MET)


Startpoint: prescaler[9] (input port clocked by clk)
Endpoint: _1312_ (rising edge-triggered flip-flop clocked by clk)
Path Group: clk
Path Type: max

Fanout         Cap        Slew       Delay        Time   Description
---------------------------------------------------------------------------------------------
                                  0.000000    0.000000   clock clk (rise edge)
                                  0.000000    0.000000   clock network delay (propagated)
                                  5.000000    5.000000 ^ input external delay
     1    0.002861    0.014137    0.007440    5.007440 ^ prescaler[9] (in)
                                                         prescaler[9] (net)
                      0.014139    0.000000    5.007440 ^ input16/A (sky130_fd_sc_hd__buf_1)
     2    0.019291    0.171824    0.143143    5.150583 ^ input16/X (sky130_fd_sc_hd__buf_1)
                                                         net16 (net)
                      0.171830    0.000871    5.151454 ^ fanout87/A (sky130_fd_sc_hd__clkbuf_4)
    10    0.058211    0.136533    0.193088    5.344543 ^ fanout87/X (sky130_fd_sc_hd__clkbuf_4)
                                                         net87 (net)
                      0.136928    0.006001    5.350543 ^ _0681_/A (sky130_fd_sc_hd__xor2_2)
     3    0.014352    0.158794    0.146587    5.497130 ^ _0681_/X (sky130_fd_sc_hd__xor2_2)
                                                         _0057_ (net)
                      0.158796    0.000879    5.498009 ^ _0682_/B (sky130_fd_sc_hd__xnor2_2)
     2    0.012382    0.152993    0.097215    5.595224 ^ _0682_/Y (sky130_fd_sc_hd__xnor2_2)
                                                         _0058_ (net)
                      0.152994    0.000727    5.595951 ^ _0685_/B (sky130_fd_sc_hd__xor2_2)
     2    0.012316    0.142696    0.135614    5.731565 ^ _0685_/X (sky130_fd_sc_hd__xor2_2)
                                                         _0061_ (net)
                      0.142697    0.000618    5.732183 ^ _0686_/A3 (sky130_fd_sc_hd__a31o_1)
     2    0.008654    0.069430    0.123022    5.855205 ^ _0686_/X (sky130_fd_sc_hd__a31o_1)
                                                         _0062_ (net)
                      0.069434    0.000578    5.855782 ^ _0694_/A (sky130_fd_sc_hd__xor2_1)
     2    0.007783    0.143639    0.138444    5.994226 ^ _0694_/X (sky130_fd_sc_hd__xor2_1)
                                                         _0070_ (net)
                      0.143639    0.000505    5.994731 ^ _0852_/B (sky130_fd_sc_hd__xor2_1)
     2    0.008776    0.156637    0.150342    6.145073 ^ _0852_/X (sky130_fd_sc_hd__xor2_1)
                                                         _0228_ (net)
                      0.156641    0.000609    6.145683 ^ _0854_/B (sky130_fd_sc_hd__xor2_1)
     2    0.011086    0.187047    0.172229    6.317912 ^ _0854_/X (sky130_fd_sc_hd__xor2_1)
                                                         _0230_ (net)
                      0.187051    0.000696    6.318608 ^ _0855_/B (sky130_fd_sc_hd__xnor2_1)
     3    0.011349    0.201027    0.126419    6.445027 ^ _0855_/Y (sky130_fd_sc_hd__xnor2_1)
                                                         _0231_ (net)
                      0.201031    0.000769    6.445796 ^ _0858_/A (sky130_fd_sc_hd__xnor2_1)
     2    0.007808    0.068785    0.078757    6.524553 v _0858_/Y (sky130_fd_sc_hd__xnor2_1)
                                                         _0234_ (net)
                      0.068788    0.000489    6.525042 v _0863_/A (sky130_fd_sc_hd__nor2_1)
     2    0.013048    0.174558    0.165943    6.690985 ^ _0863_/Y (sky130_fd_sc_hd__nor2_1)
                                                         _0239_ (net)
                      0.174564    0.000878    6.691863 ^ _0869_/A4 (sky130_fd_sc_hd__a41oi_4)
     3    0.012364    0.082020    0.085217    6.777080 v _0869_/Y (sky130_fd_sc_hd__a41oi_4)
                                                         _0245_ (net)
                      0.082023    0.001032    6.778111 v _0902_/A2 (sky130_fd_sc_hd__a211o_1)
     2    0.008245    0.052036    0.216349    6.994460 v _0902_/X (sky130_fd_sc_hd__a211o_1)
                                                         _0278_ (net)
                      0.052042    0.000566    6.995026 v _0912_/A1 (sky130_fd_sc_hd__a21oi_2)
     5    0.022723    0.212903    0.199066    7.194092 ^ _0912_/Y (sky130_fd_sc_hd__a21oi_2)
                                                         _0288_ (net)
                      0.212915    0.001351    7.195444 ^ _0922_/C1 (sky130_fd_sc_hd__a211o_1)
     3    0.009514    0.069516    0.094491    7.289934 ^ _0922_/X (sky130_fd_sc_hd__a211o_1)
                                                         _0298_ (net)
                      0.069520    0.000588    7.290523 ^ _0924_/C_N (sky130_fd_sc_hd__or3b_1)
     2    0.004714    0.050812    0.205076    7.495599 v _0924_/X (sky130_fd_sc_hd__or3b_1)
                                                         _0300_ (net)
                      0.050812    0.000279    7.495878 v _0956_/C_N (sky130_fd_sc_hd__or3b_1)
     1    0.005158    0.046307    0.121207    7.617085 ^ _0956_/X (sky130_fd_sc_hd__or3b_1)
                                                         _0332_ (net)
                      0.046309    0.000388    7.617473 ^ _0957_/A2 (sky130_fd_sc_hd__a211oi_2)
     2    0.011697    0.052022    0.055586    7.673059 v _0957_/Y (sky130_fd_sc_hd__a211oi_2)
                                                         _0333_ (net)
                      0.052024    0.000595    7.673654 v _0960_/B (sky130_fd_sc_hd__or3_1)
     1    0.005427    0.052933    0.213383    7.887037 v _0960_/X (sky130_fd_sc_hd__or3_1)
                                                         _0336_ (net)
                      0.052961    0.000384    7.887421 v fanout60/A (sky130_fd_sc_hd__buf_2)
     7    0.044595    0.076780    0.136294    8.023714 v fanout60/X (sky130_fd_sc_hd__buf_2)
                                                         net60 (net)
                      0.076853    0.001999    8.025714 v fanout59/A (sky130_fd_sc_hd__buf_2)
    10    0.046481    0.080117    0.147510    8.173224 v fanout59/X (sky130_fd_sc_hd__buf_2)
                                                         net59 (net)
                      0.081210    0.007511    8.180736 v _1035_/C (sky130_fd_sc_hd__or4_1)
     4    0.011331    0.088876    0.319639    8.500374 v _1035_/X (sky130_fd_sc_hd__or4_1)
                                                         _0411_ (net)
                      0.088876    0.000322    8.500695 v _1053_/B (sky130_fd_sc_hd__or2_1)
     2    0.006584    0.044509    0.154727    8.655422 v _1053_/X (sky130_fd_sc_hd__or2_1)
                                                         _0428_ (net)
                      0.044513    0.000429    8.655851 v _1213_/A2 (sky130_fd_sc_hd__a311o_1)
     1    0.002774    0.038934    0.191101    8.846952 v _1213_/X (sky130_fd_sc_hd__a311o_1)
                                                         _0557_ (net)
                      0.038934    0.000179    8.847132 v _1214_/C (sky130_fd_sc_hd__or4b_1)
     1    0.009124    0.081343    0.295773    9.142905 v _1214_/X (sky130_fd_sc_hd__or4b_1)
                                                         _0558_ (net)
                      0.081350    0.000833    9.143739 v _1228_/A (sky130_fd_sc_hd__or4_1)
     1    0.003787    0.058195    0.311100    9.454838 v _1228_/X (sky130_fd_sc_hd__or4_1)
                                                         _0572_ (net)
                      0.058195    0.000269    9.455107 v _1253_/A (sky130_fd_sc_hd__nor2_1)
     1    0.003611    0.064913    0.081174    9.536282 ^ _1253_/Y (sky130_fd_sc_hd__nor2_1)
                                                         clk_divider.next_flag (net)
                      0.064916    0.000256    9.536537 ^ _1312_/D (sky130_fd_sc_hd__dfrtp_1)
                                              9.536537   data arrival time

                                 25.000000   25.000000   clock clk (rise edge)
                                  0.000000   25.000000   clock source latency
     1    0.020470    0.073279    0.050383   25.050383 ^ clk (in)
                                                         clk (net)
                      0.073298    0.000000   25.050383 ^ clkbuf_0_clk/A (sky130_fd_sc_hd__clkbuf_16)
     4    0.040807    0.045862    0.108367   25.158749 ^ clkbuf_0_clk/X (sky130_fd_sc_hd__clkbuf_16)
                                                         clknet_0_clk (net)
                      0.046121    0.002407   25.161156 ^ clkbuf_2_3__f_clk/A (sky130_fd_sc_hd__clkbuf_16)
    11    0.036229    0.042246    0.098215   25.259371 ^ clkbuf_2_3__f_clk/X (sky130_fd_sc_hd__clkbuf_16)
                                                         clknet_2_3__leaf_clk (net)
                      0.042388    0.001490   25.260860 ^ _1312_/CLK (sky130_fd_sc_hd__dfrtp_1)
                                 -0.250000   25.010862   clock uncertainty
                                  0.000000   25.010862   clock reconvergence pessimism
                                 -0.036614   24.974247   library setup time
                                             24.974247   data required time
---------------------------------------------------------------------------------------------
                                             24.974247   data required time
                                             -9.536537   data arrival time
---------------------------------------------------------------------------------------------
                                             15.437710   slack (MET)




===========================================================================
report_checks --slack_max -0.01
============================================================================
======================= max_ff_n40C_1v95 Corner ===================================

No paths found.


===========================================================================
 report_check_types -max_slew -max_cap -max_fanout -violators
============================================================================
======================= max_ff_n40C_1v95 Corner ===================================

max fanout

Pin                                   Limit Fanout  Slack
---------------------------------------------------------
clkbuf_2_3__f_clk/X                      10     11        (VIOLATED)



===========================================================================
report_parasitic_annotation -report_unannotated
============================================================================
Found 3 unannotated drivers.
 clkload0/X
 clkload1/Y
 clkload2/Y
Found 0 partially unannotated drivers.

===========================================================================
max slew violation count 0
max fanout violation count 1
max cap violation count 0
============================================================================

===========================================================================
check_setup -verbose -unconstrained_endpoints -multiple_clock -no_clock -no_input_delay -loops -generated_clocks
===========================================================================
