Clock: clk
Sources: clk 
Generated: no
Virtual: yes
Propagated: no
Period: 25.000000

===========================================================================
report_clock_properties
============================================================================
Clock                   Period          Waveform
----------------------------------------------------
clk                  25.000000    0.000000 12.500000

===========================================================================
report_clock_latency
============================================================================
Clock clk
rise -> rise
    min     max
0.000000 0.000000 source latency
0.260862         network latency _1312_/CLK
        0.266200 network latency _1319_/CLK
---------------
0.260862 0.266200 latency
        0.005338 skew

fall -> fall
    min     max
0.000000 0.000000 source latency
0.238897         network latency _1312_/CLK
        0.242938 network latency _1319_/CLK
---------------
0.238897 0.242938 latency
        0.004041 skew



===========================================================================
report_clock_min_period
============================================================================
clk period_min = 4.27 fmax = 234.31
