
===========================================================================
report_checks -unconstrained
===========================================================================
======================= max_ss_100C_1v60 Corner ===================================

Startpoint: nrst (input port clocked by clk)
Endpoint: _1335_ (recovery check against rising-edge clock clk)
Path Group: asynchronous
Path Type: max

Fanout         Cap        Slew       Delay        Time   Description
---------------------------------------------------------------------------------------------
                                  0.000000    0.000000   clock clk (rise edge)
                                  0.000000    0.000000   clock network delay (propagated)
                                  5.000000    5.000000 ^ input external delay
     1    0.002648    0.031246    0.015035    5.015035 ^ nrst (in)
                                                         nrst (net)
                      0.031246    0.000000    5.015035 ^ input2/A (sky130_fd_sc_hd__clkbuf_1)
     3    0.015286    0.297189    0.294129    5.309164 ^ input2/X (sky130_fd_sc_hd__clkbuf_1)
                                                         net2 (net)
                      0.297203    0.001741    5.310905 ^ fanout86/A (sky130_fd_sc_hd__clkbuf_4)
    10    0.065190    0.314439    0.529217    5.840121 ^ fanout86/X (sky130_fd_sc_hd__clkbuf_4)
                                                         net86 (net)
                      0.314460    0.002867    5.842988 ^ fanout85/A (sky130_fd_sc_hd__clkbuf_4)
    10    0.050171    0.249096    0.488381    6.331369 ^ fanout85/X (sky130_fd_sc_hd__clkbuf_4)
                                                         net85 (net)
                      0.249290    0.006314    6.337683 ^ _1335_/RESET_B (sky130_fd_sc_hd__dfrtp_2)
                                              6.337683   data arrival time

                                 25.000000   25.000000   clock clk (rise edge)
                                  0.000000   25.000000   clock source latency
     1    0.020401    0.152732    0.104439   25.104439 ^ clk (in)
                                                         clk (net)
                      0.152741    0.000000   25.104439 ^ clkbuf_0_clk/A (sky130_fd_sc_hd__clkbuf_16)
     4    0.040531    0.095524    0.287537   25.391975 ^ clkbuf_0_clk/X (sky130_fd_sc_hd__clkbuf_16)
                                                         clknet_0_clk (net)
                      0.095593    0.002323   25.394299 ^ clkbuf_2_2__f_clk/A (sky130_fd_sc_hd__clkbuf_16)
     9    0.041368    0.095541    0.262933   25.657232 ^ clkbuf_2_2__f_clk/X (sky130_fd_sc_hd__clkbuf_16)
                                                         clknet_2_2__leaf_clk (net)
                      0.095581    0.001746   25.658978 ^ _1335_/CLK (sky130_fd_sc_hd__dfrtp_2)
                                 -0.250000   25.408979   clock uncertainty
                                  0.000000   25.408979   clock reconvergence pessimism
                                  0.376607   25.785585   library recovery time
                                             25.785585   data required time
---------------------------------------------------------------------------------------------
                                             25.785585   data required time
                                             -6.337683   data arrival time
---------------------------------------------------------------------------------------------
                                             19.447903   slack (MET)


Startpoint: prescaler[9] (input port clocked by clk)
Endpoint: _1312_ (rising edge-triggered flip-flop clocked by clk)
Path Group: clk
Path Type: max

Fanout         Cap        Slew       Delay        Time   Description
---------------------------------------------------------------------------------------------
                                  0.000000    0.000000   clock clk (rise edge)
                                  0.000000    0.000000   clock network delay (propagated)
                                  5.000000    5.000000 ^ input external delay
     1    0.002728    0.031774    0.015457    5.015458 ^ prescaler[9] (in)
                                                         prescaler[9] (net)
                      0.031774    0.000000    5.015458 ^ input16/A (sky130_fd_sc_hd__buf_1)
     2    0.019176    0.368092    0.344444    5.359902 ^ input16/X (sky130_fd_sc_hd__buf_1)
                                                         net16 (net)
                      0.368095    0.000865    5.360767 ^ fanout87/A (sky130_fd_sc_hd__clkbuf_4)
    10    0.057863    0.282846    0.535953    5.896720 ^ fanout87/X (sky130_fd_sc_hd__clkbuf_4)
                                                         net87 (net)
                      0.282989    0.005989    5.902709 ^ _0681_/A (sky130_fd_sc_hd__xor2_2)
     3    0.014303    0.327998    0.418166    6.320876 ^ _0681_/X (sky130_fd_sc_hd__xor2_2)
                                                         _0057_ (net)
                      0.327998    0.000882    6.321757 ^ _0682_/B (sky130_fd_sc_hd__xnor2_2)
     2    0.012480    0.318903    0.331444    6.653201 ^ _0682_/Y (sky130_fd_sc_hd__xnor2_2)
                                                         _0058_ (net)
                      0.318903    0.000733    6.653934 ^ _0685_/B (sky130_fd_sc_hd__xor2_2)
     2    0.012384    0.295874    0.408399    7.062333 ^ _0685_/X (sky130_fd_sc_hd__xor2_2)
                                                         _0061_ (net)
                      0.295874    0.000619    7.062952 ^ _0686_/A3 (sky130_fd_sc_hd__a31o_1)
     2    0.008674    0.161503    0.439319    7.502271 ^ _0686_/X (sky130_fd_sc_hd__a31o_1)
                                                         _0062_ (net)
                      0.161503    0.000581    7.502852 ^ _0694_/A (sky130_fd_sc_hd__xor2_1)
     2    0.007790    0.324999    0.376305    7.879157 ^ _0694_/X (sky130_fd_sc_hd__xor2_1)
                                                         _0070_ (net)
                      0.324999    0.000507    7.879664 ^ _0852_/B (sky130_fd_sc_hd__xor2_1)
     2    0.008816    0.355011    0.462277    8.341942 ^ _0852_/X (sky130_fd_sc_hd__xor2_1)
                                                         _0228_ (net)
                      0.355011    0.000613    8.342554 ^ _0854_/B (sky130_fd_sc_hd__xor2_1)
     2    0.010911    0.416864    0.516404    8.858958 ^ _0854_/X (sky130_fd_sc_hd__xor2_1)
                                                         _0230_ (net)
                      0.416865    0.000682    8.859640 ^ _0855_/B (sky130_fd_sc_hd__xnor2_1)
     3    0.011263    0.460500    0.409460    9.269100 ^ _0855_/Y (sky130_fd_sc_hd__xnor2_1)
                                                         _0231_ (net)
                      0.460502    0.000762    9.269862 ^ _0858_/A (sky130_fd_sc_hd__xnor2_1)
     2    0.007849    0.184687    0.338297    9.608160 v _0858_/Y (sky130_fd_sc_hd__xnor2_1)
                                                         _0234_ (net)
                      0.184687    0.000492    9.608652 v _0863_/A (sky130_fd_sc_hd__nor2_1)
     2    0.013050    0.410142    0.423513   10.032165 ^ _0863_/Y (sky130_fd_sc_hd__nor2_1)
                                                         _0239_ (net)
                      0.410145    0.000880   10.033045 ^ _0869_/A4 (sky130_fd_sc_hd__a41oi_4)
     3    0.012430    0.226458    0.392087   10.425132 v _0869_/Y (sky130_fd_sc_hd__a41oi_4)
                                                         _0245_ (net)
                      0.226459    0.001039   10.426171 v _0902_/A2 (sky130_fd_sc_hd__a211o_1)
     2    0.008148    0.132516    0.656381   11.082552 v _0902_/X (sky130_fd_sc_hd__a211o_1)
                                                         _0278_ (net)
                      0.132516    0.000563   11.083116 v _0912_/A1 (sky130_fd_sc_hd__a21oi_2)
     5    0.022584    0.467990    0.476881   11.559996 ^ _0912_/Y (sky130_fd_sc_hd__a21oi_2)
                                                         _0288_ (net)
                      0.467996    0.001342   11.561338 ^ _0922_/C1 (sky130_fd_sc_hd__a211o_1)
     3    0.009340    0.149761    0.366570   11.927908 ^ _0922_/X (sky130_fd_sc_hd__a211o_1)
                                                         _0298_ (net)
                      0.149761    0.000574   11.928482 ^ _0924_/C_N (sky130_fd_sc_hd__or3b_1)
     2    0.004427    0.157460    0.850810   12.779292 v _0924_/X (sky130_fd_sc_hd__or3b_1)
                                                         _0300_ (net)
                      0.157460    0.000260   12.779552 v _0956_/C_N (sky130_fd_sc_hd__or3b_1)
     1    0.005173    0.100314    0.360475   13.140027 ^ _0956_/X (sky130_fd_sc_hd__or3b_1)
                                                         _0332_ (net)
                      0.100314    0.000389   13.140416 ^ _0957_/A2 (sky130_fd_sc_hd__a211oi_2)
     2    0.011700    0.158856    0.195849   13.336265 v _0957_/Y (sky130_fd_sc_hd__a211oi_2)
                                                         _0333_ (net)
                      0.158857    0.000591   13.336856 v _0960_/B (sky130_fd_sc_hd__or3_1)
     1    0.005333    0.163580    0.866332   14.203188 v _0960_/X (sky130_fd_sc_hd__or3_1)
                                                         _0336_ (net)
                      0.163580    0.000375   14.203563 v fanout60/A (sky130_fd_sc_hd__buf_2)
     7    0.044333    0.206108    0.418650   14.622212 v fanout60/X (sky130_fd_sc_hd__buf_2)
                                                         net60 (net)
                      0.206122    0.001986   14.624198 v fanout59/A (sky130_fd_sc_hd__buf_2)
    10    0.045963    0.212793    0.443678   15.067876 v fanout59/X (sky130_fd_sc_hd__buf_2)
                                                         net59 (net)
                      0.213132    0.007505   15.075381 v _1035_/C (sky130_fd_sc_hd__or4_1)
     4    0.011220    0.280910    1.298801   16.374182 v _1035_/X (sky130_fd_sc_hd__or4_1)
                                                         _0411_ (net)
                      0.280910    0.000316   16.374498 v _1053_/B (sky130_fd_sc_hd__or2_1)
     2    0.006480    0.129492    0.587463   16.961962 v _1053_/X (sky130_fd_sc_hd__or2_1)
                                                         _0428_ (net)
                      0.129492    0.000426   16.962387 v _1213_/A2 (sky130_fd_sc_hd__a311o_1)
     1    0.002668    0.091390    0.599131   17.561520 v _1213_/X (sky130_fd_sc_hd__a311o_1)
                                                         _0557_ (net)
                      0.091390    0.000171   17.561689 v _1214_/C (sky130_fd_sc_hd__or4b_1)
     1    0.008990    0.250257    1.217957   18.779646 v _1214_/X (sky130_fd_sc_hd__or4b_1)
                                                         _0558_ (net)
                      0.250257    0.000814   18.780460 v _1228_/A (sky130_fd_sc_hd__or4_1)
     1    0.003813    0.192062    1.290077   20.070538 v _1228_/X (sky130_fd_sc_hd__or4_1)
                                                         _0572_ (net)
                      0.192062    0.000272   20.070810 v _1253_/A (sky130_fd_sc_hd__nor2_1)
     1    0.003378    0.151183    0.225487   20.296297 ^ _1253_/Y (sky130_fd_sc_hd__nor2_1)
                                                         clk_divider.next_flag (net)
                      0.151183    0.000236   20.296534 ^ _1312_/D (sky130_fd_sc_hd__dfrtp_1)
                                             20.296534   data arrival time

                                 25.000000   25.000000   clock clk (rise edge)
                                  0.000000   25.000000   clock source latency
     1    0.020401    0.152732    0.104439   25.104439 ^ clk (in)
                                                         clk (net)
                      0.152741    0.000000   25.104439 ^ clkbuf_0_clk/A (sky130_fd_sc_hd__clkbuf_16)
     4    0.040531    0.095524    0.287537   25.391975 ^ clkbuf_0_clk/X (sky130_fd_sc_hd__clkbuf_16)
                                                         clknet_0_clk (net)
                      0.095598    0.002396   25.394371 ^ clkbuf_2_3__f_clk/A (sky130_fd_sc_hd__clkbuf_16)
    11    0.034202    0.086514    0.252117   25.646488 ^ clkbuf_2_3__f_clk/X (sky130_fd_sc_hd__clkbuf_16)
                                                         clknet_2_3__leaf_clk (net)
                      0.086533    0.001409   25.647898 ^ _1312_/CLK (sky130_fd_sc_hd__dfrtp_1)
                                 -0.250000   25.397898   clock uncertainty
                                  0.000000   25.397898   clock reconvergence pessimism
                                 -0.150590   25.247307   library setup time
                                             25.247307   data required time
---------------------------------------------------------------------------------------------
                                             25.247307   data required time
                                            -20.296534   data arrival time
---------------------------------------------------------------------------------------------
                                              4.950774   slack (MET)




===========================================================================
report_checks --slack_max -0.01
============================================================================
======================= max_ss_100C_1v60 Corner ===================================

No paths found.


===========================================================================
 report_check_types -max_slew -max_cap -max_fanout -violators
============================================================================
======================= max_ss_100C_1v60 Corner ===================================

max fanout

Pin                                   Limit Fanout  Slack
---------------------------------------------------------
clkbuf_2_3__f_clk/X                      10     11        (VIOLATED)



===========================================================================
report_parasitic_annotation -report_unannotated
============================================================================
Found 3 unannotated drivers.
 clkload0/X
 clkload1/Y
 clkload2/Y
Found 0 partially unannotated drivers.

===========================================================================
max slew violation count 0
max fanout violation count 1
max cap violation count 0
============================================================================

===========================================================================
check_setup -verbose -unconstrained_endpoints -multiple_clock -no_clock -no_input_delay -loops -generated_clocks
===========================================================================
