Clock: clk
Sources: clk 
Generated: no
Virtual: yes
Propagated: no
Period: 25.000000

===========================================================================
report_clock_properties
============================================================================
Clock                   Period          Waveform
----------------------------------------------------
clk                  25.000000    0.000000 12.500000

===========================================================================
report_clock_latency
============================================================================
Clock clk
rise -> rise
    min     max
0.000000 0.000000 source latency
0.647897         network latency _1312_/CLK
        0.659828 network latency _1319_/CLK
---------------
0.647897 0.659828 latency
        0.011931 skew

fall -> fall
    min     max
0.000000 0.000000 source latency
0.621109         network latency _1312_/CLK
        0.631001 network latency _1319_/CLK
---------------
0.621109 0.631001 latency
        0.009893 skew



===========================================================================
report_clock_min_period
============================================================================
clk period_min = 13.42 fmax = 74.50
