Clock: clk
Sources: clk 
Generated: no
Virtual: yes
Propagated: no
Period: 10000.000000

===========================================================================
report_clock_properties
============================================================================
Clock                   Period          Waveform
----------------------------------------------------
clk                 10000.000000    0.0000005000.000000

===========================================================================
report_clock_latency
============================================================================
Clock clk
rise -> rise
    min     max
0.000000 0.000000 source latency
0.455517         network latency cell0/clk
        0.447428 network latency cell3/clk
---------------
0.455517 0.447428 latency
        -0.008088 skew

fall -> fall
    min     max
0.000000 0.000000 source latency
0.410182         network latency cell0/clk
        0.403816 network latency cell3/clk
---------------
0.410182 0.403816 latency
        -0.006366 skew



===========================================================================
report_clock_min_period
============================================================================
clk period_min = 2.08 fmax = 481.19
