Clock: clk
Sources: clk 
Generated: no
Virtual: yes
Propagated: no
Period: 25.000000

===========================================================================
report_clock_properties
============================================================================
Clock                   Period          Waveform
----------------------------------------------------
clk                  25.000000    0.000000 12.500000

===========================================================================
report_clock_latency
============================================================================
Clock clk
rise -> rise
    min     max
0.000000 0.000000 source latency
0.957512         network latency _2780_/CLK
        0.992977 network latency _2735_/CLK
---------------
0.957512 0.992977 latency
        0.035465 skew

fall -> fall
    min     max
0.000000 0.000000 source latency
0.821447         network latency _2780_/CLK
        0.848291 network latency _2735_/CLK
---------------
0.821447 0.848291 latency
        0.026844 skew



===========================================================================
report_clock_min_period
============================================================================
clk period_min = 18.20 fmax = 54.96
