
===========================================================================
report_checks -unconstrained
===========================================================================
======================= nom_ss_100C_1v60 Corner ===================================

Startpoint: _1629_ (rising edge-triggered flip-flop clocked by CLK_10MHZ)
Endpoint: _1631_ (rising edge-triggered flip-flop clocked by CLK_10MHZ)
Path Group: CLK_10MHZ
Path Type: max

Fanout         Cap        Slew       Delay        Time   Description
---------------------------------------------------------------------------------------------
                                  0.000000    0.000000   clock CLK_10MHZ (rise edge)
                                  0.000000    0.000000   clock source latency
     1    0.022138    0.164973    0.113160    0.113160 ^ CLK_10MHZ (in)
                                                         CLK_10MHZ (net)
                      0.164994    0.000000    0.113160 ^ clkbuf_0_CLK_10MHZ/A (sky130_fd_sc_hd__clkbuf_16)
     8    0.082646    0.151754    0.339457    0.452617 ^ clkbuf_0_CLK_10MHZ/X (sky130_fd_sc_hd__clkbuf_16)
                                                         clknet_0_CLK_10MHZ (net)
                      0.151772    0.001805    0.454422 ^ clkbuf_3_5__f_CLK_10MHZ/A (sky130_fd_sc_hd__clkbuf_16)
    10    0.039431    0.093764    0.286448    0.740870 ^ clkbuf_3_5__f_CLK_10MHZ/X (sky130_fd_sc_hd__clkbuf_16)
                                                         clknet_3_5__leaf_CLK_10MHZ (net)
                      0.093768    0.000740    0.741610 ^ _1629_/CLK (sky130_fd_sc_hd__dfxtp_1)
     2    0.006084    0.112001    0.671031    1.412641 ^ _1629_/Q (sky130_fd_sc_hd__dfxtp_1)
                                                         clock_div.cycles[16] (net)
                      0.112001    0.000153    1.412795 ^ fanout46/A (sky130_fd_sc_hd__clkbuf_2)
    10    0.032352    0.279115    0.360976    1.773770 ^ fanout46/X (sky130_fd_sc_hd__clkbuf_2)
                                                         net46 (net)
                      0.279117    0.001344    1.775114 ^ _0950_/A_N (sky130_fd_sc_hd__and3b_1)
     1    0.002840    0.070194    0.429991    2.205106 v _0950_/X (sky130_fd_sc_hd__and3b_1)
                                                         _0189_ (net)
                      0.070194    0.000060    2.205165 v _0952_/A2 (sky130_fd_sc_hd__a221o_1)
     5    0.014375    0.194564    0.757175    2.962340 v _0952_/X (sky130_fd_sc_hd__a221o_1)
                                                         _0191_ (net)
                      0.194564    0.000357    2.962697 v _0953_/A2 (sky130_fd_sc_hd__a21o_1)
     5    0.019304    0.185068    0.489239    3.451936 v _0953_/X (sky130_fd_sc_hd__a21o_1)
                                                         _0192_ (net)
                      0.185069    0.000841    3.452777 v _0955_/A4 (sky130_fd_sc_hd__a41o_1)
     4    0.017172    0.181196    0.579605    4.032381 v _0955_/X (sky130_fd_sc_hd__a41o_1)
                                                         _0194_ (net)
                      0.181196    0.000263    4.032644 v fanout37/A (sky130_fd_sc_hd__clkbuf_2)
    10    0.031271    0.221551    0.374442    4.407086 v fanout37/X (sky130_fd_sc_hd__clkbuf_2)
                                                         net37 (net)
                      0.221556    0.001343    4.408429 v _0970_/B (sky130_fd_sc_hd__and3_1)
     3    0.010329    0.132637    0.472610    4.881040 v _0970_/X (sky130_fd_sc_hd__and3_1)
                                                         _0209_ (net)
                      0.132637    0.000228    4.881268 v _0985_/B1 (sky130_fd_sc_hd__a2111o_1)
     1    0.002312    0.102008    0.743253    5.624521 v _0985_/X (sky130_fd_sc_hd__a2111o_1)
                                                         _0224_ (net)
                      0.102008    0.000068    5.624589 v _0993_/B (sky130_fd_sc_hd__or4_1)
     2    0.010033    0.264022    1.312532    6.937121 v _0993_/X (sky130_fd_sc_hd__or4_1)
                                                         _0232_ (net)
                      0.264022    0.000355    6.937476 v _1014_/A2 (sky130_fd_sc_hd__a2111o_4)
    10    0.041174    0.209625    1.121715    8.059191 v _1014_/X (sky130_fd_sc_hd__a2111o_4)
                                                         _0253_ (net)
                      0.209626    0.001084    8.060274 v _1017_/A (sky130_fd_sc_hd__and2_2)
     5    0.032422    0.185643    0.547866    8.608140 v _1017_/X (sky130_fd_sc_hd__and2_2)
                                                         _0256_ (net)
                      0.185646    0.001084    8.609223 v _1037_/B (sky130_fd_sc_hd__or3_2)
     2    0.014918    0.236829    1.217828    9.827051 v _1037_/X (sky130_fd_sc_hd__or3_2)
                                                         _0276_ (net)
                      0.236829    0.000476    9.827527 v _1038_/B (sky130_fd_sc_hd__xnor2_2)
     2    0.013187    0.176698    0.364059   10.191586 v _1038_/Y (sky130_fd_sc_hd__xnor2_2)
                                                         _0277_ (net)
                      0.176698    0.000281   10.191867 v _1053_/A1 (sky130_fd_sc_hd__o21a_1)
     2    0.005776    0.091187    0.406458   10.598325 v _1053_/X (sky130_fd_sc_hd__o21a_1)
                                                         _0292_ (net)
                      0.091187    0.000104   10.598429 v _1067_/A2 (sky130_fd_sc_hd__a311o_1)
     2    0.007528    0.136732    0.641402   11.239831 v _1067_/X (sky130_fd_sc_hd__a311o_1)
                                                         _0306_ (net)
                      0.136732    0.000222   11.240053 v _1076_/A1 (sky130_fd_sc_hd__a21bo_1)
     3    0.015329    0.157174    0.431283   11.671335 v _1076_/X (sky130_fd_sc_hd__a21bo_1)
                                                         _0315_ (net)
                      0.157174    0.000231   11.671566 v fanout27/A (sky130_fd_sc_hd__buf_2)
    10    0.035424    0.170616    0.389911   12.061478 v fanout27/X (sky130_fd_sc_hd__buf_2)
                                                         net27 (net)
                      0.170616    0.000453   12.061931 v _1089_/A2_N (sky130_fd_sc_hd__o2bb2a_1)
     2    0.004546    0.102959    0.505319   12.567250 ^ _1089_/X (sky130_fd_sc_hd__o2bb2a_1)
                                                         _0328_ (net)
                      0.102959    0.000104   12.567354 ^ _1095_/A_N (sky130_fd_sc_hd__and2b_1)
     1    0.001857    0.058441    0.356588   12.923942 v _1095_/X (sky130_fd_sc_hd__and2b_1)
                                                         _0334_ (net)
                      0.058441    0.000053   12.923995 v _1096_/B (sky130_fd_sc_hd__or2_2)
     4    0.031547    0.240087    0.796529   13.720524 v _1096_/X (sky130_fd_sc_hd__or2_2)
                                                         _0335_ (net)
                      0.240095    0.001787   13.722311 v _1131_/C (sky130_fd_sc_hd__or4b_1)
     1    0.003267    0.181376    1.159137   14.881448 v _1131_/X (sky130_fd_sc_hd__or4b_1)
                                                         _0370_ (net)
                      0.181376    0.000100   14.881548 v _1132_/B1 (sky130_fd_sc_hd__a21o_1)
     4    0.023361    0.216593    0.467598   15.349147 v _1132_/X (sky130_fd_sc_hd__a21o_1)
                                                         _0371_ (net)
                      0.216596    0.001180   15.350326 v _1133_/C (sky130_fd_sc_hd__and3_1)
     4    0.018484    0.195103    0.558702   15.909027 v _1133_/X (sky130_fd_sc_hd__and3_1)
                                                         _0372_ (net)
                      0.195103    0.000510   15.909537 v fanout26/A (sky130_fd_sc_hd__clkbuf_4)
    10    0.041825    0.163193    0.402482   16.312019 v fanout26/X (sky130_fd_sc_hd__clkbuf_4)
                                                         net26 (net)
                      0.163193    0.000671   16.312691 v _1153_/B (sky130_fd_sc_hd__xor2_2)
     2    0.012197    0.151214    0.337819   16.650509 v _1153_/X (sky130_fd_sc_hd__xor2_2)
                                                         _0392_ (net)
                      0.151214    0.000163   16.650673 v _1158_/A (sky130_fd_sc_hd__or3_1)
     2    0.005351    0.163902    0.913758   17.564430 v _1158_/X (sky130_fd_sc_hd__or3_1)
                                                         _0397_ (net)
                      0.163902    0.000147   17.564577 v _1166_/A2 (sky130_fd_sc_hd__a31o_1)
     2    0.005401    0.087941    0.432328   17.996906 v _1166_/X (sky130_fd_sc_hd__a31o_1)
                                                         _0405_ (net)
                      0.087941    0.000156   17.997063 v _1172_/A1 (sky130_fd_sc_hd__a21o_1)
     2    0.005072    0.078583    0.312872   18.309933 v _1172_/X (sky130_fd_sc_hd__a21o_1)
                                                         _0411_ (net)
                      0.078583    0.000142   18.310076 v _1188_/A1 (sky130_fd_sc_hd__a211o_1)
     3    0.012270    0.170745    0.583775   18.893850 v _1188_/X (sky130_fd_sc_hd__a211o_1)
                                                         _0427_ (net)
                      0.170745    0.000144   18.893995 v fanout24/A (sky130_fd_sc_hd__clkbuf_4)
    10    0.038235    0.151701    0.382352   19.276346 v fanout24/X (sky130_fd_sc_hd__clkbuf_4)
                                                         net24 (net)
                      0.151703    0.000906   19.277252 v _1202_/A2 (sky130_fd_sc_hd__a211o_1)
     2    0.008609    0.136528    0.631486   19.908739 v _1202_/X (sky130_fd_sc_hd__a211o_1)
                                                         _0441_ (net)
                      0.136528    0.000233   19.908972 v _1203_/B (sky130_fd_sc_hd__xnor2_1)
     2    0.009889    0.415306    0.417153   20.326124 ^ _1203_/Y (sky130_fd_sc_hd__xnor2_1)
                                                         _0442_ (net)
                      0.415306    0.000268   20.326391 ^ _1208_/A (sky130_fd_sc_hd__nand2_1)
     2    0.003717    0.130170    0.225882   20.552273 v _1208_/Y (sky130_fd_sc_hd__nand2_1)
                                                         _0447_ (net)
                      0.130170    0.000099   20.552372 v _1238_/A (sky130_fd_sc_hd__or4_2)
     3    0.014806    0.303129    1.735030   22.287403 v _1238_/X (sky130_fd_sc_hd__or4_2)
                                                         _0477_ (net)
                      0.303129    0.000346   22.287748 v _1246_/A2 (sky130_fd_sc_hd__o2111a_1)
     4    0.021778    0.227155    0.657705   22.945454 v _1246_/X (sky130_fd_sc_hd__o2111a_1)
                                                         _0485_ (net)
                      0.227155    0.000691   22.946146 v fanout22/A (sky130_fd_sc_hd__clkbuf_2)
    10    0.030891    0.219148    0.394056   23.340202 v fanout22/X (sky130_fd_sc_hd__clkbuf_2)
                                                         net22 (net)
                      0.219152    0.001265   23.341467 v _1252_/D (sky130_fd_sc_hd__or4_1)
     2    0.004484    0.204424    1.042556   24.384022 v _1252_/X (sky130_fd_sc_hd__or4_1)
                                                         _0491_ (net)
                      0.204424    0.000075   24.384098 v _1254_/A (sky130_fd_sc_hd__and2_1)
     3    0.013869    0.154376    0.427905   24.812002 v _1254_/X (sky130_fd_sc_hd__and2_1)
                                                         _0493_ (net)
                      0.154376    0.000194   24.812195 v _1270_/A1 (sky130_fd_sc_hd__o311a_2)
     5    0.018487    0.168563    0.884622   25.696817 v _1270_/X (sky130_fd_sc_hd__o311a_2)
                                                         _0509_ (net)
                      0.168563    0.000600   25.697418 v _1296_/B (sky130_fd_sc_hd__or4b_1)
     2    0.006297    0.218749    1.269886   26.967304 v _1296_/X (sky130_fd_sc_hd__or4b_1)
                                                         _0535_ (net)
                      0.218749    0.000210   26.967514 v _1310_/A1 (sky130_fd_sc_hd__a21o_1)
     5    0.029365    0.263445    0.530934   27.498447 v _1310_/X (sky130_fd_sc_hd__a21o_1)
                                                         _0549_ (net)
                      0.263445    0.000691   27.499138 v fanout18/A (sky130_fd_sc_hd__buf_2)
    10    0.035536    0.171505    0.440753   27.939892 v fanout18/X (sky130_fd_sc_hd__buf_2)
                                                         net18 (net)
                      0.171521    0.001769   27.941660 v _1323_/A2 (sky130_fd_sc_hd__a211o_1)
     1    0.004831    0.105280    0.602157   28.543818 v _1323_/X (sky130_fd_sc_hd__a211o_1)
                                                         _0562_ (net)
                      0.105280    0.000142   28.543959 v _1324_/B (sky130_fd_sc_hd__xnor2_1)
     3    0.012720    0.508836    0.474140   29.018099 ^ _1324_/Y (sky130_fd_sc_hd__xnor2_1)
                                                         _0563_ (net)
                      0.508836    0.000311   29.018410 ^ _1325_/B (sky130_fd_sc_hd__or2_1)
     4    0.014303    0.224720    0.439265   29.457674 ^ _1325_/X (sky130_fd_sc_hd__or2_1)
                                                         _0564_ (net)
                      0.224720    0.000171   29.457846 ^ _1359_/A_N (sky130_fd_sc_hd__and2b_1)
     1    0.002714    0.065163    0.418023   29.875868 v _1359_/X (sky130_fd_sc_hd__and2b_1)
                                                         _0598_ (net)
                      0.065163    0.000053   29.875921 v _1360_/A3 (sky130_fd_sc_hd__a31o_1)
     3    0.009025    0.117206    0.436291   30.312212 v _1360_/X (sky130_fd_sc_hd__a31o_1)
                                                         _0599_ (net)
                      0.117206    0.000266   30.312479 v _1364_/A1 (sky130_fd_sc_hd__a21o_1)
     2    0.008315    0.102977    0.350074   30.662552 v _1364_/X (sky130_fd_sc_hd__a21o_1)
                                                         _0603_ (net)
                      0.102977    0.000206   30.662758 v fanout16/A (sky130_fd_sc_hd__buf_2)
    10    0.032787    0.160141    0.355264   31.018023 v fanout16/X (sky130_fd_sc_hd__buf_2)
                                                         net16 (net)
                      0.160148    0.001222   31.019245 v _1374_/C (sky130_fd_sc_hd__and3_1)
     3    0.008926    0.120668    0.459206   31.478451 v _1374_/X (sky130_fd_sc_hd__and3_1)
                                                         _0613_ (net)
                      0.120668    0.000192   31.478643 v _1380_/A (sky130_fd_sc_hd__or4_1)
     3    0.011897    0.289047    1.384855   32.863499 v _1380_/X (sky130_fd_sc_hd__or4_1)
                                                         _0619_ (net)
                      0.289047    0.000519   32.864017 v _1406_/C1 (sky130_fd_sc_hd__a2111o_1)
     3    0.012493    0.204513    0.862194   33.726212 v _1406_/X (sky130_fd_sc_hd__a2111o_1)
                                                         _0645_ (net)
                      0.204513    0.000579   33.726788 v _1415_/A1 (sky130_fd_sc_hd__a2111o_1)
     2    0.005585    0.135679    0.795435   34.522224 v _1415_/X (sky130_fd_sc_hd__a2111o_1)
                                                         _0654_ (net)
                      0.135679    0.000082   34.522305 v _1422_/A2 (sky130_fd_sc_hd__a31o_1)
     2    0.009941    0.125099    0.457881   34.980186 v _1422_/X (sky130_fd_sc_hd__a31o_1)
                                                         _0661_ (net)
                      0.125099    0.000291   34.980476 v fanout14/A (sky130_fd_sc_hd__buf_2)
    10    0.033782    0.164057    0.369234   35.349712 v fanout14/X (sky130_fd_sc_hd__buf_2)
                                                         net14 (net)
                      0.164057    0.000391   35.350101 v _1488_/D_N (sky130_fd_sc_hd__or4b_1)
     2    0.007058    0.123560    0.384382   35.734486 ^ _1488_/X (sky130_fd_sc_hd__or4b_1)
                                                         _0717_ (net)
                      0.123560    0.000099   35.734585 ^ _1493_/A2 (sky130_fd_sc_hd__a21oi_1)
     1    0.003165    0.114447    0.153790   35.888374 v _1493_/Y (sky130_fd_sc_hd__a21oi_1)
                                                         _0721_ (net)
                      0.114447    0.000068   35.888443 v _1494_/B1 (sky130_fd_sc_hd__a311o_1)
     1    0.009057    0.151969    0.674984   36.563427 v _1494_/X (sky130_fd_sc_hd__a311o_1)
                                                         _0722_ (net)
                      0.151969    0.000384   36.563808 v _1499_/A2 (sky130_fd_sc_hd__a32o_1)
     1    0.002559    0.069212    0.466404   37.030212 v _1499_/X (sky130_fd_sc_hd__a32o_1)
                                                         _0037_ (net)
                      0.069212    0.000075   37.030289 v _1631_/D (sky130_fd_sc_hd__dfxtp_1)
                                             37.030289   data arrival time

                                100.000000  100.000000   clock CLK_10MHZ (rise edge)
                                  0.000000  100.000000   clock source latency
     1    0.022138    0.164973    0.113161  100.113159 ^ CLK_10MHZ (in)
                                                         CLK_10MHZ (net)
                      0.164994    0.000000  100.113159 ^ clkbuf_0_CLK_10MHZ/A (sky130_fd_sc_hd__clkbuf_16)
     8    0.082646    0.151754    0.339455  100.452614 ^ clkbuf_0_CLK_10MHZ/X (sky130_fd_sc_hd__clkbuf_16)
                                                         clknet_0_CLK_10MHZ (net)
                      0.151772    0.001805  100.454414 ^ clkbuf_3_5__f_CLK_10MHZ/A (sky130_fd_sc_hd__clkbuf_16)
    10    0.039431    0.093764    0.286448  100.740868 ^ clkbuf_3_5__f_CLK_10MHZ/X (sky130_fd_sc_hd__clkbuf_16)
                                                         clknet_3_5__leaf_CLK_10MHZ (net)
                      0.093769    0.000753  100.741615 ^ _1631_/CLK (sky130_fd_sc_hd__dfxtp_1)
                                 -0.250000  100.491623   clock uncertainty
                                  0.000000  100.491623   clock reconvergence pessimism
                                 -0.262250  100.229378   library setup time
                                            100.229378   data required time
---------------------------------------------------------------------------------------------
                                            100.229378   data required time
                                            -37.030289   data arrival time
---------------------------------------------------------------------------------------------
                                             63.199081   slack (MET)




===========================================================================
report_checks --slack_max -0.01
============================================================================
======================= nom_ss_100C_1v60 Corner ===================================

No paths found.


===========================================================================
 report_check_types -max_slew -max_cap -max_fanout -violators
============================================================================
======================= nom_ss_100C_1v60 Corner ===================================

max fanout

Pin                                   Limit Fanout  Slack
---------------------------------------------------------
clkbuf_3_7__f_CLK_10MHZ/X                10     13     -3 (VIOLATED)
clkbuf_3_3__f_CLK_10MHZ/X                10     11        (VIOLATED)
clkbuf_3_6__f_CLK_10MHZ/X                10     11        (VIOLATED)



===========================================================================
report_parasitic_annotation -report_unannotated
============================================================================
Found 10 unannotated drivers.
 clkload0/Y
 clkload1/Y
 clkload2/Y
 clkload3/Y
 clkload4/Y
 clkload5/Y
 clkload6/Y
 intro_2_stopwatch_52/LO
 intro_2_stopwatch_53/LO
 intro_2_stopwatch_54/LO
Found 0 partially unannotated drivers.

===========================================================================
max slew violation count 0
max fanout violation count 3
max cap violation count 0
============================================================================

===========================================================================
check_setup -verbose -unconstrained_endpoints -multiple_clock -no_clock -no_input_delay -loops -generated_clocks
===========================================================================
Warning: There are 3 unconstrained endpoints.
  D0_AN_2
  D0_AN_3
  D0_SEG[7]
