Clock: CLK_10MHZ
Sources: CLK_10MHZ 
Generated: no
Virtual: yes
Propagated: no
Period: 100.000000

===========================================================================
report_clock_properties
============================================================================
Clock                   Period          Waveform
----------------------------------------------------
CLK_10MHZ           100.000000    0.000000 50.000000

===========================================================================
report_clock_latency
============================================================================
Clock CLK_10MHZ
rise -> rise
    min     max
0.000000 0.000000 source latency
0.731357         network latency _1623_/CLK
        0.741834 network latency _1591_/CLK
---------------
0.731357 0.741834 latency
        0.010477 skew

fall -> fall
    min     max
0.000000 0.000000 source latency
0.676827         network latency _1623_/CLK
        0.685663 network latency _1591_/CLK
---------------
0.676827 0.685663 latency
        0.008836 skew



===========================================================================
report_clock_min_period
============================================================================
CLK_10MHZ period_min = 36.80 fmax = 27.17
