
===========================================================================
report_checks -unconstrained
===========================================================================
======================= min_ss_100C_1v60 Corner ===================================

Startpoint: nrst (input port clocked by clk)
Endpoint: _2796_ (recovery check against rising-edge clock clk)
Path Group: asynchronous
Path Type: max

Fanout         Cap        Slew       Delay        Time   Description
---------------------------------------------------------------------------------------------
                                  0.000000    0.000000   clock clk (rise edge)
                                  0.000000    0.000000   clock network delay (propagated)
                                  5.000000    5.000000 ^ input external delay
     1    0.002803    0.032279    0.015785    5.015785 ^ nrst (in)
                                                         nrst (net)
                      0.032279    0.000000    5.015785 ^ input9/A (sky130_fd_sc_hd__clkbuf_2)
     4    0.035195    0.302251    0.341495    5.357281 ^ input9/X (sky130_fd_sc_hd__clkbuf_2)
                                                         net9 (net)
                      0.302345    0.001137    5.358418 ^ fanout131/A (sky130_fd_sc_hd__buf_2)
     5    0.040837    0.321428    0.481122    5.839540 ^ fanout131/X (sky130_fd_sc_hd__buf_2)
                                                         net131 (net)
                      0.321428    0.000565    5.840105 ^ fanout127/A (sky130_fd_sc_hd__buf_2)
     6    0.045606    0.356990    0.513363    6.353467 ^ fanout127/X (sky130_fd_sc_hd__buf_2)
                                                         net127 (net)
                      0.356991    0.001505    6.354973 ^ fanout126/A (sky130_fd_sc_hd__clkbuf_4)
    10    0.050330    0.250583    0.509506    6.864479 ^ fanout126/X (sky130_fd_sc_hd__clkbuf_4)
                                                         net126 (net)
                      0.250590    0.001757    6.866236 ^ fanout125/A (sky130_fd_sc_hd__buf_2)
     8    0.033244    0.264922    0.420599    7.286834 ^ fanout125/X (sky130_fd_sc_hd__buf_2)
                                                         net125 (net)
                      0.264922    0.000692    7.287526 ^ _2796_/RESET_B (sky130_fd_sc_hd__dfrtp_4)
                                              7.287526   data arrival time

                                 25.000000   25.000000   clock clk (rise edge)
                                  0.000000   25.000000   clock source latency
     1    0.032144    0.234777    0.162203   25.162203 ^ clk (in)
                                                         clk (net)
                      0.234779    0.000000   25.162203 ^ clkbuf_0_clk/A (sky130_fd_sc_hd__clkbuf_16)
    16    0.134466    0.224925    0.427754   25.589956 ^ clkbuf_0_clk/X (sky130_fd_sc_hd__clkbuf_16)
                                                         clknet_0_clk (net)
                      0.224930    0.001434   25.591389 ^ clkbuf_4_6_0_clk/A (sky130_fd_sc_hd__clkbuf_8)
    12    0.033937    0.115435    0.337895   25.929285 ^ clkbuf_4_6_0_clk/X (sky130_fd_sc_hd__clkbuf_8)
                                                         clknet_4_6_0_clk (net)
                      0.115435    0.000547   25.929831 ^ _2796_/CLK (sky130_fd_sc_hd__dfrtp_4)
                                 -0.250000   25.679832   clock uncertainty
                                  0.000000   25.679832   clock reconvergence pessimism
                                  0.367961   26.047794   library recovery time
                                             26.047794   data required time
---------------------------------------------------------------------------------------------
                                             26.047794   data required time
                                             -7.287526   data arrival time
---------------------------------------------------------------------------------------------
                                             18.760269   slack (MET)


Startpoint: clk (clock source 'clk')
Endpoint: gpio[24] (output port clocked by clk)
Path Group: clk
Path Type: max

Fanout         Cap        Slew       Delay        Time   Description
---------------------------------------------------------------------------------------------
                                 12.500000   12.500000   clock clk (fall edge)
                                  0.000000   12.500000   clock source latency
     1    0.031258    0.136651    0.096194   12.596193 v clk (in)
                                                         clk (net)
                      0.136654    0.000000   12.596193 v clkbuf_0_clk/A (sky130_fd_sc_hd__clkbuf_16)
    16    0.127570    0.155618    0.383899   12.980093 v clkbuf_0_clk/X (sky130_fd_sc_hd__clkbuf_16)
                                                         clknet_0_clk (net)
                      0.155623    0.001077   12.981171 v clkbuf_4_8_0_clk/A (sky130_fd_sc_hd__clkbuf_8)
     9    0.037470    0.094401    0.328085   13.309256 v clkbuf_4_8_0_clk/X (sky130_fd_sc_hd__clkbuf_8)
                                                         clknet_4_8_0_clk (net)
                      0.094407    0.000899   13.310154 v _2303_/A (sky130_fd_sc_hd__and2_2)
     1    0.034438    0.193094    0.499869   13.810023 v _2303_/X (sky130_fd_sc_hd__and2_2)
                                                         gpio[24] (net)
     0    0.034438    0.193094    0.000403   13.810427 v gpio[24] (inout)
                                                         gpio[24] (net)
                                             13.810427   data arrival time

                                 25.000000   25.000000   clock clk (rise edge)
                                  0.000000   25.000000   clock network delay (propagated)
                                 -0.250000   24.750000   clock uncertainty
                                  0.000000   24.750000   clock reconvergence pessimism
                                 -5.000000   19.750000   output external delay
                                             19.750000   data required time
---------------------------------------------------------------------------------------------
                                             19.750000   data required time
                                            -13.810427   data arrival time
---------------------------------------------------------------------------------------------
                                              5.939572   slack (MET)




===========================================================================
report_checks --slack_max -0.01
============================================================================
======================= min_ss_100C_1v60 Corner ===================================

No paths found.


===========================================================================
 report_check_types -max_slew -max_cap -max_fanout -violators
============================================================================
======================= min_ss_100C_1v60 Corner ===================================

max fanout

Pin                                   Limit Fanout  Slack
---------------------------------------------------------
clkbuf_0_clk/X                           10     16     -6 (VIOLATED)
clkbuf_4_4_0_clk/X                       10     14     -4 (VIOLATED)
clkbuf_4_7_0_clk/X                       10     13     -3 (VIOLATED)
clkbuf_4_3_0_clk/X                       10     12     -2 (VIOLATED)
clkbuf_4_6_0_clk/X                       10     12     -2 (VIOLATED)

max capacitance

Pin                                        Limit         Cap       Slack
------------------------------------------------------------------------
_1403_/Y                                0.065012    0.065199   -0.000187 (VIOLATED)



===========================================================================
report_parasitic_annotation -report_unannotated
============================================================================
Found 17 unannotated drivers.
 cs
 gpio[25]
 clkload0/Y
 clkload1/Y
 clkload10/Y
 clkload11/Y
 clkload12/Y
 clkload13/Y
 clkload14/Y
 clkload2/Y
 clkload3/Y
 clkload4/Y
 clkload5/Y
 clkload6/X
 clkload7/Y
 clkload8/Y
 clkload9/Y
Found 0 partially unannotated drivers.

===========================================================================
max slew violation count 0
max fanout violation count 5
max cap violation count 1
============================================================================

===========================================================================
check_setup -verbose -unconstrained_endpoints -multiple_clock -no_clock -no_input_delay -loops -generated_clocks
===========================================================================
Warning: There are 6 unconstrained endpoints.
  gpio[16]
  gpio[17]
  gpio[18]
  gpio[19]
  gpio[20]
  gpio[25]
