Clock: clk
Sources: clk 
Generated: no
Virtual: yes
Propagated: no
Period: 25.000000

===========================================================================
report_clock_properties
============================================================================
Clock                   Period          Waveform
----------------------------------------------------
clk                  25.000000    0.000000 12.500000

===========================================================================
report_clock_latency
============================================================================
Clock clk
rise -> rise
    min     max
0.000000 0.000000 source latency
0.927695         network latency _2780_/CLK
        0.958846 network latency _2729_/CLK
---------------
0.927695 0.958846 latency
        0.031151 skew

fall -> fall
    min     max
0.000000 0.000000 source latency
0.799693         network latency _2780_/CLK
        0.823673 network latency _2729_/CLK
---------------
0.799693 0.823673 latency
        0.023980 skew



===========================================================================
report_clock_min_period
============================================================================
clk period_min = 17.87 fmax = 55.98
