Clock: clk
Sources: clk 
Generated: no
Virtual: yes
Propagated: no
Period: 50.000000

===========================================================================
report_clock_properties
============================================================================
Clock                   Period          Waveform
----------------------------------------------------
clk                  50.000000    0.000000 25.000000

===========================================================================
report_clock_latency
============================================================================
Clock clk
rise -> rise
    min     max
0.000000 0.000000 source latency
0.700916         network latency _2693_/CLK
        0.722151 network latency _2745_/CLK
---------------
0.700916 0.722151 latency
        0.021235 skew

fall -> fall
    min     max
0.000000 0.000000 source latency
0.616163         network latency _2693_/CLK
        0.631799 network latency _2745_/CLK
---------------
0.616163 0.631799 latency
        0.015635 skew



===========================================================================
report_clock_min_period
============================================================================
clk period_min = 4.84 fmax = 206.77
