Clock: clk
Sources: clk 
Generated: no
Virtual: yes
Propagated: no
Period: 50.000000

===========================================================================
report_clock_properties
============================================================================
Clock                   Period          Waveform
----------------------------------------------------
clk                  50.000000    0.000000 25.000000

===========================================================================
report_clock_latency
============================================================================
Clock clk
rise -> rise
    min     max
0.000000 0.000000 source latency
0.485484         network latency _2693_/CLK
        0.502542 network latency _2745_/CLK
---------------
0.485484 0.502542 latency
        0.017058 skew

fall -> fall
    min     max
0.000000 0.000000 source latency
0.423027         network latency _2693_/CLK
        0.434836 network latency _2646_/CLK
---------------
0.423027 0.434836 latency
        0.011809 skew



===========================================================================
report_clock_min_period
============================================================================
clk period_min = 3.09 fmax = 323.83
