Clock: clk
Sources: clk 
Generated: no
Virtual: yes
Propagated: no
Period: 100.000000

===========================================================================
report_clock_properties
============================================================================
Clock                   Period          Waveform
----------------------------------------------------
clk                 100.000000    0.000000 50.000000

===========================================================================
report_clock_latency
============================================================================
Clock clk
rise -> rise
    min     max
0.000000 0.000000 source latency
0.324698         network latency _0943_/CLK
        0.332377 network latency _0936_/CLK
---------------
0.324698 0.332377 latency
        0.007679 skew

fall -> fall
    min     max
0.000000 0.000000 source latency
0.281773         network latency _0943_/CLK
        0.288445 network latency _0936_/CLK
---------------
0.281773 0.288445 latency
        0.006672 skew



===========================================================================
report_clock_min_period
============================================================================
clk period_min = 2.43 fmax = 412.06
