Clock: CLK
Sources: CLK 
Generated: no
Virtual: yes
Propagated: no
Period: 25.000000

===========================================================================
report_clock_properties
============================================================================
Clock                   Period          Waveform
----------------------------------------------------
CLK                  25.000000    0.000000 12.500000

===========================================================================
report_clock_latency
============================================================================
Clock CLK
rise -> rise
    min     max
0.000000 0.000000 source latency
0.408465         network latency _3880_/CLK
        0.544939 network latency _3848_/CLK
---------------
0.408465 0.544939 latency
        0.136474 skew

fall -> fall
    min     max
0.000000 0.000000 source latency
0.334423         network latency _3880_/CLK
        0.465396 network latency _3848_/CLK
---------------
0.334423 0.465396 latency
        0.130973 skew



===========================================================================
report_clock_min_period
============================================================================
CLK period_min = 4.17 fmax = 239.55
