Clock: clk
Sources: clk 
Generated: no
Virtual: yes
Propagated: no
Period: 20.000000

===========================================================================
report_clock_properties
============================================================================
Clock                   Period          Waveform
----------------------------------------------------
clk                  20.000000    0.000000 10.000000

===========================================================================
report_clock_latency
============================================================================
Clock clk
rise -> rise
    min     max
0.000000 0.000000 source latency
0.480007         network latency _0919_/CLK
        0.492048 network latency _1007_/CLK
---------------
0.480007 0.492048 latency
        0.012041 skew

fall -> fall
    min     max
0.000000 0.000000 source latency
0.410218         network latency _0919_/CLK
        0.419183 network latency _1007_/CLK
---------------
0.410218 0.419183 latency
        0.008965 skew



===========================================================================
report_clock_min_period
============================================================================
clk period_min = 4.65 fmax = 214.95
