
===========================================================================
report_checks -unconstrained
===========================================================================
======================= max_ff_n40C_1v95 Corner ===================================

Startpoint: _1650_ (rising edge-triggered flip-flop clocked by CLK_10MHZ)
Endpoint: D0_SEG[3] (output port clocked by CLK_10MHZ)
Path Group: CLK_10MHZ
Path Type: max

Fanout         Cap        Slew       Delay        Time   Description
---------------------------------------------------------------------------------------------
                                  0.000000    0.000000   clock CLK_10MHZ (rise edge)
                                  0.000000    0.000000   clock source latency
     1    0.023168    0.081967    0.057158    0.057158 ^ CLK_10MHZ (in)
                                                         CLK_10MHZ (net)
                      0.082052    0.000000    0.057158 ^ clkbuf_0_CLK_10MHZ/A (sky130_fd_sc_hd__clkbuf_16)
     8    0.085181    0.078276    0.133316    0.190475 ^ clkbuf_0_CLK_10MHZ/X (sky130_fd_sc_hd__clkbuf_16)
                                                         clknet_0_CLK_10MHZ (net)
                      0.078967    0.005834    0.196308 ^ clkbuf_3_2__f_CLK_10MHZ/A (sky130_fd_sc_hd__clkbuf_16)
    10    0.035233    0.042053    0.107097    0.303405 ^ clkbuf_3_2__f_CLK_10MHZ/X (sky130_fd_sc_hd__clkbuf_16)
                                                         clknet_3_2__leaf_CLK_10MHZ (net)
                      0.042087    0.001266    0.304671 ^ _1650_/CLK (sky130_fd_sc_hd__dfxtp_1)
     2    0.005879    0.027880    0.196656    0.501328 v _1650_/Q (sky130_fd_sc_hd__dfxtp_1)
                                                         bcd_num[4] (net)
                      0.027880    0.000318    0.501645 v fanout44/A (sky130_fd_sc_hd__clkbuf_2)
    10    0.028498    0.077370    0.114095    0.615740 v fanout44/X (sky130_fd_sc_hd__clkbuf_2)
                                                         net44 (net)
                      0.077465    0.001978    0.617718 v _0813_/B (sky130_fd_sc_hd__or4bb_1)
     3    0.009983    0.081963    0.318247    0.935965 v _0813_/X (sky130_fd_sc_hd__or4bb_1)
                                                         _0083_ (net)
                      0.081970    0.000792    0.936757 v _0822_/C1 (sky130_fd_sc_hd__o311a_1)
     2    0.006213    0.049566    0.093437    1.030194 v _0822_/X (sky130_fd_sc_hd__o311a_1)
                                                         _0090_ (net)
                      0.049569    0.000402    1.030596 v _0823_/A3 (sky130_fd_sc_hd__a31o_1)
     1    0.004314    0.032199    0.147178    1.177774 v _0823_/X (sky130_fd_sc_hd__a31o_1)
                                                         net10 (net)
                      0.032199    0.000302    1.178076 v output10/A (sky130_fd_sc_hd__buf_2)
     1    0.034245    0.062756    0.117360    1.295435 v output10/X (sky130_fd_sc_hd__buf_2)
                                                         D0_SEG[3] (net)
                      0.062810    0.001644    1.297079 v D0_SEG[3] (out)
                                              1.297079   data arrival time

                                100.000000  100.000000   clock CLK_10MHZ (rise edge)
                                  0.000000  100.000000   clock network delay (propagated)
                                 -0.250000   99.750000   clock uncertainty
                                  0.000000   99.750000   clock reconvergence pessimism
                                -20.000000   79.750000   output external delay
                                             79.750000   data required time
---------------------------------------------------------------------------------------------
                                             79.750000   data required time
                                             -1.297079   data arrival time
---------------------------------------------------------------------------------------------
                                             78.452919   slack (MET)




===========================================================================
report_checks --slack_max -0.01
============================================================================
======================= max_ff_n40C_1v95 Corner ===================================

No paths found.


===========================================================================
 report_check_types -max_slew -max_cap -max_fanout -violators
============================================================================
======================= max_ff_n40C_1v95 Corner ===================================

max fanout

Pin                                   Limit Fanout  Slack
---------------------------------------------------------
clkbuf_3_7__f_CLK_10MHZ/X                10     13     -3 (VIOLATED)
clkbuf_3_3__f_CLK_10MHZ/X                10     11        (VIOLATED)
clkbuf_3_6__f_CLK_10MHZ/X                10     11        (VIOLATED)



===========================================================================
report_parasitic_annotation -report_unannotated
============================================================================
Found 10 unannotated drivers.
 clkload0/Y
 clkload1/Y
 clkload2/Y
 clkload3/Y
 clkload4/Y
 clkload5/Y
 clkload6/Y
 intro_2_stopwatch_52/LO
 intro_2_stopwatch_53/LO
 intro_2_stopwatch_54/LO
Found 0 partially unannotated drivers.

===========================================================================
max slew violation count 0
max fanout violation count 3
max cap violation count 0
============================================================================

===========================================================================
check_setup -verbose -unconstrained_endpoints -multiple_clock -no_clock -no_input_delay -loops -generated_clocks
===========================================================================
Warning: There are 3 unconstrained endpoints.
  D0_AN_2
  D0_AN_3
  D0_SEG[7]
