Clock: CLK_10MHZ
Sources: CLK_10MHZ 
Generated: no
Virtual: yes
Propagated: no
Period: 100.000000

===========================================================================
report_clock_properties
============================================================================
Clock                   Period          Waveform
----------------------------------------------------
CLK_10MHZ           100.000000    0.000000 50.000000

===========================================================================
report_clock_latency
============================================================================
Clock CLK_10MHZ
rise -> rise
    min     max
0.000000 0.000000 source latency
0.302607         network latency _1623_/CLK
        0.309753 network latency _1642_/CLK
---------------
0.302607 0.309753 latency
        0.007146 skew

fall -> fall
    min     max
0.000000 0.000000 source latency
0.266425         network latency _1623_/CLK
        0.272813 network latency _1642_/CLK
---------------
0.266425 0.272813 latency
        0.006388 skew



===========================================================================
report_clock_min_period
============================================================================
CLK_10MHZ period_min = 11.33 fmax = 88.23
