Clock: clk
Sources: clk 
Generated: no
Virtual: yes
Propagated: no
Period: 100.000000

===========================================================================
report_clock_properties
============================================================================
Clock                   Period          Waveform
----------------------------------------------------
clk                 100.000000    0.000000 50.000000

===========================================================================
report_clock_latency
============================================================================
Clock clk
rise -> rise
    min     max
0.000000 0.000000 source latency
0.680747         network latency _2858_/CLK
        20.495960 network latency _2810_/CLK
---------------
0.680747 20.495960 latency
        19.815212 skew

rise -> fall
    min     max
0.000000 0.000000 source latency
1.224470         network latency _2788_/CLK
        20.405977 network latency _2810_/CLK
---------------
1.224470 20.405977 latency
        19.181509 skew

fall -> fall
    min     max
0.000000 0.000000 source latency
0.601350         network latency _2858_/CLK
        0.636962 network latency _2791_/CLK
---------------
0.601350 0.636962 latency
        0.035612 skew



===========================================================================
report_clock_min_period
============================================================================
clk period_min = 2.97 fmax = 336.68
