Clock: CLK_10MHZ
Sources: CLK_10MHZ 
Generated: no
Virtual: yes
Propagated: no
Period: 100.000000

===========================================================================
report_clock_properties
============================================================================
Clock                   Period          Waveform
----------------------------------------------------
CLK_10MHZ           100.000000    0.000000 50.000000

===========================================================================
report_clock_latency
============================================================================
Clock CLK_10MHZ
rise -> rise
    min     max
0.000000 0.000000 source latency
0.289312         network latency _1590_/CLK
        0.292658 network latency _1591_/CLK
---------------
0.289312 0.292658 latency
        0.003347 skew

fall -> fall
    min     max
0.000000 0.000000 source latency
0.257103         network latency _1590_/CLK
        0.259568 network latency _1642_/CLK
---------------
0.257103 0.259568 latency
        0.002466 skew



===========================================================================
report_clock_min_period
============================================================================
CLK_10MHZ period_min = 11.10 fmax = 90.10
