Clock: clk
Sources: clk 
Generated: no
Virtual: yes
Propagated: no
Period: 50.000000

===========================================================================
report_clock_properties
============================================================================
Clock                   Period          Waveform
----------------------------------------------------
clk                  50.000000    0.000000 25.000000

===========================================================================
report_clock_latency
============================================================================
Clock clk
rise -> rise
    min     max
0.000000 0.000000 source latency
0.728629         network latency _2485_/CLK
        0.752538 network latency _2646_/CLK
---------------
0.728629 0.752538 latency
        0.023910 skew

fall -> fall
    min     max
0.000000 0.000000 source latency
0.635605         network latency _2693_/CLK
        0.653738 network latency _2646_/CLK
---------------
0.635605 0.653738 latency
        0.018133 skew



===========================================================================
report_clock_min_period
============================================================================
clk period_min = 4.88 fmax = 205.08
