Clock: CLK
Sources: CLK 
Generated: no
Virtual: yes
Propagated: no
Period: 25.000000

===========================================================================
report_clock_properties
============================================================================
Clock                   Period          Waveform
----------------------------------------------------
CLK                  25.000000    0.000000 12.500000

===========================================================================
report_clock_latency
============================================================================
Clock CLK
rise -> rise
    min     max
0.000000 0.000000 source latency
1.081443         network latency _3880_/CLK
        1.454608 network latency _3848_/CLK
---------------
1.081443 1.454608 latency
        0.373165 skew

fall -> fall
    min     max
0.000000 0.000000 source latency
0.922632         network latency _3880_/CLK
        1.270347 network latency _3848_/CLK
---------------
0.922632 1.270347 latency
        0.347716 skew



===========================================================================
report_clock_min_period
============================================================================
CLK period_min = 13.68 fmax = 73.08
