Clock: clk
Sources: clk 
Generated: no
Virtual: yes
Propagated: no
Period: 100.000000

===========================================================================
report_clock_properties
============================================================================
Clock                   Period          Waveform
----------------------------------------------------
clk                 100.000000    0.000000 50.000000

===========================================================================
report_clock_latency
============================================================================
Clock clk
rise -> rise
    min     max
0.000000 0.000000 source latency
0.457611         network latency _0943_/CLK
        0.464000 network latency _0973_/CLK
---------------
0.457611 0.464000 latency
        0.006390 skew

fall -> fall
    min     max
0.000000 0.000000 source latency
0.402626         network latency _0943_/CLK
        0.407937 network latency _0973_/CLK
---------------
0.402626 0.407937 latency
        0.005311 skew



===========================================================================
report_clock_min_period
============================================================================
clk period_min = 3.96 fmax = 252.69
