
===========================================================================
report_checks -unconstrained
===========================================================================
======================= nom_ss_100C_1v60 Corner ===================================

Startpoint: nrst (input port clocked by clk)
Endpoint: _1335_ (recovery check against rising-edge clock clk)
Path Group: asynchronous
Path Type: max

Fanout         Cap        Slew       Delay        Time   Description
---------------------------------------------------------------------------------------------
                                  0.000000    0.000000   clock clk (rise edge)
                                  0.000000    0.000000   clock network delay (propagated)
                                  5.000000    5.000000 ^ input external delay
     1    0.002623    0.031085    0.014856    5.014856 ^ nrst (in)
                                                         nrst (net)
                      0.031085    0.000000    5.014856 ^ input2/A (sky130_fd_sc_hd__clkbuf_1)
     3    0.014572    0.284046    0.285299    5.300156 ^ input2/X (sky130_fd_sc_hd__clkbuf_1)
                                                         net2 (net)
                      0.284049    0.000890    5.301045 ^ fanout86/A (sky130_fd_sc_hd__clkbuf_4)
    10    0.063130    0.306121    0.518536    5.819582 ^ fanout86/X (sky130_fd_sc_hd__clkbuf_4)
                                                         net86 (net)
                      0.306121    0.001154    5.820735 ^ fanout85/A (sky130_fd_sc_hd__clkbuf_4)
    10    0.048677    0.243146    0.481505    6.302241 ^ fanout85/X (sky130_fd_sc_hd__clkbuf_4)
                                                         net85 (net)
                      0.243181    0.002971    6.305211 ^ _1335_/RESET_B (sky130_fd_sc_hd__dfrtp_2)
                                              6.305211   data arrival time

                                 25.000000   25.000000   clock clk (rise edge)
                                  0.000000   25.000000   clock source latency
     1    0.020058    0.150309    0.102496   25.102495 ^ clk (in)
                                                         clk (net)
                      0.150313    0.000000   25.102495 ^ clkbuf_0_clk/A (sky130_fd_sc_hd__clkbuf_16)
     4    0.039625    0.094132    0.285887   25.388382 ^ clkbuf_0_clk/X (sky130_fd_sc_hd__clkbuf_16)
                                                         clknet_0_clk (net)
                      0.094140    0.000975   25.389357 ^ clkbuf_2_2__f_clk/A (sky130_fd_sc_hd__clkbuf_16)
     9    0.039393    0.093769    0.259924   25.649281 ^ clkbuf_2_2__f_clk/X (sky130_fd_sc_hd__clkbuf_16)
                                                         clknet_2_2__leaf_clk (net)
                      0.093774    0.000815   25.650097 ^ _1335_/CLK (sky130_fd_sc_hd__dfrtp_2)
                                 -0.250000   25.400097   clock uncertainty
                                  0.000000   25.400097   clock reconvergence pessimism
                                  0.378600   25.778698   library recovery time
                                             25.778698   data required time
---------------------------------------------------------------------------------------------
                                             25.778698   data required time
                                             -6.305211   data arrival time
---------------------------------------------------------------------------------------------
                                             19.473486   slack (MET)


Startpoint: prescaler[9] (input port clocked by clk)
Endpoint: _1312_ (rising edge-triggered flip-flop clocked by clk)
Path Group: clk
Path Type: max

Fanout         Cap        Slew       Delay        Time   Description
---------------------------------------------------------------------------------------------
                                  0.000000    0.000000   clock clk (rise edge)
                                  0.000000    0.000000   clock network delay (propagated)
                                  5.000000    5.000000 ^ input external delay
     1    0.002690    0.031527    0.015209    5.015209 ^ prescaler[9] (in)
                                                         prescaler[9] (net)
                      0.031527    0.000000    5.015209 ^ input16/A (sky130_fd_sc_hd__buf_1)
     2    0.018085    0.348045    0.330799    5.346008 ^ input16/X (sky130_fd_sc_hd__buf_1)
                                                         net16 (net)
                      0.348045    0.000325    5.346333 ^ fanout87/A (sky130_fd_sc_hd__clkbuf_4)
    10    0.056068    0.275754    0.523178    5.869511 ^ fanout87/X (sky130_fd_sc_hd__clkbuf_4)
                                                         net87 (net)
                      0.275788    0.003158    5.872669 ^ _0681_/A (sky130_fd_sc_hd__xor2_2)
     3    0.014147    0.325362    0.414344    6.287013 ^ _0681_/X (sky130_fd_sc_hd__xor2_2)
                                                         _0057_ (net)
                      0.325362    0.000343    6.287356 ^ _0682_/B (sky130_fd_sc_hd__xnor2_2)
     2    0.012353    0.316671    0.330161    6.617517 ^ _0682_/Y (sky130_fd_sc_hd__xnor2_2)
                                                         _0058_ (net)
                      0.316671    0.000304    6.617821 ^ _0685_/B (sky130_fd_sc_hd__xor2_2)
     2    0.012235    0.293382    0.406207    7.024028 ^ _0685_/X (sky130_fd_sc_hd__xor2_2)
                                                         _0061_ (net)
                      0.293382    0.000237    7.024265 ^ _0686_/A3 (sky130_fd_sc_hd__a31o_1)
     2    0.008480    0.158694    0.436528    7.460793 ^ _0686_/X (sky130_fd_sc_hd__a31o_1)
                                                         _0062_ (net)
                      0.158694    0.000241    7.461034 ^ _0694_/A (sky130_fd_sc_hd__xor2_1)
     2    0.007715    0.322793    0.373606    7.834640 ^ _0694_/X (sky130_fd_sc_hd__xor2_1)
                                                         _0070_ (net)
                      0.322793    0.000198    7.834838 ^ _0852_/B (sky130_fd_sc_hd__xor2_1)
     2    0.008717    0.352109    0.459655    8.294494 ^ _0852_/X (sky130_fd_sc_hd__xor2_1)
                                                         _0228_ (net)
                      0.352109    0.000264    8.294757 ^ _0854_/B (sky130_fd_sc_hd__xor2_1)
     2    0.010790    0.413222    0.513160    8.807918 ^ _0854_/X (sky130_fd_sc_hd__xor2_1)
                                                         _0230_ (net)
                      0.413222    0.000297    8.808214 ^ _0855_/B (sky130_fd_sc_hd__xnor2_1)
     3    0.011083    0.454490    0.406649    9.214863 ^ _0855_/Y (sky130_fd_sc_hd__xnor2_1)
                                                         _0231_ (net)
                      0.454490    0.000305    9.215168 ^ _0858_/A (sky130_fd_sc_hd__xnor2_1)
     2    0.007758    0.182909    0.335069    9.550237 v _0858_/Y (sky130_fd_sc_hd__xnor2_1)
                                                         _0234_ (net)
                      0.182909    0.000201    9.550437 v _0863_/A (sky130_fd_sc_hd__nor2_1)
     2    0.012931    0.406748    0.420688    9.971126 ^ _0863_/Y (sky130_fd_sc_hd__nor2_1)
                                                         _0239_ (net)
                      0.406748    0.000367    9.971493 ^ _0869_/A4 (sky130_fd_sc_hd__a41oi_4)
     3    0.011856    0.221925    0.387177   10.358670 v _0869_/Y (sky130_fd_sc_hd__a41oi_4)
                                                         _0245_ (net)
                      0.221926    0.000508   10.359178 v _0902_/A2 (sky130_fd_sc_hd__a211o_1)
     2    0.008027    0.131350    0.653684   11.012862 v _0902_/X (sky130_fd_sc_hd__a211o_1)
                                                         _0278_ (net)
                      0.131350    0.000254   11.013116 v _0912_/A1 (sky130_fd_sc_hd__a21oi_2)
     5    0.022207    0.460745    0.471961   11.485077 ^ _0912_/Y (sky130_fd_sc_hd__a21oi_2)
                                                         _0288_ (net)
                      0.460746    0.000513   11.485591 ^ _0922_/C1 (sky130_fd_sc_hd__a211o_1)
     3    0.008923    0.144437    0.360393   11.845984 ^ _0922_/X (sky130_fd_sc_hd__a211o_1)
                                                         _0298_ (net)
                      0.144437    0.000250   11.846233 ^ _0924_/C_N (sky130_fd_sc_hd__or3b_1)
     2    0.004260    0.155134    0.845570   12.691804 v _0924_/X (sky130_fd_sc_hd__or3b_1)
                                                         _0300_ (net)
                      0.155134    0.000108   12.691912 v _0956_/C_N (sky130_fd_sc_hd__or3b_1)
     1    0.005102    0.098792    0.358759   13.050672 ^ _0956_/X (sky130_fd_sc_hd__or3b_1)
                                                         _0332_ (net)
                      0.098792    0.000151   13.050822 ^ _0957_/A2 (sky130_fd_sc_hd__a211oi_2)
     2    0.011490    0.157330    0.194104   13.244926 v _0957_/Y (sky130_fd_sc_hd__a211oi_2)
                                                         _0333_ (net)
                      0.157330    0.000242   13.245169 v _0960_/B (sky130_fd_sc_hd__or3_1)
     1    0.004984    0.160660    0.861126   14.106296 v _0960_/X (sky130_fd_sc_hd__or3_1)
                                                         _0336_ (net)
                      0.160660    0.000194   14.106489 v fanout60/A (sky130_fd_sc_hd__buf_2)
     7    0.042729    0.200098    0.413877   14.520366 v fanout60/X (sky130_fd_sc_hd__buf_2)
                                                         net60 (net)
                      0.200098    0.000799   14.521165 v fanout59/A (sky130_fd_sc_hd__buf_2)
    10    0.043071    0.201580    0.433870   14.955035 v fanout59/X (sky130_fd_sc_hd__buf_2)
                                                         net59 (net)
                      0.201643    0.003375   14.958410 v _1035_/C (sky130_fd_sc_hd__or4_1)
     4    0.010868    0.275703    1.289479   16.247889 v _1035_/X (sky130_fd_sc_hd__or4_1)
                                                         _0411_ (net)
                      0.275703    0.000135   16.248024 v _1053_/B (sky130_fd_sc_hd__or2_1)
     2    0.006145    0.126736    0.581863   16.829887 v _1053_/X (sky130_fd_sc_hd__or2_1)
                                                         _0428_ (net)
                      0.126736    0.000174   16.830061 v _1213_/A2 (sky130_fd_sc_hd__a311o_1)
     1    0.002514    0.089951    0.595630   17.425692 v _1213_/X (sky130_fd_sc_hd__a311o_1)
                                                         _0557_ (net)
                      0.089951    0.000076   17.425768 v _1214_/C (sky130_fd_sc_hd__or4b_1)
     1    0.008261    0.241580    1.205574   18.631342 v _1214_/X (sky130_fd_sc_hd__or4b_1)
                                                         _0558_ (net)
                      0.241580    0.000382   18.631723 v _1228_/A (sky130_fd_sc_hd__or4_1)
     1    0.003749    0.190931    1.285264   19.916988 v _1228_/X (sky130_fd_sc_hd__or4_1)
                                                         _0572_ (net)
                      0.190931    0.000121   19.917109 v _1253_/A (sky130_fd_sc_hd__nor2_1)
     1    0.003180    0.146475    0.220922   20.138031 ^ _1253_/Y (sky130_fd_sc_hd__nor2_1)
                                                         clk_divider.next_flag (net)
                      0.146475    0.000096   20.138126 ^ _1312_/D (sky130_fd_sc_hd__dfrtp_1)
                                             20.138126   data arrival time

                                 25.000000   25.000000   clock clk (rise edge)
                                  0.000000   25.000000   clock source latency
     1    0.020058    0.150309    0.102496   25.102495 ^ clk (in)
                                                         clk (net)
                      0.150313    0.000000   25.102495 ^ clkbuf_0_clk/A (sky130_fd_sc_hd__clkbuf_16)
     4    0.039625    0.094132    0.285887   25.388382 ^ clkbuf_0_clk/X (sky130_fd_sc_hd__clkbuf_16)
                                                         clknet_0_clk (net)
                      0.094142    0.001032   25.389414 ^ clkbuf_2_3__f_clk/A (sky130_fd_sc_hd__clkbuf_16)
    11    0.032805    0.084344    0.250333   25.639748 ^ clkbuf_2_3__f_clk/X (sky130_fd_sc_hd__clkbuf_16)
                                                         clknet_2_3__leaf_clk (net)
                      0.084344    0.000504   25.640251 ^ _1312_/CLK (sky130_fd_sc_hd__dfrtp_1)
                                 -0.250000   25.390253   clock uncertainty
                                  0.000000   25.390253   clock reconvergence pessimism
                                 -0.149788   25.240465   library setup time
                                             25.240465   data required time
---------------------------------------------------------------------------------------------
                                             25.240465   data required time
                                            -20.138126   data arrival time
---------------------------------------------------------------------------------------------
                                              5.102338   slack (MET)




===========================================================================
report_checks --slack_max -0.01
============================================================================
======================= nom_ss_100C_1v60 Corner ===================================

No paths found.


===========================================================================
 report_check_types -max_slew -max_cap -max_fanout -violators
============================================================================
======================= nom_ss_100C_1v60 Corner ===================================

max fanout

Pin                                   Limit Fanout  Slack
---------------------------------------------------------
clkbuf_2_3__f_clk/X                      10     11        (VIOLATED)



===========================================================================
report_parasitic_annotation -report_unannotated
============================================================================
Found 3 unannotated drivers.
 clkload0/X
 clkload1/Y
 clkload2/Y
Found 0 partially unannotated drivers.

===========================================================================
max slew violation count 0
max fanout violation count 1
max cap violation count 0
============================================================================

===========================================================================
check_setup -verbose -unconstrained_endpoints -multiple_clock -no_clock -no_input_delay -loops -generated_clocks
===========================================================================
