Clock: clk
Sources: clk 
Generated: no
Virtual: yes
Propagated: no
Period: 25.000000

===========================================================================
report_clock_properties
============================================================================
Clock                   Period          Waveform
----------------------------------------------------
clk                  25.000000    0.000000 12.500000

===========================================================================
report_clock_latency
============================================================================
Clock clk
rise -> rise
    min     max
0.000000 0.000000 source latency
0.640252         network latency _1312_/CLK
        0.650894 network latency _1319_/CLK
---------------
0.640252 0.650894 latency
        0.010642 skew

fall -> fall
    min     max
0.000000 0.000000 source latency
0.615189         network latency _1312_/CLK
        0.624023 network latency _1319_/CLK
---------------
0.615189 0.624023 latency
        0.008834 skew



===========================================================================
report_clock_min_period
============================================================================
clk period_min = 13.27 fmax = 75.35
