
===========================================================================
report_checks -unconstrained
===========================================================================
======================= min_tt_025C_1v80 Corner ===================================

Startpoint: n_rst (input port clocked by clk)
Endpoint: _0938_ (recovery check against rising-edge clock clk)
Path Group: asynchronous
Path Type: max

Fanout         Cap        Slew       Delay        Time   Description
---------------------------------------------------------------------------------------------
                                  0.000000    0.000000   clock clk (rise edge)
                                  0.000000    0.000000   clock network delay (propagated)
                                 20.000000   20.000000 ^ input external delay
     1    0.002580    0.018797    0.009528   20.009529 ^ n_rst (in)
                                                         n_rst (net)
                      0.018797    0.000000   20.009529 ^ input16/A (sky130_fd_sc_hd__buf_1)
     2    0.015223    0.183995    0.169472   20.179001 ^ input16/X (sky130_fd_sc_hd__buf_1)
                                                         net16 (net)
                      0.183999    0.000743   20.179743 ^ fanout34/A (sky130_fd_sc_hd__clkbuf_2)
     6    0.026538    0.149218    0.223372   20.403114 ^ fanout34/X (sky130_fd_sc_hd__clkbuf_2)
                                                         net34 (net)
                      0.149218    0.000673   20.403788 ^ fanout32/A (sky130_fd_sc_hd__clkbuf_4)
    10    0.049673    0.155774    0.254360   20.658148 ^ fanout32/X (sky130_fd_sc_hd__clkbuf_4)
                                                         net32 (net)
                      0.155774    0.000203   20.658350 ^ fanout31/A (sky130_fd_sc_hd__clkbuf_4)
    10    0.047418    0.149499    0.251958   20.910309 ^ fanout31/X (sky130_fd_sc_hd__clkbuf_4)
                                                         net31 (net)
                      0.149500    0.000739   20.911047 ^ fanout30/A (sky130_fd_sc_hd__clkbuf_4)
    10    0.045195    0.143297    0.245144   21.156193 ^ fanout30/X (sky130_fd_sc_hd__clkbuf_4)
                                                         net30 (net)
                      0.143302    0.001094   21.157286 ^ _0938_/SET_B (sky130_fd_sc_hd__dfstp_1)
                                             21.157286   data arrival time

                                100.000000  100.000000   clock clk (rise edge)
                                  0.000000  100.000000   clock source latency
     1    0.022042    0.104897    0.072525  100.072525 ^ clk (in)
                                                         clk (net)
                      0.104926    0.000000  100.072525 ^ clkbuf_0_clk/A (sky130_fd_sc_hd__clkbuf_16)
     8    0.092342    0.108337    0.202270  100.274796 ^ clkbuf_0_clk/X (sky130_fd_sc_hd__clkbuf_16)
                                                         clknet_0_clk (net)
                      0.108371    0.001840  100.276634 ^ clkbuf_3_3__f_clk/A (sky130_fd_sc_hd__clkbuf_16)
    16    0.049723    0.068575    0.172285  100.448921 ^ clkbuf_3_3__f_clk/X (sky130_fd_sc_hd__clkbuf_16)
                                                         clknet_3_3__leaf_clk (net)
                      0.068578    0.000519  100.449440 ^ _0938_/CLK (sky130_fd_sc_hd__dfstp_1)
                                 -0.250000  100.199440   clock uncertainty
                                  0.000000  100.199440   clock reconvergence pessimism
                                  0.134610  100.334053   library recovery time
                                            100.334053   data required time
---------------------------------------------------------------------------------------------
                                            100.334053   data required time
                                            -21.157286   data arrival time
---------------------------------------------------------------------------------------------
                                             79.176765   slack (MET)


Startpoint: bit_period[1] (input port clocked by clk)
Endpoint: _1026_ (rising edge-triggered flip-flop clocked by clk)
Path Group: clk
Path Type: max

Fanout         Cap        Slew       Delay        Time   Description
---------------------------------------------------------------------------------------------
                                  0.000000    0.000000   clock clk (rise edge)
                                  0.000000    0.000000   clock network delay (propagated)
                                 20.000000   20.000000 ^ input external delay
     1    0.003212    0.021512    0.011749   20.011749 ^ bit_period[1] (in)
                                                         bit_period[1] (net)
                      0.021512    0.000000   20.011749 ^ input6/A (sky130_fd_sc_hd__clkbuf_2)
     6    0.027832    0.155248    0.175048   20.186796 ^ input6/X (sky130_fd_sc_hd__clkbuf_2)
                                                         net6 (net)
                      0.155252    0.000661   20.187458 ^ _0587_/A_N (sky130_fd_sc_hd__and2b_1)
     1    0.003661    0.037636    0.201519   20.388977 v _0587_/X (sky130_fd_sc_hd__and2b_1)
                                                         _0186_ (net)
                      0.037636    0.000048   20.389025 v _0598_/B1 (sky130_fd_sc_hd__a2111o_1)
     1    0.001999    0.053585    0.363308   20.752333 v _0598_/X (sky130_fd_sc_hd__a2111o_1)
                                                         _0197_ (net)
                      0.053585    0.000020   20.752352 v _0602_/A (sky130_fd_sc_hd__or4_1)
     2    0.005851    0.102301    0.543748   21.296101 v _0602_/X (sky130_fd_sc_hd__or4_1)
                                                         _0201_ (net)
                      0.102301    0.000078   21.296179 v _0605_/A2 (sky130_fd_sc_hd__o21ba_1)
     4    0.015747    0.091763    0.243604   21.539782 v _0605_/X (sky130_fd_sc_hd__o21ba_1)
                                                         _0203_ (net)
                      0.091763    0.000162   21.539944 v fanout20/A (sky130_fd_sc_hd__buf_2)
    10    0.036281    0.092394    0.205086   21.745029 v fanout20/X (sky130_fd_sc_hd__buf_2)
                                                         net20 (net)
                      0.092394    0.000203   21.745232 v _0608_/A (sky130_fd_sc_hd__and3_1)
     2    0.007926    0.059285    0.184567   21.929798 v _0608_/X (sky130_fd_sc_hd__and3_1)
                                                         uart_tx.count.next_cnt_out[1] (net)
                      0.059285    0.000103   21.929901 v _0647_/B (sky130_fd_sc_hd__xor2_1)
     1    0.003545    0.056166    0.144428   22.074331 v _0647_/X (sky130_fd_sc_hd__xor2_1)
                                                         _0232_ (net)
                      0.056166    0.000044   22.074375 v _0651_/A (sky130_fd_sc_hd__or4_1)
     1    0.001737    0.075074    0.499918   22.574293 v _0651_/X (sky130_fd_sc_hd__or4_1)
                                                         _0236_ (net)
                      0.075074    0.000014   22.574308 v _0657_/B (sky130_fd_sc_hd__or3_1)
     1    0.005246    0.078341    0.368436   22.942743 v _0657_/X (sky130_fd_sc_hd__or3_1)
                                                         _0242_ (net)
                      0.078341    0.000114   22.942858 v _0658_/C1 (sky130_fd_sc_hd__a211oi_1)
     1    0.002713    0.182495    0.173289   23.116146 ^ _0658_/Y (sky130_fd_sc_hd__a211oi_1)
                                                         _0243_ (net)
                      0.182495    0.000023   23.116169 ^ _0663_/B1 (sky130_fd_sc_hd__o2111a_1)
     1    0.008493    0.099367    0.252188   23.368357 ^ _0663_/X (sky130_fd_sc_hd__o2111a_1)
                                                         uart_tx.count.next_roflag (net)
                      0.099367    0.000314   23.368671 ^ _1026_/D (sky130_fd_sc_hd__dfrtp_1)
                                             23.368671   data arrival time

                                100.000000  100.000000   clock clk (rise edge)
                                  0.000000  100.000000   clock source latency
     1    0.022042    0.104897    0.072525  100.072525 ^ clk (in)
                                                         clk (net)
                      0.104926    0.000000  100.072525 ^ clkbuf_0_clk/A (sky130_fd_sc_hd__clkbuf_16)
     8    0.092342    0.108337    0.202270  100.274796 ^ clkbuf_0_clk/X (sky130_fd_sc_hd__clkbuf_16)
                                                         clknet_0_clk (net)
                      0.108349    0.001222  100.276016 ^ clkbuf_3_7__f_clk/A (sky130_fd_sc_hd__clkbuf_16)
    11    0.047402    0.066476    0.170623  100.446640 ^ clkbuf_3_7__f_clk/X (sky130_fd_sc_hd__clkbuf_16)
                                                         clknet_3_7__leaf_clk (net)
                      0.066479    0.000490  100.447128 ^ _1026_/CLK (sky130_fd_sc_hd__dfrtp_1)
                                 -0.250000  100.197128   clock uncertainty
                                  0.000000  100.197128   clock reconvergence pessimism
                                 -0.069093  100.128036   library setup time
                                            100.128036   data required time
---------------------------------------------------------------------------------------------
                                            100.128036   data required time
                                            -23.368671   data arrival time
---------------------------------------------------------------------------------------------
                                             76.759369   slack (MET)




===========================================================================
report_checks --slack_max -0.01
============================================================================
======================= min_tt_025C_1v80 Corner ===================================

No paths found.


===========================================================================
 report_check_types -max_slew -max_cap -max_fanout -violators
============================================================================
======================= min_tt_025C_1v80 Corner ===================================

max fanout

Pin                                   Limit Fanout  Slack
---------------------------------------------------------
clkbuf_3_1__f_clk/X                      10     18     -8 (VIOLATED)
clkbuf_3_2__f_clk/X                      10     17     -7 (VIOLATED)
clkbuf_3_3__f_clk/X                      10     16     -6 (VIOLATED)
clkbuf_3_0__f_clk/X                      10     14     -4 (VIOLATED)
clkbuf_3_4__f_clk/X                      10     13     -3 (VIOLATED)
clkbuf_3_6__f_clk/X                      10     12     -2 (VIOLATED)
clkbuf_3_7__f_clk/X                      10     11        (VIOLATED)



===========================================================================
report_parasitic_annotation -report_unannotated
============================================================================
Found 8 unannotated drivers.
 clkload0/Y
 clkload1/X
 clkload2/Y
 clkload3/Y
 clkload4/Y
 clkload5/Y
 clkload6/Y
 matrix_mult_40/HI
Found 0 partially unannotated drivers.

===========================================================================
max slew violation count 0
max fanout violation count 7
max cap violation count 0
============================================================================

===========================================================================
check_setup -verbose -unconstrained_endpoints -multiple_clock -no_clock -no_input_delay -loops -generated_clocks
===========================================================================
Warning: There is 1 unconstrained endpoint.
  tx_busy
