Clock: clk
Sources: clk 
Generated: no
Virtual: yes
Propagated: no
Period: 100.000000

===========================================================================
report_clock_properties
============================================================================
Clock                   Period          Waveform
----------------------------------------------------
clk                 100.000000    0.000000 50.000000

===========================================================================
report_clock_latency
============================================================================
Clock clk
rise -> rise
    min     max
0.000000 0.000000 source latency
0.445439         network latency _0998_/CLK
        0.450806 network latency _0973_/CLK
---------------
0.445439 0.450806 latency
        0.005367 skew

fall -> fall
    min     max
0.000000 0.000000 source latency
0.394738         network latency _0998_/CLK
        0.399169 network latency _0973_/CLK
---------------
0.394738 0.399169 latency
        0.004430 skew



===========================================================================
report_clock_min_period
============================================================================
clk period_min = 3.92 fmax = 254.97
