
===========================================================================
report_checks -unconstrained
===========================================================================
======================= nom_ff_n40C_1v95 Corner ===================================

Startpoint: _1650_ (rising edge-triggered flip-flop clocked by CLK_10MHZ)
Endpoint: D0_SEG[3] (output port clocked by CLK_10MHZ)
Path Group: CLK_10MHZ
Path Type: max

Fanout         Cap        Slew       Delay        Time   Description
---------------------------------------------------------------------------------------------
                                  0.000000    0.000000   clock CLK_10MHZ (rise edge)
                                  0.000000    0.000000   clock source latency
     1    0.022207    0.078810    0.054602    0.054602 ^ CLK_10MHZ (in)
                                                         CLK_10MHZ (net)
                      0.078855    0.000000    0.054602 ^ clkbuf_0_CLK_10MHZ/A (sky130_fd_sc_hd__clkbuf_16)
     8    0.083198    0.076787    0.132995    0.187597 ^ clkbuf_0_CLK_10MHZ/X (sky130_fd_sc_hd__clkbuf_16)
                                                         clknet_0_CLK_10MHZ (net)
                      0.076935    0.002697    0.190295 ^ clkbuf_3_2__f_CLK_10MHZ/A (sky130_fd_sc_hd__clkbuf_16)
    10    0.034263    0.041437    0.106394    0.296688 ^ clkbuf_3_2__f_CLK_10MHZ/X (sky130_fd_sc_hd__clkbuf_16)
                                                         clknet_3_2__leaf_CLK_10MHZ (net)
                      0.041440    0.000568    0.297256 ^ _1650_/CLK (sky130_fd_sc_hd__dfxtp_1)
     2    0.005640    0.027196    0.195888    0.493144 v _1650_/Q (sky130_fd_sc_hd__dfxtp_1)
                                                         bcd_num[4] (net)
                      0.027196    0.000120    0.493264 v fanout44/A (sky130_fd_sc_hd__clkbuf_2)
    10    0.027421    0.074883    0.112624    0.605888 v fanout44/X (sky130_fd_sc_hd__clkbuf_2)
                                                         net44 (net)
                      0.074890    0.000743    0.606631 v _0813_/B (sky130_fd_sc_hd__or4bb_1)
     3    0.009675    0.081148    0.316091    0.922722 v _0813_/X (sky130_fd_sc_hd__or4bb_1)
                                                         _0083_ (net)
                      0.081148    0.000302    0.923025 v _0822_/C1 (sky130_fd_sc_hd__o311a_1)
     2    0.006021    0.048882    0.092737    1.015761 v _0822_/X (sky130_fd_sc_hd__o311a_1)
                                                         _0090_ (net)
                      0.048882    0.000158    1.015919 v _0823_/A3 (sky130_fd_sc_hd__a31o_1)
     1    0.004116    0.031681    0.146276    1.162195 v _0823_/X (sky130_fd_sc_hd__a31o_1)
                                                         net10 (net)
                      0.031681    0.000139    1.162335 v output10/A (sky130_fd_sc_hd__buf_2)
     1    0.034175    0.062641    0.117767    1.280101 v output10/X (sky130_fd_sc_hd__buf_2)
                                                         D0_SEG[3] (net)
                      0.062648    0.000657    1.280759 v D0_SEG[3] (out)
                                              1.280759   data arrival time

                                100.000000  100.000000   clock CLK_10MHZ (rise edge)
                                  0.000000  100.000000   clock network delay (propagated)
                                 -0.250000   99.750000   clock uncertainty
                                  0.000000   99.750000   clock reconvergence pessimism
                                -20.000000   79.750000   output external delay
                                             79.750000   data required time
---------------------------------------------------------------------------------------------
                                             79.750000   data required time
                                             -1.280759   data arrival time
---------------------------------------------------------------------------------------------
                                             78.469238   slack (MET)




===========================================================================
report_checks --slack_max -0.01
============================================================================
======================= nom_ff_n40C_1v95 Corner ===================================

No paths found.


===========================================================================
 report_check_types -max_slew -max_cap -max_fanout -violators
============================================================================
======================= nom_ff_n40C_1v95 Corner ===================================

max fanout

Pin                                   Limit Fanout  Slack
---------------------------------------------------------
clkbuf_3_7__f_CLK_10MHZ/X                10     13     -3 (VIOLATED)
clkbuf_3_3__f_CLK_10MHZ/X                10     11        (VIOLATED)
clkbuf_3_6__f_CLK_10MHZ/X                10     11        (VIOLATED)



===========================================================================
report_parasitic_annotation -report_unannotated
============================================================================
Found 10 unannotated drivers.
 clkload0/Y
 clkload1/Y
 clkload2/Y
 clkload3/Y
 clkload4/Y
 clkload5/Y
 clkload6/Y
 intro_2_stopwatch_52/LO
 intro_2_stopwatch_53/LO
 intro_2_stopwatch_54/LO
Found 0 partially unannotated drivers.

===========================================================================
max slew violation count 0
max fanout violation count 3
max cap violation count 0
============================================================================

===========================================================================
check_setup -verbose -unconstrained_endpoints -multiple_clock -no_clock -no_input_delay -loops -generated_clocks
===========================================================================
Warning: There are 3 unconstrained endpoints.
  D0_AN_2
  D0_AN_3
  D0_SEG[7]
