Clock: CLK_10MHZ
Sources: CLK_10MHZ 
Generated: no
Virtual: yes
Propagated: no
Period: 100.000000

===========================================================================
report_clock_properties
============================================================================
Clock                   Period          Waveform
----------------------------------------------------
CLK_10MHZ           100.000000    0.000000 50.000000

===========================================================================
report_clock_latency
============================================================================
Clock CLK_10MHZ
rise -> rise
    min     max
0.000000 0.000000 source latency
0.296785         network latency _1623_/CLK
        0.300846 network latency _1591_/CLK
---------------
0.296785 0.300846 latency
        0.004060 skew

fall -> fall
    min     max
0.000000 0.000000 source latency
0.262123         network latency _1590_/CLK
        0.265516 network latency _1642_/CLK
---------------
0.262123 0.265516 latency
        0.003393 skew



===========================================================================
report_clock_min_period
============================================================================
CLK_10MHZ period_min = 11.21 fmax = 89.18
