
===========================================================================
report_checks -unconstrained
===========================================================================
======================= min_ss_100C_1v60 Corner ===================================

Startpoint: nRST (input port clocked by CLK)
Endpoint: _3777_ (recovery check against rising-edge clock CLK)
Path Group: asynchronous
Path Type: max

Fanout         Cap        Slew       Delay        Time   Description
---------------------------------------------------------------------------------------------
                                  0.000000    0.000000   clock CLK (rise edge)
                                  0.000000    0.000000   clock network delay (propagated)
                                  5.000000    5.000000 ^ input external delay
     2    0.003838    0.039216    0.021239    5.021239 ^ nRST (in)
                                                         nRST (net)
                      0.039216    0.000000    5.021239 ^ input33/A (sky130_fd_sc_hd__clkbuf_1)
     1    0.005854    0.126209    0.176692    5.197930 ^ input33/X (sky130_fd_sc_hd__clkbuf_1)
                                                         net33 (net)
                      0.126209    0.000137    5.198067 ^ fanout169/A (sky130_fd_sc_hd__buf_2)
    11    0.052423    0.407136    0.465632    5.663699 ^ fanout169/X (sky130_fd_sc_hd__buf_2)
                                                         net169 (net)
                      0.407264    0.002286    5.665985 ^ fanout168/A (sky130_fd_sc_hd__clkbuf_4)
    15    0.067606    0.326419    0.585806    6.251791 ^ fanout168/X (sky130_fd_sc_hd__clkbuf_4)
                                                         net168 (net)
                      0.326530    0.005837    6.257628 ^ fanout155/A (sky130_fd_sc_hd__buf_2)
    11    0.042496    0.333943    0.498859    6.756487 ^ fanout155/X (sky130_fd_sc_hd__buf_2)
                                                         net155 (net)
                      0.333946    0.001567    6.758053 ^ fanout152/A (sky130_fd_sc_hd__clkbuf_4)
    21    0.063081    0.305984    0.540672    7.298725 ^ fanout152/X (sky130_fd_sc_hd__clkbuf_4)
                                                         net152 (net)
                      0.305984    0.000264    7.298989 ^ fanout151/A (sky130_fd_sc_hd__clkbuf_4)
    10    0.043307    0.219536    0.464965    7.763954 ^ fanout151/X (sky130_fd_sc_hd__clkbuf_4)
                                                         net151 (net)
                      0.219538    0.001192    7.765146 ^ _3777_/RESET_B (sky130_fd_sc_hd__dfrtp_4)
                                              7.765146   data arrival time

                                 25.000000   25.000000   clock CLK (rise edge)
                                  0.000000   25.000000   clock source latency
     2    0.042855    0.309123    0.217822   25.217821 ^ CLK (in)
                                                         CLK (net)
                      0.309303    0.000000   25.217821 ^ clkbuf_0_CLK/A (sky130_fd_sc_hd__clkbuf_16)
     9    0.085054    0.156095    0.404663   25.622484 ^ clkbuf_0_CLK/X (sky130_fd_sc_hd__clkbuf_16)
                                                         clknet_0_CLK (net)
                      0.156098    0.001098   25.623583 ^ clkbuf_2_2__f_CLK/A (sky130_fd_sc_hd__clkbuf_16)
    23    0.117814    0.201578    0.373467   25.997049 ^ clkbuf_2_2__f_CLK/X (sky130_fd_sc_hd__clkbuf_16)
                                                         clknet_2_2__leaf_CLK (net)
                      0.201619    0.002855   25.999903 ^ clkbuf_leaf_23_CLK/A (sky130_fd_sc_hd__clkbuf_8)
     9    0.038479    0.126239    0.335376   26.335279 ^ clkbuf_leaf_23_CLK/X (sky130_fd_sc_hd__clkbuf_8)
                                                         clknet_leaf_23_CLK (net)
                      0.126242    0.000814   26.336094 ^ _3777_/CLK (sky130_fd_sc_hd__dfrtp_4)
                                 -0.250000   26.086094   clock uncertainty
                                  0.000000   26.086094   clock reconvergence pessimism
                                  0.392816   26.478909   library recovery time
                                             26.478909   data required time
---------------------------------------------------------------------------------------------
                                             26.478909   data required time
                                             -7.765146   data arrival time
---------------------------------------------------------------------------------------------
                                             18.713764   slack (MET)


Startpoint: _3779_ (rising edge-triggered flip-flop clocked by CLK)
Endpoint: _3805_ (rising edge-triggered flip-flop clocked by CLK)
Path Group: CLK
Path Type: max

Fanout         Cap        Slew       Delay        Time   Description
---------------------------------------------------------------------------------------------
                                  0.000000    0.000000   clock CLK (rise edge)
                                  0.000000    0.000000   clock source latency
     2    0.042855    0.309123    0.217822    0.217822 ^ CLK (in)
                                                         CLK (net)
                      0.309303    0.000000    0.217822 ^ clkbuf_0_CLK/A (sky130_fd_sc_hd__clkbuf_16)
     9    0.085054    0.156095    0.404663    0.622485 ^ clkbuf_0_CLK/X (sky130_fd_sc_hd__clkbuf_16)
                                                         clknet_0_CLK (net)
                      0.156098    0.001098    0.623583 ^ clkbuf_2_2__f_CLK/A (sky130_fd_sc_hd__clkbuf_16)
    23    0.117814    0.201578    0.373467    0.997050 ^ clkbuf_2_2__f_CLK/X (sky130_fd_sc_hd__clkbuf_16)
                                                         clknet_2_2__leaf_CLK (net)
                      0.201609    0.002562    0.999612 ^ clkbuf_leaf_24_CLK/A (sky130_fd_sc_hd__clkbuf_8)
    10    0.041420    0.133252    0.341099    1.340711 ^ clkbuf_leaf_24_CLK/X (sky130_fd_sc_hd__clkbuf_8)
                                                         clknet_leaf_24_CLK (net)
                      0.133252    0.000167    1.340878 ^ _3779_/CLK (sky130_fd_sc_hd__dfrtp_4)
    15    0.040517    0.197365    1.137408    2.478286 v _3779_/Q (sky130_fd_sc_hd__dfrtp_4)
                                                         myPWM.g_pwm_channel[0].CHANNEL.data_double_buff[6] (net)
                      0.197365    0.000816    2.479101 v _2934_/A_N (sky130_fd_sc_hd__nand2b_1)
     2    0.004619    0.119475    0.376539    2.855640 v _2934_/Y (sky130_fd_sc_hd__nand2b_1)
                                                         _0519_ (net)
                      0.119475    0.000037    2.855677 v _2935_/B (sky130_fd_sc_hd__and2b_1)
     4    0.016843    0.176604    0.452139    3.307816 v _2935_/X (sky130_fd_sc_hd__and2b_1)
                                                         _0520_ (net)
                      0.176604    0.000176    3.307991 v _2958_/B (sky130_fd_sc_hd__or4b_1)
     1    0.004554    0.207909    1.243907    4.551898 v _2958_/X (sky130_fd_sc_hd__or4b_1)
                                                         _0543_ (net)
                      0.207909    0.000039    4.551937 v _2959_/A (sky130_fd_sc_hd__inv_2)
     1    0.003290    0.065015    0.118817    4.670754 ^ _2959_/Y (sky130_fd_sc_hd__inv_2)
                                                         _0544_ (net)
                      0.065015    0.000034    4.670788 ^ _2967_/A2 (sky130_fd_sc_hd__a21oi_1)
     2    0.012126    0.229429    0.234516    4.905305 v _2967_/Y (sky130_fd_sc_hd__a21oi_1)
                                                         _0552_ (net)
                      0.229429    0.000474    4.905778 v _2979_/A2 (sky130_fd_sc_hd__a211o_2)
     9    0.036780    0.228697    0.857802    5.763581 v _2979_/X (sky130_fd_sc_hd__a211o_2)
                                                         _0564_ (net)
                      0.228748    0.003353    5.766934 v _3013_/A1 (sky130_fd_sc_hd__a211o_1)
     3    0.015781    0.190956    0.674605    6.441539 v _3013_/X (sky130_fd_sc_hd__a211o_1)
                                                         _0598_ (net)
                      0.190956    0.000337    6.441876 v _3038_/A1 (sky130_fd_sc_hd__a21oi_1)
     2    0.010017    0.385432    0.422520    6.864397 ^ _3038_/Y (sky130_fd_sc_hd__a21oi_1)
                                                         _0623_ (net)
                      0.385432    0.000269    6.864666 ^ _3041_/A1 (sky130_fd_sc_hd__o21ai_1)
     4    0.011180    0.232664    0.359012    7.223678 v _3041_/Y (sky130_fd_sc_hd__o21ai_1)
                                                         _0626_ (net)
                      0.232664    0.000164    7.223842 v _3043_/B1 (sky130_fd_sc_hd__a22o_1)
     2    0.005334    0.093276    0.415381    7.639223 v _3043_/X (sky130_fd_sc_hd__a22o_1)
                                                         _0628_ (net)
                      0.093276    0.000079    7.639302 v _3044_/B (sky130_fd_sc_hd__or2_1)
     3    0.007293    0.141398    0.517344    8.156646 v _3044_/X (sky130_fd_sc_hd__or2_1)
                                                         _0629_ (net)
                      0.141398    0.000033    8.156678 v _3049_/C (sky130_fd_sc_hd__and3_1)
     3    0.006823    0.103326    0.432139    8.588817 v _3049_/X (sky130_fd_sc_hd__and3_1)
                                                         _0634_ (net)
                      0.103326    0.000078    8.588895 v _3061_/A (sky130_fd_sc_hd__or4b_2)
     3    0.014861    0.304584    1.734257   10.323153 v _3061_/X (sky130_fd_sc_hd__or4b_2)
                                                         _0646_ (net)
                      0.304584    0.000579   10.323731 v _3110_/A (sky130_fd_sc_hd__or4b_2)
     5    0.020747    0.334446    1.861768   12.185499 v _3110_/X (sky130_fd_sc_hd__or4b_2)
                                                         _0695_ (net)
                      0.334446    0.001121   12.186620 v _3386_/A1 (sky130_fd_sc_hd__o31ai_1)
     1    0.008643    0.593810    0.722776   12.909396 ^ _3386_/Y (sky130_fd_sc_hd__o31ai_1)
                                                         _0971_ (net)
                      0.593810    0.000312   12.909707 ^ _3387_/B1 (sky130_fd_sc_hd__a31o_1)
     1    0.004795    0.108353    0.367411   13.277119 ^ _3387_/X (sky130_fd_sc_hd__a31o_1)
                                                         _0972_ (net)
                      0.108353    0.000062   13.277181 ^ _3388_/B1 (sky130_fd_sc_hd__a21o_1)
     2    0.007944    0.127062    0.203694   13.480875 ^ _3388_/X (sky130_fd_sc_hd__a21o_1)
                                                         _0973_ (net)
                      0.127062    0.000114   13.480989 ^ _3464_/B (sky130_fd_sc_hd__and3_1)
     1    0.001872    0.076858    0.295793   13.776781 ^ _3464_/X (sky130_fd_sc_hd__and3_1)
                                                         _1049_ (net)
                      0.076858    0.000016   13.776797 ^ _3465_/A_N (sky130_fd_sc_hd__and3b_1)
     1    0.003662    0.077525    0.360249   14.137046 v _3465_/X (sky130_fd_sc_hd__and3b_1)
                                                         myPWM.g_pwm_channel[0].CHANNEL.pwm_next (net)
                      0.077525    0.000050   14.137095 v _3805_/D (sky130_fd_sc_hd__dfrtp_1)
                                             14.137095   data arrival time

                                 25.000000   25.000000   clock CLK (rise edge)
                                  0.000000   25.000000   clock source latency
     2    0.042855    0.309123    0.217822   25.217821 ^ CLK (in)
                                                         CLK (net)
                      0.309303    0.000000   25.217821 ^ clkbuf_0_CLK/A (sky130_fd_sc_hd__clkbuf_16)
     9    0.085054    0.156095    0.404663   25.622484 ^ clkbuf_0_CLK/X (sky130_fd_sc_hd__clkbuf_16)
                                                         clknet_0_CLK (net)
                      0.156102    0.001329   25.623814 ^ clkbuf_2_3__f_CLK/A (sky130_fd_sc_hd__clkbuf_16)
    17    0.099445    0.175569    0.353978   25.977791 ^ clkbuf_2_3__f_CLK/X (sky130_fd_sc_hd__clkbuf_16)
                                                         clknet_2_3__leaf_CLK (net)
                      0.175573    0.001297   25.979088 ^ clkbuf_leaf_16_CLK/A (sky130_fd_sc_hd__clkbuf_8)
    12    0.041804    0.134134    0.329688   26.308777 ^ clkbuf_leaf_16_CLK/X (sky130_fd_sc_hd__clkbuf_8)
                                                         clknet_leaf_16_CLK (net)
                      0.134134    0.000211   26.308989 ^ _3805_/CLK (sky130_fd_sc_hd__dfrtp_1)
                                 -0.250000   26.058989   clock uncertainty
                                  0.000000   26.058989   clock reconvergence pessimism
                                 -0.262608   25.796381   library setup time
                                             25.796381   data required time
---------------------------------------------------------------------------------------------
                                             25.796381   data required time
                                            -14.137095   data arrival time
---------------------------------------------------------------------------------------------
                                             11.659286   slack (MET)




===========================================================================
report_checks --slack_max -0.01
============================================================================
======================= min_ss_100C_1v60 Corner ===================================

No paths found.


===========================================================================
 report_check_types -max_slew -max_cap -max_fanout -violators
============================================================================
======================= min_ss_100C_1v60 Corner ===================================

max slew

Pin                                        Limit        Slew       Slack
------------------------------------------------------------------------
_2863_/Y                                1.000000    1.021135   -0.021135 (VIOLATED)
_2865_/C1                               1.000000    1.021135   -0.021135 (VIOLATED)

max fanout

Pin                                   Limit Fanout  Slack
---------------------------------------------------------
clkbuf_2_2__f_CLK/X                      10     23    -13 (VIOLATED)
_3799_/Q                                 10     21    -11 (VIOLATED)
_3921_/Q                                 10     21    -11 (VIOLATED)
_3923_/Q                                 10     21    -11 (VIOLATED)
_3964_/Q                                 10     21    -11 (VIOLATED)
clkbuf_2_0__f_CLK/X                      10     21    -11 (VIOLATED)
clkbuf_2_1__f_CLK/X                      10     21    -11 (VIOLATED)
fanout100/X                              10     21    -11 (VIOLATED)
fanout102/X                              10     21    -11 (VIOLATED)
fanout104/X                              10     21    -11 (VIOLATED)
fanout106/X                              10     21    -11 (VIOLATED)
fanout114/X                              10     21    -11 (VIOLATED)
fanout115/X                              10     21    -11 (VIOLATED)
fanout122/X                              10     21    -11 (VIOLATED)
fanout133/X                              10     21    -11 (VIOLATED)
fanout152/X                              10     21    -11 (VIOLATED)
fanout69/X                               10     21    -11 (VIOLATED)
fanout70/X                               10     21    -11 (VIOLATED)
fanout72/X                               10     21    -11 (VIOLATED)
fanout73/X                               10     21    -11 (VIOLATED)
fanout74/X                               10     21    -11 (VIOLATED)
fanout76/X                               10     21    -11 (VIOLATED)
fanout77/X                               10     21    -11 (VIOLATED)
fanout80/X                               10     21    -11 (VIOLATED)
fanout82/X                               10     21    -11 (VIOLATED)
fanout84/X                               10     21    -11 (VIOLATED)
fanout86/X                               10     21    -11 (VIOLATED)
fanout88/X                               10     21    -11 (VIOLATED)
fanout90/X                               10     21    -11 (VIOLATED)
fanout92/X                               10     21    -11 (VIOLATED)
fanout94/X                               10     21    -11 (VIOLATED)
fanout96/X                               10     21    -11 (VIOLATED)
fanout97/X                               10     21    -11 (VIOLATED)
_3758_/Q                                 10     19     -9 (VIOLATED)
_3782_/Q                                 10     19     -9 (VIOLATED)
_3800_/Q                                 10     19     -9 (VIOLATED)
_3935_/Q                                 10     19     -9 (VIOLATED)
_3950_/Q                                 10     19     -9 (VIOLATED)
_3959_/Q                                 10     19     -9 (VIOLATED)
_3960_/Q                                 10     19     -9 (VIOLATED)
_3962_/Q                                 10     19     -9 (VIOLATED)
fanout128/X                              10     19     -9 (VIOLATED)
fanout78/X                               10     19     -9 (VIOLATED)
fanout87/X                               10     19     -9 (VIOLATED)
_3783_/Q                                 10     17     -7 (VIOLATED)
_3793_/Q                                 10     17     -7 (VIOLATED)
_3803_/Q                                 10     17     -7 (VIOLATED)
_3894_/Q                                 10     17     -7 (VIOLATED)
_3915_/Q                                 10     17     -7 (VIOLATED)
_3924_/Q                                 10     17     -7 (VIOLATED)
_3940_/Q                                 10     17     -7 (VIOLATED)
_3941_/Q                                 10     17     -7 (VIOLATED)
_3956_/Q                                 10     17     -7 (VIOLATED)
_3957_/Q                                 10     17     -7 (VIOLATED)
_3965_/Q                                 10     17     -7 (VIOLATED)
_3966_/Q                                 10     17     -7 (VIOLATED)
_4055_/Q                                 10     17     -7 (VIOLATED)
_4082_/Q                                 10     17     -7 (VIOLATED)
clkbuf_2_3__f_CLK/X                      10     17     -7 (VIOLATED)
fanout83/X                               10     17     -7 (VIOLATED)
fanout91/X                               10     17     -7 (VIOLATED)
fanout98/X                               10     17     -7 (VIOLATED)
clkbuf_leaf_12_CLK/X                     10     16     -6 (VIOLATED)
clkbuf_leaf_13_CLK/X                     10     16     -6 (VIOLATED)
clkbuf_leaf_25_CLK/X                     10     16     -6 (VIOLATED)
_3775_/Q                                 10     15     -5 (VIOLATED)
_3779_/Q                                 10     15     -5 (VIOLATED)
_3780_/Q                                 10     15     -5 (VIOLATED)
_3785_/Q                                 10     15     -5 (VIOLATED)
_3795_/Q                                 10     15     -5 (VIOLATED)
_3796_/Q                                 10     15     -5 (VIOLATED)
_3802_/Q                                 10     15     -5 (VIOLATED)
_3890_/Q                                 10     15     -5 (VIOLATED)
_3891_/Q                                 10     15     -5 (VIOLATED)
_3893_/Q                                 10     15     -5 (VIOLATED)
_3947_/Q                                 10     15     -5 (VIOLATED)
_3949_/Q                                 10     15     -5 (VIOLATED)
_3967_/Q                                 10     15     -5 (VIOLATED)
_4051_/Q                                 10     15     -5 (VIOLATED)
clkbuf_leaf_6_CLK/X                      10     15     -5 (VIOLATED)
fanout103/X                              10     15     -5 (VIOLATED)
fanout136/X                              10     15     -5 (VIOLATED)
fanout168/X                              10     15     -5 (VIOLATED)
fanout79/X                               10     15     -5 (VIOLATED)
fanout99/X                               10     15     -5 (VIOLATED)
clkbuf_leaf_10_CLK/X                     10     14     -4 (VIOLATED)
clkbuf_leaf_32_CLK/X                     10     14     -4 (VIOLATED)
_2413_/Y                                 10     13     -3 (VIOLATED)
_3777_/Q                                 10     13     -3 (VIOLATED)
_3791_/Q                                 10     13     -3 (VIOLATED)
_3792_/Q                                 10     13     -3 (VIOLATED)
_3794_/Q                                 10     13     -3 (VIOLATED)
_3804_/Q                                 10     13     -3 (VIOLATED)
_3952_/Q                                 10     13     -3 (VIOLATED)
_3958_/Q                                 10     13     -3 (VIOLATED)
_3963_/Q                                 10     13     -3 (VIOLATED)
clkbuf_leaf_21_CLK/X                     10     13     -3 (VIOLATED)
clkbuf_leaf_33_CLK/X                     10     13     -3 (VIOLATED)
clkbuf_leaf_7_CLK/X                      10     13     -3 (VIOLATED)
fanout101/X                              10     13     -3 (VIOLATED)
fanout131/X                              10     13     -3 (VIOLATED)
fanout145/X                              10     13     -3 (VIOLATED)
fanout158/X                              10     13     -3 (VIOLATED)
fanout167/X                              10     13     -3 (VIOLATED)
fanout89/X                               10     13     -3 (VIOLATED)
fanout93/X                               10     13     -3 (VIOLATED)
input34/X                                10     13     -3 (VIOLATED)
input45/X                                10     13     -3 (VIOLATED)
input56/X                                10     13     -3 (VIOLATED)
clkbuf_leaf_16_CLK/X                     10     12     -2 (VIOLATED)
clkbuf_leaf_26_CLK/X                     10     12     -2 (VIOLATED)
clkbuf_leaf_3_CLK/X                      10     12     -2 (VIOLATED)
clkbuf_leaf_4_CLK/X                      10     12     -2 (VIOLATED)
_2412_/Y                                 10     11        (VIOLATED)
_2462_/Y                                 10     11        (VIOLATED)
_3787_/Q                                 10     11        (VIOLATED)
_3942_/Q                                 10     11        (VIOLATED)
_3948_/Q                                 10     11        (VIOLATED)
_3955_/Q                                 10     11        (VIOLATED)
clkbuf_leaf_11_CLK/X                     10     11        (VIOLATED)
clkbuf_leaf_1_CLK/X                      10     11        (VIOLATED)
clkbuf_leaf_35_CLK/X                     10     11        (VIOLATED)
clkbuf_leaf_5_CLK/X                      10     11        (VIOLATED)
fanout105/X                              10     11        (VIOLATED)
fanout134/X                              10     11        (VIOLATED)
fanout155/X                              10     11        (VIOLATED)
fanout162/X                              10     11        (VIOLATED)
fanout169/X                              10     11        (VIOLATED)
fanout81/X                               10     11        (VIOLATED)
fanout85/X                               10     11        (VIOLATED)



===========================================================================
report_parasitic_annotation -report_unannotated
============================================================================
Found 73 unannotated drivers.
 ren
 strobe[0]
 strobe[1]
 strobe[2]
 strobe[3]
 clkload0/X
 clkload1/Y
 clkload10/Y
 clkload11/Y
 clkload12/Y
 clkload13/Y
 clkload14/Y
 clkload15/Y
 clkload16/Y
 clkload17/Y
 clkload18/X
 clkload19/Y
 clkload2/Y
 clkload20/Y
 clkload21/Y
 clkload22/Y
 clkload23/Y
 clkload24/Y
 clkload25/Y
 clkload26/Y
 clkload27/Y
 clkload28/X
 clkload29/Y
 clkload3/Y
 clkload30/Y
 clkload31/Y
 clkload32/Y
 clkload33/Y
 clkload4/Y
 clkload5/Y
 clkload6/Y
 clkload7/X
 clkload8/Y
 clkload9/Y
 pwm_wrapper_170/HI
 pwm_wrapper_171/HI
 pwm_wrapper_172/HI
 pwm_wrapper_173/HI
 pwm_wrapper_174/HI
 pwm_wrapper_175/HI
 pwm_wrapper_176/HI
 pwm_wrapper_177/HI
 pwm_wrapper_178/HI
 pwm_wrapper_179/HI
 pwm_wrapper_180/HI
 pwm_wrapper_181/HI
 pwm_wrapper_182/HI
 pwm_wrapper_183/HI
 pwm_wrapper_184/HI
 pwm_wrapper_185/HI
 pwm_wrapper_186/HI
 pwm_wrapper_187/HI
 pwm_wrapper_188/HI
 pwm_wrapper_189/HI
 pwm_wrapper_190/HI
 pwm_wrapper_191/HI
 pwm_wrapper_192/HI
 pwm_wrapper_193/HI
 pwm_wrapper_194/HI
 pwm_wrapper_195/HI
 pwm_wrapper_196/HI
 pwm_wrapper_197/HI
 pwm_wrapper_198/HI
 pwm_wrapper_199/HI
 pwm_wrapper_200/HI
 pwm_wrapper_201/HI
 pwm_wrapper_202/HI
 pwm_wrapper_203/HI
Found 0 partially unannotated drivers.

===========================================================================
max slew violation count 2
max fanout violation count 130
max cap violation count 0
============================================================================

===========================================================================
check_setup -verbose -unconstrained_endpoints -multiple_clock -no_clock -no_input_delay -loops -generated_clocks
===========================================================================
Warning: There are 34 unconstrained endpoints.
  error
  rdata[0]
  rdata[10]
  rdata[11]
  rdata[12]
  rdata[13]
  rdata[14]
  rdata[15]
  rdata[16]
  rdata[17]
  rdata[18]
  rdata[19]
  rdata[1]
  rdata[20]
  rdata[21]
  rdata[22]
  rdata[23]
  rdata[24]
  rdata[25]
  rdata[26]
  rdata[27]
  rdata[28]
  rdata[29]
  rdata[2]
  rdata[30]
  rdata[31]
  rdata[3]
  rdata[4]
  rdata[5]
  rdata[6]
  rdata[7]
  rdata[8]
  rdata[9]
  request_stall
