Clock: CLK
Sources: CLK 
Generated: no
Virtual: yes
Propagated: no
Period: 25.000000

===========================================================================
report_clock_properties
============================================================================
Clock                   Period          Waveform
----------------------------------------------------
CLK                  25.000000    0.000000 12.500000

===========================================================================
report_clock_latency
============================================================================
Clock CLK
rise -> rise
    min     max
0.000000 0.000000 source latency
0.999999         network latency _3880_/CLK
        1.354823 network latency _3848_/CLK
---------------
0.999999 1.354823 latency
        0.354823 skew

fall -> fall
    min     max
0.000000 0.000000 source latency
0.863568         network latency _3880_/CLK
        1.197193 network latency _3848_/CLK
---------------
0.863568 1.197193 latency
        0.333625 skew



===========================================================================
report_clock_min_period
============================================================================
CLK period_min = 13.34 fmax = 74.96
