
===========================================================================
report_checks -unconstrained
===========================================================================
======================= nom_ff_n40C_1v95 Corner ===================================

Startpoint: nrst (input port clocked by clk)
Endpoint: _1335_ (recovery check against rising-edge clock clk)
Path Group: asynchronous
Path Type: max

Fanout         Cap        Slew       Delay        Time   Description
---------------------------------------------------------------------------------------------
                                  0.000000    0.000000   clock clk (rise edge)
                                  0.000000    0.000000   clock network delay (propagated)
                                  5.000000    5.000000 ^ input external delay
     1    0.002754    0.013752    0.007117    5.007117 ^ nrst (in)
                                                         nrst (net)
                      0.013752    0.000000    5.007117 ^ input2/A (sky130_fd_sc_hd__clkbuf_1)
     3    0.014773    0.133239    0.117307    5.124424 ^ input2/X (sky130_fd_sc_hd__clkbuf_1)
                                                         net2 (net)
                      0.133248    0.000901    5.125325 ^ fanout86/A (sky130_fd_sc_hd__clkbuf_4)
    10    0.066364    0.152919    0.201417    5.326742 ^ fanout86/X (sky130_fd_sc_hd__clkbuf_4)
                                                         net86 (net)
                      0.152987    0.001211    5.327952 ^ fanout85/A (sky130_fd_sc_hd__clkbuf_4)
    10    0.052235    0.122964    0.183271    5.511223 ^ fanout85/X (sky130_fd_sc_hd__clkbuf_4)
                                                         net85 (net)
                      0.123137    0.003173    5.514396 ^ _1335_/RESET_B (sky130_fd_sc_hd__dfrtp_2)
                                              5.514396   data arrival time

                                 25.000000   25.000000   clock clk (rise edge)
                                  0.000000   25.000000   clock source latency
     1    0.020127    0.072124    0.049333   25.049332 ^ clk (in)
                                                         clk (net)
                      0.072131    0.000000   25.049332 ^ clkbuf_0_clk/A (sky130_fd_sc_hd__clkbuf_16)
     4    0.039901    0.045253    0.108130   25.157463 ^ clkbuf_0_clk/X (sky130_fd_sc_hd__clkbuf_16)
                                                         clknet_0_clk (net)
                      0.045282    0.000982   25.158445 ^ clkbuf_2_2__f_clk/A (sky130_fd_sc_hd__clkbuf_16)
     9    0.040752    0.045628    0.101371   25.259817 ^ clkbuf_2_2__f_clk/X (sky130_fd_sc_hd__clkbuf_16)
                                                         clknet_2_2__leaf_clk (net)
                      0.045648    0.000847   25.260664 ^ _1335_/CLK (sky130_fd_sc_hd__dfrtp_2)
                                 -0.250000   25.010664   clock uncertainty
                                  0.000000   25.010664   clock reconvergence pessimism
                                  0.112347   25.123013   library recovery time
                                             25.123013   data required time
---------------------------------------------------------------------------------------------
                                             25.123013   data required time
                                             -5.514396   data arrival time
---------------------------------------------------------------------------------------------
                                             19.608616   slack (MET)


Startpoint: prescaler[9] (input port clocked by clk)
Endpoint: _1312_ (rising edge-triggered flip-flop clocked by clk)
Path Group: clk
Path Type: max

Fanout         Cap        Slew       Delay        Time   Description
---------------------------------------------------------------------------------------------
                                  0.000000    0.000000   clock clk (rise edge)
                                  0.000000    0.000000   clock network delay (propagated)
                                  5.000000    5.000000 ^ input external delay
     1    0.002823    0.013997    0.007298    5.007298 ^ prescaler[9] (in)
                                                         prescaler[9] (net)
                      0.013997    0.000000    5.007298 ^ input16/A (sky130_fd_sc_hd__buf_1)
     2    0.018200    0.162436    0.137266    5.144564 ^ input16/X (sky130_fd_sc_hd__buf_1)
                                                         net16 (net)
                      0.162437    0.000327    5.144891 ^ fanout87/A (sky130_fd_sc_hd__clkbuf_4)
    10    0.056416    0.131956    0.190670    5.335561 ^ fanout87/X (sky130_fd_sc_hd__clkbuf_4)
                                                         net87 (net)
                      0.132068    0.003169    5.338730 ^ _0681_/A (sky130_fd_sc_hd__xor2_2)
     3    0.014196    0.157565    0.145977    5.484707 ^ _0681_/X (sky130_fd_sc_hd__xor2_2)
                                                         _0057_ (net)
                      0.157565    0.000342    5.485049 ^ _0682_/B (sky130_fd_sc_hd__xnor2_2)
     2    0.012255    0.151982    0.097084    5.582133 ^ _0682_/Y (sky130_fd_sc_hd__xnor2_2)
                                                         _0058_ (net)
                      0.151982    0.000301    5.582434 ^ _0685_/B (sky130_fd_sc_hd__xor2_2)
     2    0.012167    0.141548    0.135009    5.717443 ^ _0685_/X (sky130_fd_sc_hd__xor2_2)
                                                         _0061_ (net)
                      0.141548    0.000237    5.717680 ^ _0686_/A3 (sky130_fd_sc_hd__a31o_1)
     2    0.008460    0.068109    0.122185    5.839865 ^ _0686_/X (sky130_fd_sc_hd__a31o_1)
                                                         _0062_ (net)
                      0.068109    0.000240    5.840105 ^ _0694_/A (sky130_fd_sc_hd__xor2_1)
     2    0.007708    0.142667    0.137752    5.977857 ^ _0694_/X (sky130_fd_sc_hd__xor2_1)
                                                         _0070_ (net)
                      0.142667    0.000198    5.978055 ^ _0852_/B (sky130_fd_sc_hd__xor2_1)
     2    0.008677    0.155341    0.149572    6.127626 ^ _0852_/X (sky130_fd_sc_hd__xor2_1)
                                                         _0228_ (net)
                      0.155342    0.000262    6.127889 ^ _0854_/B (sky130_fd_sc_hd__xor2_1)
     2    0.010965    0.185412    0.171299    6.299188 ^ _0854_/X (sky130_fd_sc_hd__xor2_1)
                                                         _0230_ (net)
                      0.185413    0.000302    6.299490 ^ _0855_/B (sky130_fd_sc_hd__xnor2_1)
     3    0.011169    0.198421    0.125653    6.425143 ^ _0855_/Y (sky130_fd_sc_hd__xnor2_1)
                                                         _0231_ (net)
                      0.198422    0.000307    6.425450 ^ _0858_/A (sky130_fd_sc_hd__xnor2_1)
     2    0.007717    0.068008    0.078287    6.503737 v _0858_/Y (sky130_fd_sc_hd__xnor2_1)
                                                         _0234_ (net)
                      0.068008    0.000199    6.503936 v _0863_/A (sky130_fd_sc_hd__nor2_1)
     2    0.012929    0.173035    0.164937    6.668873 ^ _0863_/Y (sky130_fd_sc_hd__nor2_1)
                                                         _0239_ (net)
                      0.173036    0.000366    6.669239 ^ _0869_/A4 (sky130_fd_sc_hd__a41oi_4)
     3    0.011790    0.080482    0.084148    6.753387 v _0869_/Y (sky130_fd_sc_hd__a41oi_4)
                                                         _0245_ (net)
                      0.080484    0.000504    6.753891 v _0902_/A2 (sky130_fd_sc_hd__a211o_1)
     2    0.008124    0.051477    0.215527    6.969418 v _0902_/X (sky130_fd_sc_hd__a211o_1)
                                                         _0278_ (net)
                      0.051477    0.000255    6.969674 v _0912_/A1 (sky130_fd_sc_hd__a21oi_2)
     5    0.022346    0.209536    0.197286    7.166960 ^ _0912_/Y (sky130_fd_sc_hd__a21oi_2)
                                                         _0288_ (net)
                      0.209538    0.000516    7.167476 ^ _0922_/C1 (sky130_fd_sc_hd__a211o_1)
     3    0.009097    0.066893    0.092809    7.260285 ^ _0922_/X (sky130_fd_sc_hd__a211o_1)
                                                         _0298_ (net)
                      0.066893    0.000255    7.260540 ^ _0924_/C_N (sky130_fd_sc_hd__or3b_1)
     2    0.004547    0.050262    0.204102    7.464643 v _0924_/X (sky130_fd_sc_hd__or3b_1)
                                                         _0300_ (net)
                      0.050262    0.000115    7.464758 v _0956_/C_N (sky130_fd_sc_hd__or3b_1)
     1    0.005087    0.045611    0.120773    7.585531 ^ _0956_/X (sky130_fd_sc_hd__or3b_1)
                                                         _0332_ (net)
                      0.045611    0.000151    7.585681 ^ _0957_/A2 (sky130_fd_sc_hd__a211oi_2)
     2    0.011487    0.051370    0.055188    7.640870 v _0957_/Y (sky130_fd_sc_hd__a211oi_2)
                                                         _0333_ (net)
                      0.051371    0.000245    7.641115 v _0960_/B (sky130_fd_sc_hd__or3_1)
     1    0.005078    0.051750    0.211590    7.852705 v _0960_/X (sky130_fd_sc_hd__or3_1)
                                                         _0336_ (net)
                      0.051750    0.000197    7.852901 v fanout60/A (sky130_fd_sc_hd__buf_2)
     7    0.042991    0.076355    0.135657    7.988558 v fanout60/X (sky130_fd_sc_hd__buf_2)
                                                         net60 (net)
                      0.076361    0.000806    7.989364 v fanout59/A (sky130_fd_sc_hd__buf_2)
    10    0.043589    0.076762    0.146255    8.135618 v fanout59/X (sky130_fd_sc_hd__buf_2)
                                                         net59 (net)
                      0.077008    0.003398    8.139017 v _1035_/C (sky130_fd_sc_hd__or4_1)
     4    0.010979    0.087767    0.317088    8.456104 v _1035_/X (sky130_fd_sc_hd__or4_1)
                                                         _0411_ (net)
                      0.087767    0.000138    8.456243 v _1053_/B (sky130_fd_sc_hd__or2_1)
     2    0.006249    0.043339    0.153145    8.609387 v _1053_/X (sky130_fd_sc_hd__or2_1)
                                                         _0428_ (net)
                      0.043339    0.000175    8.609562 v _1213_/A2 (sky130_fd_sc_hd__a311o_1)
     1    0.002620    0.038231    0.189768    8.799331 v _1213_/X (sky130_fd_sc_hd__a311o_1)
                                                         _0557_ (net)
                      0.038231    0.000080    8.799410 v _1214_/C (sky130_fd_sc_hd__or4b_1)
     1    0.008395    0.077754    0.291797    9.091208 v _1214_/X (sky130_fd_sc_hd__or4b_1)
                                                         _0558_ (net)
                      0.077754    0.000392    9.091599 v _1228_/A (sky130_fd_sc_hd__or4_1)
     1    0.003723    0.057811    0.309678    9.401277 v _1228_/X (sky130_fd_sc_hd__or4_1)
                                                         _0572_ (net)
                      0.057811    0.000120    9.401397 v _1253_/A (sky130_fd_sc_hd__nor2_1)
     1    0.003413    0.062571    0.079383    9.480779 ^ _1253_/Y (sky130_fd_sc_hd__nor2_1)
                                                         clk_divider.next_flag (net)
                      0.062571    0.000105    9.480884 ^ _1312_/D (sky130_fd_sc_hd__dfrtp_1)
                                              9.480884   data arrival time

                                 25.000000   25.000000   clock clk (rise edge)
                                  0.000000   25.000000   clock source latency
     1    0.020127    0.072124    0.049333   25.049332 ^ clk (in)
                                                         clk (net)
                      0.072131    0.000000   25.049332 ^ clkbuf_0_clk/A (sky130_fd_sc_hd__clkbuf_16)
     4    0.039901    0.045253    0.108130   25.157463 ^ clkbuf_0_clk/X (sky130_fd_sc_hd__clkbuf_16)
                                                         clknet_0_clk (net)
                      0.045286    0.001037   25.158501 ^ clkbuf_2_3__f_clk/A (sky130_fd_sc_hd__clkbuf_16)
    11    0.034832    0.041490    0.097909   25.256409 ^ clkbuf_2_3__f_clk/X (sky130_fd_sc_hd__clkbuf_16)
                                                         clknet_2_3__leaf_clk (net)
                      0.041492    0.000536   25.256947 ^ _1312_/CLK (sky130_fd_sc_hd__dfrtp_1)
                                 -0.250000   25.006947   clock uncertainty
                                  0.000000   25.006947   clock reconvergence pessimism
                                 -0.036425   24.970522   library setup time
                                             24.970522   data required time
---------------------------------------------------------------------------------------------
                                             24.970522   data required time
                                             -9.480884   data arrival time
---------------------------------------------------------------------------------------------
                                             15.489638   slack (MET)




===========================================================================
report_checks --slack_max -0.01
============================================================================
======================= nom_ff_n40C_1v95 Corner ===================================

No paths found.


===========================================================================
 report_check_types -max_slew -max_cap -max_fanout -violators
============================================================================
======================= nom_ff_n40C_1v95 Corner ===================================

max fanout

Pin                                   Limit Fanout  Slack
---------------------------------------------------------
clkbuf_2_3__f_clk/X                      10     11        (VIOLATED)



===========================================================================
report_parasitic_annotation -report_unannotated
============================================================================
Found 3 unannotated drivers.
 clkload0/X
 clkload1/Y
 clkload2/Y
Found 0 partially unannotated drivers.

===========================================================================
max slew violation count 0
max fanout violation count 1
max cap violation count 0
============================================================================

===========================================================================
check_setup -verbose -unconstrained_endpoints -multiple_clock -no_clock -no_input_delay -loops -generated_clocks
===========================================================================
