
===========================================================================
report_checks -unconstrained
===========================================================================
======================= min_ss_100C_1v60 Corner ===================================

Startpoint: nrst (input port clocked by clk)
Endpoint: _1335_ (recovery check against rising-edge clock clk)
Path Group: asynchronous
Path Type: max

Fanout         Cap        Slew       Delay        Time   Description
---------------------------------------------------------------------------------------------
                                  0.000000    0.000000   clock clk (rise edge)
                                  0.000000    0.000000   clock network delay (propagated)
                                  5.000000    5.000000 ^ input external delay
     1    0.002595    0.030904    0.014688    5.014688 ^ nrst (in)
                                                         nrst (net)
                      0.030904    0.000000    5.014688 ^ input2/A (sky130_fd_sc_hd__clkbuf_1)
     3    0.013839    0.270639    0.275963    5.290651 ^ input2/X (sky130_fd_sc_hd__clkbuf_1)
                                                         net2 (net)
                      0.270641    0.000524    5.291175 ^ fanout86/A (sky130_fd_sc_hd__clkbuf_4)
    10    0.060230    0.293108    0.504135    5.795310 ^ fanout86/X (sky130_fd_sc_hd__clkbuf_4)
                                                         net86 (net)
                      0.293108    0.000425    5.795736 ^ fanout85/A (sky130_fd_sc_hd__clkbuf_4)
    10    0.047051    0.235803    0.471162    6.266898 ^ fanout85/X (sky130_fd_sc_hd__clkbuf_4)
                                                         net85 (net)
                      0.235811    0.001748    6.268647 ^ _1335_/RESET_B (sky130_fd_sc_hd__dfrtp_2)
                                              6.268647   data arrival time

                                 25.000000   25.000000   clock clk (rise edge)
                                  0.000000   25.000000   clock source latency
     1    0.019482    0.146240    0.099485   25.099483 ^ clk (in)
                                                         clk (net)
                      0.146241    0.000000   25.099483 ^ clkbuf_0_clk/A (sky130_fd_sc_hd__clkbuf_16)
     4    0.038835    0.092830    0.283222   25.382706 ^ clkbuf_0_clk/X (sky130_fd_sc_hd__clkbuf_16)
                                                         clknet_0_clk (net)
                      0.092830    0.000412   25.383118 ^ clkbuf_2_2__f_clk/A (sky130_fd_sc_hd__clkbuf_16)
     9    0.037289    0.090614    0.256586   25.639704 ^ clkbuf_2_2__f_clk/X (sky130_fd_sc_hd__clkbuf_16)
                                                         clknet_2_2__leaf_clk (net)
                      0.090614    0.000368   25.640072 ^ _1335_/CLK (sky130_fd_sc_hd__dfrtp_2)
                                 -0.250000   25.390074   clock uncertainty
                                  0.000000   25.390074   clock reconvergence pessimism
                                  0.380674   25.770746   library recovery time
                                             25.770746   data required time
---------------------------------------------------------------------------------------------
                                             25.770746   data required time
                                             -6.268647   data arrival time
---------------------------------------------------------------------------------------------
                                             19.502100   slack (MET)


Startpoint: prescaler[9] (input port clocked by clk)
Endpoint: _1312_ (rising edge-triggered flip-flop clocked by clk)
Path Group: clk
Path Type: max

Fanout         Cap        Slew       Delay        Time   Description
---------------------------------------------------------------------------------------------
                                  0.000000    0.000000   clock clk (rise edge)
                                  0.000000    0.000000   clock network delay (propagated)
                                  5.000000    5.000000 ^ input external delay
     1    0.002654    0.031292    0.014999    5.014999 ^ prescaler[9] (in)
                                                         prescaler[9] (net)
                      0.031292    0.000000    5.014999 ^ input16/A (sky130_fd_sc_hd__buf_1)
     2    0.017132    0.330609    0.318659    5.333658 ^ input16/X (sky130_fd_sc_hd__buf_1)
                                                         net16 (net)
                      0.330609    0.000100    5.333758 ^ fanout87/A (sky130_fd_sc_hd__clkbuf_4)
    10    0.054177    0.267207    0.510211    5.843969 ^ fanout87/X (sky130_fd_sc_hd__clkbuf_4)
                                                         net87 (net)
                      0.267216    0.001943    5.845912 ^ _0681_/A (sky130_fd_sc_hd__xor2_2)
     3    0.013974    0.333992    0.409785    6.255697 ^ _0681_/X (sky130_fd_sc_hd__xor2_2)
                                                         _0057_ (net)
                      0.333992    0.000109    6.255805 ^ _0682_/B (sky130_fd_sc_hd__xnor2_2)
     2    0.012221    0.314390    0.332142    6.587948 ^ _0682_/Y (sky130_fd_sc_hd__xnor2_2)
                                                         _0058_ (net)
                      0.314390    0.000135    6.588083 ^ _0685_/B (sky130_fd_sc_hd__xor2_2)
     2    0.012111    0.302011    0.404224    6.992307 ^ _0685_/X (sky130_fd_sc_hd__xor2_2)
                                                         _0061_ (net)
                      0.302011    0.000076    6.992383 ^ _0686_/A3 (sky130_fd_sc_hd__a31o_1)
     2    0.008307    0.156290    0.437199    7.429582 ^ _0686_/X (sky130_fd_sc_hd__a31o_1)
                                                         _0062_ (net)
                      0.156290    0.000095    7.429677 ^ _0694_/A (sky130_fd_sc_hd__xor2_1)
     2    0.007661    0.332990    0.371493    7.801170 ^ _0694_/X (sky130_fd_sc_hd__xor2_1)
                                                         _0070_ (net)
                      0.332990    0.000068    7.801237 ^ _0852_/B (sky130_fd_sc_hd__xor2_1)
     2    0.008538    0.359406    0.458448    8.259686 ^ _0852_/X (sky130_fd_sc_hd__xor2_1)
                                                         _0228_ (net)
                      0.359406    0.000111    8.259797 ^ _0854_/B (sky130_fd_sc_hd__xor2_1)
     2    0.010677    0.423551    0.512740    8.772536 ^ _0854_/X (sky130_fd_sc_hd__xor2_1)
                                                         _0230_ (net)
                      0.423551    0.000127    8.772664 ^ _0855_/B (sky130_fd_sc_hd__xnor2_1)
     3    0.010939    0.463147    0.408563    9.181227 ^ _0855_/Y (sky130_fd_sc_hd__xnor2_1)
                                                         _0231_ (net)
                      0.463147    0.000119    9.181346 ^ _0858_/A (sky130_fd_sc_hd__xnor2_1)
     2    0.007628    0.181894    0.336370    9.517715 v _0858_/Y (sky130_fd_sc_hd__xnor2_1)
                                                         _0234_ (net)
                      0.181894    0.000080    9.517796 v _0863_/A (sky130_fd_sc_hd__nor2_1)
     2    0.012775    0.410325    0.417340    9.935136 ^ _0863_/Y (sky130_fd_sc_hd__nor2_1)
                                                         _0239_ (net)
                      0.410325    0.000131    9.935267 ^ _0869_/A4 (sky130_fd_sc_hd__a41oi_4)
     3    0.011366    0.218373    0.384591   10.319859 v _0869_/Y (sky130_fd_sc_hd__a41oi_4)
                                                         _0245_ (net)
                      0.218373    0.000284   10.320143 v _0902_/A2 (sky130_fd_sc_hd__a211o_1)
     2    0.007774    0.129089    0.649844   10.969986 v _0902_/X (sky130_fd_sc_hd__a211o_1)
                                                         _0278_ (net)
                      0.129089    0.000115   10.970101 v _0912_/A1 (sky130_fd_sc_hd__a21oi_2)
     5    0.021884    0.454637    0.466805   11.436907 ^ _0912_/Y (sky130_fd_sc_hd__a21oi_2)
                                                         _0288_ (net)
                      0.454637    0.000198   11.437105 ^ _0922_/C1 (sky130_fd_sc_hd__a211o_1)
     3    0.008655    0.141029    0.355914   11.793019 ^ _0922_/X (sky130_fd_sc_hd__a211o_1)
                                                         _0298_ (net)
                      0.141029    0.000115   11.793134 ^ _0924_/C_N (sky130_fd_sc_hd__or3b_1)
     2    0.004102    0.157501    0.841150   12.634284 v _0924_/X (sky130_fd_sc_hd__or3b_1)
                                                         _0300_ (net)
                      0.157501    0.000044   12.634328 v _0956_/C_N (sky130_fd_sc_hd__or3b_1)
     1    0.005046    0.097599    0.359387   12.993715 ^ _0956_/X (sky130_fd_sc_hd__or3b_1)
                                                         _0332_ (net)
                      0.097599    0.000046   12.993761 ^ _0957_/A2 (sky130_fd_sc_hd__a211oi_2)
     2    0.011353    0.156320    0.192847   13.186607 v _0957_/Y (sky130_fd_sc_hd__a211oi_2)
                                                         _0333_ (net)
                      0.156320    0.000094   13.186702 v _0960_/B (sky130_fd_sc_hd__or3_1)
     1    0.004613    0.157372    0.855787   14.042489 v _0960_/X (sky130_fd_sc_hd__or3_1)
                                                         _0336_ (net)
                      0.157372    0.000089   14.042578 v fanout60/A (sky130_fd_sc_hd__buf_2)
     7    0.040418    0.190586    0.405649   14.448227 v fanout60/X (sky130_fd_sc_hd__buf_2)
                                                         net60 (net)
                      0.190586    0.000217   14.448443 v fanout59/A (sky130_fd_sc_hd__buf_2)
    10    0.040382    0.190512    0.421523   14.869967 v fanout59/X (sky130_fd_sc_hd__buf_2)
                                                         net59 (net)
                      0.190530    0.001934   14.871901 v _1035_/C (sky130_fd_sc_hd__or4_1)
     4    0.010583    0.276577    1.281346   16.153246 v _1035_/X (sky130_fd_sc_hd__or4_1)
                                                         _0411_ (net)
                      0.276577    0.000036   16.153282 v _1053_/B (sky130_fd_sc_hd__or2_1)
     2    0.005869    0.124590    0.579481   16.732763 v _1053_/X (sky130_fd_sc_hd__or2_1)
                                                         _0428_ (net)
                      0.124590    0.000069   16.732832 v _1213_/A2 (sky130_fd_sc_hd__a311o_1)
     1    0.002388    0.088288    0.592793   17.325626 v _1213_/X (sky130_fd_sc_hd__a311o_1)
                                                         _0557_ (net)
                      0.088288    0.000027   17.325653 v _1214_/C (sky130_fd_sc_hd__or4b_1)
     1    0.007443    0.232245    1.191490   18.517141 v _1214_/X (sky130_fd_sc_hd__or4b_1)
                                                         _0558_ (net)
                      0.232245    0.000234   18.517376 v _1228_/A (sky130_fd_sc_hd__or4_1)
     1    0.003632    0.195434    1.278830   19.796206 v _1228_/X (sky130_fd_sc_hd__or4_1)
                                                         _0572_ (net)
                      0.195434    0.000032   19.796238 v _1253_/A (sky130_fd_sc_hd__nor2_1)
     1    0.003046    0.143379    0.219877   20.016115 ^ _1253_/Y (sky130_fd_sc_hd__nor2_1)
                                                         clk_divider.next_flag (net)
                      0.143379    0.000037   20.016153 ^ _1312_/D (sky130_fd_sc_hd__dfrtp_1)
                                             20.016153   data arrival time

                                 25.000000   25.000000   clock clk (rise edge)
                                  0.000000   25.000000   clock source latency
     1    0.019482    0.146240    0.099485   25.099483 ^ clk (in)
                                                         clk (net)
                      0.146241    0.000000   25.099483 ^ clkbuf_0_clk/A (sky130_fd_sc_hd__clkbuf_16)
     4    0.038835    0.092830    0.283222   25.382706 ^ clkbuf_0_clk/X (sky130_fd_sc_hd__clkbuf_16)
                                                         clknet_0_clk (net)
                      0.092831    0.000457   25.383163 ^ clkbuf_2_3__f_clk/A (sky130_fd_sc_hd__clkbuf_16)
    11    0.031522    0.082493    0.248216   25.631378 ^ clkbuf_2_3__f_clk/X (sky130_fd_sc_hd__clkbuf_16)
                                                         clknet_2_3__leaf_clk (net)
                      0.082493    0.000140   25.631519 ^ _1312_/CLK (sky130_fd_sc_hd__dfrtp_1)
                                 -0.250000   25.381519   clock uncertainty
                                  0.000000   25.381519   clock reconvergence pessimism
                                 -0.149333   25.232187   library setup time
                                             25.232187   data required time
---------------------------------------------------------------------------------------------
                                             25.232187   data required time
                                            -20.016153   data arrival time
---------------------------------------------------------------------------------------------
                                              5.216034   slack (MET)




===========================================================================
report_checks --slack_max -0.01
============================================================================
======================= min_ss_100C_1v60 Corner ===================================

No paths found.


===========================================================================
 report_check_types -max_slew -max_cap -max_fanout -violators
============================================================================
======================= min_ss_100C_1v60 Corner ===================================

max fanout

Pin                                   Limit Fanout  Slack
---------------------------------------------------------
clkbuf_2_3__f_clk/X                      10     11        (VIOLATED)



===========================================================================
report_parasitic_annotation -report_unannotated
============================================================================
Found 3 unannotated drivers.
 clkload0/X
 clkload1/Y
 clkload2/Y
Found 0 partially unannotated drivers.

===========================================================================
max slew violation count 0
max fanout violation count 1
max cap violation count 0
============================================================================

===========================================================================
check_setup -verbose -unconstrained_endpoints -multiple_clock -no_clock -no_input_delay -loops -generated_clocks
===========================================================================
