Clock: clk
Sources: clk 
Generated: no
Virtual: yes
Propagated: no
Period: 25.000000

===========================================================================
report_clock_properties
============================================================================
Clock                   Period          Waveform
----------------------------------------------------
clk                  25.000000    0.000000 12.500000

===========================================================================
report_clock_latency
============================================================================
Clock clk
rise -> rise
    min     max
0.000000 0.000000 source latency
0.631519         network latency _1312_/CLK
        0.640684 network latency _1319_/CLK
---------------
0.631519 0.640684 latency
        0.009165 skew

fall -> fall
    min     max
0.000000 0.000000 source latency
0.608826         network latency _1312_/CLK
        0.616398 network latency _1319_/CLK
---------------
0.608826 0.616398 latency
        0.007572 skew



===========================================================================
report_clock_min_period
============================================================================
clk period_min = 13.13 fmax = 76.16
