Clock: clk
Sources: clk 
Generated: no
Virtual: yes
Propagated: no
Period: 50.000000

===========================================================================
report_clock_properties
============================================================================
Clock                   Period          Waveform
----------------------------------------------------
clk                  50.000000    0.000000 25.000000

===========================================================================
report_clock_latency
============================================================================
Clock clk
rise -> rise
    min     max
0.000000 0.000000 source latency
1.296596         network latency _2485_/CLK
        1.337175 network latency _2646_/CLK
---------------
1.296596 1.337175 latency
        0.040579 skew

fall -> fall
    min     max
0.000000 0.000000 source latency
1.157975         network latency _2485_/CLK
        1.189342 network latency _2646_/CLK
---------------
1.157975 1.189342 latency
        0.031367 skew



===========================================================================
report_clock_min_period
============================================================================
clk period_min = 10.27 fmax = 97.38
