
===========================================================================
report_checks -unconstrained
===========================================================================
======================= max_ss_100C_1v60 Corner ===================================

Startpoint: nrst (input port clocked by clk)
Endpoint: _3033_ (recovery check against rising-edge clock clk)
Path Group: asynchronous
Path Type: max

Fanout         Cap        Slew       Delay        Time   Description
---------------------------------------------------------------------------------------------
                                  0.000000    0.000000   clock clk (rise edge)
                                  0.000000    0.000000   clock network delay (propagated)
                                 20.000000   20.000000 ^ input external delay
     2    0.034745    0.253183    0.174760   20.174761 ^ nrst (in)
                                                         nrst (net)
                      0.253189    0.000000   20.174761 ^ input62/A (sky130_fd_sc_hd__clkbuf_1)
     1    0.026446    0.500189    0.529033   20.703793 ^ input62/X (sky130_fd_sc_hd__clkbuf_1)
                                                         net62 (net)
                      0.500333    0.002331   20.706123 ^ fanout229/A (sky130_fd_sc_hd__buf_2)
    13    0.101778    0.776931    0.862427   21.568550 ^ fanout229/X (sky130_fd_sc_hd__buf_2)
                                                         net229 (net)
                      0.777113    0.010054   21.578604 ^ fanout228/A (sky130_fd_sc_hd__buf_2)
    13    0.093499    0.710198    0.913328   22.491932 ^ fanout228/X (sky130_fd_sc_hd__buf_2)
                                                         net228 (net)
                      0.710470    0.004590   22.496523 ^ fanout227/A (sky130_fd_sc_hd__dlymetal6s2s_1)
     5    0.024898    0.400112    0.616522   23.113045 ^ fanout227/X (sky130_fd_sc_hd__dlymetal6s2s_1)
                                                         net227 (net)
                      0.400117    0.002219   23.115263 ^ fanout224/A (sky130_fd_sc_hd__clkbuf_4)
    10    0.046947    0.235703    0.516646   23.631910 ^ fanout224/X (sky130_fd_sc_hd__clkbuf_4)
                                                         net224 (net)
                      0.235775    0.003920   23.635830 ^ _3033_/SET_B (sky130_fd_sc_hd__dfstp_2)
                                             23.635830   data arrival time

                                100.000000  100.000000   clock clk (rise edge)
                                  0.000000  100.000000   clock source latency
     2    0.042022    0.304491    0.212594  100.212593 ^ clk (in)
                                                         clk (net)
                      0.304592    0.000000  100.212593 ^ clkbuf_0_clk/A (sky130_fd_sc_hd__clkbuf_16)
     9    0.080057    0.149633    0.395879  100.608467 ^ clkbuf_0_clk/X (sky130_fd_sc_hd__clkbuf_16)
                                                         clknet_0_clk (net)
                      0.149768    0.004043  100.612511 ^ clkbuf_2_3__f_clk/A (sky130_fd_sc_hd__clkbuf_16)
    19    0.100111    0.177241    0.345160  100.957672 ^ clkbuf_2_3__f_clk/X (sky130_fd_sc_hd__clkbuf_16)
                                                         clknet_2_3__leaf_clk (net)
                      0.179264    0.015049  100.972725 ^ clkbuf_leaf_12_clk/A (sky130_fd_sc_hd__clkbuf_8)
    11    0.043689    0.138524    0.333905  101.306625 ^ clkbuf_leaf_12_clk/X (sky130_fd_sc_hd__clkbuf_8)
                                                         clknet_leaf_12_clk (net)
                      0.138566    0.002288  101.308914 ^ _3033_/CLK (sky130_fd_sc_hd__dfstp_2)
                                 -0.250000  101.058922   clock uncertainty
                                  0.000000  101.058922   clock reconvergence pessimism
                                  0.263754  101.322670   library recovery time
                                            101.322670   data required time
---------------------------------------------------------------------------------------------
                                            101.322670   data required time
                                            -23.635830   data arrival time
---------------------------------------------------------------------------------------------
                                             77.686844   slack (MET)


Startpoint: SBwest_in[0] (input port clocked by clk)
Endpoint: CBnorth_out[6] (output port clocked by clk)
Path Group: clk
Path Type: max

Fanout         Cap        Slew       Delay        Time   Description
---------------------------------------------------------------------------------------------
                                  0.000000    0.000000   clock clk (rise edge)
                                  0.000000    0.000000   clock network delay (propagated)
                                 20.000000   20.000000 ^ input external delay
     2    0.004557    0.044158    0.025109   20.025108 ^ SBwest_in[0] (in)
                                                         SBwest_in[0] (net)
                      0.044159    0.000000   20.025108 ^ input43/A (sky130_fd_sc_hd__clkbuf_1)
     1    0.011628    0.230632    0.253451   20.278561 ^ input43/X (sky130_fd_sc_hd__clkbuf_1)
                                                         net43 (net)
                      0.230636    0.000771   20.279331 ^ _1662_/B1_N (sky130_fd_sc_hd__a21bo_1)
     1    0.006596    0.092302    0.460828   20.740158 v _1662_/X (sky130_fd_sc_hd__a21bo_1)
                                                         _0424_ (net)
                      0.092303    0.000515   20.740673 v _1663_/A0 (sky130_fd_sc_hd__mux2_1)
     1    0.003261    0.114626    0.644089   21.384764 v _1663_/X (sky130_fd_sc_hd__mux2_1)
                                                         _0425_ (net)
                      0.114626    0.000222   21.384985 v _1664_/A3 (sky130_fd_sc_hd__a31oi_1)
     1    0.003711    0.223209    0.299803   21.684788 ^ _1664_/Y (sky130_fd_sc_hd__a31oi_1)
                                                         _0426_ (net)
                      0.223209    0.000242   21.685030 ^ _1665_/B2 (sky130_fd_sc_hd__a22o_2)
     4    0.027632    0.246070    0.478137   22.163166 ^ _1665_/X (sky130_fd_sc_hd__a22o_2)
                                                         _0427_ (net)
                      0.246079    0.001805   22.164970 ^ _1668_/A (sky130_fd_sc_hd__nand2_4)
    19    0.081157    0.361149    0.367438   22.532408 v _1668_/Y (sky130_fd_sc_hd__nand2_4)
                                                         _0430_ (net)
                      0.362612    0.018947   22.551355 v _1687_/A3 (sky130_fd_sc_hd__mux4_1)
     1    0.001825    0.140168    1.177703   23.729059 v _1687_/X (sky130_fd_sc_hd__mux4_1)
                                                         _0449_ (net)
                      0.140168    0.000123   23.729181 v _1779_/A0 (sky130_fd_sc_hd__mux2_1)
     1    0.006811    0.148417    0.710953   24.440134 v _1779_/X (sky130_fd_sc_hd__mux2_1)
                                                         _0541_ (net)
                      0.148417    0.000398   24.440533 v _1780_/A2 (sky130_fd_sc_hd__a21o_1)
     1    0.004118    0.070886    0.359945   24.800478 v _1780_/X (sky130_fd_sc_hd__a21o_1)
                                                         _0542_ (net)
                      0.070886    0.000258   24.800735 v _1781_/C1 (sky130_fd_sc_hd__o211a_2)
     8    0.044720    0.242034    0.366356   25.167091 v _1781_/X (sky130_fd_sc_hd__o211a_2)
                                                         _0543_ (net)
                      0.242269    0.006745   25.173836 v _1811_/S (sky130_fd_sc_hd__mux2_1)
     1    0.002300    0.105398    0.748308   25.922144 v _1811_/X (sky130_fd_sc_hd__mux2_1)
                                                         _0573_ (net)
                      0.105398    0.000167   25.922310 v _1842_/A1 (sky130_fd_sc_hd__mux2_1)
     1    0.003025    0.112262    0.667002   26.589314 v _1842_/X (sky130_fd_sc_hd__mux2_1)
                                                         _0604_ (net)
                      0.112262    0.000204   26.589518 v _1875_/A1 (sky130_fd_sc_hd__mux2_1)
     1    0.002426    0.105930    0.659338   27.248854 v _1875_/X (sky130_fd_sc_hd__mux2_1)
                                                         _0637_ (net)
                      0.105930    0.000160   27.249014 v _1883_/A1 (sky130_fd_sc_hd__mux2_1)
     7    0.045205    0.448466    1.037062   28.286076 v _1883_/X (sky130_fd_sc_hd__mux2_1)
                                                         _0645_ (net)
                      0.448485    0.003483   28.289560 v _1887_/A2 (sky130_fd_sc_hd__o211a_1)
     1    0.005514    0.095451    0.566816   28.856377 v _1887_/X (sky130_fd_sc_hd__o211a_1)
                                                         CB_0.le_outA (net)
                      0.095451    0.000288   28.856663 v fanout141/A (sky130_fd_sc_hd__buf_2)
    11    0.076048    0.329437    0.483636   29.340300 v fanout141/X (sky130_fd_sc_hd__buf_2)
                                                         net141 (net)
                      0.329599    0.006741   29.347042 v _1762_/A0 (sky130_fd_sc_hd__mux2_1)
     3    0.023268    0.282635    0.944363   30.291405 v _1762_/X (sky130_fd_sc_hd__mux2_1)
                                                         _0524_ (net)
                      0.282639    0.001606   30.293011 v _1772_/B1 (sky130_fd_sc_hd__a2bb2o_1)
     5    0.020998    0.250033    0.849273   31.142282 v _1772_/X (sky130_fd_sc_hd__a2bb2o_1)
                                                         _0534_ (net)
                      0.250040    0.001684   31.143967 v _1776_/B1 (sky130_fd_sc_hd__o31a_2)
     6    0.034364    0.219981    0.412499   31.556465 v _1776_/X (sky130_fd_sc_hd__o31a_2)
                                                         _0538_ (net)
                      0.219997    0.002100   31.558565 v _1903_/A1 (sky130_fd_sc_hd__a221o_1)
     1    0.002797    0.091785    0.632085   32.190651 v _1903_/X (sky130_fd_sc_hd__a221o_1)
                                                         _0663_ (net)
                      0.091785    0.000199   32.190849 v _1904_/C (sky130_fd_sc_hd__or3_1)
     1    0.010145    0.212449    0.829722   33.020569 v _1904_/X (sky130_fd_sc_hd__or3_1)
                                                         _0664_ (net)
                      0.212450    0.000927   33.021496 v _1915_/B1 (sky130_fd_sc_hd__a22o_1)
     5    0.031920    0.304597    0.599030   33.620529 v _1915_/X (sky130_fd_sc_hd__a22o_1)
                                                         _0675_ (net)
                      0.304646    0.003766   33.624294 v _1916_/A (sky130_fd_sc_hd__inv_2)
     4    0.023998    0.199028    0.280178   33.904472 ^ _1916_/Y (sky130_fd_sc_hd__inv_2)
                                                         _0676_ (net)
                      0.199033    0.001293   33.905766 ^ _1973_/B1 (sky130_fd_sc_hd__a21o_1)
     1    0.004179    0.080867    0.205446   34.111210 ^ _1973_/X (sky130_fd_sc_hd__a21o_1)
                                                         _0733_ (net)
                      0.080868    0.000323   34.111534 ^ _1974_/B2 (sky130_fd_sc_hd__o221a_1)
     2    0.008316    0.172375    0.429775   34.541309 ^ _1974_/X (sky130_fd_sc_hd__o221a_1)
                                                         _0734_ (net)
                      0.172375    0.000536   34.541847 ^ _2015_/A1 (sky130_fd_sc_hd__o22a_1)
     1    0.006444    0.123941    0.353882   34.895729 ^ _2015_/X (sky130_fd_sc_hd__o22a_1)
                                                         _0775_ (net)
                      0.123941    0.000515   34.896244 ^ _2018_/A2 (sky130_fd_sc_hd__o211a_1)
     1    0.006196    0.117348    0.331045   35.227287 ^ _2018_/X (sky130_fd_sc_hd__o211a_1)
                                                         CB_0.le_outB (net)
                      0.117348    0.000362   35.227650 ^ fanout127/A (sky130_fd_sc_hd__buf_2)
    15    0.092383    0.702786    0.664468   35.892120 ^ fanout127/X (sky130_fd_sc_hd__buf_2)
                                                         net127 (net)
                      0.703252    0.015078   35.907196 ^ _1671_/A0 (sky130_fd_sc_hd__mux2_1)
     1    0.002394    0.091272    0.441126   36.348324 ^ _1671_/X (sky130_fd_sc_hd__mux2_1)
                                                         _0433_ (net)
                      0.091272    0.000163   36.348488 ^ _1673_/A1 (sky130_fd_sc_hd__mux2_1)
     3    0.033860    0.482342    0.552415   36.900902 ^ _1673_/X (sky130_fd_sc_hd__mux2_1)
                                                         _0435_ (net)
                      0.482353    0.002903   36.903805 ^ _1682_/A2 (sky130_fd_sc_hd__a22o_2)
     4    0.026081    0.234172    0.583409   37.487213 ^ _1682_/X (sky130_fd_sc_hd__a22o_2)
                                                         _0444_ (net)
                      0.234175    0.001279   37.488491 ^ _2064_/A (sky130_fd_sc_hd__nand2_4)
    19    0.080282    0.355955    0.361798   37.850288 v _2064_/Y (sky130_fd_sc_hd__nand2_4)
                                                         _0822_ (net)
                      0.357283    0.017891   37.868179 v _2065_/A3 (sky130_fd_sc_hd__mux4_1)
     1    0.003888    0.166944    1.222102   39.090282 v _2065_/X (sky130_fd_sc_hd__mux4_1)
                                                         _0823_ (net)
                      0.166944    0.000245   39.090527 v _2066_/B (sky130_fd_sc_hd__nor2_1)
     1    0.003539    0.151555    0.195058   39.285587 ^ _2066_/Y (sky130_fd_sc_hd__nor2_1)
                                                         _0824_ (net)
                      0.151555    0.000234   39.285820 ^ _2088_/C1 (sky130_fd_sc_hd__a211o_1)
     1    0.003027    0.071853    0.193960   39.479782 ^ _2088_/X (sky130_fd_sc_hd__a211o_1)
                                                         _0846_ (net)
                      0.071853    0.000217   39.479996 ^ _2090_/A2 (sky130_fd_sc_hd__a22o_2)
     9    0.053869    0.446828    0.585374   40.065372 ^ _2090_/X (sky130_fd_sc_hd__a22o_2)
                                                         _0848_ (net)
                      0.447113    0.006832   40.072205 ^ _2144_/S0 (sky130_fd_sc_hd__mux4_1)
     1    0.002571    0.148494    1.339828   41.412029 v _2144_/X (sky130_fd_sc_hd__mux4_1)
                                                         _0902_ (net)
                      0.148494    0.000153   41.412182 v _2172_/A0 (sky130_fd_sc_hd__mux2_1)
     1    0.002599    0.108220    0.654744   42.066929 v _2172_/X (sky130_fd_sc_hd__mux2_1)
                                                         _0930_ (net)
                      0.108220    0.000171   42.067097 v _2176_/A0 (sky130_fd_sc_hd__mux2_2)
     5    0.038742    0.242877    0.741018   42.808117 v _2176_/X (sky130_fd_sc_hd__mux2_2)
                                                         _0934_ (net)
                      0.243085    0.006441   42.814556 v _2179_/A2 (sky130_fd_sc_hd__o211a_1)
     1    0.014494    0.168500    0.554227   43.368782 v _2179_/X (sky130_fd_sc_hd__o211a_1)
                                                         CB_1.le_outA (net)
                      0.168506    0.001254   43.370037 v fanout130/A (sky130_fd_sc_hd__clkbuf_4)
    21    0.096892    0.337435    0.521535   43.891571 v fanout130/X (sky130_fd_sc_hd__clkbuf_4)
                                                         net130 (net)
                      0.337460    0.002448   43.894020 v _2229_/A2 (sky130_fd_sc_hd__mux4_1)
     1    0.002522    0.148123    1.196348   45.090370 v _2229_/X (sky130_fd_sc_hd__mux4_1)
                                                         _0985_ (net)
                      0.148123    0.000117   45.090485 v _2230_/B (sky130_fd_sc_hd__nand2b_1)
     4    0.021146    0.351896    0.336929   45.427414 ^ _2230_/Y (sky130_fd_sc_hd__nand2b_1)
                                                         _0986_ (net)
                      0.351918    0.002281   45.429695 ^ _2231_/B (sky130_fd_sc_hd__nand2_2)
     5    0.022158    0.211868    0.309257   45.738953 v _2231_/Y (sky130_fd_sc_hd__nand2_2)
                                                         _0987_ (net)
                      0.211876    0.001574   45.740524 v _2232_/A (sky130_fd_sc_hd__inv_2)
     1    0.009555    0.099736    0.163066   45.903591 ^ _2232_/Y (sky130_fd_sc_hd__inv_2)
                                                         _0988_ (net)
                      0.099745    0.000995   45.904587 ^ _2307_/A1 (sky130_fd_sc_hd__o21ai_1)
     1    0.005976    0.137920    0.186773   46.091358 v _2307_/Y (sky130_fd_sc_hd__o21ai_1)
                                                         _1063_ (net)
                      0.137920    0.000419   46.091778 v _2309_/B1 (sky130_fd_sc_hd__a22oi_2)
     2    0.009682    0.268399    0.295564   46.387344 ^ _2309_/Y (sky130_fd_sc_hd__a22oi_2)
                                                         _1065_ (net)
                      0.268406    0.000711   46.388054 ^ _2312_/A2 (sky130_fd_sc_hd__o211a_1)
     1    0.012949    0.198565    0.446594   46.834648 ^ _2312_/X (sky130_fd_sc_hd__o211a_1)
                                                         CB_1.le_outB (net)
                      0.198567    0.000973   46.835621 ^ fanout134/A (sky130_fd_sc_hd__buf_2)
    19    0.086269    0.660097    0.671932   47.507553 ^ fanout134/X (sky130_fd_sc_hd__buf_2)
                                                         net134 (net)
                      0.660649    0.015827   47.523380 ^ fanout133/A (sky130_fd_sc_hd__buf_2)
    19    0.083562    0.636235    0.830649   48.354031 ^ fanout133/X (sky130_fd_sc_hd__buf_2)
                                                         net133 (net)
                      0.636313    0.005983   48.360012 ^ fanout132/A (sky130_fd_sc_hd__buf_1)
     5    0.023747    0.451238    0.600309   48.960323 ^ fanout132/X (sky130_fd_sc_hd__buf_1)
                                                         net132 (net)
                      0.451238    0.000895   48.961216 ^ fanout131/A (sky130_fd_sc_hd__buf_2)
    10    0.042695    0.335998    0.547402   49.508617 ^ fanout131/X (sky130_fd_sc_hd__buf_2)
                                                         net131 (net)
                      0.336027    0.003286   49.511906 ^ _1492_/A1 (sky130_fd_sc_hd__o31a_1)
     2    0.006990    0.143858    0.403041   49.914948 ^ _1492_/X (sky130_fd_sc_hd__o31a_1)
                                                         _1286_ (net)
                      0.143858    0.000263   49.915211 ^ _1495_/A2 (sky130_fd_sc_hd__a211oi_1)
     1    0.001873    0.101952    0.156447   50.071655 v _1495_/Y (sky130_fd_sc_hd__a211oi_1)
                                                         _1289_ (net)
                      0.101952    0.000131   50.071789 v _1500_/A2_N (sky130_fd_sc_hd__a2bb2o_1)
     5    0.018703    0.296313    0.660400   50.732189 ^ _1500_/X (sky130_fd_sc_hd__a2bb2o_1)
                                                         _1294_ (net)
                      0.296313    0.001123   50.733311 ^ _1503_/B1_N (sky130_fd_sc_hd__a21boi_4)
    19    0.103671    1.158588    1.104066   51.837376 ^ _1503_/Y (sky130_fd_sc_hd__a21boi_4)
                                                         _1297_ (net)
                      1.158933    0.016822   51.854198 ^ _2335_/A0 (sky130_fd_sc_hd__mux2_1)
     1    0.003288    0.108502    0.550646   52.404846 ^ _2335_/X (sky130_fd_sc_hd__mux2_1)
                                                         _1074_ (net)
                      0.108502    0.000203   52.405048 ^ _2336_/A1 (sky130_fd_sc_hd__mux2_1)
     1    0.006011    0.117523    0.284700   52.689747 ^ _2336_/X (sky130_fd_sc_hd__mux2_1)
                                                         net87 (net)
                      0.117523    0.000593   52.690342 ^ output87/A (sky130_fd_sc_hd__buf_2)
     1    0.039177    0.309067    0.390372   53.080711 ^ output87/X (sky130_fd_sc_hd__buf_2)
                                                         CBnorth_out[6] (net)
                      0.309086    0.002640   53.083351 ^ CBnorth_out[6] (out)
                                             53.083351   data arrival time

                                100.000000  100.000000   clock clk (rise edge)
                                  0.000000  100.000000   clock network delay (propagated)
                                 -0.250000   99.750000   clock uncertainty
                                  0.000000   99.750000   clock reconvergence pessimism
                                -20.000000   79.750000   output external delay
                                             79.750000   data required time
---------------------------------------------------------------------------------------------
                                             79.750000   data required time
                                            -53.083351   data arrival time
---------------------------------------------------------------------------------------------
                                             26.666645   slack (MET)




===========================================================================
report_checks --slack_max -0.01
============================================================================
======================= max_ss_100C_1v60 Corner ===================================

No paths found.


===========================================================================
 report_check_types -max_slew -max_cap -max_fanout -violators
============================================================================
======================= max_ss_100C_1v60 Corner ===================================

max slew

Pin                                        Limit        Slew       Slack
------------------------------------------------------------------------
_1946_/A1                               0.750000    1.307583   -0.557583 (VIOLATED)
ANTENNA__1905__A1/DIODE                 0.750000    1.307582   -0.557582 (VIOLATED)
ANTENNA__1552__A2/DIODE                 0.750000    1.307576   -0.557576 (VIOLATED)
_1552_/A2                               0.750000    1.307574   -0.557574 (VIOLATED)
_1905_/A1                               0.750000    1.307574   -0.557574 (VIOLATED)
_1835_/A2                               0.750000    1.307549   -0.557549 (VIOLATED)
_1806_/A1                               0.750000    1.307534   -0.557534 (VIOLATED)
_1854_/A0                               0.750000    1.307502   -0.557502 (VIOLATED)
ANTENNA__1854__A0/DIODE                 0.750000    1.307491   -0.557491 (VIOLATED)
ANTENNA__1835__A2/DIODE                 0.750000    1.307471   -0.557471 (VIOLATED)
ANTENNA__1946__A1/DIODE                 0.750000    1.307432   -0.557432 (VIOLATED)
_1975_/A1                               0.750000    1.307422   -0.557422 (VIOLATED)
_2337_/A0                               0.750000    1.307408   -0.557408 (VIOLATED)
ANTENNA__1806__A1/DIODE                 0.750000    1.307405   -0.557405 (VIOLATED)
ANTENNA__2337__A0/DIODE                 0.750000    1.307405   -0.557405 (VIOLATED)
ANTENNA__1975__A1/DIODE                 0.750000    1.307402   -0.557402 (VIOLATED)
ANTENNA__1527__Y/DIODE                  0.750000    1.307387   -0.557387 (VIOLATED)
_1527_/Y                                0.750000    1.307383   -0.557383 (VIOLATED)
ANTENNA_fanout250_X/DIODE               0.750000    1.236684   -0.486684 (VIOLATED)
ANTENNA_fanout245_A/DIODE               0.750000    1.236681   -0.486681 (VIOLATED)
ANTENNA_fanout246_A/DIODE               0.750000    1.236675   -0.486675 (VIOLATED)
ANTENNA_fanout247_A/DIODE               0.750000    1.236674   -0.486674 (VIOLATED)
ANTENNA_fanout248_A/DIODE               0.750000    1.236674   -0.486674 (VIOLATED)
fanout249/A                             0.750000    1.236651   -0.486651 (VIOLATED)
fanout245/A                             0.750000    1.236637   -0.486637 (VIOLATED)
ANTENNA_fanout249_A/DIODE               0.750000    1.236620   -0.486620 (VIOLATED)
fanout248/A                             0.750000    1.236586   -0.486586 (VIOLATED)
fanout247/A                             0.750000    1.236566   -0.486566 (VIOLATED)
fanout246/A                             0.750000    1.236565   -0.486565 (VIOLATED)
fanout250/X                             0.750000    1.236558   -0.486558 (VIOLATED)
ANTENNA__2333__A0/DIODE                 0.750000    1.207955   -0.457955 (VIOLATED)
_2333_/A0                               0.750000    1.207940   -0.457940 (VIOLATED)
_1856_/B2                               0.750000    1.207928   -0.457928 (VIOLATED)
ANTENNA__1856__B2/DIODE                 0.750000    1.207927   -0.457926 (VIOLATED)
ANTENNA__1837__B2/DIODE                 0.750000    1.207918   -0.457918 (VIOLATED)
_1807_/B2                               0.750000    1.207917   -0.457917 (VIOLATED)
_1837_/B2                               0.750000    1.207883   -0.457883 (VIOLATED)
_1975_/A3                               0.750000    1.207858   -0.457858 (VIOLATED)
ANTENNA__1975__A3/DIODE                 0.750000    1.207854   -0.457854 (VIOLATED)
ANTENNA__1936__C/DIODE                  0.750000    1.207844   -0.457844 (VIOLATED)
ANTENNA__1552__A0/DIODE                 0.750000    1.207811   -0.457811 (VIOLATED)
ANTENNA__1946__A3/DIODE                 0.750000    1.207806   -0.457806 (VIOLATED)
_1552_/A0                               0.750000    1.207779   -0.457779 (VIOLATED)
_1946_/A3                               0.750000    1.207730   -0.457730 (VIOLATED)
_1936_/C                                0.750000    1.207702   -0.457702 (VIOLATED)
_1905_/A3                               0.750000    1.207695   -0.457696 (VIOLATED)
ANTENNA__1905__A3/DIODE                 0.750000    1.207686   -0.457686 (VIOLATED)
ANTENNA__1807__B2/DIODE                 0.750000    1.207640   -0.457640 (VIOLATED)
ANTENNA__1479__Y/DIODE                  0.750000    1.207302   -0.457302 (VIOLATED)
_1479_/Y                                0.750000    1.207295   -0.457295 (VIOLATED)
output114/A                             0.750000    1.201785   -0.451785 (VIOLATED)
ANTENNA_output114_A/DIODE               0.750000    1.201778   -0.451778 (VIOLATED)
ANTENNA__2403__Y/DIODE                  0.750000    1.201777   -0.451777 (VIOLATED)
_2403_/Y                                0.750000    1.201773   -0.451773 (VIOLATED)
ANTENNA__1837__A1/DIODE                 0.750000    1.159180   -0.409180 (VIOLATED)
_1856_/A1                               0.750000    1.159179   -0.409179 (VIOLATED)
_1807_/A1                               0.750000    1.159176   -0.409176 (VIOLATED)
_1837_/A1                               0.750000    1.159145   -0.409145 (VIOLATED)
_1905_/A2                               0.750000    1.159128   -0.409128 (VIOLATED)
_1935_/C                                0.750000    1.159128   -0.409128 (VIOLATED)
ANTENNA__1935__C/DIODE                  0.750000    1.159120   -0.409120 (VIOLATED)
_1552_/A1                               0.750000    1.159098   -0.409098 (VIOLATED)
ANTENNA__1905__A2/DIODE                 0.750000    1.159097   -0.409097 (VIOLATED)
ANTENNA__1552__A1/DIODE                 0.750000    1.159093   -0.409093 (VIOLATED)
_1946_/A2                               0.750000    1.158987   -0.408987 (VIOLATED)
ANTENNA__1856__A1/DIODE                 0.750000    1.158938   -0.408938 (VIOLATED)
_2335_/A0                               0.750000    1.158933   -0.408933 (VIOLATED)
ANTENNA__1807__A1/DIODE                 0.750000    1.158915   -0.408915 (VIOLATED)
ANTENNA__1946__A2/DIODE                 0.750000    1.158900   -0.408900 (VIOLATED)
ANTENNA__1975__A2/DIODE                 0.750000    1.158861   -0.408861 (VIOLATED)
_1975_/A2                               0.750000    1.158846   -0.408846 (VIOLATED)
ANTENNA__2335__A0/DIODE                 0.750000    1.158812   -0.408812 (VIOLATED)
ANTENNA__1503__Y/DIODE                  0.750000    1.158609   -0.408609 (VIOLATED)
_1503_/Y                                0.750000    1.158588   -0.408588 (VIOLATED)
_2277_/A2                               0.750000    0.987457   -0.237457 (VIOLATED)
_2224_/B2                               0.750000    0.987456   -0.237456 (VIOLATED)
_2031_/Y                                0.750000    0.987446   -0.237447 (VIOLATED)
output111/A                             0.750000    0.902698   -0.152698 (VIOLATED)
ANTENNA_output111_A/DIODE               0.750000    0.902691   -0.152691 (VIOLATED)
ANTENNA__2421__Y/DIODE                  0.750000    0.902673   -0.152673 (VIOLATED)
_2421_/Y                                0.750000    0.902673   -0.152673 (VIOLATED)
ANTENNA__2140__A2/DIODE                 0.750000    0.871791   -0.121791 (VIOLATED)
_2140_/A2                               0.750000    0.871763   -0.121763 (VIOLATED)
_2165_/A0                               0.750000    0.871740   -0.121740 (VIOLATED)
ANTENNA__2165__A0/DIODE                 0.750000    0.871738   -0.121738 (VIOLATED)
ANTENNA__2086__A2/DIODE                 0.750000    0.871711   -0.121711 (VIOLATED)
_2086_/A2                               0.750000    0.871694   -0.121694 (VIOLATED)
ANTENNA__2104__A0/DIODE                 0.750000    0.871657   -0.121657 (VIOLATED)
_2104_/A0                               0.750000    0.871657   -0.121657 (VIOLATED)
_2291_/A1                               0.750000    0.871655   -0.121655 (VIOLATED)
ANTENNA__2291__A1/DIODE                 0.750000    0.871644   -0.121644 (VIOLATED)
_2257_/A3                               0.750000    0.871631   -0.121631 (VIOLATED)
ANTENNA__2257__A3/DIODE                 0.750000    0.871572   -0.121572 (VIOLATED)
_2355_/B1                               0.750000    0.871544   -0.121544 (VIOLATED)
ANTENNA__2355__B1/DIODE                 0.750000    0.871543   -0.121543 (VIOLATED)
ANTENNA__2199__A3/DIODE                 0.750000    0.871538   -0.121538 (VIOLATED)
_2199_/A3                               0.750000    0.871533   -0.121533 (VIOLATED)
ANTENNA__2210__A3/DIODE                 0.750000    0.871531   -0.121531 (VIOLATED)
_2210_/A3                               0.750000    0.871529   -0.121529 (VIOLATED)
ANTENNA__2080__Y/DIODE                  0.750000    0.871454   -0.121454 (VIOLATED)
_2080_/Y                                0.750000    0.871417   -0.121417 (VIOLATED)
ANTENNA_input21_X/DIODE                 0.750000    0.852193   -0.102193 (VIOLATED)
ANTENNA__1787__A1/DIODE                 0.750000    0.852161   -0.102161 (VIOLATED)
ANTENNA__1824__A2/DIODE                 0.750000    0.852131   -0.102131 (VIOLATED)
ANTENNA__1752__A2/DIODE                 0.750000    0.852016   -0.102016 (VIOLATED)
ANTENNA__1866__A2/DIODE                 0.750000    0.852008   -0.102008 (VIOLATED)
ANTENNA__1925__A2/DIODE                 0.750000    0.851982   -0.101982 (VIOLATED)
_1960_/A2                               0.750000    0.851930   -0.101930 (VIOLATED)
ANTENNA__1960__A2/DIODE                 0.750000    0.851853   -0.101853 (VIOLATED)
_1990_/A2                               0.750000    0.851796   -0.101796 (VIOLATED)
ANTENNA__1990__A2/DIODE                 0.750000    0.851726   -0.101726 (VIOLATED)
_1896_/A2                               0.750000    0.851716   -0.101716 (VIOLATED)
ANTENNA__1896__A2/DIODE                 0.750000    0.851702   -0.101702 (VIOLATED)
_1925_/A2                               0.750000    0.851594   -0.101594 (VIOLATED)
_1752_/A2                               0.750000    0.851557   -0.101557 (VIOLATED)
_1824_/A2                               0.750000    0.851542   -0.101542 (VIOLATED)
_1671_/A1                               0.750000    0.851405   -0.101405 (VIOLATED)
ANTENNA__1671__A1/DIODE                 0.750000    0.851401   -0.101401 (VIOLATED)
_1866_/A2                               0.750000    0.851398   -0.101398 (VIOLATED)
_1787_/A1                               0.750000    0.851393   -0.101393 (VIOLATED)
input21/X                               0.750000    0.851117   -0.101117 (VIOLATED)
_1532_/A1                               0.750000    0.833988   -0.083988 (VIOLATED)
ANTENNA__1979__A0/DIODE                 0.750000    0.833954   -0.083954 (VIOLATED)
_1979_/A0                               0.750000    0.833923   -0.083923 (VIOLATED)
ANTENNA__1532__A1/DIODE                 0.750000    0.833905   -0.083905 (VIOLATED)
ANTENNA__1829__A0/DIODE                 0.750000    0.833899   -0.083899 (VIOLATED)
ANTENNA__1950__A0/DIODE                 0.750000    0.833865   -0.083865 (VIOLATED)
_1950_/A0                               0.750000    0.833854   -0.083854 (VIOLATED)
ANTENNA__1800__A0/DIODE                 0.750000    0.833812   -0.083812 (VIOLATED)
ANTENNA__1848__A0/DIODE                 0.750000    0.833812   -0.083812 (VIOLATED)
ANTENNA_input23_X/DIODE                 0.750000    0.833809   -0.083809 (VIOLATED)
ANTENNA__1599__A0/DIODE                 0.750000    0.833802   -0.083802 (VIOLATED)
_1908_/A0                               0.750000    0.833747   -0.083747 (VIOLATED)
ANTENNA__1908__A0/DIODE                 0.750000    0.833720   -0.083720 (VIOLATED)
_1919_/A0                               0.750000    0.833611   -0.083611 (VIOLATED)
_1599_/A0                               0.750000    0.833385   -0.083385 (VIOLATED)
_1829_/A0                               0.750000    0.833322   -0.083322 (VIOLATED)
_1848_/A0                               0.750000    0.833105   -0.083105 (VIOLATED)
_1800_/A0                               0.750000    0.833103   -0.083103 (VIOLATED)
ANTENNA__1919__A0/DIODE                 0.750000    0.832885   -0.082885 (VIOLATED)
input23/X                               0.750000    0.832851   -0.082851 (VIOLATED)
ANTENNA__1867__A0/DIODE                 0.750000    0.818615   -0.068615 (VIOLATED)
_1691_/A1                               0.750000    0.818585   -0.068585 (VIOLATED)
ANTENNA__1691__A1/DIODE                 0.750000    0.818580   -0.068580 (VIOLATED)
ANTENNA_input27_X/DIODE                 0.750000    0.818550   -0.068550 (VIOLATED)
ANTENNA__1793__A0/DIODE                 0.750000    0.818544   -0.068544 (VIOLATED)
ANTENNA__1991__A0/DIODE                 0.750000    0.818543   -0.068543 (VIOLATED)
_1991_/A0                               0.750000    0.818541   -0.068541 (VIOLATED)
ANTENNA__1827__A0/DIODE                 0.750000    0.818528   -0.068528 (VIOLATED)
_1961_/A0                               0.750000    0.818519   -0.068519 (VIOLATED)
ANTENNA__1961__A0/DIODE                 0.750000    0.818505   -0.068505 (VIOLATED)
_1898_/A0                               0.750000    0.818428   -0.068428 (VIOLATED)
ANTENNA__1898__A0/DIODE                 0.750000    0.818288   -0.068288 (VIOLATED)
_1923_/A0                               0.750000    0.818265   -0.068265 (VIOLATED)
_1753_/A0                               0.750000    0.818171   -0.068171 (VIOLATED)
_1827_/A0                               0.750000    0.818128   -0.068128 (VIOLATED)
_1867_/A0                               0.750000    0.817851   -0.067851 (VIOLATED)
_1793_/A0                               0.750000    0.817843   -0.067843 (VIOLATED)
ANTENNA__1753__A0/DIODE                 0.750000    0.817645   -0.067645 (VIOLATED)
ANTENNA__1923__A0/DIODE                 0.750000    0.817644   -0.067644 (VIOLATED)
input27/X                               0.750000    0.817622   -0.067622 (VIOLATED)
_2270_/A1                               0.750000    0.810751   -0.060751 (VIOLATED)
_2107_/A2                               0.750000    0.810750   -0.060750 (VIOLATED)
_2223_/A2                               0.750000    0.810743   -0.060743 (VIOLATED)
_2180_/A1                               0.750000    0.810734   -0.060734 (VIOLATED)
_2035_/A0                               0.750000    0.810731   -0.060731 (VIOLATED)
_2117_/A2                               0.750000    0.810726   -0.060726 (VIOLATED)
_2145_/A2                               0.750000    0.810726   -0.060726 (VIOLATED)
_2365_/B1                               0.750000    0.810723   -0.060723 (VIOLATED)
_2026_/Y                                0.750000    0.810717   -0.060717 (VIOLATED)
ANTENNA_input19_X/DIODE                 0.750000    0.800476   -0.050476 (VIOLATED)
_1566_/B1                               0.750000    0.800462   -0.050462 (VIOLATED)
ANTENNA__1566__B1/DIODE                 0.750000    0.800456   -0.050456 (VIOLATED)
ANTENNA__1980__A1/DIODE                 0.750000    0.800414   -0.050414 (VIOLATED)
_1980_/A1                               0.750000    0.800412   -0.050412 (VIOLATED)
ANTENNA__1917__A1/DIODE                 0.750000    0.800364   -0.050364 (VIOLATED)
_1601_/A1                               0.750000    0.800363   -0.050363 (VIOLATED)
ANTENNA__1799__A1/DIODE                 0.750000    0.800359   -0.050359 (VIOLATED)
ANTENNA__1830__A1/DIODE                 0.750000    0.800357   -0.050357 (VIOLATED)
_1917_/A1                               0.750000    0.800354   -0.050354 (VIOLATED)
ANTENNA__1951__A1/DIODE                 0.750000    0.800351   -0.050351 (VIOLATED)
_1951_/A1                               0.750000    0.800345   -0.050345 (VIOLATED)
ANTENNA__1850__A1/DIODE                 0.750000    0.800340   -0.050340 (VIOLATED)
_1799_/A1                               0.750000    0.800330   -0.050330 (VIOLATED)
_1910_/A1                               0.750000    0.800324   -0.050324 (VIOLATED)
ANTENNA__1910__A1/DIODE                 0.750000    0.800321   -0.050321 (VIOLATED)
_1830_/A1                               0.750000    0.800295   -0.050295 (VIOLATED)
ANTENNA__1601__A1/DIODE                 0.750000    0.800273   -0.050273 (VIOLATED)
_1850_/A1                               0.750000    0.800150   -0.050150 (VIOLATED)
input19/X                               0.750000    0.800045   -0.050045 (VIOLATED)
ANTENNA__1848__A1/DIODE                 0.750000    0.792052   -0.042052 (VIOLATED)
ANTENNA__1800__A1/DIODE                 0.750000    0.792051   -0.042051 (VIOLATED)
_1950_/A1                               0.750000    0.792041   -0.042041 (VIOLATED)
ANTENNA__1950__A1/DIODE                 0.750000    0.792039   -0.042039 (VIOLATED)
_1908_/A1                               0.750000    0.792038   -0.042038 (VIOLATED)
ANTENNA__1908__A1/DIODE                 0.750000    0.792028   -0.042028 (VIOLATED)
_1919_/A1                               0.750000    0.792008   -0.042008 (VIOLATED)
ANTENNA__1599__A1/DIODE                 0.750000    0.791964   -0.041964 (VIOLATED)
_1599_/A1                               0.750000    0.791960   -0.041960 (VIOLATED)
_1508_/A0                               0.750000    0.791929   -0.041929 (VIOLATED)
ANTENNA__1508__A0/DIODE                 0.750000    0.791929   -0.041929 (VIOLATED)
ANTENNA__1919__A1/DIODE                 0.750000    0.791926   -0.041926 (VIOLATED)
ANTENNA__1829__A1/DIODE                 0.750000    0.791926   -0.041926 (VIOLATED)
_1979_/A1                               0.750000    0.791918   -0.041918 (VIOLATED)
ANTENNA__1979__A1/DIODE                 0.750000    0.791909   -0.041909 (VIOLATED)
ANTENNA_input24_X/DIODE                 0.750000    0.791903   -0.041903 (VIOLATED)
_1800_/A1                               0.750000    0.791897   -0.041897 (VIOLATED)
_1829_/A1                               0.750000    0.791890   -0.041890 (VIOLATED)
_1848_/A1                               0.750000    0.791872   -0.041872 (VIOLATED)
input24/X                               0.750000    0.791841   -0.041841 (VIOLATED)
ANTENNA__2122__A3/DIODE                 0.750000    0.784946   -0.034946 (VIOLATED)
ANTENNA__2150__A3/DIODE                 0.750000    0.784930   -0.034930 (VIOLATED)
_2122_/A3                               0.750000    0.784892   -0.034892 (VIOLATED)
_2150_/A3                               0.750000    0.784886   -0.034886 (VIOLATED)
_1466_/B1                               0.750000    0.784857   -0.034857 (VIOLATED)
ANTENNA__1466__B1/DIODE                 0.750000    0.784850   -0.034850 (VIOLATED)
ANTENNA__2183__A3/DIODE                 0.750000    0.784775   -0.034775 (VIOLATED)
_2183_/A3                               0.750000    0.784701   -0.034701 (VIOLATED)
_2047_/A3                               0.750000    0.784641   -0.034641 (VIOLATED)
ANTENNA__2047__A3/DIODE                 0.750000    0.784615   -0.034615 (VIOLATED)
ANTENNA_input12_X/DIODE                 0.750000    0.784561   -0.034561 (VIOLATED)
_2244_/A3                               0.750000    0.784553   -0.034553 (VIOLATED)
_2218_/A3                               0.750000    0.784548   -0.034548 (VIOLATED)
ANTENNA__2218__A3/DIODE                 0.750000    0.784547   -0.034547 (VIOLATED)
ANTENNA__2244__A3/DIODE                 0.750000    0.784514   -0.034514 (VIOLATED)
_2278_/A3                               0.750000    0.784485   -0.034485 (VIOLATED)
_2110_/A3                               0.750000    0.784441   -0.034441 (VIOLATED)
ANTENNA__2278__A3/DIODE                 0.750000    0.784298   -0.034298 (VIOLATED)
ANTENNA__2110__A3/DIODE                 0.750000    0.784261   -0.034261 (VIOLATED)
input12/X                               0.750000    0.784232   -0.034232 (VIOLATED)
fanout207/A                             0.750000    0.778958   -0.028958 (VIOLATED)
ANTENNA_fanout193_A/DIODE               0.750000    0.778906   -0.028906 (VIOLATED)
fanout193/A                             0.750000    0.778873   -0.028873 (VIOLATED)
fanout198/A                             0.750000    0.778751   -0.028751 (VIOLATED)
ANTENNA_fanout198_A/DIODE               0.750000    0.778749   -0.028749 (VIOLATED)
ANTENNA_fanout218_A/DIODE               0.750000    0.778129   -0.028129 (VIOLATED)
fanout218/A                             0.750000    0.778084   -0.028084 (VIOLATED)
ANTENNA_fanout207_A/DIODE               0.750000    0.777675   -0.027675 (VIOLATED)
ANTENNA_fanout210_A/DIODE               0.750000    0.777374   -0.027374 (VIOLATED)
ANTENNA_fanout228_A/DIODE               0.750000    0.777218   -0.027218 (VIOLATED)
fanout228/A                             0.750000    0.777113   -0.027113 (VIOLATED)
fanout210/A                             0.750000    0.777018   -0.027018 (VIOLATED)
ANTENNA_fanout229_X/DIODE               0.750000    0.777012   -0.027012 (VIOLATED)
fanout229/X                             0.750000    0.776931   -0.026931 (VIOLATED)
_1673_/A0                               0.750000    0.775594   -0.025594 (VIOLATED)
ANTENNA__1673__A0/DIODE                 0.750000    0.775588   -0.025588 (VIOLATED)
_1635_/A0                               0.750000    0.775579   -0.025579 (VIOLATED)
ANTENNA__1635__A0/DIODE                 0.750000    0.775572   -0.025572 (VIOLATED)
_1798_/A0                               0.750000    0.775550   -0.025550 (VIOLATED)
_1607_/A0                               0.750000    0.775530   -0.025530 (VIOLATED)
_1941_/A0                               0.750000    0.775525   -0.025525 (VIOLATED)
ANTENNA__1798__A0/DIODE                 0.750000    0.775482   -0.025482 (VIOLATED)
ANTENNA__1888__A0/DIODE                 0.750000    0.775475   -0.025475 (VIOLATED)
ANTENNA__1941__A0/DIODE                 0.750000    0.775475   -0.025475 (VIOLATED)
_1968_/A0                               0.750000    0.775457   -0.025457 (VIOLATED)
_1888_/A0                               0.750000    0.775454   -0.025454 (VIOLATED)
_1812_/A0                               0.750000    0.775442   -0.025442 (VIOLATED)
ANTENNA__1968__A0/DIODE                 0.750000    0.775441   -0.025441 (VIOLATED)
ANTENNA__1607__A0/DIODE                 0.750000    0.775413   -0.025413 (VIOLATED)
ANTENNA__1812__A0/DIODE                 0.750000    0.775329   -0.025330 (VIOLATED)
_2089_/A0                               0.750000    0.775328   -0.025328 (VIOLATED)
ANTENNA__2089__A0/DIODE                 0.750000    0.775326   -0.025326 (VIOLATED)
ANTENNA__2229__A0/DIODE                 0.750000    0.775320   -0.025320 (VIOLATED)
_2229_/A0                               0.750000    0.775319   -0.025319 (VIOLATED)
ANTENNA_fanout136_X/DIODE               0.750000    0.775308   -0.025308 (VIOLATED)
fanout136/X                             0.750000    0.775057   -0.025057 (VIOLATED)
ANTENNA__1923__A2/DIODE                 0.750000    0.772942   -0.022942 (VIOLATED)
ANTENNA__1792__A1/DIODE                 0.750000    0.772939   -0.022939 (VIOLATED)
ANTENNA_input16_X/DIODE                 0.750000    0.772934   -0.022934 (VIOLATED)
ANTENNA__1900__A0/DIODE                 0.750000    0.772916   -0.022916 (VIOLATED)
_1900_/A0                               0.750000    0.772913   -0.022913 (VIOLATED)
ANTENNA__1867__A2/DIODE                 0.750000    0.772894   -0.022894 (VIOLATED)
_1962_/A0                               0.750000    0.772887   -0.022887 (VIOLATED)
ANTENNA__1962__A0/DIODE                 0.750000    0.772869   -0.022869 (VIOLATED)
ANTENNA__1992__A0/DIODE                 0.750000    0.772824   -0.022824 (VIOLATED)
_1992_/A0                               0.750000    0.772824   -0.022824 (VIOLATED)
ANTENNA__1760__A0/DIODE                 0.750000    0.772693   -0.022693 (VIOLATED)
_1760_/A0                               0.750000    0.772654   -0.022654 (VIOLATED)
_1867_/A2                               0.750000    0.772580   -0.022580 (VIOLATED)
_1792_/A1                               0.750000    0.772544   -0.022544 (VIOLATED)
ANTENNA__1827__A2/DIODE                 0.750000    0.772531   -0.022531 (VIOLATED)
_1923_/A2                               0.750000    0.772530   -0.022530 (VIOLATED)
ANTENNA__1755__A0/DIODE                 0.750000    0.772529   -0.022529 (VIOLATED)
_1755_/A0                               0.750000    0.772526   -0.022526 (VIOLATED)
_1827_/A2                               0.750000    0.772523   -0.022523 (VIOLATED)
input16/X                               0.750000    0.772452   -0.022452 (VIOLATED)
_2107_/A3                               0.750000    0.769251   -0.019251 (VIOLATED)
_2276_/B                                0.750000    0.769248   -0.019248 (VIOLATED)
ANTENNA__2107__A3/DIODE                 0.750000    0.769248   -0.019248 (VIOLATED)
ANTENNA__2276__B/DIODE                  0.750000    0.769247   -0.019247 (VIOLATED)
_2241_/B                                0.750000    0.769221   -0.019221 (VIOLATED)
ANTENNA__2241__B/DIODE                  0.750000    0.769214   -0.019214 (VIOLATED)
_2224_/A1_N                             0.750000    0.769200   -0.019200 (VIOLATED)
ANTENNA__2224__A1_N/DIODE               0.750000    0.769193   -0.019193 (VIOLATED)
_2180_/A0                               0.750000    0.769163   -0.019163 (VIOLATED)
ANTENNA__2180__A0/DIODE                 0.750000    0.769160   -0.019160 (VIOLATED)
ANTENNA__2035__A2/DIODE                 0.750000    0.769106   -0.019106 (VIOLATED)
_2035_/A2                               0.750000    0.769100   -0.019100 (VIOLATED)
_2145_/A3                               0.750000    0.769034   -0.019034 (VIOLATED)
_2117_/A3                               0.750000    0.769032   -0.019032 (VIOLATED)
ANTENNA__2117__A3/DIODE                 0.750000    0.769019   -0.019020 (VIOLATED)
ANTENNA__2145__A3/DIODE                 0.750000    0.769016   -0.019016 (VIOLATED)
_2361_/B1                               0.750000    0.768853   -0.018853 (VIOLATED)
ANTENNA__2361__B1/DIODE                 0.750000    0.768845   -0.018845 (VIOLATED)
ANTENNA__2023__Y/DIODE                  0.750000    0.768787   -0.018787 (VIOLATED)
_2023_/Y                                0.750000    0.768738   -0.018738 (VIOLATED)
_1770_/B1_N                             0.750000    0.766455   -0.016455 (VIOLATED)
ANTENNA__1770__B1_N/DIODE               0.750000    0.766454   -0.016455 (VIOLATED)
ANTENNA_input30_X/DIODE                 0.750000    0.766440   -0.016440 (VIOLATED)
input30/X                               0.750000    0.766405   -0.016405 (VIOLATED)
output100/A                             0.750000    0.763513   -0.013513 (VIOLATED)
ANTENNA_output100_A/DIODE               0.750000    0.763513   -0.013513 (VIOLATED)
ANTENNA__2406__Y/DIODE                  0.750000    0.763492   -0.013492 (VIOLATED)
_2406_/Y                                0.750000    0.763492   -0.013492 (VIOLATED)
_1581_/A0                               0.750000    0.754843   -0.004843 (VIOLATED)
ANTENNA__1830__A0/DIODE                 0.750000    0.754826   -0.004826 (VIOLATED)
ANTENNA__1581__A0/DIODE                 0.750000    0.754815   -0.004815 (VIOLATED)
ANTENNA__1601__A0/DIODE                 0.750000    0.754807   -0.004807 (VIOLATED)
ANTENNA__1980__A0/DIODE                 0.750000    0.754804   -0.004804 (VIOLATED)
_1980_/A0                               0.750000    0.754802   -0.004802 (VIOLATED)
ANTENNA__1917__A0/DIODE                 0.750000    0.754800   -0.004800 (VIOLATED)
_1601_/A0                               0.750000    0.754793   -0.004793 (VIOLATED)
_1917_/A0                               0.750000    0.754791   -0.004791 (VIOLATED)
ANTENNA__1799__A0/DIODE                 0.750000    0.754768   -0.004768 (VIOLATED)
_1951_/A0                               0.750000    0.754763   -0.004763 (VIOLATED)
_1910_/A0                               0.750000    0.754754   -0.004754 (VIOLATED)
ANTENNA__1951__A0/DIODE                 0.750000    0.754740   -0.004740 (VIOLATED)
ANTENNA__1910__A0/DIODE                 0.750000    0.754724   -0.004724 (VIOLATED)
ANTENNA_input18_X/DIODE                 0.750000    0.754647   -0.004647 (VIOLATED)
_1830_/A0                               0.750000    0.754624   -0.004624 (VIOLATED)
ANTENNA__1850__A0/DIODE                 0.750000    0.754623   -0.004623 (VIOLATED)
_1799_/A0                               0.750000    0.754613   -0.004613 (VIOLATED)
_1850_/A0                               0.750000    0.754606   -0.004606 (VIOLATED)
input18/X                               0.750000    0.754529   -0.004529 (VIOLATED)

max fanout

Pin                                   Limit Fanout  Slack
---------------------------------------------------------
fanout122/X                              10     21    -11 (VIOLATED)
fanout128/X                              10     21    -11 (VIOLATED)
fanout130/X                              10     21    -11 (VIOLATED)
fanout136/X                              10     21    -11 (VIOLATED)
fanout171/X                              10     21    -11 (VIOLATED)
fanout217/X                              10     21    -11 (VIOLATED)
fanout261/X                              10     21    -11 (VIOLATED)
_1479_/Y                                 10     19     -9 (VIOLATED)
_1503_/Y                                 10     19     -9 (VIOLATED)
_1629_/Y                                 10     19     -9 (VIOLATED)
_1668_/Y                                 10     19     -9 (VIOLATED)
_1685_/Y                                 10     19     -9 (VIOLATED)
_2023_/Y                                 10     19     -9 (VIOLATED)
_2055_/Y                                 10     19     -9 (VIOLATED)
_2058_/Y                                 10     19     -9 (VIOLATED)
_2061_/Y                                 10     19     -9 (VIOLATED)
_2064_/Y                                 10     19     -9 (VIOLATED)
_2073_/X                                 10     19     -9 (VIOLATED)
_2080_/Y                                 10     19     -9 (VIOLATED)
clkbuf_2_0__f_clk/X                      10     19     -9 (VIOLATED)
clkbuf_2_2__f_clk/X                      10     19     -9 (VIOLATED)
clkbuf_2_3__f_clk/X                      10     19     -9 (VIOLATED)
fanout133/X                              10     19     -9 (VIOLATED)
fanout134/X                              10     19     -9 (VIOLATED)
input1/X                                 10     19     -9 (VIOLATED)
input10/X                                10     19     -9 (VIOLATED)
input11/X                                10     19     -9 (VIOLATED)
input12/X                                10     19     -9 (VIOLATED)
input13/X                                10     19     -9 (VIOLATED)
input14/X                                10     19     -9 (VIOLATED)
input15/X                                10     19     -9 (VIOLATED)
input16/X                                10     19     -9 (VIOLATED)
input17/X                                10     19     -9 (VIOLATED)
input18/X                                10     19     -9 (VIOLATED)
input19/X                                10     19     -9 (VIOLATED)
input2/X                                 10     19     -9 (VIOLATED)
input20/X                                10     19     -9 (VIOLATED)
input21/X                                10     19     -9 (VIOLATED)
input22/X                                10     19     -9 (VIOLATED)
input23/X                                10     19     -9 (VIOLATED)
input24/X                                10     19     -9 (VIOLATED)
input25/X                                10     19     -9 (VIOLATED)
input26/X                                10     19     -9 (VIOLATED)
input27/X                                10     19     -9 (VIOLATED)
input28/X                                10     19     -9 (VIOLATED)
input3/X                                 10     19     -9 (VIOLATED)
input4/X                                 10     19     -9 (VIOLATED)
input5/X                                 10     19     -9 (VIOLATED)
input6/X                                 10     19     -9 (VIOLATED)
input7/X                                 10     19     -9 (VIOLATED)
input8/X                                 10     19     -9 (VIOLATED)
input9/X                                 10     19     -9 (VIOLATED)
_1527_/Y                                 10     17     -7 (VIOLATED)
_1551_/X                                 10     17     -7 (VIOLATED)
_1597_/X                                 10     17     -7 (VIOLATED)
clkbuf_2_1__f_clk/X                      10     17     -7 (VIOLATED)
clkbuf_leaf_3_clk/X                      10     17     -7 (VIOLATED)
clkbuf_leaf_1_clk/X                      10     16     -6 (VIOLATED)
clkbuf_leaf_22_clk/X                     10     16     -6 (VIOLATED)
clkbuf_leaf_5_clk/X                      10     16     -6 (VIOLATED)
_1548_/X                                 10     15     -5 (VIOLATED)
_1577_/X                                 10     15     -5 (VIOLATED)
clkbuf_leaf_13_clk/X                     10     15     -5 (VIOLATED)
clkbuf_leaf_14_clk/X                     10     15     -5 (VIOLATED)
clkbuf_leaf_30_clk/X                     10     15     -5 (VIOLATED)
fanout127/X                              10     15     -5 (VIOLATED)
fanout272/X                              10     15     -5 (VIOLATED)
clkbuf_leaf_0_clk/X                      10     14     -4 (VIOLATED)
clkbuf_leaf_2_clk/X                      10     14     -4 (VIOLATED)
clkbuf_leaf_6_clk/X                      10     14     -4 (VIOLATED)
_1524_/Y                                 10     13     -3 (VIOLATED)
_1711_/X                                 10     13     -3 (VIOLATED)
_1750_/X                                 10     13     -3 (VIOLATED)
_3039_/Q                                 10     13     -3 (VIOLATED)
clkbuf_leaf_25_clk/X                     10     13     -3 (VIOLATED)
clkbuf_leaf_28_clk/X                     10     13     -3 (VIOLATED)
clkbuf_leaf_4_clk/X                      10     13     -3 (VIOLATED)
fanout228/X                              10     13     -3 (VIOLATED)
fanout229/X                              10     13     -3 (VIOLATED)
fanout262/X                              10     13     -3 (VIOLATED)
input60/X                                10     13     -3 (VIOLATED)
clkbuf_leaf_21_clk/X                     10     12     -2 (VIOLATED)
clkbuf_leaf_23_clk/X                     10     12     -2 (VIOLATED)
clkbuf_leaf_27_clk/X                     10     12     -2 (VIOLATED)
clkbuf_leaf_9_clk/X                      10     12     -2 (VIOLATED)
fanout254/X                              10     12     -2 (VIOLATED)
clkbuf_leaf_10_clk/X                     10     11        (VIOLATED)
clkbuf_leaf_12_clk/X                     10     11        (VIOLATED)
fanout141/X                              10     11        (VIOLATED)
fanout193/X                              10     11        (VIOLATED)
fanout210/X                              10     11        (VIOLATED)
fanout218/X                              10     11        (VIOLATED)
fanout250/X                              10     11        (VIOLATED)



===========================================================================
report_parasitic_annotation -report_unannotated
============================================================================
Found 35 unannotated drivers.
 _2313_/X
 _2315_/X
 _2317_/X
 _2319_/X
 clkload0/Y
 clkload1/X
 clkload10/Y
 clkload11/Y
 clkload12/X
 clkload13/Y
 clkload14/Y
 clkload15/Y
 clkload16/Y
 clkload17/Y
 clkload18/Y
 clkload19/Y
 clkload2/X
 clkload20/Y
 clkload21/Y
 clkload22/Y
 clkload23/Y
 clkload24/Y
 clkload25/Y
 clkload26/Y
 clkload27/Y
 clkload28/X
 clkload29/Y
 clkload3/Y
 clkload30/Y
 clkload4/Y
 clkload5/Y
 clkload6/Y
 clkload7/Y
 clkload8/Y
 clkload9/Y
Found 0 partially unannotated drivers.

===========================================================================
max slew violation count 334
max fanout violation count 93
max cap violation count 0
============================================================================

===========================================================================
check_setup -verbose -unconstrained_endpoints -multiple_clock -no_clock -no_input_delay -loops -generated_clocks
===========================================================================
Warning: There are 8 unclocked register/latch pins.
  _2792_/CLK
  _2841_/CLK
  _2842_/CLK
  _2863_/CLK
  _2864_/CLK
  _2885_/CLK
  _2886_/CLK
  _2907_/CLK
Warning: There are 8 unconstrained endpoints.
  _2792_/D
  _2841_/D
  _2842_/D
  _2863_/D
  _2864_/D
  _2885_/D
  _2886_/D
  _2907_/D
Warning: There are 53 combinational loops in the design.
  _1665_/X
  _1668_/A
  _1668_/Y
  _1687_/A3
  _1687_/X
  _1779_/A0
  _1779_/X
  _1780_/A2
  _1780_/X
  _1781_/C1
  _1781_/X
  _1811_/S
  _1811_/X
  _1842_/A1
  _1842_/X
  _1875_/A1
  _1875_/X
  _1883_/A1
  _1883_/X
  _1887_/A2
  _1887_/X
  fanout141/A
  fanout141/X
  _1656_/A0
  _1656_/X
  _1665_/A2
  | loop cut point
  _1665_/X
  --------------------------------
  _1842_/X
  _1875_/A1
  _1875_/X
  _1883_/A1
  _1883_/X
  _1887_/A2
  _1887_/X
  fanout141/A
  fanout141/X
  _1762_/A0
  _1762_/X
  _1772_/B1
  _1772_/X
  _1776_/B1
  _1776_/X
  _1791_/A2
  _1791_/X
  _1796_/B1
  _1796_/X
  _1797_/B
  _1797_/X
  _1810_/C1
  _1810_/X
  _1842_/S
  | loop cut point
  _1842_/X
  --------------------------------
  _1842_/X
  _1875_/A1
  _1875_/X
  _1883_/A1
  _1883_/X
  _1887_/A2
  _1887_/X
  fanout141/A
  fanout141/X
  _1762_/A0
  _1762_/X
  _1772_/B1
  _1772_/X
  _1776_/B1
  _1776_/X
  _1791_/A2
  _1791_/X
  _1796_/B1
  _1796_/X
  _1797_/B
  _1797_/X
  _1810_/C1
  _1810_/X
  _1842_/S
  | loop cut point
  _1842_/X
  --------------------------------
  _1875_/X
  _1883_/A1
  _1883_/X
  _1887_/A2
  _1887_/X
  fanout141/A
  fanout141/X
  _1762_/A0
  _1762_/X
  _1772_/B1
  _1772_/X
  _1776_/B1
  _1776_/X
  _1791_/A2
  _1791_/X
  _1796_/B1
  _1796_/X
  _1797_/B
  _1797_/X
  _1810_/C1
  _1810_/X
  _1874_/S
  _1874_/X
  _1875_/A0
  | loop cut point
  _1875_/X
  --------------------------------
  _1883_/X
  _1887_/A2
  _1887_/X
  fanout141/A
  fanout141/X
  _1762_/A0
  _1762_/X
  _1772_/B1
  _1772_/X
  _1776_/B1
  _1776_/X
  _1791_/A2
  _1791_/X
  _1796_/B1
  _1796_/X
  _1797_/B
  _1797_/X
  _1810_/C1
  _1810_/X
  _1878_/S
  _1878_/X
  _1882_/A1
  _1882_/X
  _1883_/A0
  | loop cut point
  _1883_/X
  --------------------------------
  _1875_/X
  _1883_/A1
  _1883_/X
  _1887_/A2
  _1887_/X
  fanout141/A
  fanout141/X
  _1762_/A0
  _1762_/X
  _1772_/B1
  _1772_/X
  _1776_/B1
  _1776_/X
  _1822_/A1
  _1822_/X
  _1823_/B1
  _1823_/X
  _1839_/A2
  _1839_/X
  _1840_/B1
  _1840_/X
  _1875_/S
  | loop cut point
  _1875_/X
  --------------------------------
  _1875_/X
  _1883_/A1
  _1883_/X
  _1887_/A2
  _1887_/X
  fanout141/A
  fanout141/X
  _1762_/A0
  _1762_/X
  _1772_/B1
  _1772_/X
  _1776_/B1
  _1776_/X
  _1822_/A1
  _1822_/X
  _1823_/B1
  _1823_/X
  _1839_/A2
  _1839_/X
  _1840_/B1
  _1840_/X
  _1875_/S
  | loop cut point
  _1875_/X
  --------------------------------
  _1883_/X
  _1887_/A2
  _1887_/X
  fanout141/A
  fanout141/X
  _1762_/A0
  _1762_/X
  _1772_/B1
  _1772_/X
  _1776_/B1
  _1776_/X
  _1861_/A1
  _1861_/X
  _1869_/A2
  _1869_/X
  _1870_/A2
  _1870_/Y
  _1871_/C1
  _1871_/X
  _1883_/S
  | loop cut point
  _1883_/X
  --------------------------------
  _1883_/X
  _1887_/A2
  _1887_/X
  fanout141/A
  fanout141/X
  _1762_/A0
  _1762_/X
  _1772_/B1
  _1772_/X
  _1776_/B1
  _1776_/X
  _1861_/A1
  _1861_/X
  _1869_/A2
  _1869_/X
  _1870_/A2
  _1870_/Y
  _1871_/C1
  _1871_/X
  _1883_/S
  | loop cut point
  _1883_/X
  --------------------------------
  _1687_/X
  _1779_/A0
  _1779_/X
  _1780_/A2
  _1780_/X
  _1781_/C1
  _1781_/X
  _1811_/S
  _1811_/X
  _1842_/A1
  _1842_/X
  _1875_/A1
  _1875_/X
  _1883_/A1
  _1883_/X
  _1887_/A2
  _1887_/X
  fanout141/A
  fanout141/X
  _1762_/A0
  _1762_/X
  _1772_/B1
  _1772_/X
  _1776_/B1
  _1776_/X
  _1903_/A1
  _1903_/X
  _1904_/C
  _1904_/X
  _1915_/B1
  _1915_/X
  _1916_/A
  _1916_/Y
  _1973_/B1
  _1973_/X
  _1974_/B2
  _1974_/X
  _2015_/A1
  _2015_/X
  _2018_/A2
  _2018_/X
  fanout127/A
  fanout127/X
  _1671_/A0
  _1671_/X
  _1673_/A1
  _1673_/X
  _1682_/A2
  _1682_/X
  _1685_/A
  _1685_/Y
  _1687_/A2
  | loop cut point
  _1687_/X
  --------------------------------
  _1904_/X
  _1915_/B1
  _1915_/X
  _1916_/A
  _1916_/Y
  _1973_/B1
  _1973_/X
  _1974_/B2
  _1974_/X
  _2015_/A1
  _2015_/X
  _2018_/A2
  _2018_/X
  fanout127/A
  fanout127/X
  _1671_/A0
  _1671_/X
  _1673_/A1
  _1673_/X
  _1682_/A2
  _1682_/X
  _1685_/A
  _1685_/Y
  _1889_/A3
  _1889_/X
  _1890_/B
  _1890_/Y
  _1904_/A
  | loop cut point
  _1904_/X
  --------------------------------
  _1974_/X
  _2015_/A1
  _2015_/X
  _2018_/A2
  _2018_/X
  fanout127/A
  fanout127/X
  _1671_/A0
  _1671_/X
  _1673_/A1
  _1673_/X
  _1682_/A2
  _1682_/X
  _1685_/A
  _1685_/Y
  _1926_/A1
  _1926_/X
  _1929_/A3
  _1929_/X
  _1930_/B2
  _1930_/Y
  _1940_/A1_N
  _1940_/X
  _1943_/A
  _1943_/Y
  _1944_/S
  _1944_/X
  _1974_/A2
  | loop cut point
  _1974_/X
  --------------------------------
  _1973_/X
  _1974_/B2
  _1974_/X
  _2015_/A1
  _2015_/X
  _2018_/A2
  _2018_/X
  fanout127/A
  fanout127/X
  _1671_/A0
  _1671_/X
  _1673_/A1
  _1673_/X
  _1682_/A2
  _1682_/X
  _1685_/A
  _1685_/Y
  _1926_/A1
  _1926_/X
  _1929_/A3
  _1929_/X
  _1930_/B2
  _1930_/Y
  _1940_/A1_N
  _1940_/X
  _1943_/A
  _1943_/Y
  _1973_/A2
  | loop cut point
  _1973_/X
  --------------------------------
  _2015_/X
  _2018_/A2
  _2018_/X
  fanout127/A
  fanout127/X
  _1671_/A0
  _1671_/X
  _1673_/A1
  _1673_/X
  _1682_/A2
  _1682_/X
  _1685_/A
  _1685_/Y
  _1926_/A1
  _1926_/X
  _1929_/A3
  _1929_/X
  _1930_/B2
  _1930_/Y
  _1940_/A1_N
  _1940_/X
  _1943_/A
  _1943_/Y
  _2001_/A2
  _2001_/X
  _2004_/A2
  _2004_/X
  _2015_/A2
  | loop cut point
  _2015_/X
  --------------------------------
  _2015_/X
  _2018_/A2
  _2018_/X
  fanout127/A
  fanout127/X
  _1671_/A0
  _1671_/X
  _1673_/A1
  _1673_/X
  _1682_/A2
  _1682_/X
  _1685_/A
  _1685_/Y
  _1926_/A1
  _1926_/X
  _1929_/A3
  _1929_/X
  _1930_/B2
  _1930_/Y
  _1940_/A1_N
  _1940_/X
  _1943_/A
  _1943_/Y
  _2005_/S
  _2005_/X
  _2008_/A2
  _2008_/X
  _2015_/B1
  | loop cut point
  _2015_/X
  --------------------------------
  _1974_/X
  _2015_/A1
  _2015_/X
  _2018_/A2
  _2018_/X
  fanout127/A
  fanout127/X
  _1671_/A0
  _1671_/X
  _1673_/A1
  _1673_/X
  _1682_/A2
  _1682_/X
  _1685_/A
  _1685_/Y
  _1926_/A1
  _1926_/X
  _1929_/A3
  _1929_/X
  _1930_/B2
  _1930_/Y
  _1940_/A1_N
  _1940_/X
  _1972_/B
  _1972_/X
  _1974_/B1
  | loop cut point
  _1974_/X
  --------------------------------
  _2015_/X
  _2018_/A2
  _2018_/X
  fanout127/A
  fanout127/X
  _1671_/A0
  _1671_/X
  _1673_/A1
  _1673_/X
  _1682_/A2
  _1682_/X
  _1685_/A
  _1685_/Y
  _1926_/A1
  _1926_/X
  _1929_/A3
  _1929_/X
  _1930_/B2
  _1930_/Y
  _1940_/A1_N
  _1940_/X
  _2009_/A1
  _2009_/Y
  _2013_/B1
  _2013_/X
  _2014_/A2
  _2014_/X
  _2015_/B2
  | loop cut point
  _2015_/X
  --------------------------------
  _1974_/X
  _2015_/A1
  _2015_/X
  _2018_/A2
  _2018_/X
  fanout127/A
  fanout127/X
  _1671_/A0
  _1671_/X
  _1673_/A1
  _1673_/X
  _1682_/A2
  _1682_/X
  _1685_/A
  _1685_/Y
  _1956_/A1
  _1956_/X
  _1957_/B
  _1957_/Y
  _1967_/B
  _1967_/X
  _1970_/A2_N
  _1970_/X
  _1971_/A
  _1971_/Y
  _1974_/C1
  | loop cut point
  _1974_/X
  --------------------------------
  _1781_/X
  _1811_/S
  _1811_/X
  _1842_/A1
  _1842_/X
  _1875_/A1
  _1875_/X
  _1883_/A1
  _1883_/X
  _1887_/A2
  _1887_/X
  fanout141/A
  fanout141/X
  _1762_/A0
  _1762_/X
  _1772_/B1
  _1772_/X
  _1776_/B1
  _1776_/X
  _1903_/A1
  _1903_/X
  _1904_/C
  _1904_/X
  _1915_/B1
  _1915_/X
  _1916_/A
  _1916_/Y
  _1973_/B1
  _1973_/X
  _1974_/B2
  _1974_/X
  _2015_/A1
  _2015_/X
  _2018_/A2
  _2018_/X
  fanout127/A
  fanout127/X
  _1671_/A0
  _1671_/X
  _1673_/A1
  _1673_/X
  _1682_/A2
  _1682_/X
  _2064_/A
  _2064_/Y
  _2065_/A3
  _2065_/X
  _2066_/B
  _2066_/Y
  _2088_/C1
  _2088_/X
  _2090_/A2
  _2090_/X
  _2144_/S0
  _2144_/X
  _2172_/A0
  _2172_/X
  _2176_/A0
  _2176_/X
  _2179_/A2
  _2179_/X
  fanout130/A
  fanout130/X
  _1607_/A2
  _1607_/X
  _1608_/B
  _1608_/Y
  _1781_/B1
  | loop cut point
  _1781_/X
  --------------------------------
  _1915_/X
  _1916_/A
  _1916_/Y
  _1973_/B1
  _1973_/X
  _1974_/B2
  _1974_/X
  _2015_/A1
  _2015_/X
  _2018_/A2
  _2018_/X
  fanout127/A
  fanout127/X
  _1671_/A0
  _1671_/X
  _1673_/A1
  _1673_/X
  _1682_/A2
  _1682_/X
  _2064_/A
  _2064_/Y
  _2065_/A3
  _2065_/X
  _2066_/B
  _2066_/Y
  _2088_/C1
  _2088_/X
  _2090_/A2
  _2090_/X
  _2144_/S0
  _2144_/X
  _2172_/A0
  _2172_/X
  _2176_/A0
  _2176_/X
  _2179_/A2
  _2179_/X
  fanout130/A
  fanout130/X
  _1888_/A2
  _1888_/X
  _1915_/A2
  | loop cut point
  _1915_/X
  --------------------------------
  _2090_/X
  _2144_/S0
  _2144_/X
  _2172_/A0
  _2172_/X
  _2176_/A0
  _2176_/X
  _2179_/A2
  _2179_/X
  fanout130/A
  fanout130/X
  _2089_/A2
  _2089_/X
  _2090_/B1
  | loop cut point
  _2090_/X
  --------------------------------
  _2229_/X
  _2230_/B
  _2230_/Y
  _2231_/B
  _2231_/Y
  _2232_/A
  _2232_/Y
  _2307_/A1
  _2307_/Y
  _2309_/B1
  _2309_/Y
  _2312_/A2
  _2312_/X
  fanout134/A
  fanout134/X
  _2229_/A3
  | loop cut point
  _2229_/X
  --------------------------------
  _2144_/X
  _2172_/A0
  _2172_/X
  _2176_/A0
  _2176_/X
  _2179_/A2
  _2179_/X
  fanout130/A
  fanout130/X
  _2229_/A2
  _2229_/X
  _2230_/B
  _2230_/Y
  _2231_/B
  _2231_/Y
  _2232_/A
  _2232_/Y
  _2307_/A1
  _2307_/Y
  _2309_/B1
  _2309_/Y
  _2312_/A2
  _2312_/X
  fanout134/A
  fanout134/X
  fanout133/A
  fanout133/X
  _2091_/A3
  _2091_/X
  _2092_/A
  _2092_/Y
  _2116_/B1
  _2116_/X
  _2144_/S1
  | loop cut point
  _2144_/X
  --------------------------------
  _2144_/X
  _2172_/A0
  _2172_/X
  _2176_/A0
  _2176_/X
  _2179_/A2
  _2179_/X
  fanout130/A
  fanout130/X
  _2229_/A2
  _2229_/X
  _2230_/B
  _2230_/Y
  _2231_/B
  _2231_/Y
  _2232_/A
  _2232_/Y
  _2307_/A1
  _2307_/Y
  _2309_/B1
  _2309_/Y
  _2312_/A2
  _2312_/X
  fanout134/A
  fanout134/X
  fanout133/A
  fanout133/X
  _2091_/A3
  _2091_/X
  _2092_/A
  _2092_/Y
  _2116_/B1
  _2116_/X
  _2144_/S1
  | loop cut point
  _2144_/X
  --------------------------------
  _2172_/X
  _2176_/A0
  _2176_/X
  _2179_/A2
  _2179_/X
  fanout130/A
  fanout130/X
  _2229_/A2
  _2229_/X
  _2230_/B
  _2230_/Y
  _2231_/B
  _2231_/Y
  _2232_/A
  _2232_/Y
  _2307_/A1
  _2307_/Y
  _2309_/B1
  _2309_/Y
  _2312_/A2
  _2312_/X
  fanout134/A
  fanout134/X
  fanout133/A
  fanout133/X
  _2091_/A3
  _2091_/X
  _2092_/A
  _2092_/Y
  _2116_/B1
  _2116_/X
  _2171_/S1
  _2171_/X
  _2172_/A1
  | loop cut point
  _2172_/X
  --------------------------------
  _2176_/X
  _2179_/A2
  _2179_/X
  fanout130/A
  fanout130/X
  _2229_/A2
  _2229_/X
  _2230_/B
  _2230_/Y
  _2231_/B
  _2231_/Y
  _2232_/A
  _2232_/Y
  _2307_/A1
  _2307_/Y
  _2309_/B1
  _2309_/Y
  _2312_/A2
  _2312_/X
  fanout134/A
  fanout134/X
  fanout133/A
  fanout133/X
  _2091_/A3
  _2091_/X
  _2092_/A
  _2092_/Y
  _2116_/B1
  _2116_/X
  _2173_/S1
  _2173_/X
  _2175_/A1
  _2175_/X
  _2176_/A1
  | loop cut point
  _2176_/X
  --------------------------------
  _2172_/X
  _2176_/A0
  _2176_/X
  _2179_/A2
  _2179_/X
  fanout130/A
  fanout130/X
  _2229_/A2
  _2229_/X
  _2230_/B
  _2230_/Y
  _2231_/B
  _2231_/Y
  _2232_/A
  _2232_/Y
  _2307_/A1
  _2307_/Y
  _2309_/B1
  _2309_/Y
  _2312_/A2
  _2312_/X
  fanout134/A
  fanout134/X
  fanout133/A
  fanout133/X
  _2128_/A3
  _2128_/X
  _2129_/B
  _2129_/Y
  _2143_/B1
  _2143_/X
  _2172_/S
  | loop cut point
  _2172_/X
  --------------------------------
  _2172_/X
  _2176_/A0
  _2176_/X
  _2179_/A2
  _2179_/X
  fanout130/A
  fanout130/X
  _2229_/A2
  _2229_/X
  _2230_/B
  _2230_/Y
  _2231_/B
  _2231_/Y
  _2232_/A
  _2232_/Y
  _2307_/A1
  _2307_/Y
  _2309_/B1
  _2309_/Y
  _2312_/A2
  _2312_/X
  fanout134/A
  fanout134/X
  fanout133/A
  fanout133/X
  _2128_/A3
  _2128_/X
  _2129_/B
  _2129_/Y
  _2143_/B1
  _2143_/X
  _2172_/S
  | loop cut point
  _2172_/X
  --------------------------------
  _2176_/X
  _2179_/A2
  _2179_/X
  fanout130/A
  fanout130/X
  _2229_/A2
  _2229_/X
  _2230_/B
  _2230_/Y
  _2231_/B
  _2231_/Y
  _2232_/A
  _2232_/Y
  _2307_/A1
  _2307_/Y
  _2309_/B1
  _2309_/Y
  _2312_/A2
  _2312_/X
  fanout134/A
  fanout134/X
  fanout133/A
  fanout133/X
  _2154_/A3
  _2154_/X
  _2170_/B1
  _2170_/X
  _2176_/S
  | loop cut point
  _2176_/X
  --------------------------------
  _2176_/X
  _2179_/A2
  _2179_/X
  fanout130/A
  fanout130/X
  _2229_/A2
  _2229_/X
  _2230_/B
  _2230_/Y
  _2231_/B
  _2231_/Y
  _2232_/A
  _2232_/Y
  _2307_/A1
  _2307_/Y
  _2309_/B1
  _2309_/Y
  _2312_/A2
  _2312_/X
  fanout134/A
  fanout134/X
  fanout133/A
  fanout133/X
  _2154_/A3
  _2154_/X
  _2170_/B1
  _2170_/X
  _2176_/S
  | loop cut point
  _2176_/X
  --------------------------------
  _2309_/Y
  _2312_/A2
  _2312_/X
  fanout134/A
  fanout134/X
  fanout133/A
  fanout133/X
  _2202_/A3
  _2202_/X
  _2203_/A
  _2203_/Y
  _2204_/B1
  _2204_/X
  _2205_/B
  _2205_/Y
  _2234_/A2
  _2234_/Y
  _2297_/A1
  _2297_/X
  _2309_/A2
  | loop cut point
  _2309_/Y
  --------------------------------
  _2309_/Y
  _2312_/A2
  _2312_/X
  fanout134/A
  fanout134/X
  fanout133/A
  fanout133/X
  _2202_/A3
  _2202_/X
  _2203_/A
  _2203_/Y
  _2204_/B1
  _2204_/X
  _2205_/B
  _2205_/Y
  _2267_/S
  _2267_/X
  _2269_/A2
  _2269_/Y
  _2309_/A1
  | loop cut point
  _2309_/Y
  --------------------------------
  _2307_/Y
  _2309_/B1
  _2309_/Y
  _2312_/A2
  _2312_/X
  fanout134/A
  fanout134/X
  fanout133/A
  fanout133/X
  _2202_/A3
  _2202_/X
  _2203_/A
  _2203_/Y
  _2204_/B1
  _2204_/X
  _2205_/B
  _2205_/Y
  _2303_/S
  _2303_/X
  _2307_/A2
  | loop cut point
  _2307_/Y
  --------------------------------
  _2309_/Y
  _2312_/A2
  _2312_/X
  fanout134/A
  fanout134/X
  fanout133/A
  fanout133/X
  _2202_/A3
  _2202_/X
  _2203_/A
  _2203_/Y
  _2204_/B1
  _2204_/X
  fanout135/A
  fanout135/X
  _2298_/A2
  _2298_/Y
  _2302_/B1
  _2302_/X
  _2308_/A2
  _2308_/Y
  _2309_/B2
  | loop cut point
  _2309_/Y
  --------------------------------
  _2307_/Y
  _2309_/B1
  _2309_/Y
  _2312_/A2
  _2312_/X
  fanout134/A
  fanout134/X
  fanout133/A
  fanout133/X
  _2202_/A3
  _2202_/X
  _2203_/A
  _2203_/Y
  _2204_/B1
  _2204_/X
  fanout135/A
  fanout135/X
  _2304_/A2
  _2304_/Y
  _2306_/A2
  _2306_/X
  _2307_/B1
  | loop cut point
  _2307_/Y
  --------------------------------
  _1781_/X
  _1811_/S
  _1811_/X
  _1842_/A1
  _1842_/X
  _1875_/A1
  _1875_/X
  _1883_/A1
  _1883_/X
  _1887_/A2
  _1887_/X
  fanout141/A
  fanout141/X
  _1762_/A0
  _1762_/X
  _1772_/B1
  _1772_/X
  _1776_/B1
  _1776_/X
  _1903_/A1
  _1903_/X
  _1904_/C
  _1904_/X
  _1915_/B1
  _1915_/X
  _1916_/A
  _1916_/Y
  _1973_/B1
  _1973_/X
  _1974_/B2
  _1974_/X
  _2015_/A1
  _2015_/X
  _2018_/A2
  _2018_/X
  fanout127/A
  fanout127/X
  _1671_/A0
  _1671_/X
  _1673_/A1
  _1673_/X
  _1682_/A2
  _1682_/X
  _2064_/A
  _2064_/Y
  _2065_/A3
  _2065_/X
  _2066_/B
  _2066_/Y
  _2088_/C1
  _2088_/X
  _2090_/A2
  _2090_/X
  _2144_/S0
  _2144_/X
  _2172_/A0
  _2172_/X
  _2176_/A0
  _2176_/X
  _2179_/A2
  _2179_/X
  fanout130/A
  fanout130/X
  _2229_/A2
  _2229_/X
  _2230_/B
  _2230_/Y
  _2231_/B
  _2231_/Y
  _2232_/A
  _2232_/Y
  _2307_/A1
  _2307_/Y
  _2309_/B1
  _2309_/Y
  _2312_/A2
  _2312_/X
  fanout134/A
  fanout134/X
  fanout133/A
  fanout133/X
  fanout132/A
  fanout132/X
  _1469_/A1
  _1469_/X
  _1471_/B2
  _1471_/Y
  _1476_/A2_N
  _1476_/X
  _1479_/B1_N
  _1479_/Y
  _1552_/A0
  _1552_/X
  _1603_/A2
  _1603_/X
  _1604_/B
  _1604_/Y
  _1781_/A1
  | loop cut point
  _1781_/X
  --------------------------------
  _1915_/X
  _1916_/A
  _1916_/Y
  _1973_/B1
  _1973_/X
  _1974_/B2
  _1974_/X
  _2015_/A1
  _2015_/X
  _2018_/A2
  _2018_/X
  fanout127/A
  fanout127/X
  _1671_/A0
  _1671_/X
  _1673_/A1
  _1673_/X
  _1682_/A2
  _1682_/X
  _2064_/A
  _2064_/Y
  _2065_/A3
  _2065_/X
  _2066_/B
  _2066_/Y
  _2088_/C1
  _2088_/X
  _2090_/A2
  _2090_/X
  _2144_/S0
  _2144_/X
  _2172_/A0
  _2172_/X
  _2176_/A0
  _2176_/X
  _2179_/A2
  _2179_/X
  fanout130/A
  fanout130/X
  _2229_/A2
  _2229_/X
  _2230_/B
  _2230_/Y
  _2231_/B
  _2231_/Y
  _2232_/A
  _2232_/Y
  _2307_/A1
  _2307_/Y
  _2309_/B1
  _2309_/Y
  _2312_/A2
  _2312_/X
  fanout134/A
  fanout134/X
  fanout133/A
  fanout133/X
  fanout132/A
  fanout132/X
  _1469_/A1
  _1469_/X
  _1471_/B2
  _1471_/Y
  _1476_/A2_N
  _1476_/X
  _1479_/B1_N
  _1479_/Y
  _1905_/A3
  _1905_/X
  _1913_/A2
  _1913_/Y
  _1914_/A2
  _1914_/Y
  _1915_/B2
  | loop cut point
  _1915_/X
  --------------------------------
  _2090_/X
  _2144_/S0
  _2144_/X
  _2172_/A0
  _2172_/X
  _2176_/A0
  _2176_/X
  _2179_/A2
  _2179_/X
  fanout130/A
  fanout130/X
  _2229_/A2
  _2229_/X
  _2230_/B
  _2230_/Y
  _2231_/B
  _2231_/Y
  _2232_/A
  _2232_/Y
  _2307_/A1
  _2307_/Y
  _2309_/B1
  _2309_/Y
  _2312_/A2
  _2312_/X
  fanout134/A
  fanout134/X
  fanout133/A
  fanout133/X
  fanout132/A
  fanout132/X
  _1469_/A1
  _1469_/X
  _1471_/B2
  _1471_/Y
  _1476_/A2_N
  _1476_/X
  _2023_/B1_N
  _2023_/Y
  _2035_/A2
  _2035_/X
  _2051_/A2
  _2051_/Y
  _2052_/A2
  _2052_/Y
  _2090_/A1
  | loop cut point
  _2090_/X
  --------------------------------
  _2231_/Y
  _2232_/A
  _2232_/Y
  _2307_/A1
  _2307_/Y
  _2309_/B1
  _2309_/Y
  _2312_/A2
  _2312_/X
  fanout134/A
  fanout134/X
  fanout133/A
  fanout133/X
  fanout132/A
  fanout132/X
  _1469_/A1
  _1469_/X
  _1471_/B2
  _1471_/Y
  _1476_/A2_N
  _1476_/X
  _2023_/B1_N
  _2023_/Y
  _2224_/A1_N
  _2224_/X
  _2227_/A2
  _2227_/X
  _2228_/C1
  _2228_/X
  _2231_/A
  | loop cut point
  _2231_/Y
  --------------------------------
  _1687_/X
  _1779_/A0
  _1779_/X
  _1780_/A2
  _1780_/X
  _1781_/C1
  _1781_/X
  _1811_/S
  _1811_/X
  _1842_/A1
  _1842_/X
  _1875_/A1
  _1875_/X
  _1883_/A1
  _1883_/X
  _1887_/A2
  _1887_/X
  fanout141/A
  fanout141/X
  _1762_/A0
  _1762_/X
  _1772_/B1
  _1772_/X
  _1776_/B1
  _1776_/X
  _1903_/A1
  _1903_/X
  _1904_/C
  _1904_/X
  _1915_/B1
  _1915_/X
  _1916_/A
  _1916_/Y
  _1973_/B1
  _1973_/X
  _1974_/B2
  _1974_/X
  _2015_/A1
  _2015_/X
  _2018_/A2
  _2018_/X
  fanout127/A
  fanout127/X
  _1671_/A0
  _1671_/X
  _1673_/A1
  _1673_/X
  _1682_/A2
  _1682_/X
  _2064_/A
  _2064_/Y
  _2065_/A3
  _2065_/X
  _2066_/B
  _2066_/Y
  _2088_/C1
  _2088_/X
  _2090_/A2
  _2090_/X
  _2144_/S0
  _2144_/X
  _2172_/A0
  _2172_/X
  _2176_/A0
  _2176_/X
  _2179_/A2
  _2179_/X
  fanout130/A
  fanout130/X
  _2229_/A2
  _2229_/X
  _2230_/B
  _2230_/Y
  _2231_/B
  _2231_/Y
  _2232_/A
  _2232_/Y
  _2307_/A1
  _2307_/Y
  _2309_/B1
  _2309_/Y
  _2312_/A2
  _2312_/X
  fanout134/A
  fanout134/X
  fanout133/A
  fanout133/X
  fanout132/A
  fanout132/X
  fanout131/A
  fanout131/X
  _1619_/A1
  _1619_/X
  _1622_/B2
  _1622_/X
  _1626_/B1
  _1626_/X
  _1629_/A
  _1629_/Y
  _1687_/A0
  | loop cut point
  _1687_/X
  --------------------------------
  _2065_/X
  _2066_/B
  _2066_/Y
  _2088_/C1
  _2088_/X
  _2090_/A2
  _2090_/X
  _2144_/S0
  _2144_/X
  _2172_/A0
  _2172_/X
  _2176_/A0
  _2176_/X
  _2179_/A2
  _2179_/X
  fanout130/A
  fanout130/X
  _2229_/A2
  _2229_/X
  _2230_/B
  _2230_/Y
  _2231_/B
  _2231_/Y
  _2232_/A
  _2232_/Y
  _2307_/A1
  _2307_/Y
  _2309_/B1
  _2309_/Y
  _2312_/A2
  _2312_/X
  fanout134/A
  fanout134/X
  fanout133/A
  fanout133/X
  fanout132/A
  fanout132/X
  fanout131/A
  fanout131/X
  _1619_/A1
  _1619_/X
  _1622_/B2
  _1622_/X
  _1626_/B1
  _1626_/X
  _2055_/A
  _2055_/Y
  _2065_/A2
  | loop cut point
  _2065_/X
  --------------------------------
  _1687_/X
  _1779_/A0
  _1779_/X
  _1780_/A2
  _1780_/X
  _1781_/C1
  _1781_/X
  _1811_/S
  _1811_/X
  _1842_/A1
  _1842_/X
  _1875_/A1
  _1875_/X
  _1883_/A1
  _1883_/X
  _1887_/A2
  _1887_/X
  fanout141/A
  fanout141/X
  _1762_/A0
  _1762_/X
  _1772_/B1
  _1772_/X
  _1776_/B1
  _1776_/X
  _1903_/A1
  _1903_/X
  _1904_/C
  _1904_/X
  _1915_/B1
  _1915_/X
  _1916_/A
  _1916_/Y
  _1973_/B1
  _1973_/X
  _1974_/B2
  _1974_/X
  _2015_/A1
  _2015_/X
  _2018_/A2
  _2018_/X
  fanout127/A
  fanout127/X
  _1671_/A0
  _1671_/X
  _1673_/A1
  _1673_/X
  _1682_/A2
  _1682_/X
  _2064_/A
  _2064_/Y
  _2065_/A3
  _2065_/X
  _2066_/B
  _2066_/Y
  _2088_/C1
  _2088_/X
  _2090_/A2
  _2090_/X
  _2144_/S0
  _2144_/X
  _2172_/A0
  _2172_/X
  _2176_/A0
  _2176_/X
  _2179_/A2
  _2179_/X
  fanout130/A
  fanout130/X
  _2229_/A2
  _2229_/X
  _2230_/B
  _2230_/Y
  _2231_/B
  _2231_/Y
  _2232_/A
  _2232_/Y
  _2307_/A1
  _2307_/Y
  _2309_/B1
  _2309_/Y
  _2312_/A2
  _2312_/X
  fanout134/A
  fanout134/X
  fanout133/A
  fanout133/X
  fanout132/A
  fanout132/X
  fanout131/A
  fanout131/X
  _1637_/A1
  _1637_/X
  _1639_/B2
  _1639_/X
  _1645_/B1
  _1645_/X
  _1649_/B1
  _1649_/Y
  wire121/A
  wire121/X
  _1687_/A1
  | loop cut point
  _1687_/X
  --------------------------------
  _2065_/X
  _2066_/B
  _2066_/Y
  _2088_/C1
  _2088_/X
  _2090_/A2
  _2090_/X
  _2144_/S0
  _2144_/X
  _2172_/A0
  _2172_/X
  _2176_/A0
  _2176_/X
  _2179_/A2
  _2179_/X
  fanout130/A
  fanout130/X
  _2229_/A2
  _2229_/X
  _2230_/B
  _2230_/Y
  _2231_/B
  _2231_/Y
  _2232_/A
  _2232_/Y
  _2307_/A1
  _2307_/Y
  _2309_/B1
  _2309_/Y
  _2312_/A2
  _2312_/X
  fanout134/A
  fanout134/X
  fanout133/A
  fanout133/X
  fanout132/A
  fanout132/X
  fanout131/A
  fanout131/X
  _1637_/A1
  _1637_/X
  _1639_/B2
  _1639_/X
  _1645_/B1
  _1645_/X
  _2058_/A
  _2058_/Y
  _2065_/A0
  | loop cut point
  _2065_/X
  --------------------------------
  _1660_/X
  _1665_/B1
  _1665_/X
  _1668_/A
  _1668_/Y
  _1687_/A3
  _1687_/X
  _1779_/A0
  _1779_/X
  _1780_/A2
  _1780_/X
  _1781_/C1
  _1781_/X
  _1811_/S
  _1811_/X
  _1842_/A1
  _1842_/X
  _1875_/A1
  _1875_/X
  _1883_/A1
  _1883_/X
  _1887_/A2
  _1887_/X
  fanout141/A
  fanout141/X
  _1762_/A0
  _1762_/X
  _1772_/B1
  _1772_/X
  _1776_/B1
  _1776_/X
  _1903_/A1
  _1903_/X
  _1904_/C
  _1904_/X
  _1915_/B1
  _1915_/X
  _1916_/A
  _1916_/Y
  _1973_/B1
  _1973_/X
  _1974_/B2
  _1974_/X
  _2015_/A1
  _2015_/X
  _2018_/A2
  _2018_/X
  fanout127/A
  fanout127/X
  _1671_/A0
  _1671_/X
  _1673_/A1
  _1673_/X
  _1682_/A2
  _1682_/X
  _2064_/A
  _2064_/Y
  _2065_/A3
  _2065_/X
  _2066_/B
  _2066_/Y
  _2088_/C1
  _2088_/X
  _2090_/A2
  _2090_/X
  _2144_/S0
  _2144_/X
  _2172_/A0
  _2172_/X
  _2176_/A0
  _2176_/X
  _2179_/A2
  _2179_/X
  fanout130/A
  fanout130/X
  _2229_/A2
  _2229_/X
  _2230_/B
  _2230_/Y
  _2231_/B
  _2231_/Y
  _2232_/A
  _2232_/Y
  _2307_/A1
  _2307_/Y
  _2309_/B1
  _2309_/Y
  _2312_/A2
  _2312_/X
  fanout134/A
  fanout134/X
  fanout133/A
  fanout133/X
  fanout132/A
  fanout132/X
  fanout131/A
  fanout131/X
  _1658_/A1
  _1658_/X
  _1660_/B2
  | loop cut point
  _1660_/X
  --------------------------------
  _1682_/X
  _2064_/A
  _2064_/Y
  _2065_/A3
  _2065_/X
  _2066_/B
  _2066_/Y
  _2088_/C1
  _2088_/X
  _2090_/A2
  _2090_/X
  _2144_/S0
  _2144_/X
  _2172_/A0
  _2172_/X
  _2176_/A0
  _2176_/X
  _2179_/A2
  _2179_/X
  fanout130/A
  fanout130/X
  _2229_/A2
  _2229_/X
  _2230_/B
  _2230_/Y
  _2231_/B
  _2231_/Y
  _2232_/A
  _2232_/Y
  _2307_/A1
  _2307_/Y
  _2309_/B1
  _2309_/Y
  _2312_/A2
  _2312_/X
  fanout134/A
  fanout134/X
  fanout133/A
  fanout133/X
  fanout132/A
  fanout132/X
  fanout131/A
  fanout131/X
  _1675_/A1
  _1675_/X
  _1678_/B2
  _1678_/X
  _1682_/B1
  | loop cut point
  _1682_/X
  --------------------------------
  _1779_/X
  _1780_/A2
  _1780_/X
  _1781_/C1
  _1781_/X
  _1811_/S
  _1811_/X
  _1842_/A1
  _1842_/X
  _1875_/A1
  _1875_/X
  _1883_/A1
  _1883_/X
  _1887_/A2
  _1887_/X
  fanout141/A
  fanout141/X
  _1762_/A0
  _1762_/X
  _1772_/B1
  _1772_/X
  _1776_/B1
  _1776_/X
  _1903_/A1
  _1903_/X
  _1904_/C
  _1904_/X
  _1915_/B1
  _1915_/X
  _1916_/A
  _1916_/Y
  _1973_/B1
  _1973_/X
  _1974_/B2
  _1974_/X
  _2015_/A1
  _2015_/X
  _2018_/A2
  _2018_/X
  fanout127/A
  fanout127/X
  _1671_/A0
  _1671_/X
  _1673_/A1
  _1673_/X
  _1682_/A2
  _1682_/X
  _2064_/A
  _2064_/Y
  _2065_/A3
  _2065_/X
  _2066_/B
  _2066_/Y
  _2088_/C1
  _2088_/X
  _2090_/A2
  _2090_/X
  _2144_/S0
  _2144_/X
  _2172_/A0
  _2172_/X
  _2176_/A0
  _2176_/X
  _2179_/A2
  _2179_/X
  fanout130/A
  fanout130/X
  _2229_/A2
  _2229_/X
  _2230_/B
  _2230_/Y
  _2231_/B
  _2231_/Y
  _2232_/A
  _2232_/Y
  _2307_/A1
  _2307_/Y
  _2309_/B1
  _2309_/Y
  _2312_/A2
  _2312_/X
  fanout134/A
  fanout134/X
  fanout133/A
  fanout133/X
  fanout132/A
  fanout132/X
  fanout131/A
  fanout131/X
  _1699_/A1
  _1699_/X
  _1702_/A2
  _1702_/Y
  _1707_/A2_N
  _1707_/X
  _1712_/B1
  _1712_/Y
  _1778_/A0
  _1778_/X
  _1779_/A1
  | loop cut point
  _1779_/X
  --------------------------------
  _1904_/X
  _1915_/B1
  _1915_/X
  _1916_/A
  _1916_/Y
  _1973_/B1
  _1973_/X
  _1974_/B2
  _1974_/X
  _2015_/A1
  _2015_/X
  _2018_/A2
  _2018_/X
  fanout127/A
  fanout127/X
  _1671_/A0
  _1671_/X
  _1673_/A1
  _1673_/X
  _1682_/A2
  _1682_/X
  _2064_/A
  _2064_/Y
  _2065_/A3
  _2065_/X
  _2066_/B
  _2066_/Y
  _2088_/C1
  _2088_/X
  _2090_/A2
  _2090_/X
  _2144_/S0
  _2144_/X
  _2172_/A0
  _2172_/X
  _2176_/A0
  _2176_/X
  _2179_/A2
  _2179_/X
  fanout130/A
  fanout130/X
  _2229_/A2
  _2229_/X
  _2230_/B
  _2230_/Y
  _2231_/B
  _2231_/Y
  _2232_/A
  _2232_/Y
  _2307_/A1
  _2307_/Y
  _2309_/B1
  _2309_/Y
  _2312_/A2
  _2312_/X
  fanout134/A
  fanout134/X
  fanout133/A
  fanout133/X
  fanout132/A
  fanout132/X
  fanout131/A
  fanout131/X
  _1699_/A1
  _1699_/X
  _1702_/A2
  _1702_/Y
  _1707_/A2_N
  _1707_/X
  _1712_/B1
  _1712_/Y
  _1892_/B
  _1892_/Y
  _1893_/C1
  _1893_/X
  _1904_/B
  | loop cut point
  _1904_/X
  --------------------------------
  _2088_/X
  _2090_/A2
  _2090_/X
  _2144_/S0
  _2144_/X
  _2172_/A0
  _2172_/X
  _2176_/A0
  _2176_/X
  _2179_/A2
  _2179_/X
  fanout130/A
  fanout130/X
  _2229_/A2
  _2229_/X
  _2230_/B
  _2230_/Y
  _2231_/B
  _2231_/Y
  _2232_/A
  _2232_/Y
  _2307_/A1
  _2307_/Y
  _2309_/B1
  _2309_/Y
  _2312_/A2
  _2312_/X
  fanout134/A
  fanout134/X
  fanout133/A
  fanout133/X
  fanout132/A
  fanout132/X
  fanout131/A
  fanout131/X
  _1699_/A1
  _1699_/X
  _1702_/A2
  _1702_/Y
  _1707_/A2_N
  _1707_/X
  _2073_/A
  _2073_/X
  _2074_/A1
  _2074_/X
  _2088_/A2
  | loop cut point
  _2088_/X
  --------------------------------
  _1903_/X
  _1904_/C
  _1904_/X
  _1915_/B1
  _1915_/X
  _1916_/A
  _1916_/Y
  _1973_/B1
  _1973_/X
  _1974_/B2
  _1974_/X
  _2015_/A1
  _2015_/X
  _2018_/A2
  _2018_/X
  fanout127/A
  fanout127/X
  _1671_/A0
  _1671_/X
  _1673_/A1
  _1673_/X
  _1682_/A2
  _1682_/X
  _2064_/A
  _2064_/Y
  _2065_/A3
  _2065_/X
  _2066_/B
  _2066_/Y
  _2088_/C1
  _2088_/X
  _2090_/A2
  _2090_/X
  _2144_/S0
  _2144_/X
  _2172_/A0
  _2172_/X
  _2176_/A0
  _2176_/X
  _2179_/A2
  _2179_/X
  fanout130/A
  fanout130/X
  _2229_/A2
  _2229_/X
  _2230_/B
  _2230_/Y
  _2231_/B
  _2231_/Y
  _2232_/A
  _2232_/Y
  _2307_/A1
  _2307_/Y
  _2309_/B1
  _2309_/Y
  _2312_/A2
  _2312_/X
  fanout134/A
  fanout134/X
  fanout133/A
  fanout133/X
  fanout132/A
  fanout132/X
  fanout131/A
  fanout131/X
  _1738_/A1
  _1738_/X
  _1740_/B2
  _1740_/X
  _1746_/B1
  _1746_/X
  _1750_/B1
  _1750_/X
  _1903_/B2
  | loop cut point
  _1903_/X
  --------------------------------
  _2088_/X
  _2090_/A2
  _2090_/X
  _2144_/S0
  _2144_/X
  _2172_/A0
  _2172_/X
  _2176_/A0
  _2176_/X
  _2179_/A2
  _2179_/X
  fanout130/A
  fanout130/X
  _2229_/A2
  _2229_/X
  _2230_/B
  _2230_/Y
  _2231_/B
  _2231_/Y
  _2232_/A
  _2232_/Y
  _2307_/A1
  _2307_/Y
  _2309_/B1
  _2309_/Y
  _2312_/A2
  _2312_/X
  fanout134/A
  fanout134/X
  fanout133/A
  fanout133/X
  fanout132/A
  fanout132/X
  fanout131/A
  fanout131/X
  _1738_/A1
  _1738_/X
  _1740_/B2
  _1740_/X
  _1746_/B1
  _1746_/X
  _2077_/B1_N
  _2077_/Y
  _2087_/A4
  _2087_/X
  _2088_/B1
  | loop cut point
  _2088_/X
  --------------------------------
  _1772_/X
  _1776_/B1
  _1776_/X
  _1903_/A1
  _1903_/X
  _1904_/C
  _1904_/X
  _1915_/B1
  _1915_/X
  _1916_/A
  _1916_/Y
  _1973_/B1
  _1973_/X
  _1974_/B2
  _1974_/X
  _2015_/A1
  _2015_/X
  _2018_/A2
  _2018_/X
  fanout127/A
  fanout127/X
  _1671_/A0
  _1671_/X
  _1673_/A1
  _1673_/X
  _1682_/A2
  _1682_/X
  _2064_/A
  _2064_/Y
  _2065_/A3
  _2065_/X
  _2066_/B
  _2066_/Y
  _2088_/C1
  _2088_/X
  _2090_/A2
  _2090_/X
  _2144_/S0
  _2144_/X
  _2172_/A0
  _2172_/X
  _2176_/A0
  _2176_/X
  _2179_/A2
  _2179_/X
  fanout130/A
  fanout130/X
  _2229_/A2
  _2229_/X
  _2230_/B
  _2230_/Y
  _2231_/B
  _2231_/Y
  _2232_/A
  _2232_/Y
  _2307_/A1
  _2307_/Y
  _2309_/B1
  _2309_/Y
  _2312_/A2
  _2312_/X
  fanout134/A
  fanout134/X
  fanout133/A
  fanout133/X
  fanout132/A
  fanout132/X
  fanout131/A
  fanout131/X
  _1764_/A1
  _1764_/X
  _1767_/A2
  _1767_/Y
  _1772_/A2_N
  | loop cut point
  _1772_/X
  --------------------------------
  _1660_/X
  _1665_/B1
  _1665_/X
  _1668_/A
  _1668_/Y
  _1687_/A3
  _1687_/X
  _1779_/A0
  _1779_/X
  _1780_/A2
  _1780_/X
  _1781_/C1
  _1781_/X
  _1811_/S
  _1811_/X
  _1842_/A1
  _1842_/X
  _1875_/A1
  _1875_/X
  _1883_/A1
  _1883_/X
  _1887_/A2
  _1887_/X
  fanout141/A
  fanout141/X
  _1762_/A0
  _1762_/X
  _1772_/B1
  _1772_/X
  _1776_/B1
  _1776_/X
  _1903_/A1
  _1903_/X
  _1904_/C
  _1904_/X
  _1915_/B1
  _1915_/X
  _1916_/A
  _1916_/Y
  _1973_/B1
  _1973_/X
  _1974_/B2
  _1974_/X
  _2015_/A1
  _2015_/X
  _2018_/A2
  _2018_/X
  fanout127/A
  fanout127/X
  _1671_/A0
  _1671_/X
  _1673_/A1
  _1673_/X
  _1682_/A2
  _1682_/X
  _2064_/A
  _2064_/Y
  _2065_/A3
  _2065_/X
  _2066_/B
  _2066_/Y
  _2088_/C1
  _2088_/X
  _2090_/A2
  _2090_/X
  _2144_/S0
  _2144_/X
  _2172_/A0
  _2172_/X
  _2176_/A0
  _2176_/X
  _2179_/A2
  _2179_/X
  fanout130/A
  fanout130/X
  fanout128/A
  fanout128/X
  _1659_/A
  _1659_/X
  _1660_/C1
  | loop cut point
  _1660_/X
  --------------------------------
  _1762_/X
  _1772_/B1
  _1772_/X
  _1776_/B1
  _1776_/X
  _1903_/A1
  _1903_/X
  _1904_/C
  _1904_/X
  _1915_/B1
  _1915_/X
  _1916_/A
  _1916_/Y
  _1973_/B1
  _1973_/X
  _1974_/B2
  _1974_/X
  _2015_/A1
  _2015_/X
  _2018_/A2
  _2018_/X
  fanout127/A
  fanout127/X
  fanout126/A
  fanout126/X
  fanout124/A
  fanout124/X
  fanout123/A
  fanout123/X
  _1760_/A1
  _1760_/X
  _1762_/A1
  | loop cut point
  _1762_/X
  --------------------------------
