
===========================================================================
Violator List
============================================================================
[setup in-out] nrst -> CBnorth_out[0] : -7.547126
[setup in-out] nrst -> CBeast_out[2] : -7.429710
[setup in-out] nrst -> CBnorth_out[2] : -7.420092
[setup in-out] nrst -> CBnorth_out[9] : -7.345307
[setup in-out] nrst -> CBnorth_out[1] : -7.258318
[setup in-out] nrst -> CBnorth_out[15] : -7.201109
[setup in-out] nrst -> CBnorth_out[4] : -7.197716
[setup in-out] nrst -> CBnorth_out[5] : -7.173732
[setup in-out] nrst -> CBnorth_out[10] : -7.171760
[setup in-out] nrst -> CBnorth_out[3] : -7.089075
[setup in-out] nrst -> CBeast_out[6] : -7.087250
[setup in-out] nrst -> CBeast_out[1] : -7.061290
[setup in-out] nrst -> CBnorth_out[12] : -7.048364
[setup in-out] nrst -> CBnorth_out[14] : -7.016512
[setup in-out] nrst -> CBeast_out[0] : -6.998652
[setup in-out] nrst -> CBnorth_out[7] : -6.946095
[setup in-out] nrst -> CBeast_out[3] : -6.943248
[setup in-out] nrst -> CBeast_out[9] : -6.937919
[setup in-out] nrst -> SBsouth_out[2] : -6.937876
[setup in-out] nrst -> CBeast_out[15] : -6.868435
[setup in-out] nrst -> CBnorth_out[11] : -6.856775
[setup in-out] nrst -> SBwest_out[2] : -6.840274
[setup in-out] nrst -> CBnorth_out[6] : -6.835613
[setup in-out] nrst -> CBeast_out[14] : -6.822170
[setup in-out] nrst -> CBnorth_out[8] : -6.797086
[setup in-out] nrst -> CBeast_out[10] : -6.781480
[setup in-out] nrst -> CBeast_out[4] : -6.667852
[setup in-out] nrst -> CBeast_out[12] : -6.660116
[setup in-out] nrst -> CBeast_out[5] : -6.656450
[setup in-out] nrst -> SBwest_out[6] : -6.591447
[setup in-out] nrst -> CBeast_out[8] : -6.584321
[setup in-out] nrst -> SBwest_out[0] : -6.541539
[setup in-out] nrst -> CBeast_out[11] : -6.511119
[setup in-out] nrst -> SBwest_out[12] : -6.490876
[setup in-out] nrst -> SBwest_out[15] : -6.412814
[setup in-out] nrst -> SBwest_out[14] : -6.351739
[setup in-out] nrst -> SBwest_out[9] : -6.319016
[setup in-out] nrst -> CBeast_out[7] : -6.307554
[setup in-out] nrst -> CBnorth_out[13] : -6.254615
[setup in-out] nrst -> SBsouth_out[9] : -6.252172
[setup in-out] nrst -> SBwest_out[3] : -6.252119
[setup in-out] nrst -> SBwest_out[1] : -6.228229
[setup in-out] nrst -> SBsouth_out[6] : -6.212709
[setup in-out] nrst -> SBsouth_out[15] : -6.196523
[setup in-out] nrst -> SBwest_out[10] : -6.175370
[setup in-out] nrst -> SBsouth_out[14] : -6.149742
[setup in-out] nrst -> SBsouth_out[1] : -6.142447
[setup in-out] nrst -> SBsouth_out[3] : -6.136198
[setup in-out] nrst -> SBsouth_out[0] : -6.108774
[setup in-out] nrst -> CBeast_out[13] : -6.043965
[setup in-out] nrst -> SBsouth_out[10] : -6.039457
[setup in-out] nrst -> SBwest_out[5] : -6.005234
[setup in-out] nrst -> SBsouth_out[12] : -5.992304
[setup in-out] nrst -> SBwest_out[4] : -5.872309
[setup in-out] nrst -> SBsouth_out[5] : -5.860924
[setup in-out] nrst -> SBsouth_out[8] : -5.844152
[setup in-out] nrst -> SBwest_out[11] : -5.841168
[setup in-out] nrst -> SBwest_out[8] : -5.840610
[setup in-out] nrst -> SBsouth_out[4] : -5.829168
[setup in-out] nrst -> SBwest_out[7] : -5.818919
[setup in-out] nrst -> SBsouth_out[11] : -5.760574
[setup in-out] nrst -> SBsouth_out[7] : -5.683639
[setup in-out] nrst -> SBwest_out[13] : -5.408700
[setup in-out] nrst -> SBsouth_out[13] : -5.400297
