Clock: CLK_10MHZ
Sources: CLK_10MHZ 
Generated: no
Virtual: yes
Propagated: no
Period: 100.000000

===========================================================================
report_clock_properties
============================================================================
Clock                   Period          Waveform
----------------------------------------------------
CLK_10MHZ           100.000000    0.000000 50.000000

===========================================================================
report_clock_latency
============================================================================
Clock CLK_10MHZ
rise -> rise
    min     max
0.000000 0.000000 source latency
0.435466         network latency _1623_/CLK
        0.443450 network latency _1642_/CLK
---------------
0.435466 0.443450 latency
        0.007984 skew

fall -> fall
    min     max
0.000000 0.000000 source latency
0.387523         network latency _1623_/CLK
        0.394490 network latency _1642_/CLK
---------------
0.387523 0.394490 latency
        0.006967 skew



===========================================================================
report_clock_min_period
============================================================================
CLK_10MHZ period_min = 18.35 fmax = 54.49
