
===========================================================================
report_checks -unconstrained
===========================================================================
======================= min_ff_n40C_1v95 Corner ===================================

Startpoint: nrst (input port clocked by clk)
Endpoint: _2796_ (recovery check against rising-edge clock clk)
Path Group: asynchronous
Path Type: max

Fanout         Cap        Slew       Delay        Time   Description
---------------------------------------------------------------------------------------------
                                  0.000000    0.000000   clock clk (rise edge)
                                  0.000000    0.000000   clock network delay (propagated)
                                  5.000000    5.000000 ^ input external delay
     1    0.002862    0.014139    0.007381    5.007381 ^ nrst (in)
                                                         nrst (net)
                      0.014139    0.000000    5.007381 ^ input9/A (sky130_fd_sc_hd__clkbuf_2)
     4    0.035542    0.150382    0.144384    5.151765 ^ input9/X (sky130_fd_sc_hd__clkbuf_2)
                                                         net9 (net)
                      0.150395    0.001149    5.152915 ^ fanout131/A (sky130_fd_sc_hd__buf_2)
     5    0.042230    0.156131    0.182435    5.335350 ^ fanout131/X (sky130_fd_sc_hd__buf_2)
                                                         net131 (net)
                      0.156131    0.000580    5.335929 ^ fanout127/A (sky130_fd_sc_hd__buf_2)
     6    0.046805    0.172570    0.193782    5.529712 ^ fanout127/X (sky130_fd_sc_hd__buf_2)
                                                         net127 (net)
                      0.172589    0.001530    5.531241 ^ fanout126/A (sky130_fd_sc_hd__clkbuf_4)
    10    0.053323    0.125486    0.188617    5.719858 ^ fanout126/X (sky130_fd_sc_hd__clkbuf_4)
                                                         net126 (net)
                      0.125573    0.001845    5.721703 ^ fanout125/A (sky130_fd_sc_hd__buf_2)
     8    0.036060    0.134440    0.164630    5.886333 ^ fanout125/X (sky130_fd_sc_hd__buf_2)
                                                         net125 (net)
                      0.134486    0.000751    5.887084 ^ _2796_/RESET_B (sky130_fd_sc_hd__dfrtp_4)
                                              5.887084   data arrival time

                                 25.000000   25.000000   clock clk (rise edge)
                                  0.000000   25.000000   clock source latency
     1    0.032213    0.112196    0.077405   25.077404 ^ clk (in)
                                                         clk (net)
                      0.112201    0.000000   25.077404 ^ clkbuf_0_clk/A (sky130_fd_sc_hd__clkbuf_16)
    16    0.135090    0.113998    0.170823   25.248228 ^ clkbuf_0_clk/X (sky130_fd_sc_hd__clkbuf_16)
                                                         clknet_0_clk (net)
                      0.114072    0.001441   25.249668 ^ clkbuf_4_6_0_clk/A (sky130_fd_sc_hd__clkbuf_8)
    12    0.035636    0.056643    0.125530   25.375198 ^ clkbuf_4_6_0_clk/X (sky130_fd_sc_hd__clkbuf_8)
                                                         clknet_4_6_0_clk (net)
                      0.056648    0.000577   25.375774 ^ _2796_/CLK (sky130_fd_sc_hd__dfrtp_4)
                                 -0.250000   25.125776   clock uncertainty
                                  0.000000   25.125776   clock reconvergence pessimism
                                  0.102535   25.228312   library recovery time
                                             25.228312   data required time
---------------------------------------------------------------------------------------------
                                             25.228312   data required time
                                             -5.887084   data arrival time
---------------------------------------------------------------------------------------------
                                             19.341228   slack (MET)


Startpoint: clk (clock source 'clk')
Endpoint: gpio[24] (output port clocked by clk)
Path Group: clk
Path Type: max

Fanout         Cap        Slew       Delay        Time   Description
---------------------------------------------------------------------------------------------
                                 12.500000   12.500000   clock clk (fall edge)
                                  0.000000   12.500000   clock source latency
     1    0.031250    0.049001    0.033710   12.533710 v clk (in)
                                                         clk (net)
                      0.049010    0.000000   12.533710 v clkbuf_0_clk/A (sky130_fd_sc_hd__clkbuf_16)
    16    0.127634    0.069730    0.150181   12.683890 v clkbuf_0_clk/X (sky130_fd_sc_hd__clkbuf_16)
                                                         clknet_0_clk (net)
                      0.069747    0.001077   12.684968 v clkbuf_4_8_0_clk/A (sky130_fd_sc_hd__clkbuf_8)
     9    0.038769    0.041309    0.125921   12.810888 v clkbuf_4_8_0_clk/X (sky130_fd_sc_hd__clkbuf_8)
                                                         clknet_4_8_0_clk (net)
                      0.041332    0.000946   12.811834 v _2303_/A (sky130_fd_sc_hd__and2_2)
     1    0.034438    0.073544    0.158965   12.970799 v _2303_/X (sky130_fd_sc_hd__and2_2)
                                                         gpio[24] (net)
     0    0.034438    0.073546    0.000403   12.971203 v gpio[24] (inout)
                                                         gpio[24] (net)
                                             12.971203   data arrival time

                                 25.000000   25.000000   clock clk (rise edge)
                                  0.000000   25.000000   clock network delay (propagated)
                                 -0.250000   24.750000   clock uncertainty
                                  0.000000   24.750000   clock reconvergence pessimism
                                 -5.000000   19.750000   output external delay
                                             19.750000   data required time
---------------------------------------------------------------------------------------------
                                             19.750000   data required time
                                            -12.971203   data arrival time
---------------------------------------------------------------------------------------------
                                              6.778796   slack (MET)




===========================================================================
report_checks --slack_max -0.01
============================================================================
======================= min_ff_n40C_1v95 Corner ===================================

No paths found.


===========================================================================
 report_check_types -max_slew -max_cap -max_fanout -violators
============================================================================
======================= min_ff_n40C_1v95 Corner ===================================

max fanout

Pin                                   Limit Fanout  Slack
---------------------------------------------------------
clkbuf_0_clk/X                           10     16     -6 (VIOLATED)
clkbuf_4_4_0_clk/X                       10     14     -4 (VIOLATED)
clkbuf_4_7_0_clk/X                       10     13     -3 (VIOLATED)
clkbuf_4_3_0_clk/X                       10     12     -2 (VIOLATED)
clkbuf_4_6_0_clk/X                       10     12     -2 (VIOLATED)



===========================================================================
report_parasitic_annotation -report_unannotated
============================================================================
Found 17 unannotated drivers.
 cs
 gpio[25]
 clkload0/Y
 clkload1/Y
 clkload10/Y
 clkload11/Y
 clkload12/Y
 clkload13/Y
 clkload14/Y
 clkload2/Y
 clkload3/Y
 clkload4/Y
 clkload5/Y
 clkload6/X
 clkload7/Y
 clkload8/Y
 clkload9/Y
Found 0 partially unannotated drivers.

===========================================================================
max slew violation count 0
max fanout violation count 5
max cap violation count 0
============================================================================

===========================================================================
check_setup -verbose -unconstrained_endpoints -multiple_clock -no_clock -no_input_delay -loops -generated_clocks
===========================================================================
Warning: There are 6 unconstrained endpoints.
  gpio[16]
  gpio[17]
  gpio[18]
  gpio[19]
  gpio[20]
  gpio[25]
