Clock: clk
Sources: clk 
Generated: no
Virtual: yes
Propagated: no
Period: 25.000000

===========================================================================
report_clock_properties
============================================================================
Clock                   Period          Waveform
----------------------------------------------------
clk                  25.000000    0.000000 12.500000

===========================================================================
report_clock_latency
============================================================================
Clock clk
rise -> rise
    min     max
0.000000 0.000000 source latency
0.374950         network latency _2780_/CLK
        0.389331 network latency _2769_/CLK
---------------
0.374950 0.389331 latency
        0.014380 skew

fall -> fall
    min     max
0.000000 0.000000 source latency
0.307715         network latency _2780_/CLK
        0.317957 network latency _2769_/CLK
---------------
0.307715 0.317957 latency
        0.010242 skew



===========================================================================
report_clock_min_period
============================================================================
clk period_min = 5.80 fmax = 172.51
