
===========================================================================
report_checks -unconstrained
===========================================================================
======================= min_ff_n40C_1v95 Corner ===================================

Startpoint: n_rst (input port clocked by clk)
Endpoint: _0938_ (recovery check against rising-edge clock clk)
Path Group: asynchronous
Path Type: max

Fanout         Cap        Slew       Delay        Time   Description
---------------------------------------------------------------------------------------------
                                  0.000000    0.000000   clock clk (rise edge)
                                  0.000000    0.000000   clock network delay (propagated)
                                 20.000000   20.000000 ^ input external delay
     1    0.002647    0.013374    0.006818   20.006819 ^ n_rst (in)
                                                         n_rst (net)
                      0.013374    0.000000   20.006819 ^ input16/A (sky130_fd_sc_hd__buf_1)
     2    0.015331    0.137964    0.120579   20.127398 ^ input16/X (sky130_fd_sc_hd__buf_1)
                                                         net16 (net)
                      0.137970    0.000746   20.128143 ^ fanout34/A (sky130_fd_sc_hd__clkbuf_2)
     6    0.026742    0.115149    0.148603   20.276747 ^ fanout34/X (sky130_fd_sc_hd__clkbuf_2)
                                                         net34 (net)
                      0.115194    0.000679   20.277424 ^ fanout32/A (sky130_fd_sc_hd__clkbuf_4)
    10    0.049797    0.117853    0.172982   20.450407 ^ fanout32/X (sky130_fd_sc_hd__clkbuf_4)
                                                         net32 (net)
                      0.117853    0.000206   20.450613 ^ fanout31/A (sky130_fd_sc_hd__clkbuf_4)
    10    0.047629    0.113160    0.170504   20.621117 ^ fanout31/X (sky130_fd_sc_hd__clkbuf_4)
                                                         net31 (net)
                      0.113163    0.000741   20.621857 ^ fanout30/A (sky130_fd_sc_hd__clkbuf_4)
    10    0.045677    0.108994    0.166109   20.787966 ^ fanout30/X (sky130_fd_sc_hd__clkbuf_4)
                                                         net30 (net)
                      0.109004    0.001107   20.789072 ^ _0938_/SET_B (sky130_fd_sc_hd__dfstp_1)
                                             20.789072   data arrival time

                                100.000000  100.000000   clock clk (rise edge)
                                  0.000000  100.000000   clock source latency
     1    0.022111    0.078500    0.054342  100.054337 ^ clk (in)
                                                         clk (net)
                      0.078539    0.000000  100.054337 ^ clkbuf_0_clk/A (sky130_fd_sc_hd__clkbuf_16)
     8    0.092894    0.083556    0.138826  100.193169 ^ clkbuf_0_clk/X (sky130_fd_sc_hd__clkbuf_16)
                                                         clknet_0_clk (net)
                      0.083656    0.001840  100.195007 ^ clkbuf_3_3__f_clk/A (sky130_fd_sc_hd__clkbuf_16)
    16    0.050864    0.053168    0.117453  100.312462 ^ clkbuf_3_3__f_clk/X (sky130_fd_sc_hd__clkbuf_16)
                                                         clknet_3_3__leaf_clk (net)
                      0.053172    0.000533  100.312988 ^ _0938_/CLK (sky130_fd_sc_hd__dfstp_1)
                                 -0.250000  100.062996   clock uncertainty
                                  0.000000  100.062996   clock reconvergence pessimism
                                  0.089790  100.152786   library recovery time
                                            100.152786   data required time
---------------------------------------------------------------------------------------------
                                            100.152786   data required time
                                            -20.789072   data arrival time
---------------------------------------------------------------------------------------------
                                             79.363708   slack (MET)


Startpoint: _0942_ (rising edge-triggered flip-flop clocked by clk)
Endpoint: serial_out (output port clocked by clk)
Path Group: clk
Path Type: max

Fanout         Cap        Slew       Delay        Time   Description
---------------------------------------------------------------------------------------------
                                  0.000000    0.000000   clock clk (rise edge)
                                  0.000000    0.000000   clock source latency
     1    0.022111    0.078500    0.054343    0.054343 ^ clk (in)
                                                         clk (net)
                      0.078539    0.000000    0.054343 ^ clkbuf_0_clk/A (sky130_fd_sc_hd__clkbuf_16)
     8    0.092894    0.083556    0.138823    0.193166 ^ clkbuf_0_clk/X (sky130_fd_sc_hd__clkbuf_16)
                                                         clknet_0_clk (net)
                      0.083569    0.001079    0.194245 ^ clkbuf_3_4__f_clk/A (sky130_fd_sc_hd__clkbuf_16)
    13    0.046548    0.050113    0.115070    0.309315 ^ clkbuf_3_4__f_clk/X (sky130_fd_sc_hd__clkbuf_16)
                                                         clknet_3_4__leaf_clk (net)
                      0.050118    0.000510    0.309825 ^ _0942_/CLK (sky130_fd_sc_hd__dfstp_1)
     4    0.014114    0.102812    0.357554    0.667378 ^ _0942_/Q (sky130_fd_sc_hd__dfstp_1)
                                                         prod_adder.gen_for_loop[0].adder_n.b (net)
                      0.102812    0.000228    0.667606 ^ _0677_/B1 (sky130_fd_sc_hd__a22o_1)
     3    0.008553    0.068979    0.104695    0.772301 ^ _0677_/X (sky130_fd_sc_hd__a22o_1)
                                                         _0261_ (net)
                      0.068979    0.000090    0.772391 ^ _0679_/A2 (sky130_fd_sc_hd__a21o_1)
     3    0.009239    0.066588    0.101898    0.874289 ^ _0679_/X (sky130_fd_sc_hd__a21o_1)
                                                         _0263_ (net)
                      0.066588    0.000111    0.874400 ^ _0681_/B (sky130_fd_sc_hd__and3_1)
     2    0.007152    0.063261    0.116123    0.990523 ^ _0681_/X (sky130_fd_sc_hd__and3_1)
                                                         _0265_ (net)
                      0.063261    0.000051    0.990574 ^ _0683_/A2 (sky130_fd_sc_hd__o21ai_2)
     4    0.011856    0.049401    0.048362    1.038936 v _0683_/Y (sky130_fd_sc_hd__o21ai_2)
                                                         _0267_ (net)
                      0.049401    0.000152    1.039089 v _0684_/A2 (sky130_fd_sc_hd__a21oi_1)
     2    0.008521    0.153201    0.158258    1.197347 ^ _0684_/Y (sky130_fd_sc_hd__a21oi_1)
                                                         _0268_ (net)
                      0.153201    0.000079    1.197426 ^ _0685_/A2 (sky130_fd_sc_hd__o21ai_1)
     3    0.007749    0.055755    0.065771    1.263197 v _0685_/Y (sky130_fd_sc_hd__o21ai_1)
                                                         _0269_ (net)
                      0.055755    0.000028    1.263224 v _0687_/A2 (sky130_fd_sc_hd__o21ba_1)
     1    0.005444    0.033660    0.120442    1.383666 v _0687_/X (sky130_fd_sc_hd__o21ba_1)
                                                         _0271_ (net)
                      0.033660    0.000070    1.383736 v _0692_/A (sky130_fd_sc_hd__xnor2_1)
     1    0.003057    0.037144    0.078715    1.462450 v _0692_/Y (sky130_fd_sc_hd__xnor2_1)
                                                         _0276_ (net)
                      0.037144    0.000034    1.462484 v _0700_/A2 (sky130_fd_sc_hd__a211o_1)
     1    0.002583    0.032542    0.176879    1.639363 v _0700_/X (sky130_fd_sc_hd__a211o_1)
                                                         _0284_ (net)
                      0.032542    0.000022    1.639385 v _0728_/A2 (sky130_fd_sc_hd__a21o_1)
     1    0.004174    0.028110    0.115438    1.754823 v _0728_/X (sky130_fd_sc_hd__a21o_1)
                                                         net19 (net)
                      0.028110    0.000067    1.754890 v output19/A (sky130_fd_sc_hd__buf_2)
     1    0.034001    0.062189    0.116477    1.871367 v output19/X (sky130_fd_sc_hd__buf_2)
                                                         serial_out (net)
                      0.062189    0.000183    1.871550 v serial_out (out)
                                              1.871550   data arrival time

                                100.000000  100.000000   clock clk (rise edge)
                                  0.000000  100.000000   clock network delay (propagated)
                                 -0.250000   99.750000   clock uncertainty
                                  0.000000   99.750000   clock reconvergence pessimism
                                -20.000000   79.750000   output external delay
                                             79.750000   data required time
---------------------------------------------------------------------------------------------
                                             79.750000   data required time
                                             -1.871550   data arrival time
---------------------------------------------------------------------------------------------
                                             77.878448   slack (MET)




===========================================================================
report_checks --slack_max -0.01
============================================================================
======================= min_ff_n40C_1v95 Corner ===================================

No paths found.


===========================================================================
 report_check_types -max_slew -max_cap -max_fanout -violators
============================================================================
======================= min_ff_n40C_1v95 Corner ===================================

max fanout

Pin                                   Limit Fanout  Slack
---------------------------------------------------------
clkbuf_3_1__f_clk/X                      10     18     -8 (VIOLATED)
clkbuf_3_2__f_clk/X                      10     17     -7 (VIOLATED)
clkbuf_3_3__f_clk/X                      10     16     -6 (VIOLATED)
clkbuf_3_0__f_clk/X                      10     14     -4 (VIOLATED)
clkbuf_3_4__f_clk/X                      10     13     -3 (VIOLATED)
clkbuf_3_6__f_clk/X                      10     12     -2 (VIOLATED)
clkbuf_3_7__f_clk/X                      10     11        (VIOLATED)



===========================================================================
report_parasitic_annotation -report_unannotated
============================================================================
Found 8 unannotated drivers.
 clkload0/Y
 clkload1/X
 clkload2/Y
 clkload3/Y
 clkload4/Y
 clkload5/Y
 clkload6/Y
 matrix_mult_40/HI
Found 0 partially unannotated drivers.

===========================================================================
max slew violation count 0
max fanout violation count 7
max cap violation count 0
============================================================================

===========================================================================
check_setup -verbose -unconstrained_endpoints -multiple_clock -no_clock -no_input_delay -loops -generated_clocks
===========================================================================
Warning: There is 1 unconstrained endpoint.
  tx_busy
