Clock: clk
Sources: clk 
Generated: no
Virtual: yes
Propagated: no
Period: 100.000000

===========================================================================
report_clock_properties
============================================================================
Clock                   Period          Waveform
----------------------------------------------------
clk                 100.000000    0.000000 50.000000

===========================================================================
report_clock_latency
============================================================================
Clock clk
rise -> rise
    min     max
0.000000 0.000000 source latency
0.309597         network latency _0998_/CLK
        0.314280 network latency _0973_/CLK
---------------
0.309597 0.314280 latency
        0.004683 skew

fall -> fall
    min     max
0.000000 0.000000 source latency
0.271005         network latency _0998_/CLK
        0.274852 network latency _0973_/CLK
---------------
0.271005 0.274852 latency
        0.003848 skew



===========================================================================
report_clock_min_period
============================================================================
clk period_min = 2.38 fmax = 420.97
