Clock: clk
Sources: clk 
Generated: no
Virtual: yes
Propagated: no
Period: 20.000000

===========================================================================
report_clock_properties
============================================================================
Clock                   Period          Waveform
----------------------------------------------------
clk                  20.000000    0.000000 10.000000

===========================================================================
report_clock_latency
============================================================================
Clock clk
rise -> rise
    min     max
0.000000 0.000000 source latency
0.467044         network latency _0919_/CLK
        0.478100 network latency _1007_/CLK
---------------
0.467044 0.478100 latency
        0.011056 skew

fall -> fall
    min     max
0.000000 0.000000 source latency
0.402566         network latency _0919_/CLK
        0.410779 network latency _1007_/CLK
---------------
0.402566 0.410779 latency
        0.008213 skew



===========================================================================
report_clock_min_period
============================================================================
clk period_min = 4.59 fmax = 217.71
