Clock: clk
Sources: clk 
Generated: no
Virtual: yes
Propagated: no
Period: 50.000000

===========================================================================
report_clock_properties
============================================================================
Clock                   Period          Waveform
----------------------------------------------------
clk                  50.000000    0.000000 25.000000

===========================================================================
report_clock_latency
============================================================================
Clock clk
rise -> rise
    min     max
0.000000 0.000000 source latency
0.504276         network latency _2485_/CLK
        0.523600 network latency _2646_/CLK
---------------
0.504276 0.523600 latency
        0.019323 skew

fall -> fall
    min     max
0.000000 0.000000 source latency
0.436737         network latency _2485_/CLK
        0.451038 network latency _2646_/CLK
---------------
0.436737 0.451038 latency
        0.014301 skew



===========================================================================
report_clock_min_period
============================================================================
clk period_min = 3.13 fmax = 319.97
