
===========================================================================
report_checks -unconstrained
===========================================================================
======================= nom_tt_025C_1v80 Corner ===================================

Startpoint: nrst (input port clocked by clk)
Endpoint: _2796_ (recovery check against rising-edge clock clk)
Path Group: asynchronous
Path Type: max

Fanout         Cap        Slew       Delay        Time   Description
---------------------------------------------------------------------------------------------
                                  0.000000    0.000000   clock clk (rise edge)
                                  0.000000    0.000000   clock network delay (propagated)
                                  5.000000    5.000000 ^ input external delay
     1    0.002853    0.019958    0.010500    5.010500 ^ nrst (in)
                                                         nrst (net)
                      0.019958    0.000000    5.010500 ^ input9/A (sky130_fd_sc_hd__clkbuf_2)
     4    0.038284    0.209913    0.211778    5.222278 ^ input9/X (sky130_fd_sc_hd__clkbuf_2)
                                                         net9 (net)
                      0.209936    0.001819    5.224097 ^ fanout131/A (sky130_fd_sc_hd__buf_2)
     5    0.045207    0.221864    0.285933    5.510029 ^ fanout131/X (sky130_fd_sc_hd__buf_2)
                                                         net131 (net)
                      0.221871    0.001520    5.511549 ^ fanout127/A (sky130_fd_sc_hd__buf_2)
     6    0.050583    0.247420    0.306192    5.817740 ^ fanout127/X (sky130_fd_sc_hd__buf_2)
                                                         net127 (net)
                      0.247537    0.002651    5.820392 ^ fanout126/A (sky130_fd_sc_hd__clkbuf_4)
    10    0.055718    0.171473    0.298573    6.118965 ^ fanout126/X (sky130_fd_sc_hd__clkbuf_4)
                                                         net126 (net)
                      0.171544    0.003297    6.122262 ^ fanout125/A (sky130_fd_sc_hd__buf_2)
     8    0.036977    0.182948    0.248595    6.370857 ^ fanout125/X (sky130_fd_sc_hd__buf_2)
                                                         net125 (net)
                      0.182956    0.001406    6.372264 ^ _2796_/RESET_B (sky130_fd_sc_hd__dfrtp_4)
                                              6.372264   data arrival time

                                 25.000000   25.000000   clock clk (rise edge)
                                  0.000000   25.000000   clock source latency
     1    0.033866    0.157577    0.109306   25.109306 ^ clk (in)
                                                         clk (net)
                      0.157587    0.000000   25.109306 ^ clkbuf_0_clk/A (sky130_fd_sc_hd__clkbuf_16)
    16    0.142697    0.155579    0.252900   25.362206 ^ clkbuf_0_clk/X (sky130_fd_sc_hd__clkbuf_16)
                                                         clknet_0_clk (net)
                      0.155817    0.004153   25.366358 ^ clkbuf_4_6_0_clk/A (sky130_fd_sc_hd__clkbuf_8)
    12    0.035702    0.075689    0.190411   25.556770 ^ clkbuf_4_6_0_clk/X (sky130_fd_sc_hd__clkbuf_8)
                                                         clknet_4_6_0_clk (net)
                      0.075707    0.001112   25.557882 ^ _2796_/CLK (sky130_fd_sc_hd__dfrtp_4)
                                 -0.250000   25.307882   clock uncertainty
                                  0.000000   25.307882   clock reconvergence pessimism
                                  0.182235   25.490118   library recovery time
                                             25.490118   data required time
---------------------------------------------------------------------------------------------
                                             25.490118   data required time
                                             -6.372264   data arrival time
---------------------------------------------------------------------------------------------
                                             19.117853   slack (MET)


Startpoint: clk (clock source 'clk')
Endpoint: gpio[24] (output port clocked by clk)
Path Group: clk
Path Type: max

Fanout         Cap        Slew       Delay        Time   Description
---------------------------------------------------------------------------------------------
                                 12.500000   12.500000   clock clk (fall edge)
                                  0.000000   12.500000   clock source latency
     1    0.032872    0.073894    0.053001   12.553000 v clk (in)
                                                         clk (net)
                      0.073913    0.000000   12.553000 v clkbuf_0_clk/A (sky130_fd_sc_hd__clkbuf_16)
    16    0.135017    0.098142    0.220291   12.773293 v clkbuf_0_clk/X (sky130_fd_sc_hd__clkbuf_16)
                                                         clknet_0_clk (net)
                      0.098422    0.003690   12.776982 v clkbuf_4_8_0_clk/A (sky130_fd_sc_hd__clkbuf_8)
     9    0.039798    0.057577    0.187553   12.964536 v clkbuf_4_8_0_clk/X (sky130_fd_sc_hd__clkbuf_8)
                                                         clknet_4_8_0_clk (net)
                      0.057623    0.001521   12.966056 v _2303_/A (sky130_fd_sc_hd__and2_2)
     1    0.034517    0.104820    0.245700   13.211757 v _2303_/X (sky130_fd_sc_hd__and2_2)
                                                         gpio[24] (net)
     0    0.034517    0.104825    0.000803   13.212560 v gpio[24] (inout)
                                                         gpio[24] (net)
                                             13.212560   data arrival time

                                 25.000000   25.000000   clock clk (rise edge)
                                  0.000000   25.000000   clock network delay (propagated)
                                 -0.250000   24.750000   clock uncertainty
                                  0.000000   24.750000   clock reconvergence pessimism
                                 -5.000000   19.750000   output external delay
                                             19.750000   data required time
---------------------------------------------------------------------------------------------
                                             19.750000   data required time
                                            -13.212560   data arrival time
---------------------------------------------------------------------------------------------
                                              6.537440   slack (MET)




===========================================================================
report_checks --slack_max -0.01
============================================================================
======================= nom_tt_025C_1v80 Corner ===================================

No paths found.


===========================================================================
 report_check_types -max_slew -max_cap -max_fanout -violators
============================================================================
======================= nom_tt_025C_1v80 Corner ===================================

max fanout

Pin                                   Limit Fanout  Slack
---------------------------------------------------------
clkbuf_0_clk/X                           10     16     -6 (VIOLATED)
clkbuf_4_4_0_clk/X                       10     14     -4 (VIOLATED)
clkbuf_4_7_0_clk/X                       10     13     -3 (VIOLATED)
clkbuf_4_3_0_clk/X                       10     12     -2 (VIOLATED)
clkbuf_4_6_0_clk/X                       10     12     -2 (VIOLATED)



===========================================================================
report_parasitic_annotation -report_unannotated
============================================================================
Found 17 unannotated drivers.
 cs
 gpio[25]
 clkload0/Y
 clkload1/Y
 clkload10/Y
 clkload11/Y
 clkload12/Y
 clkload13/Y
 clkload14/Y
 clkload2/Y
 clkload3/Y
 clkload4/Y
 clkload5/Y
 clkload6/X
 clkload7/Y
 clkload8/Y
 clkload9/Y
Found 0 partially unannotated drivers.

===========================================================================
max slew violation count 0
max fanout violation count 5
max cap violation count 0
============================================================================

===========================================================================
check_setup -verbose -unconstrained_endpoints -multiple_clock -no_clock -no_input_delay -loops -generated_clocks
===========================================================================
Warning: There are 6 unconstrained endpoints.
  gpio[16]
  gpio[17]
  gpio[18]
  gpio[19]
  gpio[20]
  gpio[25]
