Clock: clk
Sources: clk 
Generated: no
Virtual: yes
Propagated: no
Period: 25.000000

===========================================================================
report_clock_properties
============================================================================
Clock                   Period          Waveform
----------------------------------------------------
clk                  25.000000    0.000000 12.500000

===========================================================================
report_clock_latency
============================================================================
Clock clk
rise -> rise
    min     max
0.000000 0.000000 source latency
0.556326         network latency _2780_/CLK
        0.579152 network latency _2735_/CLK
---------------
0.556326 0.579152 latency
        0.022827 skew

fall -> fall
    min     max
0.000000 0.000000 source latency
0.458881         network latency _2780_/CLK
        0.475676 network latency _2735_/CLK
---------------
0.458881 0.475676 latency
        0.016795 skew



===========================================================================
report_clock_min_period
============================================================================
clk period_min = 9.27 fmax = 107.89
