
===========================================================================
report_checks -unconstrained
===========================================================================
======================= max_ss_100C_1v60 Corner ===================================

Startpoint: n_rst (input port clocked by clk)
Endpoint: _0939_ (recovery check against rising-edge clock clk)
Path Group: asynchronous
Path Type: max

Fanout         Cap        Slew       Delay        Time   Description
---------------------------------------------------------------------------------------------
                                  0.000000    0.000000   clock clk (rise edge)
                                  0.000000    0.000000   clock network delay (propagated)
                                 20.000000   20.000000 ^ input external delay
     1    0.002558    0.030654    0.014557   20.014557 ^ n_rst (in)
                                                         n_rst (net)
                      0.030654    0.000000   20.014557 ^ input16/A (sky130_fd_sc_hd__buf_1)
     2    0.016989    0.328247    0.315580   20.330137 ^ input16/X (sky130_fd_sc_hd__buf_1)
                                                         net16 (net)
                      0.328269    0.002224   20.332361 ^ fanout34/A (sky130_fd_sc_hd__clkbuf_2)
     6    0.029137    0.254115    0.433905   20.766268 ^ fanout34/X (sky130_fd_sc_hd__clkbuf_2)
                                                         net34 (net)
                      0.254131    0.002203   20.768471 ^ fanout32/A (sky130_fd_sc_hd__clkbuf_4)
    10    0.049787    0.247016    0.461412   21.229883 ^ fanout32/X (sky130_fd_sc_hd__clkbuf_4)
                                                         net32 (net)
                      0.247020    0.001569   21.231451 ^ fanout31/A (sky130_fd_sc_hd__clkbuf_4)
    10    0.046882    0.234325    0.448688   21.680140 ^ fanout31/X (sky130_fd_sc_hd__clkbuf_4)
                                                         net31 (net)
                      0.234351    0.002654   21.682793 ^ fanout30/A (sky130_fd_sc_hd__clkbuf_4)
    10    0.043901    0.221250    0.432626   22.115419 ^ fanout30/X (sky130_fd_sc_hd__clkbuf_4)
                                                         net30 (net)
                      0.221444    0.005931   22.121351 ^ _0939_/SET_B (sky130_fd_sc_hd__dfstp_1)
                                             22.121351   data arrival time

                                100.000000  100.000000   clock clk (rise edge)
                                  0.000000  100.000000   clock source latency
     1    0.024193    0.179460    0.123883  100.123878 ^ clk (in)
                                                         clk (net)
                      0.179519    0.000000  100.123878 ^ clkbuf_0_clk/A (sky130_fd_sc_hd__clkbuf_16)
     8    0.098436    0.174518    0.361688  100.485565 ^ clkbuf_0_clk/X (sky130_fd_sc_hd__clkbuf_16)
                                                         clknet_0_clk (net)
                      0.174926    0.006025  100.491592 ^ clkbuf_3_2__f_clk/A (sky130_fd_sc_hd__clkbuf_16)
    17    0.052873    0.111041    0.311253  100.802849 ^ clkbuf_3_2__f_clk/X (sky130_fd_sc_hd__clkbuf_16)
                                                         clknet_3_2__leaf_clk (net)
                      0.111059    0.001648  100.804497 ^ _0939_/CLK (sky130_fd_sc_hd__dfstp_1)
                                 -0.250000  100.554497   clock uncertainty
                                  0.000000  100.554497   clock reconvergence pessimism
                                  0.261262  100.815758   library recovery time
                                            100.815758   data required time
---------------------------------------------------------------------------------------------
                                            100.815758   data required time
                                            -22.121351   data arrival time
---------------------------------------------------------------------------------------------
                                             78.694405   slack (MET)


Startpoint: bit_period[1] (input port clocked by clk)
Endpoint: _1026_ (rising edge-triggered flip-flop clocked by clk)
Path Group: clk
Path Type: max

Fanout         Cap        Slew       Delay        Time   Description
---------------------------------------------------------------------------------------------
                                  0.000000    0.000000   clock clk (rise edge)
                                  0.000000    0.000000   clock network delay (propagated)
                                 20.000000   20.000000 ^ input external delay
     1    0.003310    0.035640    0.018533   20.018534 ^ bit_period[1] (in)
                                                         bit_period[1] (net)
                      0.035640    0.000000   20.018534 ^ input6/A (sky130_fd_sc_hd__clkbuf_2)
     6    0.030283    0.262689    0.313898   20.332432 ^ input6/X (sky130_fd_sc_hd__clkbuf_2)
                                                         net6 (net)
                      0.262722    0.002451   20.334883 ^ _0587_/A_N (sky130_fd_sc_hd__and2b_1)
     1    0.003994    0.075897    0.443714   20.778597 v _0587_/X (sky130_fd_sc_hd__and2b_1)
                                                         _0186_ (net)
                      0.075897    0.000293   20.778891 v _0598_/B1 (sky130_fd_sc_hd__a2111o_1)
     1    0.002096    0.099822    0.718057   21.496946 v _0598_/X (sky130_fd_sc_hd__a2111o_1)
                                                         _0197_ (net)
                      0.099822    0.000151   21.497099 v _0602_/A (sky130_fd_sc_hd__or4_1)
     2    0.006384    0.220400    1.285812   22.782911 v _0602_/X (sky130_fd_sc_hd__or4_1)
                                                         _0201_ (net)
                      0.220400    0.000389   22.783300 v _0605_/A2 (sky130_fd_sc_hd__o21ba_1)
     4    0.017767    0.187295    0.490086   23.273386 v _0605_/X (sky130_fd_sc_hd__o21ba_1)
                                                         _0203_ (net)
                      0.187296    0.000897   23.274282 v fanout20/A (sky130_fd_sc_hd__buf_2)
    10    0.040284    0.190354    0.419037   23.693319 v fanout20/X (sky130_fd_sc_hd__buf_2)
                                                         net20 (net)
                      0.190363    0.001512   23.694832 v _0608_/A (sky130_fd_sc_hd__and3_1)
     2    0.008341    0.115878    0.397115   24.091948 v _0608_/X (sky130_fd_sc_hd__and3_1)
                                                         uart_tx.count.next_cnt_out[1] (net)
                      0.115879    0.000590   24.092537 v _0647_/B (sky130_fd_sc_hd__xor2_1)
     1    0.003920    0.115014    0.290346   24.382883 v _0647_/X (sky130_fd_sc_hd__xor2_1)
                                                         _0232_ (net)
                      0.115014    0.000156   24.383038 v _0651_/A (sky130_fd_sc_hd__or4_1)
     1    0.001748    0.162759    1.187837   25.570875 v _0651_/X (sky130_fd_sc_hd__or4_1)
                                                         _0236_ (net)
                      0.162759    0.000124   25.571001 v _0657_/B (sky130_fd_sc_hd__or3_1)
     1    0.006071    0.170260    0.877639   26.448639 v _0657_/X (sky130_fd_sc_hd__or3_1)
                                                         _0242_ (net)
                      0.170260    0.000481   26.449121 v _0658_/C1 (sky130_fd_sc_hd__a211oi_1)
     1    0.002723    0.300330    0.318448   26.767569 ^ _0658_/Y (sky130_fd_sc_hd__a211oi_1)
                                                         _0243_ (net)
                      0.300330    0.000201   26.767769 ^ _0663_/B1 (sky130_fd_sc_hd__o2111a_1)
     1    0.009986    0.188889    0.557035   27.324804 ^ _0663_/X (sky130_fd_sc_hd__o2111a_1)
                                                         uart_tx.count.next_roflag (net)
                      0.188890    0.000853   27.325657 ^ _1026_/D (sky130_fd_sc_hd__dfrtp_1)
                                             27.325657   data arrival time

                                100.000000  100.000000   clock clk (rise edge)
                                  0.000000  100.000000   clock source latency
     1    0.024193    0.179460    0.123883  100.123878 ^ clk (in)
                                                         clk (net)
                      0.179519    0.000000  100.123878 ^ clkbuf_0_clk/A (sky130_fd_sc_hd__clkbuf_16)
     8    0.098436    0.174518    0.361688  100.485565 ^ clkbuf_0_clk/X (sky130_fd_sc_hd__clkbuf_16)
                                                         clknet_0_clk (net)
                      0.174657    0.004491  100.490059 ^ clkbuf_3_7__f_clk/A (sky130_fd_sc_hd__clkbuf_16)
    11    0.049658    0.106506    0.308027  100.798088 ^ clkbuf_3_7__f_clk/X (sky130_fd_sc_hd__clkbuf_16)
                                                         clknet_3_7__leaf_clk (net)
                      0.106589    0.002579  100.800667 ^ _1026_/CLK (sky130_fd_sc_hd__dfrtp_1)
                                 -0.250000  100.550667   clock uncertainty
                                  0.000000  100.550667   clock reconvergence pessimism
                                 -0.156559  100.394104   library setup time
                                            100.394104   data required time
---------------------------------------------------------------------------------------------
                                            100.394104   data required time
                                            -27.325657   data arrival time
---------------------------------------------------------------------------------------------
                                             73.068451   slack (MET)




===========================================================================
report_checks --slack_max -0.01
============================================================================
======================= max_ss_100C_1v60 Corner ===================================

No paths found.


===========================================================================
 report_check_types -max_slew -max_cap -max_fanout -violators
============================================================================
======================= max_ss_100C_1v60 Corner ===================================

max fanout

Pin                                   Limit Fanout  Slack
---------------------------------------------------------
clkbuf_3_1__f_clk/X                      10     18     -8 (VIOLATED)
clkbuf_3_2__f_clk/X                      10     17     -7 (VIOLATED)
clkbuf_3_3__f_clk/X                      10     16     -6 (VIOLATED)
clkbuf_3_0__f_clk/X                      10     14     -4 (VIOLATED)
clkbuf_3_4__f_clk/X                      10     13     -3 (VIOLATED)
clkbuf_3_6__f_clk/X                      10     12     -2 (VIOLATED)
clkbuf_3_7__f_clk/X                      10     11        (VIOLATED)



===========================================================================
report_parasitic_annotation -report_unannotated
============================================================================
Found 8 unannotated drivers.
 clkload0/Y
 clkload1/X
 clkload2/Y
 clkload3/Y
 clkload4/Y
 clkload5/Y
 clkload6/Y
 matrix_mult_40/HI
Found 0 partially unannotated drivers.

===========================================================================
max slew violation count 0
max fanout violation count 7
max cap violation count 0
============================================================================

===========================================================================
check_setup -verbose -unconstrained_endpoints -multiple_clock -no_clock -no_input_delay -loops -generated_clocks
===========================================================================
Warning: There is 1 unconstrained endpoint.
  tx_busy
