Clock: clk
Sources: clk 
Generated: no
Virtual: yes
Propagated: no
Period: 100.000000

===========================================================================
report_clock_properties
============================================================================
Clock                   Period          Waveform
----------------------------------------------------
clk                 100.000000    0.000000 50.000000

===========================================================================
report_clock_latency
============================================================================
Clock clk
rise -> rise
    min     max
0.000000 0.000000 source latency
0.797273         network latency _0943_/CLK
        0.807147 network latency _0936_/CLK
---------------
0.797273 0.807147 latency
        0.009873 skew

fall -> fall
    min     max
0.000000 0.000000 source latency
0.724164         network latency _0943_/CLK
        0.732641 network latency _0936_/CLK
---------------
0.724164 0.732641 latency
        0.008477 skew



===========================================================================
report_clock_min_period
============================================================================
clk period_min = 8.26 fmax = 121.02
