
===========================================================================
report_checks -unconstrained
===========================================================================
======================= min_ss_100C_1v60 Corner ===================================

Startpoint: n_rst (input port clocked by clk)
Endpoint: _0938_ (recovery check against rising-edge clock clk)
Path Group: asynchronous
Path Type: max

Fanout         Cap        Slew       Delay        Time   Description
---------------------------------------------------------------------------------------------
                                  0.000000    0.000000   clock clk (rise edge)
                                  0.000000    0.000000   clock network delay (propagated)
                                 20.000000   20.000000 ^ input external delay
     1    0.002514    0.030371    0.014262   20.014263 ^ n_rst (in)
                                                         n_rst (net)
                      0.030371    0.000000   20.014263 ^ input16/A (sky130_fd_sc_hd__buf_1)
     2    0.015147    0.294462    0.292594   20.306858 ^ input16/X (sky130_fd_sc_hd__buf_1)
                                                         net16 (net)
                      0.294464    0.000739   20.307596 ^ fanout34/A (sky130_fd_sc_hd__clkbuf_2)
     6    0.026451    0.232001    0.406494   20.714090 ^ fanout34/X (sky130_fd_sc_hd__clkbuf_2)
                                                         net34 (net)
                      0.232001    0.000670   20.714760 ^ fanout32/A (sky130_fd_sc_hd__clkbuf_4)
    10    0.046397    0.232511    0.442235   21.156996 ^ fanout32/X (sky130_fd_sc_hd__clkbuf_4)
                                                         net32 (net)
                      0.232511    0.000194   21.157188 ^ fanout31/A (sky130_fd_sc_hd__clkbuf_4)
    10    0.044154    0.222722    0.435264   21.592453 ^ fanout31/X (sky130_fd_sc_hd__clkbuf_4)
                                                         net31 (net)
                      0.222722    0.000693   21.593145 ^ fanout30/A (sky130_fd_sc_hd__clkbuf_4)
    10    0.041645    0.211736    0.422761   22.015905 ^ fanout30/X (sky130_fd_sc_hd__clkbuf_4)
                                                         net30 (net)
                      0.211737    0.001007   22.016912 ^ _0938_/SET_B (sky130_fd_sc_hd__dfstp_1)
                                             22.016912   data arrival time

                                100.000000  100.000000   clock clk (rise edge)
                                  0.000000  100.000000   clock source latency
     1    0.022042    0.164291    0.112649  100.112648 ^ clk (in)
                                                         clk (net)
                      0.164309    0.000000  100.112648 ^ clkbuf_0_clk/A (sky130_fd_sc_hd__clkbuf_16)
     8    0.092342    0.165575    0.350191  100.462837 ^ clkbuf_0_clk/X (sky130_fd_sc_hd__clkbuf_16)
                                                         clknet_0_clk (net)
                      0.165593    0.001833  100.464668 ^ clkbuf_3_3__f_clk/A (sky130_fd_sc_hd__clkbuf_16)
    16    0.048356    0.104964    0.303416  100.768089 ^ clkbuf_3_3__f_clk/X (sky130_fd_sc_hd__clkbuf_16)
                                                         clknet_3_3__leaf_clk (net)
                      0.104965    0.000504  100.768593 ^ _0938_/CLK (sky130_fd_sc_hd__dfstp_1)
                                 -0.250000  100.518593   clock uncertainty
                                  0.000000  100.518593   clock reconvergence pessimism
                                  0.260675  100.779274   library recovery time
                                            100.779274   data required time
---------------------------------------------------------------------------------------------
                                            100.779274   data required time
                                            -22.016912   data arrival time
---------------------------------------------------------------------------------------------
                                             78.762360   slack (MET)


Startpoint: bit_period[1] (input port clocked by clk)
Endpoint: _1026_ (rising edge-triggered flip-flop clocked by clk)
Path Group: clk
Path Type: max

Fanout         Cap        Slew       Delay        Time   Description
---------------------------------------------------------------------------------------------
                                  0.000000    0.000000   clock clk (rise edge)
                                  0.000000    0.000000   clock network delay (propagated)
                                 20.000000   20.000000 ^ input external delay
     1    0.003190    0.034843    0.017835   20.017836 ^ bit_period[1] (in)
                                                         bit_period[1] (net)
                      0.034843    0.000000   20.017836 ^ input6/A (sky130_fd_sc_hd__clkbuf_2)
     6    0.027587    0.240635    0.299325   20.317160 ^ input6/X (sky130_fd_sc_hd__clkbuf_2)
                                                         net6 (net)
                      0.240635    0.000655   20.317816 ^ _0587_/A_N (sky130_fd_sc_hd__and2b_1)
     1    0.003713    0.073487    0.434044   20.751860 v _0587_/X (sky130_fd_sc_hd__and2b_1)
                                                         _0186_ (net)
                      0.073487    0.000048   20.751907 v _0598_/B1 (sky130_fd_sc_hd__a2111o_1)
     1    0.001951    0.100188    0.714813   21.466721 v _0598_/X (sky130_fd_sc_hd__a2111o_1)
                                                         _0197_ (net)
                      0.100188    0.000020   21.466740 v _0602_/A (sky130_fd_sc_hd__or4_1)
     2    0.005839    0.214992    1.276954   22.743694 v _0602_/X (sky130_fd_sc_hd__or4_1)
                                                         _0201_ (net)
                      0.214992    0.000078   22.743773 v _0605_/A2 (sky130_fd_sc_hd__o21ba_1)
     4    0.015639    0.169204    0.473966   23.217737 v _0605_/X (sky130_fd_sc_hd__o21ba_1)
                                                         _0203_ (net)
                      0.169204    0.000160   23.217897 v fanout20/A (sky130_fd_sc_hd__buf_2)
    10    0.035942    0.172562    0.397662   23.615561 v fanout20/X (sky130_fd_sc_hd__buf_2)
                                                         net20 (net)
                      0.172562    0.000199   23.615759 v _0608_/A (sky130_fd_sc_hd__and3_1)
     2    0.007888    0.111970    0.385180   24.000938 v _0608_/X (sky130_fd_sc_hd__and3_1)
                                                         uart_tx.count.next_cnt_out[1] (net)
                      0.111970    0.000103   24.001041 v _0647_/B (sky130_fd_sc_hd__xor2_1)
     1    0.003497    0.107343    0.285441   24.286484 v _0647_/X (sky130_fd_sc_hd__xor2_1)
                                                         _0232_ (net)
                      0.107343    0.000043   24.286526 v _0651_/A (sky130_fd_sc_hd__or4_1)
     1    0.001696    0.163968    1.183754   25.470280 v _0651_/X (sky130_fd_sc_hd__or4_1)
                                                         _0236_ (net)
                      0.163968    0.000014   25.470293 v _0657_/B (sky130_fd_sc_hd__or3_1)
     1    0.005283    0.163544    0.867598   26.337891 v _0657_/X (sky130_fd_sc_hd__or3_1)
                                                         _0242_ (net)
                      0.163544    0.000114   26.338005 v _0658_/C1 (sky130_fd_sc_hd__a211oi_1)
     1    0.002652    0.302397    0.313573   26.651577 ^ _0658_/Y (sky130_fd_sc_hd__a211oi_1)
                                                         _0243_ (net)
                      0.302397    0.000023   26.651600 ^ _0663_/B1 (sky130_fd_sc_hd__o2111a_1)
     1    0.008340    0.166421    0.537836   27.189438 ^ _0663_/X (sky130_fd_sc_hd__o2111a_1)
                                                         uart_tx.count.next_roflag (net)
                      0.166421    0.000307   27.189745 ^ _1026_/D (sky130_fd_sc_hd__dfrtp_1)
                                             27.189745   data arrival time

                                100.000000  100.000000   clock clk (rise edge)
                                  0.000000  100.000000   clock source latency
     1    0.022042    0.164291    0.112649  100.112648 ^ clk (in)
                                                         clk (net)
                      0.164309    0.000000  100.112648 ^ clkbuf_0_clk/A (sky130_fd_sc_hd__clkbuf_16)
     8    0.092342    0.165575    0.350191  100.462837 ^ clkbuf_0_clk/X (sky130_fd_sc_hd__clkbuf_16)
                                                         clknet_0_clk (net)
                      0.165580    0.001215  100.464050 ^ clkbuf_3_7__f_clk/A (sky130_fd_sc_hd__clkbuf_16)
    11    0.046213    0.102137    0.301142  100.765198 ^ clkbuf_3_7__f_clk/X (sky130_fd_sc_hd__clkbuf_16)
                                                         clknet_3_7__leaf_clk (net)
                      0.102138    0.000476  100.765671 ^ _1026_/CLK (sky130_fd_sc_hd__dfrtp_1)
                                 -0.250000  100.515671   clock uncertainty
                                  0.000000  100.515671   clock reconvergence pessimism
                                 -0.151686  100.363983   library setup time
                                            100.363983   data required time
---------------------------------------------------------------------------------------------
                                            100.363983   data required time
                                            -27.189745   data arrival time
---------------------------------------------------------------------------------------------
                                             73.174240   slack (MET)




===========================================================================
report_checks --slack_max -0.01
============================================================================
======================= min_ss_100C_1v60 Corner ===================================

No paths found.


===========================================================================
 report_check_types -max_slew -max_cap -max_fanout -violators
============================================================================
======================= min_ss_100C_1v60 Corner ===================================

max fanout

Pin                                   Limit Fanout  Slack
---------------------------------------------------------
clkbuf_3_1__f_clk/X                      10     18     -8 (VIOLATED)
clkbuf_3_2__f_clk/X                      10     17     -7 (VIOLATED)
clkbuf_3_3__f_clk/X                      10     16     -6 (VIOLATED)
clkbuf_3_0__f_clk/X                      10     14     -4 (VIOLATED)
clkbuf_3_4__f_clk/X                      10     13     -3 (VIOLATED)
clkbuf_3_6__f_clk/X                      10     12     -2 (VIOLATED)
clkbuf_3_7__f_clk/X                      10     11        (VIOLATED)



===========================================================================
report_parasitic_annotation -report_unannotated
============================================================================
Found 8 unannotated drivers.
 clkload0/Y
 clkload1/X
 clkload2/Y
 clkload3/Y
 clkload4/Y
 clkload5/Y
 clkload6/Y
 matrix_mult_40/HI
Found 0 partially unannotated drivers.

===========================================================================
max slew violation count 0
max fanout violation count 7
max cap violation count 0
============================================================================

===========================================================================
check_setup -verbose -unconstrained_endpoints -multiple_clock -no_clock -no_input_delay -loops -generated_clocks
===========================================================================
Warning: There is 1 unconstrained endpoint.
  tx_busy
