Clock: clk
Sources: clk 
Generated: no
Virtual: yes
Propagated: no
Period: 100.000000

===========================================================================
report_clock_properties
============================================================================
Clock                   Period          Waveform
----------------------------------------------------
clk                 100.000000    0.000000 50.000000

===========================================================================
report_clock_latency
============================================================================
Clock clk
rise -> rise
    min     max
0.000000 0.000000 source latency
0.763831         network latency _0998_/CLK
        0.770268 network latency _0973_/CLK
---------------
0.763831 0.770268 latency
        0.006437 skew

fall -> fall
    min     max
0.000000 0.000000 source latency
0.700659         network latency _0998_/CLK
        0.706272 network latency _0973_/CLK
---------------
0.700659 0.706272 latency
        0.005613 skew



===========================================================================
report_clock_min_period
============================================================================
clk period_min = 8.12 fmax = 123.08
