Clock: clk
Sources: clk 
Generated: no
Virtual: yes
Propagated: no
Period: 50.000000

===========================================================================
report_clock_properties
============================================================================
Clock                   Period          Waveform
----------------------------------------------------
clk                  50.000000    0.000000 25.000000

===========================================================================
report_clock_latency
============================================================================
Clock clk
rise -> rise
    min     max
0.000000 0.000000 source latency
1.255812         network latency _2485_/CLK
        1.288138 network latency _2646_/CLK
---------------
1.255812 1.288138 latency
        0.032326 skew

fall -> fall
    min     max
0.000000 0.000000 source latency
1.127788         network latency _2693_/CLK
        1.152676 network latency _2646_/CLK
---------------
1.127788 1.152676 latency
        0.024889 skew



===========================================================================
report_clock_min_period
============================================================================
clk period_min = 10.20 fmax = 98.03
