Clock: clk
Sources: clk 
Generated: no
Virtual: yes
Propagated: no
Period: 10000.000000

===========================================================================
report_clock_properties
============================================================================
Clock                   Period          Waveform
----------------------------------------------------
clk                 10000.000000    0.0000005000.000000

===========================================================================
report_clock_latency
============================================================================
Clock clk
rise -> rise
    min     max
0.000000 0.000000 source latency
0.755854         network latency cell0/clk
        0.746687 network latency cell3/clk
---------------
0.755854 0.746687 latency
        -0.009166 skew

fall -> fall
    min     max
0.000000 0.000000 source latency
0.707587         network latency cell0/clk
        0.700766 network latency cell3/clk
---------------
0.707587 0.700766 latency
        -0.006821 skew



===========================================================================
report_clock_min_period
============================================================================
clk period_min = 2.06 fmax = 486.08
