Clock: clk
Sources: clk 
Generated: no
Virtual: yes
Propagated: no
Period: 50.000000

===========================================================================
report_clock_properties
============================================================================
Clock                   Period          Waveform
----------------------------------------------------
clk                  50.000000    0.000000 25.000000

===========================================================================
report_clock_latency
============================================================================
Clock clk
rise -> rise
    min     max
0.000000 0.000000 source latency
0.521032         network latency _2485_/CLK
        0.546745 network latency _2646_/CLK
---------------
0.521032 0.546745 latency
        0.025713 skew

fall -> fall
    min     max
0.000000 0.000000 source latency
0.449658         network latency _2485_/CLK
        0.469784 network latency _2646_/CLK
---------------
0.449658 0.469784 latency
        0.020126 skew



===========================================================================
report_clock_min_period
============================================================================
clk period_min = 3.16 fmax = 316.72
