Clock: clk
Sources: clk 
Generated: no
Virtual: yes
Propagated: no
Period: 25.000000

===========================================================================
report_clock_properties
============================================================================
Clock                   Period          Waveform
----------------------------------------------------
clk                  25.000000    0.000000 12.500000

===========================================================================
report_clock_latency
============================================================================
Clock clk
rise -> rise
    min     max
0.000000 0.000000 source latency
0.538186         network latency _2780_/CLK
        0.558076 network latency _2729_/CLK
---------------
0.538186 0.558076 latency
        0.019890 skew

fall -> fall
    min     max
0.000000 0.000000 source latency
0.446506         network latency _2780_/CLK
        0.461156 network latency _2729_/CLK
---------------
0.446506 0.461156 latency
        0.014651 skew



===========================================================================
report_clock_min_period
============================================================================
clk period_min = 9.08 fmax = 110.10
