
===========================================================================
report_checks -unconstrained
===========================================================================
======================= max_ss_100C_1v60 Corner ===================================

Startpoint: _1629_ (rising edge-triggered flip-flop clocked by CLK_10MHZ)
Endpoint: _1631_ (rising edge-triggered flip-flop clocked by CLK_10MHZ)
Path Group: CLK_10MHZ
Path Type: max

Fanout         Cap        Slew       Delay        Time   Description
---------------------------------------------------------------------------------------------
                                  0.000000    0.000000   clock CLK_10MHZ (rise edge)
                                  0.000000    0.000000   clock source latency
     1    0.023099    0.171754    0.118236    0.118236 ^ CLK_10MHZ (in)
                                                         CLK_10MHZ (net)
                      0.171794    0.000000    0.118236 ^ clkbuf_0_CLK_10MHZ/A (sky130_fd_sc_hd__clkbuf_16)
     8    0.084629    0.155095    0.343145    0.461380 ^ clkbuf_0_CLK_10MHZ/X (sky130_fd_sc_hd__clkbuf_16)
                                                         clknet_0_CLK_10MHZ (net)
                      0.155337    0.003826    0.465206 ^ clkbuf_3_5__f_CLK_10MHZ/A (sky130_fd_sc_hd__clkbuf_16)
    10    0.041751    0.096039    0.290854    0.756059 ^ clkbuf_3_5__f_CLK_10MHZ/X (sky130_fd_sc_hd__clkbuf_16)
                                                         clknet_3_5__leaf_CLK_10MHZ (net)
                      0.096123    0.001772    0.757832 ^ _1629_/CLK (sky130_fd_sc_hd__dfxtp_1)
     2    0.006244    0.114204    0.673707    1.431538 ^ _1629_/Q (sky130_fd_sc_hd__dfxtp_1)
                                                         clock_div.cycles[16] (net)
                      0.114204    0.000377    1.431915 ^ fanout46/A (sky130_fd_sc_hd__clkbuf_2)
    10    0.033842    0.291416    0.369444    1.801360 ^ fanout46/X (sky130_fd_sc_hd__clkbuf_2)
                                                         net46 (net)
                      0.291561    0.003156    1.804515 ^ _0950_/A_N (sky130_fd_sc_hd__and3b_1)
     1    0.002897    0.070677    0.434306    2.238822 v _0950_/X (sky130_fd_sc_hd__and3b_1)
                                                         _0189_ (net)
                      0.070677    0.000126    2.238948 v _0952_/A2 (sky130_fd_sc_hd__a221o_1)
     5    0.014695    0.197115    0.759633    2.998581 v _0952_/X (sky130_fd_sc_hd__a221o_1)
                                                         _0191_ (net)
                      0.197115    0.000739    2.999319 v _0953_/A2 (sky130_fd_sc_hd__a21o_1)
     5    0.019703    0.188448    0.492023    3.491342 v _0953_/X (sky130_fd_sc_hd__a21o_1)
                                                         _0192_ (net)
                      0.188469    0.002082    3.493425 v _0955_/A4 (sky130_fd_sc_hd__a41o_1)
     4    0.017752    0.185888    0.584630    4.078054 v _0955_/X (sky130_fd_sc_hd__a41o_1)
                                                         _0194_ (net)
                      0.185888    0.000553    4.078608 v fanout37/A (sky130_fd_sc_hd__clkbuf_2)
    10    0.032271    0.228434    0.380528    4.459136 v fanout37/X (sky130_fd_sc_hd__clkbuf_2)
                                                         net37 (net)
                      0.228470    0.002812    4.461947 v _0970_/B (sky130_fd_sc_hd__and3_1)
     3    0.010453    0.133878    0.476864    4.938811 v _0970_/X (sky130_fd_sc_hd__and3_1)
                                                         _0209_ (net)
                      0.133879    0.000625    4.939436 v _0985_/B1 (sky130_fd_sc_hd__a2111o_1)
     1    0.002391    0.102587    0.745058    5.684494 v _0985_/X (sky130_fd_sc_hd__a2111o_1)
                                                         _0224_ (net)
                      0.102900    0.000154    5.684648 v _0993_/B (sky130_fd_sc_hd__or4_1)
     2    0.010365    0.268611    1.318108    7.002756 v _0993_/X (sky130_fd_sc_hd__or4_1)
                                                         _0232_ (net)
                      0.268611    0.000781    7.003537 v _1014_/A2 (sky130_fd_sc_hd__a2111o_4)
    10    0.042086    0.212275    1.124706    8.128243 v _1014_/X (sky130_fd_sc_hd__a2111o_4)
                                                         _0253_ (net)
                      0.212303    0.002612    8.130856 v _1017_/A (sky130_fd_sc_hd__and2_2)
     5    0.033131    0.188372    0.550680    8.681536 v _1017_/X (sky130_fd_sc_hd__and2_2)
                                                         _0256_ (net)
                      0.188407    0.002582    8.684117 v _1037_/B (sky130_fd_sc_hd__or3_2)
     2    0.015293    0.239768    1.222216    9.906334 v _1037_/X (sky130_fd_sc_hd__or3_2)
                                                         _0276_ (net)
                      0.239769    0.001086    9.907420 v _1038_/B (sky130_fd_sc_hd__xnor2_2)
     2    0.013399    0.179454    0.366319   10.273739 v _1038_/Y (sky130_fd_sc_hd__xnor2_2)
                                                         _0277_ (net)
                      0.179454    0.000682   10.274421 v _1053_/A1 (sky130_fd_sc_hd__o21a_1)
     2    0.005857    0.091884    0.408190   10.682611 v _1053_/X (sky130_fd_sc_hd__o21a_1)
                                                         _0292_ (net)
                      0.091884    0.000224   10.682835 v _1067_/A2 (sky130_fd_sc_hd__a311o_1)
     2    0.007841    0.139816    0.644868   11.327703 v _1067_/X (sky130_fd_sc_hd__a311o_1)
                                                         _0306_ (net)
                      0.139816    0.000520   11.328222 v _1076_/A1 (sky130_fd_sc_hd__a21bo_1)
     3    0.016072    0.162887    0.436957   11.765180 v _1076_/X (sky130_fd_sc_hd__a21bo_1)
                                                         _0315_ (net)
                      0.162887    0.000491   11.765671 v fanout27/A (sky130_fd_sc_hd__buf_2)
    10    0.036441    0.174954    0.395175   12.160845 v fanout27/X (sky130_fd_sc_hd__buf_2)
                                                         net27 (net)
                      0.174958    0.001108   12.161953 v _1089_/A2_N (sky130_fd_sc_hd__o2bb2a_1)
     2    0.004715    0.105152    0.509294   12.671247 ^ _1089_/X (sky130_fd_sc_hd__o2bb2a_1)
                                                         _0328_ (net)
                      0.105152    0.000262   12.671509 ^ _1095_/A_N (sky130_fd_sc_hd__and2b_1)
     1    0.001904    0.058832    0.358034   13.029542 v _1095_/X (sky130_fd_sc_hd__and2b_1)
                                                         _0334_ (net)
                      0.058832    0.000135   13.029677 v _1096_/B (sky130_fd_sc_hd__or2_2)
     4    0.032051    0.242374    0.797796   13.827473 v _1096_/X (sky130_fd_sc_hd__or2_2)
                                                         _0335_ (net)
                      0.242428    0.003608   13.831080 v _1131_/C (sky130_fd_sc_hd__or4b_1)
     1    0.003398    0.183023    1.163359   14.994440 v _1131_/X (sky130_fd_sc_hd__or4b_1)
                                                         _0370_ (net)
                      0.183023    0.000226   14.994665 v _1132_/B1 (sky130_fd_sc_hd__a21o_1)
     4    0.024108    0.222838    0.471793   15.466458 v _1132_/X (sky130_fd_sc_hd__a21o_1)
                                                         _0371_ (net)
                      0.222873    0.002800   15.469258 v _1133_/C (sky130_fd_sc_hd__and3_1)
     4    0.019040    0.199755    0.565237   16.034494 v _1133_/X (sky130_fd_sc_hd__and3_1)
                                                         _0372_ (net)
                      0.199757    0.001018   16.035513 v fanout26/A (sky130_fd_sc_hd__clkbuf_4)
    10    0.043124    0.167023    0.406368   16.441881 v fanout26/X (sky130_fd_sc_hd__clkbuf_4)
                                                         net26 (net)
                      0.167037    0.001828   16.443708 v _1153_/B (sky130_fd_sc_hd__xor2_2)
     2    0.012401    0.153713    0.340030   16.783739 v _1153_/X (sky130_fd_sc_hd__xor2_2)
                                                         _0392_ (net)
                      0.153713    0.000394   16.784134 v _1158_/A (sky130_fd_sc_hd__or3_1)
     2    0.005530    0.165406    0.917055   17.701189 v _1158_/X (sky130_fd_sc_hd__or3_1)
                                                         _0397_ (net)
                      0.165406    0.000359   17.701548 v _1166_/A2 (sky130_fd_sc_hd__a31o_1)
     2    0.005559    0.089157    0.434255   18.135803 v _1166_/X (sky130_fd_sc_hd__a31o_1)
                                                         _0405_ (net)
                      0.089157    0.000353   18.136156 v _1172_/A1 (sky130_fd_sc_hd__a21o_1)
     2    0.005214    0.079596    0.314406   18.450563 v _1172_/X (sky130_fd_sc_hd__a21o_1)
                                                         _0411_ (net)
                      0.079596    0.000332   18.450895 v _1188_/A1 (sky130_fd_sc_hd__a211o_1)
     3    0.013087    0.175309    0.591873   19.042768 v _1188_/X (sky130_fd_sc_hd__a211o_1)
                                                         _0427_ (net)
                      0.175309    0.000361   19.043129 v fanout24/A (sky130_fd_sc_hd__clkbuf_4)
    10    0.039287    0.154789    0.386269   19.429398 v fanout24/X (sky130_fd_sc_hd__clkbuf_4)
                                                         net24 (net)
                      0.154814    0.002027   19.431423 v _1202_/A2 (sky130_fd_sc_hd__a211o_1)
     2    0.008821    0.138558    0.634625   20.066050 v _1202_/X (sky130_fd_sc_hd__a211o_1)
                                                         _0441_ (net)
                      0.138558    0.000561   20.066610 v _1203_/B (sky130_fd_sc_hd__xnor2_1)
     2    0.010088    0.421900    0.422753   20.489365 ^ _1203_/Y (sky130_fd_sc_hd__xnor2_1)
                                                         _0442_ (net)
                      0.421901    0.000631   20.489994 ^ _1208_/A (sky130_fd_sc_hd__nand2_1)
     2    0.003844    0.133058    0.230360   20.720354 v _1208_/Y (sky130_fd_sc_hd__nand2_1)
                                                         _0447_ (net)
                      0.133058    0.000261   20.720615 v _1238_/A (sky130_fd_sc_hd__or4_2)
     3    0.015075    0.305707    1.739096   22.459711 v _1238_/X (sky130_fd_sc_hd__or4_2)
                                                         _0477_ (net)
                      0.305707    0.000792   22.460503 v _1246_/A2 (sky130_fd_sc_hd__o2111a_1)
     4    0.023494    0.241710    0.669804   23.130308 v _1246_/X (sky130_fd_sc_hd__o2111a_1)
                                                         _0485_ (net)
                      0.241720    0.001863   23.132170 v fanout22/A (sky130_fd_sc_hd__clkbuf_2)
    10    0.032751    0.231786    0.407919   23.540091 v fanout22/X (sky130_fd_sc_hd__clkbuf_2)
                                                         net22 (net)
                      0.231818    0.002743   23.542831 v _1252_/D (sky130_fd_sc_hd__or4_1)
     2    0.004572    0.205206    1.048448   24.591280 v _1252_/X (sky130_fd_sc_hd__or4_1)
                                                         _0491_ (net)
                      0.205206    0.000190   24.591471 v _1254_/A (sky130_fd_sc_hd__and2_1)
     3    0.014568    0.160082    0.432612   25.024082 v _1254_/X (sky130_fd_sc_hd__and2_1)
                                                         _0493_ (net)
                      0.160082    0.000435   25.024519 v _1270_/A1 (sky130_fd_sc_hd__o311a_2)
     5    0.019077    0.170575    0.889376   25.913895 v _1270_/X (sky130_fd_sc_hd__o311a_2)
                                                         _0509_ (net)
                      0.170661    0.001197   25.915091 v _1296_/B (sky130_fd_sc_hd__or4b_1)
     2    0.006613    0.221960    1.275700   27.190790 v _1296_/X (sky130_fd_sc_hd__or4b_1)
                                                         _0535_ (net)
                      0.221960    0.000490   27.191280 v _1310_/A1 (sky130_fd_sc_hd__a21o_1)
     5    0.030308    0.271219    0.537181   27.728462 v _1310_/X (sky130_fd_sc_hd__a21o_1)
                                                         _0549_ (net)
                      0.271224    0.001515   27.729977 v fanout18/A (sky130_fd_sc_hd__buf_2)
    10    0.037272    0.178155    0.448813   28.178789 v fanout18/X (sky130_fd_sc_hd__buf_2)
                                                         net18 (net)
                      0.178259    0.003975   28.182766 v _1323_/A2 (sky130_fd_sc_hd__a211o_1)
     1    0.004891    0.105717    0.605340   28.788105 v _1323_/X (sky130_fd_sc_hd__a211o_1)
                                                         _0562_ (net)
                      0.105717    0.000362   28.788467 v _1324_/B (sky130_fd_sc_hd__xnor2_1)
     3    0.013172    0.523966    0.485249   29.273716 ^ _1324_/Y (sky130_fd_sc_hd__xnor2_1)
                                                         _0563_ (net)
                      0.523967    0.000682   29.274399 ^ _1325_/B (sky130_fd_sc_hd__or2_1)
     4    0.014703    0.230473    0.447971   29.722370 ^ _1325_/X (sky130_fd_sc_hd__or2_1)
                                                         _0564_ (net)
                      0.230473    0.000400   29.722769 ^ _1359_/A_N (sky130_fd_sc_hd__and2b_1)
     1    0.002769    0.065597    0.420341   30.143110 v _1359_/X (sky130_fd_sc_hd__and2b_1)
                                                         _0598_ (net)
                      0.065597    0.000128   30.143238 v _1360_/A3 (sky130_fd_sc_hd__a31o_1)
     3    0.009193    0.118744    0.437680   30.580917 v _1360_/X (sky130_fd_sc_hd__a31o_1)
                                                         _0599_ (net)
                      0.118745    0.000615   30.581533 v _1364_/A1 (sky130_fd_sc_hd__a21o_1)
     2    0.008761    0.106677    0.353964   30.935497 v _1364_/X (sky130_fd_sc_hd__a21o_1)
                                                         _0603_ (net)
                      0.106677    0.000473   30.935968 v fanout16/A (sky130_fd_sc_hd__buf_2)
    10    0.034027    0.165402    0.360071   31.296040 v fanout16/X (sky130_fd_sc_hd__buf_2)
                                                         net16 (net)
                      0.165453    0.002771   31.298811 v _1374_/C (sky130_fd_sc_hd__and3_1)
     3    0.009156    0.122730    0.463601   31.762413 v _1374_/X (sky130_fd_sc_hd__and3_1)
                                                         _0613_ (net)
                      0.122730    0.000469   31.762880 v _1380_/A (sky130_fd_sc_hd__or4_1)
     3    0.012443    0.295733    1.394199   33.157082 v _1380_/X (sky130_fd_sc_hd__or4_1)
                                                         _0619_ (net)
                      0.295734    0.001194   33.158272 v _1406_/C1 (sky130_fd_sc_hd__a2111o_1)
     3    0.013338    0.205790    0.874223   34.032497 v _1406_/X (sky130_fd_sc_hd__a2111o_1)
                                                         _0645_ (net)
                      0.205793    0.001162   34.033657 v _1415_/A1 (sky130_fd_sc_hd__a2111o_1)
     2    0.005680    0.136443    0.796998   34.830658 v _1415_/X (sky130_fd_sc_hd__a2111o_1)
                                                         _0654_ (net)
                      0.136443    0.000192   34.830849 v _1422_/A2 (sky130_fd_sc_hd__a31o_1)
     2    0.010751    0.132239    0.464816   35.295666 v _1422_/X (sky130_fd_sc_hd__a31o_1)
                                                         _0661_ (net)
                      0.132240    0.000639   35.296303 v fanout14/A (sky130_fd_sc_hd__buf_2)
    10    0.035044    0.169326    0.376044   35.672348 v fanout14/X (sky130_fd_sc_hd__buf_2)
                                                         net14 (net)
                      0.169328    0.000941   35.673290 v _1488_/D_N (sky130_fd_sc_hd__or4b_1)
     2    0.007211    0.125817    0.388404   36.061695 ^ _1488_/X (sky130_fd_sc_hd__or4b_1)
                                                         _0717_ (net)
                      0.125817    0.000238   36.061932 ^ _1493_/A2 (sky130_fd_sc_hd__a21oi_1)
     1    0.003268    0.118740    0.155957   36.217888 v _1493_/Y (sky130_fd_sc_hd__a21oi_1)
                                                         _0721_ (net)
                      0.118740    0.000139   36.218025 v _1494_/B1 (sky130_fd_sc_hd__a311o_1)
     1    0.009536    0.156787    0.681698   36.899727 v _1494_/X (sky130_fd_sc_hd__a311o_1)
                                                         _0722_ (net)
                      0.156787    0.000579   36.900303 v _1499_/A2 (sky130_fd_sc_hd__a32o_1)
     1    0.002709    0.070465    0.470404   37.370708 v _1499_/X (sky130_fd_sc_hd__a32o_1)
                                                         _0037_ (net)
                      0.070465    0.000167   37.370876 v _1631_/D (sky130_fd_sc_hd__dfxtp_1)
                                             37.370876   data arrival time

                                100.000000  100.000000   clock CLK_10MHZ (rise edge)
                                  0.000000  100.000000   clock source latency
     1    0.023099    0.171754    0.118234  100.118233 ^ CLK_10MHZ (in)
                                                         CLK_10MHZ (net)
                      0.171794    0.000000  100.118233 ^ clkbuf_0_CLK_10MHZ/A (sky130_fd_sc_hd__clkbuf_16)
     8    0.084629    0.155095    0.343142  100.461372 ^ clkbuf_0_CLK_10MHZ/X (sky130_fd_sc_hd__clkbuf_16)
                                                         clknet_0_CLK_10MHZ (net)
                      0.155337    0.003830  100.465202 ^ clkbuf_3_5__f_CLK_10MHZ/A (sky130_fd_sc_hd__clkbuf_16)
    10    0.041751    0.096039    0.290854  100.756058 ^ clkbuf_3_5__f_CLK_10MHZ/X (sky130_fd_sc_hd__clkbuf_16)
                                                         clknet_3_5__leaf_CLK_10MHZ (net)
                      0.096126    0.001826  100.757881 ^ _1631_/CLK (sky130_fd_sc_hd__dfxtp_1)
                                 -0.250000  100.507889   clock uncertainty
                                  0.000000  100.507889   clock reconvergence pessimism
                                 -0.262135  100.245750   library setup time
                                            100.245750   data required time
---------------------------------------------------------------------------------------------
                                            100.245750   data required time
                                            -37.370876   data arrival time
---------------------------------------------------------------------------------------------
                                             62.874878   slack (MET)




===========================================================================
report_checks --slack_max -0.01
============================================================================
======================= max_ss_100C_1v60 Corner ===================================

No paths found.


===========================================================================
 report_check_types -max_slew -max_cap -max_fanout -violators
============================================================================
======================= max_ss_100C_1v60 Corner ===================================

max fanout

Pin                                   Limit Fanout  Slack
---------------------------------------------------------
clkbuf_3_7__f_CLK_10MHZ/X                10     13     -3 (VIOLATED)
clkbuf_3_3__f_CLK_10MHZ/X                10     11        (VIOLATED)
clkbuf_3_6__f_CLK_10MHZ/X                10     11        (VIOLATED)



===========================================================================
report_parasitic_annotation -report_unannotated
============================================================================
Found 10 unannotated drivers.
 clkload0/Y
 clkload1/Y
 clkload2/Y
 clkload3/Y
 clkload4/Y
 clkload5/Y
 clkload6/Y
 intro_2_stopwatch_52/LO
 intro_2_stopwatch_53/LO
 intro_2_stopwatch_54/LO
Found 0 partially unannotated drivers.

===========================================================================
max slew violation count 0
max fanout violation count 3
max cap violation count 0
============================================================================

===========================================================================
check_setup -verbose -unconstrained_endpoints -multiple_clock -no_clock -no_input_delay -loops -generated_clocks
===========================================================================
Warning: There are 3 unconstrained endpoints.
  D0_AN_2
  D0_AN_3
  D0_SEG[7]
