Clock: CLK_10MHZ
Sources: CLK_10MHZ 
Generated: no
Virtual: yes
Propagated: no
Period: 100.000000

===========================================================================
report_clock_properties
============================================================================
Clock                   Period          Waveform
----------------------------------------------------
CLK_10MHZ           100.000000    0.000000 50.000000

===========================================================================
report_clock_latency
============================================================================
Clock CLK_10MHZ
rise -> rise
    min     max
0.000000 0.000000 source latency
0.744837         network latency _1623_/CLK
        0.758258 network latency _1591_/CLK
---------------
0.744837 0.758258 latency
        0.013422 skew

fall -> fall
    min     max
0.000000 0.000000 source latency
0.686128         network latency _1623_/CLK
        0.697451 network latency _1591_/CLK
---------------
0.686128 0.697451 latency
        0.011322 skew



===========================================================================
report_clock_min_period
============================================================================
CLK_10MHZ period_min = 37.13 fmax = 26.94
