Clock: clk
Sources: clk 
Generated: no
Virtual: yes
Propagated: no
Period: 20.000000

===========================================================================
report_clock_properties
============================================================================
Clock                   Period          Waveform
----------------------------------------------------
clk                  20.000000    0.000000 10.000000

===========================================================================
report_clock_latency
============================================================================
Clock clk
rise -> rise
    min     max
0.000000 0.000000 source latency
0.332405         network latency _0919_/CLK
        0.342124 network latency _1007_/CLK
---------------
0.332405 0.342124 latency
        0.009720 skew

fall -> fall
    min     max
0.000000 0.000000 source latency
0.282059         network latency _0919_/CLK
        0.289090 network latency _1007_/CLK
---------------
0.282059 0.289090 latency
        0.007031 skew



===========================================================================
report_clock_min_period
============================================================================
clk period_min = 2.92 fmax = 342.55
