Clock: CLK
Sources: CLK 
Generated: no
Virtual: yes
Propagated: no
Period: 25.000000

===========================================================================
report_clock_properties
============================================================================
Clock                   Period          Waveform
----------------------------------------------------
CLK                  25.000000    0.000000 12.500000

===========================================================================
report_clock_latency
============================================================================
Clock CLK
rise -> rise
    min     max
0.000000 0.000000 source latency
0.586675         network latency _3880_/CLK
        0.787207 network latency _3848_/CLK
---------------
0.586675 0.787207 latency
        0.200532 skew

fall -> fall
    min     max
0.000000 0.000000 source latency
0.486603         network latency _3880_/CLK
        0.675704 network latency _3848_/CLK
---------------
0.486603 0.675704 latency
        0.189101 skew



===========================================================================
report_clock_min_period
============================================================================
CLK period_min = 6.57 fmax = 152.21
