
Cell sky130_fd_sc_hd__diode_2 (0) disconnected node: DIODE
Cell sky130_fd_sc_hd__diode_2 (0) disconnected node: VGND
Cell sky130_fd_sc_hd__diode_2 (0) disconnected node: VNB
Cell sky130_fd_sc_hd__diode_2 (0) disconnected node: VPB
Cell sky130_fd_sc_hd__diode_2 (0) disconnected node: VPWR
Cell sky130_fd_sc_hd__diode_2 (1) disconnected node: VGND
Cell sky130_fd_sc_hd__diode_2 (1) disconnected node: VPB
Cell sky130_fd_sc_hd__diode_2 (1) disconnected node: VPWR

Subcircuit pins:
Circuit 1: sky130_fd_sc_hd__diode_2        |Circuit 2: sky130_fd_sc_hd__diode_2        
-------------------------------------------|-------------------------------------------
DIODE                                      |DIODE                                      
VGND                                       |VGND                                       
VNB                                        |VNB                                        
VPB                                        |VPB                                        
VPWR                                       |VPWR                                       
---------------------------------------------------------------------------------------
Cell pin lists are equivalent.
Device classes sky130_fd_sc_hd__diode_2 and sky130_fd_sc_hd__diode_2 are equivalent.

Cell sky130_ef_sc_hd__decap_12 (0) disconnected node: VPWR
Cell sky130_ef_sc_hd__decap_12 (0) disconnected node: VGND
Cell sky130_ef_sc_hd__decap_12 (0) disconnected node: VPB
Cell sky130_ef_sc_hd__decap_12 (0) disconnected node: VNB

Subcircuit pins:
Circuit 1: sky130_ef_sc_hd__decap_12       |Circuit 2: sky130_ef_sc_hd__decap_12       
-------------------------------------------|-------------------------------------------
VPWR                                       |VPWR                                       
VGND                                       |VGND                                       
VPB                                        |VPB                                        
VNB                                        |VNB                                        
---------------------------------------------------------------------------------------
Cell pin lists are equivalent.
Device classes sky130_ef_sc_hd__decap_12 and sky130_ef_sc_hd__decap_12 are equivalent.

Cell sky130_fd_sc_hd__decap_6 (0) disconnected node: VGND
Cell sky130_fd_sc_hd__decap_6 (0) disconnected node: VNB
Cell sky130_fd_sc_hd__decap_6 (0) disconnected node: VPB
Cell sky130_fd_sc_hd__decap_6 (0) disconnected node: VPWR

Subcircuit pins:
Circuit 1: sky130_fd_sc_hd__decap_6        |Circuit 2: sky130_fd_sc_hd__decap_6        
-------------------------------------------|-------------------------------------------
VGND                                       |VGND                                       
VNB                                        |VNB                                        
VPB                                        |VPB                                        
VPWR                                       |VPWR                                       
---------------------------------------------------------------------------------------
Cell pin lists are equivalent.
Device classes sky130_fd_sc_hd__decap_6 and sky130_fd_sc_hd__decap_6 are equivalent.

Cell sky130_fd_sc_hd__decap_3 (0) disconnected node: VGND
Cell sky130_fd_sc_hd__decap_3 (0) disconnected node: VNB
Cell sky130_fd_sc_hd__decap_3 (0) disconnected node: VPB
Cell sky130_fd_sc_hd__decap_3 (0) disconnected node: VPWR

Subcircuit pins:
Circuit 1: sky130_fd_sc_hd__decap_3        |Circuit 2: sky130_fd_sc_hd__decap_3        
-------------------------------------------|-------------------------------------------
VGND                                       |VGND                                       
VNB                                        |VNB                                        
VPB                                        |VPB                                        
VPWR                                       |VPWR                                       
---------------------------------------------------------------------------------------
Cell pin lists are equivalent.
Device classes sky130_fd_sc_hd__decap_3 and sky130_fd_sc_hd__decap_3 are equivalent.

Cell sky130_fd_sc_hd__decap_8 (0) disconnected node: VGND
Cell sky130_fd_sc_hd__decap_8 (0) disconnected node: VNB
Cell sky130_fd_sc_hd__decap_8 (0) disconnected node: VPB
Cell sky130_fd_sc_hd__decap_8 (0) disconnected node: VPWR

Subcircuit pins:
Circuit 1: sky130_fd_sc_hd__decap_8        |Circuit 2: sky130_fd_sc_hd__decap_8        
-------------------------------------------|-------------------------------------------
VGND                                       |VGND                                       
VNB                                        |VNB                                        
VPB                                        |VPB                                        
VPWR                                       |VPWR                                       
---------------------------------------------------------------------------------------
Cell pin lists are equivalent.
Device classes sky130_fd_sc_hd__decap_8 and sky130_fd_sc_hd__decap_8 are equivalent.

Cell sky130_fd_sc_hd__tapvpwrvgnd_1 (0) disconnected node: VGND
Cell sky130_fd_sc_hd__tapvpwrvgnd_1 (0) disconnected node: VPWR
Cell sky130_fd_sc_hd__tapvpwrvgnd_1 (1) disconnected node: VGND
Cell sky130_fd_sc_hd__tapvpwrvgnd_1 (1) disconnected node: VPWR

Subcircuit pins:
Circuit 1: sky130_fd_sc_hd__tapvpwrvgnd_1  |Circuit 2: sky130_fd_sc_hd__tapvpwrvgnd_1  
-------------------------------------------|-------------------------------------------
VGND                                       |VGND                                       
VPWR                                       |VPWR                                       
---------------------------------------------------------------------------------------
Cell pin lists are equivalent.
Device classes sky130_fd_sc_hd__tapvpwrvgnd_1 and sky130_fd_sc_hd__tapvpwrvgnd_1 are equivalent.

Cell sky130_fd_sc_hd__decap_4 (0) disconnected node: VGND
Cell sky130_fd_sc_hd__decap_4 (0) disconnected node: VNB
Cell sky130_fd_sc_hd__decap_4 (0) disconnected node: VPB
Cell sky130_fd_sc_hd__decap_4 (0) disconnected node: VPWR

Subcircuit pins:
Circuit 1: sky130_fd_sc_hd__decap_4        |Circuit 2: sky130_fd_sc_hd__decap_4        
-------------------------------------------|-------------------------------------------
VGND                                       |VGND                                       
VNB                                        |VNB                                        
VPB                                        |VPB                                        
VPWR                                       |VPWR                                       
---------------------------------------------------------------------------------------
Cell pin lists are equivalent.
Device classes sky130_fd_sc_hd__decap_4 and sky130_fd_sc_hd__decap_4 are equivalent.

Cell sky130_fd_sc_hd__buf_2 (0) disconnected node: A
Cell sky130_fd_sc_hd__buf_2 (0) disconnected node: VGND
Cell sky130_fd_sc_hd__buf_2 (0) disconnected node: VNB
Cell sky130_fd_sc_hd__buf_2 (0) disconnected node: VPB
Cell sky130_fd_sc_hd__buf_2 (0) disconnected node: VPWR
Cell sky130_fd_sc_hd__buf_2 (0) disconnected node: X

Subcircuit pins:
Circuit 1: sky130_fd_sc_hd__buf_2          |Circuit 2: sky130_fd_sc_hd__buf_2          
-------------------------------------------|-------------------------------------------
A                                          |A                                          
VGND                                       |VGND                                       
VNB                                        |VNB                                        
VPB                                        |VPB                                        
VPWR                                       |VPWR                                       
X                                          |X                                          
---------------------------------------------------------------------------------------
Cell pin lists are equivalent.
Device classes sky130_fd_sc_hd__buf_2 and sky130_fd_sc_hd__buf_2 are equivalent.

Cell sky130_fd_sc_hd__fill_1 (0) disconnected node: VGND
Cell sky130_fd_sc_hd__fill_1 (0) disconnected node: VNB
Cell sky130_fd_sc_hd__fill_1 (0) disconnected node: VPB
Cell sky130_fd_sc_hd__fill_1 (0) disconnected node: VPWR
Cell sky130_fd_sc_hd__fill_1 (1) disconnected node: VGND
Cell sky130_fd_sc_hd__fill_1 (1) disconnected node: VNB
Cell sky130_fd_sc_hd__fill_1 (1) disconnected node: VPB
Cell sky130_fd_sc_hd__fill_1 (1) disconnected node: VPWR

Subcircuit pins:
Circuit 1: sky130_fd_sc_hd__fill_1         |Circuit 2: sky130_fd_sc_hd__fill_1         
-------------------------------------------|-------------------------------------------
VGND                                       |VGND                                       
VNB                                        |VNB                                        
VPB                                        |VPB                                        
VPWR                                       |VPWR                                       
---------------------------------------------------------------------------------------
Cell pin lists are equivalent.
Device classes sky130_fd_sc_hd__fill_1 and sky130_fd_sc_hd__fill_1 are equivalent.

Cell sky130_fd_sc_hd__fill_2 (0) disconnected node: VGND
Cell sky130_fd_sc_hd__fill_2 (0) disconnected node: VNB
Cell sky130_fd_sc_hd__fill_2 (0) disconnected node: VPB
Cell sky130_fd_sc_hd__fill_2 (0) disconnected node: VPWR
Cell sky130_fd_sc_hd__fill_2 (1) disconnected node: VGND
Cell sky130_fd_sc_hd__fill_2 (1) disconnected node: VNB
Cell sky130_fd_sc_hd__fill_2 (1) disconnected node: VPB
Cell sky130_fd_sc_hd__fill_2 (1) disconnected node: VPWR

Subcircuit pins:
Circuit 1: sky130_fd_sc_hd__fill_2         |Circuit 2: sky130_fd_sc_hd__fill_2         
-------------------------------------------|-------------------------------------------
VGND                                       |VGND                                       
VNB                                        |VNB                                        
VPB                                        |VPB                                        
VPWR                                       |VPWR                                       
---------------------------------------------------------------------------------------
Cell pin lists are equivalent.
Device classes sky130_fd_sc_hd__fill_2 and sky130_fd_sc_hd__fill_2 are equivalent.

Cell sky130_fd_sc_hd__buf_1 (0) disconnected node: A
Cell sky130_fd_sc_hd__buf_1 (0) disconnected node: VGND
Cell sky130_fd_sc_hd__buf_1 (0) disconnected node: VNB
Cell sky130_fd_sc_hd__buf_1 (0) disconnected node: VPB
Cell sky130_fd_sc_hd__buf_1 (0) disconnected node: VPWR
Cell sky130_fd_sc_hd__buf_1 (0) disconnected node: X

Subcircuit pins:
Circuit 1: sky130_fd_sc_hd__buf_1          |Circuit 2: sky130_fd_sc_hd__buf_1          
-------------------------------------------|-------------------------------------------
A                                          |A                                          
VGND                                       |VGND                                       
VNB                                        |VNB                                        
VPB                                        |VPB                                        
VPWR                                       |VPWR                                       
X                                          |X                                          
---------------------------------------------------------------------------------------
Cell pin lists are equivalent.
Device classes sky130_fd_sc_hd__buf_1 and sky130_fd_sc_hd__buf_1 are equivalent.

Cell sky130_fd_sc_hd__buf_12 (0) disconnected node: A
Cell sky130_fd_sc_hd__buf_12 (0) disconnected node: VGND
Cell sky130_fd_sc_hd__buf_12 (0) disconnected node: VNB
Cell sky130_fd_sc_hd__buf_12 (0) disconnected node: VPB
Cell sky130_fd_sc_hd__buf_12 (0) disconnected node: VPWR
Cell sky130_fd_sc_hd__buf_12 (0) disconnected node: X

Subcircuit pins:
Circuit 1: sky130_fd_sc_hd__buf_12         |Circuit 2: sky130_fd_sc_hd__buf_12         
-------------------------------------------|-------------------------------------------
A                                          |A                                          
VGND                                       |VGND                                       
VNB                                        |VNB                                        
VPB                                        |VPB                                        
VPWR                                       |VPWR                                       
X                                          |X                                          
---------------------------------------------------------------------------------------
Cell pin lists are equivalent.
Device classes sky130_fd_sc_hd__buf_12 and sky130_fd_sc_hd__buf_12 are equivalent.

Cell sky130_fd_sc_hd__clkbuf_8 (0) disconnected node: A
Cell sky130_fd_sc_hd__clkbuf_8 (0) disconnected node: VGND
Cell sky130_fd_sc_hd__clkbuf_8 (0) disconnected node: VNB
Cell sky130_fd_sc_hd__clkbuf_8 (0) disconnected node: VPB
Cell sky130_fd_sc_hd__clkbuf_8 (0) disconnected node: VPWR
Cell sky130_fd_sc_hd__clkbuf_8 (0) disconnected node: X

Subcircuit pins:
Circuit 1: sky130_fd_sc_hd__clkbuf_8       |Circuit 2: sky130_fd_sc_hd__clkbuf_8       
-------------------------------------------|-------------------------------------------
A                                          |A                                          
VGND                                       |VGND                                       
VNB                                        |VNB                                        
VPB                                        |VPB                                        
VPWR                                       |VPWR                                       
X                                          |X                                          
---------------------------------------------------------------------------------------
Cell pin lists are equivalent.
Device classes sky130_fd_sc_hd__clkbuf_8 and sky130_fd_sc_hd__clkbuf_8 are equivalent.

Cell sky130_fd_sc_hd__clkbuf_16 (0) disconnected node: A
Cell sky130_fd_sc_hd__clkbuf_16 (0) disconnected node: VGND
Cell sky130_fd_sc_hd__clkbuf_16 (0) disconnected node: VNB
Cell sky130_fd_sc_hd__clkbuf_16 (0) disconnected node: VPB
Cell sky130_fd_sc_hd__clkbuf_16 (0) disconnected node: VPWR
Cell sky130_fd_sc_hd__clkbuf_16 (0) disconnected node: X

Subcircuit pins:
Circuit 1: sky130_fd_sc_hd__clkbuf_16      |Circuit 2: sky130_fd_sc_hd__clkbuf_16      
-------------------------------------------|-------------------------------------------
A                                          |A                                          
VGND                                       |VGND                                       
VNB                                        |VNB                                        
VPB                                        |VPB                                        
VPWR                                       |VPWR                                       
X                                          |X                                          
---------------------------------------------------------------------------------------
Cell pin lists are equivalent.
Device classes sky130_fd_sc_hd__clkbuf_16 and sky130_fd_sc_hd__clkbuf_16 are equivalent.

Cell sky130_fd_sc_hd__clkbuf_4 (0) disconnected node: A
Cell sky130_fd_sc_hd__clkbuf_4 (0) disconnected node: VGND
Cell sky130_fd_sc_hd__clkbuf_4 (0) disconnected node: VNB
Cell sky130_fd_sc_hd__clkbuf_4 (0) disconnected node: VPB
Cell sky130_fd_sc_hd__clkbuf_4 (0) disconnected node: VPWR
Cell sky130_fd_sc_hd__clkbuf_4 (0) disconnected node: X

Subcircuit pins:
Circuit 1: sky130_fd_sc_hd__clkbuf_4       |Circuit 2: sky130_fd_sc_hd__clkbuf_4       
-------------------------------------------|-------------------------------------------
A                                          |A                                          
VGND                                       |VGND                                       
VNB                                        |VNB                                        
VPB                                        |VPB                                        
VPWR                                       |VPWR                                       
X                                          |X                                          
---------------------------------------------------------------------------------------
Cell pin lists are equivalent.
Device classes sky130_fd_sc_hd__clkbuf_4 and sky130_fd_sc_hd__clkbuf_4 are equivalent.

Cell sky130_fd_sc_hd__clkbuf_2 (0) disconnected node: A
Cell sky130_fd_sc_hd__clkbuf_2 (0) disconnected node: VGND
Cell sky130_fd_sc_hd__clkbuf_2 (0) disconnected node: VNB
Cell sky130_fd_sc_hd__clkbuf_2 (0) disconnected node: VPB
Cell sky130_fd_sc_hd__clkbuf_2 (0) disconnected node: VPWR
Cell sky130_fd_sc_hd__clkbuf_2 (0) disconnected node: X

Subcircuit pins:
Circuit 1: sky130_fd_sc_hd__clkbuf_2       |Circuit 2: sky130_fd_sc_hd__clkbuf_2       
-------------------------------------------|-------------------------------------------
A                                          |A                                          
VGND                                       |VGND                                       
VNB                                        |VNB                                        
VPB                                        |VPB                                        
VPWR                                       |VPWR                                       
X                                          |X                                          
---------------------------------------------------------------------------------------
Cell pin lists are equivalent.
Device classes sky130_fd_sc_hd__clkbuf_2 and sky130_fd_sc_hd__clkbuf_2 are equivalent.

Cell sky130_fd_sc_hd__dlymetal6s2s_1 (0) disconnected node: A
Cell sky130_fd_sc_hd__dlymetal6s2s_1 (0) disconnected node: VGND
Cell sky130_fd_sc_hd__dlymetal6s2s_1 (0) disconnected node: VNB
Cell sky130_fd_sc_hd__dlymetal6s2s_1 (0) disconnected node: VPB
Cell sky130_fd_sc_hd__dlymetal6s2s_1 (0) disconnected node: VPWR
Cell sky130_fd_sc_hd__dlymetal6s2s_1 (0) disconnected node: X

Subcircuit pins:
Circuit 1: sky130_fd_sc_hd__dlymetal6s2s_1 |Circuit 2: sky130_fd_sc_hd__dlymetal6s2s_1 
-------------------------------------------|-------------------------------------------
A                                          |A                                          
VGND                                       |VGND                                       
VNB                                        |VNB                                        
VPB                                        |VPB                                        
VPWR                                       |VPWR                                       
X                                          |X                                          
---------------------------------------------------------------------------------------
Cell pin lists are equivalent.
Device classes sky130_fd_sc_hd__dlymetal6s2s_1 and sky130_fd_sc_hd__dlymetal6s2s_1 are equivalent.

Cell sky130_fd_sc_hd__buf_4 (0) disconnected node: A
Cell sky130_fd_sc_hd__buf_4 (0) disconnected node: VGND
Cell sky130_fd_sc_hd__buf_4 (0) disconnected node: VNB
Cell sky130_fd_sc_hd__buf_4 (0) disconnected node: VPB
Cell sky130_fd_sc_hd__buf_4 (0) disconnected node: VPWR
Cell sky130_fd_sc_hd__buf_4 (0) disconnected node: X

Subcircuit pins:
Circuit 1: sky130_fd_sc_hd__buf_4          |Circuit 2: sky130_fd_sc_hd__buf_4          
-------------------------------------------|-------------------------------------------
A                                          |A                                          
VGND                                       |VGND                                       
VNB                                        |VNB                                        
VPB                                        |VPB                                        
VPWR                                       |VPWR                                       
X                                          |X                                          
---------------------------------------------------------------------------------------
Cell pin lists are equivalent.
Device classes sky130_fd_sc_hd__buf_4 and sky130_fd_sc_hd__buf_4 are equivalent.

Cell fpgacell (0) disconnected node: CBeast_in[0]
Cell fpgacell (0) disconnected node: CBeast_in[10]
Cell fpgacell (0) disconnected node: CBeast_in[11]
Cell fpgacell (0) disconnected node: CBeast_in[12]
Cell fpgacell (0) disconnected node: CBeast_in[13]
Cell fpgacell (0) disconnected node: CBeast_in[1]
Cell fpgacell (0) disconnected node: CBeast_in[2]
Cell fpgacell (0) disconnected node: CBeast_in[3]
Cell fpgacell (0) disconnected node: CBeast_in[4]
Cell fpgacell (0) disconnected node: CBeast_in[5]
Cell fpgacell (0) disconnected node: CBeast_in[6]
Cell fpgacell (0) disconnected node: CBeast_in[7]
Cell fpgacell (0) disconnected node: CBeast_in[8]
Cell fpgacell (0) disconnected node: CBeast_in[9]
Cell fpgacell (0) disconnected node: CBeast_out[0]
Cell fpgacell (0) disconnected node: CBeast_out[10]
Cell fpgacell (0) disconnected node: CBeast_out[11]
Cell fpgacell (0) disconnected node: CBeast_out[12]
Cell fpgacell (0) disconnected node: CBeast_out[13]
Cell fpgacell (0) disconnected node: CBeast_out[1]
Cell fpgacell (0) disconnected node: CBeast_out[2]
Cell fpgacell (0) disconnected node: CBeast_out[3]
Cell fpgacell (0) disconnected node: CBeast_out[4]
Cell fpgacell (0) disconnected node: CBeast_out[5]
Cell fpgacell (0) disconnected node: CBeast_out[6]
Cell fpgacell (0) disconnected node: CBeast_out[7]
Cell fpgacell (0) disconnected node: CBeast_out[8]
Cell fpgacell (0) disconnected node: CBeast_out[9]
Cell fpgacell (0) disconnected node: CBnorth_in[0]
Cell fpgacell (0) disconnected node: CBnorth_in[10]
Cell fpgacell (0) disconnected node: CBnorth_in[11]
Cell fpgacell (0) disconnected node: CBnorth_in[12]
Cell fpgacell (0) disconnected node: CBnorth_in[13]
Cell fpgacell (0) disconnected node: CBnorth_in[1]
Cell fpgacell (0) disconnected node: CBnorth_in[2]
Cell fpgacell (0) disconnected node: CBnorth_in[3]
Cell fpgacell (0) disconnected node: CBnorth_in[4]
Cell fpgacell (0) disconnected node: CBnorth_in[5]
Cell fpgacell (0) disconnected node: CBnorth_in[6]
Cell fpgacell (0) disconnected node: CBnorth_in[7]
Cell fpgacell (0) disconnected node: CBnorth_in[8]
Cell fpgacell (0) disconnected node: CBnorth_in[9]
Cell fpgacell (0) disconnected node: CBnorth_out[0]
Cell fpgacell (0) disconnected node: CBnorth_out[10]
Cell fpgacell (0) disconnected node: CBnorth_out[11]
Cell fpgacell (0) disconnected node: CBnorth_out[12]
Cell fpgacell (0) disconnected node: CBnorth_out[13]
Cell fpgacell (0) disconnected node: CBnorth_out[1]
Cell fpgacell (0) disconnected node: CBnorth_out[2]
Cell fpgacell (0) disconnected node: CBnorth_out[3]
Cell fpgacell (0) disconnected node: CBnorth_out[4]
Cell fpgacell (0) disconnected node: CBnorth_out[5]
Cell fpgacell (0) disconnected node: CBnorth_out[6]
Cell fpgacell (0) disconnected node: CBnorth_out[7]
Cell fpgacell (0) disconnected node: CBnorth_out[8]
Cell fpgacell (0) disconnected node: CBnorth_out[9]
Cell fpgacell (0) disconnected node: SBsouth_in[0]
Cell fpgacell (0) disconnected node: SBsouth_in[10]
Cell fpgacell (0) disconnected node: SBsouth_in[11]
Cell fpgacell (0) disconnected node: SBsouth_in[12]
Cell fpgacell (0) disconnected node: SBsouth_in[13]
Cell fpgacell (0) disconnected node: SBsouth_in[1]
Cell fpgacell (0) disconnected node: SBsouth_in[2]
Cell fpgacell (0) disconnected node: SBsouth_in[3]
Cell fpgacell (0) disconnected node: SBsouth_in[4]
Cell fpgacell (0) disconnected node: SBsouth_in[5]
Cell fpgacell (0) disconnected node: SBsouth_in[6]
Cell fpgacell (0) disconnected node: SBsouth_in[7]
Cell fpgacell (0) disconnected node: SBsouth_in[8]
Cell fpgacell (0) disconnected node: SBsouth_in[9]
Cell fpgacell (0) disconnected node: SBsouth_out[0]
Cell fpgacell (0) disconnected node: SBsouth_out[10]
Cell fpgacell (0) disconnected node: SBsouth_out[11]
Cell fpgacell (0) disconnected node: SBsouth_out[12]
Cell fpgacell (0) disconnected node: SBsouth_out[13]
Cell fpgacell (0) disconnected node: SBsouth_out[1]
Cell fpgacell (0) disconnected node: SBsouth_out[2]
Cell fpgacell (0) disconnected node: SBsouth_out[3]
Cell fpgacell (0) disconnected node: SBsouth_out[4]
Cell fpgacell (0) disconnected node: SBsouth_out[5]
Cell fpgacell (0) disconnected node: SBsouth_out[6]
Cell fpgacell (0) disconnected node: SBsouth_out[7]
Cell fpgacell (0) disconnected node: SBsouth_out[8]
Cell fpgacell (0) disconnected node: SBsouth_out[9]
Cell fpgacell (0) disconnected node: SBwest_in[0]
Cell fpgacell (0) disconnected node: SBwest_in[10]
Cell fpgacell (0) disconnected node: SBwest_in[11]
Cell fpgacell (0) disconnected node: SBwest_in[12]
Cell fpgacell (0) disconnected node: SBwest_in[13]
Cell fpgacell (0) disconnected node: SBwest_in[1]
Cell fpgacell (0) disconnected node: SBwest_in[2]
Cell fpgacell (0) disconnected node: SBwest_in[3]
Cell fpgacell (0) disconnected node: SBwest_in[4]
Cell fpgacell (0) disconnected node: SBwest_in[5]
Cell fpgacell (0) disconnected node: SBwest_in[6]
Cell fpgacell (0) disconnected node: SBwest_in[7]
Cell fpgacell (0) disconnected node: SBwest_in[8]
Cell fpgacell (0) disconnected node: SBwest_in[9]
Cell fpgacell (0) disconnected node: SBwest_out[0]
Cell fpgacell (0) disconnected node: SBwest_out[10]
Cell fpgacell (0) disconnected node: SBwest_out[11]
Cell fpgacell (0) disconnected node: SBwest_out[12]
Cell fpgacell (0) disconnected node: SBwest_out[13]
Cell fpgacell (0) disconnected node: SBwest_out[1]
Cell fpgacell (0) disconnected node: SBwest_out[2]
Cell fpgacell (0) disconnected node: SBwest_out[3]
Cell fpgacell (0) disconnected node: SBwest_out[4]
Cell fpgacell (0) disconnected node: SBwest_out[5]
Cell fpgacell (0) disconnected node: SBwest_out[6]
Cell fpgacell (0) disconnected node: SBwest_out[7]
Cell fpgacell (0) disconnected node: SBwest_out[8]
Cell fpgacell (0) disconnected node: SBwest_out[9]
Cell fpgacell (0) disconnected node: clk
Cell fpgacell (0) disconnected node: config_data_in
Cell fpgacell (0) disconnected node: config_data_out
Cell fpgacell (0) disconnected node: config_en
Cell fpgacell (0) disconnected node: le_clk
Cell fpgacell (0) disconnected node: le_en
Cell fpgacell (0) disconnected node: le_nrst
Cell fpgacell (0) disconnected node: nrst
Cell fpgacell (0) disconnected node: vccd1
Cell fpgacell (0) disconnected node: vssd1

Subcircuit pins:
Circuit 1: fpgacell                        |Circuit 2: fpgacell                        
-------------------------------------------|-------------------------------------------
CBeast_in[0]                               |CBeast_in[0]                               
CBeast_in[10]                              |CBeast_in[10]                              
CBeast_in[11]                              |CBeast_in[11]                              
CBeast_in[12]                              |CBeast_in[12]                              
CBeast_in[13]                              |CBeast_in[13]                              
CBeast_in[1]                               |CBeast_in[1]                               
CBeast_in[2]                               |CBeast_in[2]                               
CBeast_in[3]                               |CBeast_in[3]                               
CBeast_in[4]                               |CBeast_in[4]                               
CBeast_in[5]                               |CBeast_in[5]                               
CBeast_in[6]                               |CBeast_in[6]                               
CBeast_in[7]                               |CBeast_in[7]                               
CBeast_in[8]                               |CBeast_in[8]                               
CBeast_in[9]                               |CBeast_in[9]                               
CBeast_out[0]                              |CBeast_out[0]                              
CBeast_out[10]                             |CBeast_out[10]                             
CBeast_out[11]                             |CBeast_out[11]                             
CBeast_out[12]                             |CBeast_out[12]                             
CBeast_out[13]                             |CBeast_out[13]                             
CBeast_out[1]                              |CBeast_out[1]                              
CBeast_out[2]                              |CBeast_out[2]                              
CBeast_out[3]                              |CBeast_out[3]                              
CBeast_out[4]                              |CBeast_out[4]                              
CBeast_out[5]                              |CBeast_out[5]                              
CBeast_out[6]                              |CBeast_out[6]                              
CBeast_out[7]                              |CBeast_out[7]                              
CBeast_out[8]                              |CBeast_out[8]                              
CBeast_out[9]                              |CBeast_out[9]                              
CBnorth_in[0]                              |CBnorth_in[0]                              
CBnorth_in[10]                             |CBnorth_in[10]                             
CBnorth_in[11]                             |CBnorth_in[11]                             
CBnorth_in[12]                             |CBnorth_in[12]                             
CBnorth_in[13]                             |CBnorth_in[13]                             
CBnorth_in[1]                              |CBnorth_in[1]                              
CBnorth_in[2]                              |CBnorth_in[2]                              
CBnorth_in[3]                              |CBnorth_in[3]                              
CBnorth_in[4]                              |CBnorth_in[4]                              
CBnorth_in[5]                              |CBnorth_in[5]                              
CBnorth_in[6]                              |CBnorth_in[6]                              
CBnorth_in[7]                              |CBnorth_in[7]                              
CBnorth_in[8]                              |CBnorth_in[8]                              
CBnorth_in[9]                              |CBnorth_in[9]                              
CBnorth_out[0]                             |CBnorth_out[0]                             
CBnorth_out[10]                            |CBnorth_out[10]                            
CBnorth_out[11]                            |CBnorth_out[11]                            
CBnorth_out[12]                            |CBnorth_out[12]                            
CBnorth_out[13]                            |CBnorth_out[13]                            
CBnorth_out[1]                             |CBnorth_out[1]                             
CBnorth_out[2]                             |CBnorth_out[2]                             
CBnorth_out[3]                             |CBnorth_out[3]                             
CBnorth_out[4]                             |CBnorth_out[4]                             
CBnorth_out[5]                             |CBnorth_out[5]                             
CBnorth_out[6]                             |CBnorth_out[6]                             
CBnorth_out[7]                             |CBnorth_out[7]                             
CBnorth_out[8]                             |CBnorth_out[8]                             
CBnorth_out[9]                             |CBnorth_out[9]                             
SBsouth_in[0]                              |SBsouth_in[0]                              
SBsouth_in[10]                             |SBsouth_in[10]                             
SBsouth_in[11]                             |SBsouth_in[11]                             
SBsouth_in[12]                             |SBsouth_in[12]                             
SBsouth_in[13]                             |SBsouth_in[13]                             
SBsouth_in[1]                              |SBsouth_in[1]                              
SBsouth_in[2]                              |SBsouth_in[2]                              
SBsouth_in[3]                              |SBsouth_in[3]                              
SBsouth_in[4]                              |SBsouth_in[4]                              
SBsouth_in[5]                              |SBsouth_in[5]                              
SBsouth_in[6]                              |SBsouth_in[6]                              
SBsouth_in[7]                              |SBsouth_in[7]                              
SBsouth_in[8]                              |SBsouth_in[8]                              
SBsouth_in[9]                              |SBsouth_in[9]                              
SBsouth_out[0]                             |SBsouth_out[0]                             
SBsouth_out[10]                            |SBsouth_out[10]                            
SBsouth_out[11]                            |SBsouth_out[11]                            
SBsouth_out[12]                            |SBsouth_out[12]                            
SBsouth_out[13]                            |SBsouth_out[13]                            
SBsouth_out[1]                             |SBsouth_out[1]                             
SBsouth_out[2]                             |SBsouth_out[2]                             
SBsouth_out[3]                             |SBsouth_out[3]                             
SBsouth_out[4]                             |SBsouth_out[4]                             
SBsouth_out[5]                             |SBsouth_out[5]                             
SBsouth_out[6]                             |SBsouth_out[6]                             
SBsouth_out[7]                             |SBsouth_out[7]                             
SBsouth_out[8]                             |SBsouth_out[8]                             
SBsouth_out[9]                             |SBsouth_out[9]                             
SBwest_in[0]                               |SBwest_in[0]                               
SBwest_in[10]                              |SBwest_in[10]                              
SBwest_in[11]                              |SBwest_in[11]                              
SBwest_in[12]                              |SBwest_in[12]                              
SBwest_in[13]                              |SBwest_in[13]                              
SBwest_in[1]                               |SBwest_in[1]                               
SBwest_in[2]                               |SBwest_in[2]                               
SBwest_in[3]                               |SBwest_in[3]                               
SBwest_in[4]                               |SBwest_in[4]                               
SBwest_in[5]                               |SBwest_in[5]                               
SBwest_in[6]                               |SBwest_in[6]                               
SBwest_in[7]                               |SBwest_in[7]                               
SBwest_in[8]                               |SBwest_in[8]                               
SBwest_in[9]                               |SBwest_in[9]                               
SBwest_out[0]                              |SBwest_out[0]                              
SBwest_out[10]                             |SBwest_out[10]                             
SBwest_out[11]                             |SBwest_out[11]                             
SBwest_out[12]                             |SBwest_out[12]                             
SBwest_out[13]                             |SBwest_out[13]                             
SBwest_out[1]                              |SBwest_out[1]                              
SBwest_out[2]                              |SBwest_out[2]                              
SBwest_out[3]                              |SBwest_out[3]                              
SBwest_out[4]                              |SBwest_out[4]                              
SBwest_out[5]                              |SBwest_out[5]                              
SBwest_out[6]                              |SBwest_out[6]                              
SBwest_out[7]                              |SBwest_out[7]                              
SBwest_out[8]                              |SBwest_out[8]                              
SBwest_out[9]                              |SBwest_out[9]                              
clk                                        |clk                                        
config_data_in                             |config_data_in                             
config_data_out                            |config_data_out                            
config_en                                  |config_en                                  
le_clk                                     |le_clk                                     
le_en                                      |le_en                                      
le_nrst                                    |le_nrst                                    
nrst                                       |nrst                                       
vccd1                                      |vccd1                                      
vssd1                                      |vssd1                                      
---------------------------------------------------------------------------------------
Cell pin lists are equivalent.
Device classes fpgacell and fpgacell are equivalent.

Cell sky130_fd_sc_hd__clkbuf_1 (0) disconnected node: A
Cell sky130_fd_sc_hd__clkbuf_1 (0) disconnected node: VGND
Cell sky130_fd_sc_hd__clkbuf_1 (0) disconnected node: VNB
Cell sky130_fd_sc_hd__clkbuf_1 (0) disconnected node: VPB
Cell sky130_fd_sc_hd__clkbuf_1 (0) disconnected node: VPWR
Cell sky130_fd_sc_hd__clkbuf_1 (0) disconnected node: X

Subcircuit pins:
Circuit 1: sky130_fd_sc_hd__clkbuf_1       |Circuit 2: sky130_fd_sc_hd__clkbuf_1       
-------------------------------------------|-------------------------------------------
A                                          |A                                          
VGND                                       |VGND                                       
VNB                                        |VNB                                        
VPB                                        |VPB                                        
VPWR                                       |VPWR                                       
X                                          |X                                          
---------------------------------------------------------------------------------------
Cell pin lists are equivalent.
Device classes sky130_fd_sc_hd__clkbuf_1 and sky130_fd_sc_hd__clkbuf_1 are equivalent.

Cell sky130_fd_sc_hd__conb_1 (0) disconnected node: VGND
Cell sky130_fd_sc_hd__conb_1 (0) disconnected node: VNB
Cell sky130_fd_sc_hd__conb_1 (0) disconnected node: VPB
Cell sky130_fd_sc_hd__conb_1 (0) disconnected node: VPWR
Cell sky130_fd_sc_hd__conb_1 (0) disconnected node: HI
Cell sky130_fd_sc_hd__conb_1 (0) disconnected node: LO
Cell sky130_fd_sc_hd__conb_1 (1) disconnected node: VNB
Cell sky130_fd_sc_hd__conb_1 (1) disconnected node: VPB

Subcircuit pins:
Circuit 1: sky130_fd_sc_hd__conb_1         |Circuit 2: sky130_fd_sc_hd__conb_1         
-------------------------------------------|-------------------------------------------
VGND                                       |VGND                                       
VNB                                        |VNB                                        
VPB                                        |VPB                                        
VPWR                                       |VPWR                                       
HI                                         |HI                                         
LO                                         |LO                                         
---------------------------------------------------------------------------------------
Cell pin lists are equivalent.
Device classes sky130_fd_sc_hd__conb_1 and sky130_fd_sc_hd__conb_1 are equivalent.

Cell fpga (0) disconnected node: io_east_in[14]
Cell fpga (0) disconnected node: io_east_in[15]
Cell fpga (0) disconnected node: io_east_in[30]
Cell fpga (0) disconnected node: io_east_in[31]
Cell fpga (0) disconnected node: io_north_in[14]
Cell fpga (0) disconnected node: io_north_in[15]
Cell fpga (0) disconnected node: io_north_in[30]
Cell fpga (0) disconnected node: io_north_in[31]
Cell fpga (0) disconnected node: io_south_in[14]
Cell fpga (0) disconnected node: io_south_in[15]
Cell fpga (0) disconnected node: io_south_in[30]
Cell fpga (0) disconnected node: io_south_in[31]
Cell fpga (0) disconnected node: io_west_in[14]
Cell fpga (0) disconnected node: io_west_in[15]
Cell fpga (0) disconnected node: io_west_in[30]
Cell fpga (0) disconnected node: io_west_in[31]
Cell fpga (1) disconnected node: io_east_in[31]
Cell fpga (1) disconnected node: io_east_in[30]
Cell fpga (1) disconnected node: io_east_in[15]
Cell fpga (1) disconnected node: io_east_in[14]
Cell fpga (1) disconnected node: io_north_in[31]
Cell fpga (1) disconnected node: io_north_in[30]
Cell fpga (1) disconnected node: io_north_in[15]
Cell fpga (1) disconnected node: io_north_in[14]
Cell fpga (1) disconnected node: io_south_in[31]
Cell fpga (1) disconnected node: io_south_in[30]
Cell fpga (1) disconnected node: io_south_in[15]
Cell fpga (1) disconnected node: io_south_in[14]
Cell fpga (1) disconnected node: io_west_in[31]
Cell fpga (1) disconnected node: io_west_in[30]
Cell fpga (1) disconnected node: io_west_in[15]
Cell fpga (1) disconnected node: io_west_in[14]
Class fpga (0):  Merged 3140 parallel devices.
Class fpga (1):  Merged 3140 parallel devices.
Cell fpga (0) disconnected node: io_east_in[14]
Cell fpga (0) disconnected node: io_east_in[15]
Cell fpga (0) disconnected node: io_east_in[30]
Cell fpga (0) disconnected node: io_east_in[31]
Cell fpga (0) disconnected node: io_north_in[14]
Cell fpga (0) disconnected node: io_north_in[15]
Cell fpga (0) disconnected node: io_north_in[30]
Cell fpga (0) disconnected node: io_north_in[31]
Cell fpga (0) disconnected node: io_south_in[14]
Cell fpga (0) disconnected node: io_south_in[15]
Cell fpga (0) disconnected node: io_south_in[30]
Cell fpga (0) disconnected node: io_south_in[31]
Cell fpga (0) disconnected node: io_west_in[14]
Cell fpga (0) disconnected node: io_west_in[15]
Cell fpga (0) disconnected node: io_west_in[30]
Cell fpga (0) disconnected node: io_west_in[31]
Cell fpga (1) disconnected node: io_east_in[31]
Cell fpga (1) disconnected node: io_east_in[30]
Cell fpga (1) disconnected node: io_east_in[15]
Cell fpga (1) disconnected node: io_east_in[14]
Cell fpga (1) disconnected node: io_north_in[31]
Cell fpga (1) disconnected node: io_north_in[30]
Cell fpga (1) disconnected node: io_north_in[15]
Cell fpga (1) disconnected node: io_north_in[14]
Cell fpga (1) disconnected node: io_south_in[31]
Cell fpga (1) disconnected node: io_south_in[30]
Cell fpga (1) disconnected node: io_south_in[15]
Cell fpga (1) disconnected node: io_south_in[14]
Cell fpga (1) disconnected node: io_west_in[31]
Cell fpga (1) disconnected node: io_west_in[30]
Cell fpga (1) disconnected node: io_west_in[15]
Cell fpga (1) disconnected node: io_west_in[14]
Subcircuit summary:
Circuit 1: fpga                            |Circuit 2: fpga                            
-------------------------------------------|-------------------------------------------
sky130_fd_sc_hd__diode_2 (237->169)        |sky130_fd_sc_hd__diode_2 (237->169)        
sky130_ef_sc_hd__decap_12 (1309->1)        |sky130_ef_sc_hd__decap_12 (1309->1)        
sky130_fd_sc_hd__decap_6 (202->1)          |sky130_fd_sc_hd__decap_6 (202->1)          
sky130_fd_sc_hd__decap_3 (486->1)          |sky130_fd_sc_hd__decap_3 (486->1)          
sky130_fd_sc_hd__decap_8 (209->1)          |sky130_fd_sc_hd__decap_8 (209->1)          
sky130_fd_sc_hd__tapvpwrvgnd_1 (391->1)    |sky130_fd_sc_hd__tapvpwrvgnd_1 (391->1)    
sky130_fd_sc_hd__decap_4 (27->1)           |sky130_fd_sc_hd__decap_4 (27->1)           
sky130_fd_sc_hd__buf_2 (127)               |sky130_fd_sc_hd__buf_2 (127)               
sky130_fd_sc_hd__fill_1 (383->1)           |sky130_fd_sc_hd__fill_1 (383->1)           
sky130_fd_sc_hd__fill_2 (73->1)            |sky130_fd_sc_hd__fill_2 (73->1)            
sky130_fd_sc_hd__buf_1 (58)                |sky130_fd_sc_hd__buf_1 (58)                
sky130_fd_sc_hd__buf_12 (4)                |sky130_fd_sc_hd__buf_12 (4)                
sky130_fd_sc_hd__clkbuf_8 (3)              |sky130_fd_sc_hd__clkbuf_8 (3)              
sky130_fd_sc_hd__clkbuf_16 (3)             |sky130_fd_sc_hd__clkbuf_16 (3)             
sky130_fd_sc_hd__clkbuf_4 (3)              |sky130_fd_sc_hd__clkbuf_4 (3)              
sky130_fd_sc_hd__clkbuf_2 (26)             |sky130_fd_sc_hd__clkbuf_2 (26)             
sky130_fd_sc_hd__dlymetal6s2s_1 (4)        |sky130_fd_sc_hd__dlymetal6s2s_1 (4)        
sky130_fd_sc_hd__buf_4 (2)                 |sky130_fd_sc_hd__buf_4 (2)                 
fpgacell (4)                               |fpgacell (4)                               
sky130_fd_sc_hd__clkbuf_1 (6)              |sky130_fd_sc_hd__clkbuf_1 (6)              
sky130_fd_sc_hd__conb_1 (16)               |sky130_fd_sc_hd__conb_1 (16)               
Number of devices: 433                     |Number of devices: 433                     
Number of nets: 617                        |Number of nets: 617                        
---------------------------------------------------------------------------------------
Resolving symmetries by property value.
Resolving symmetries by pin name.
Netlists match uniquely.

Subcircuit pins:
Circuit 1: fpga                            |Circuit 2: fpga                            
-------------------------------------------|-------------------------------------------
config_data_out                            |config_data_out                            
io_east_out[19]                            |io_east_out[19]                            
io_east_out[29]                            |io_east_out[29]                            
io_east_out[18]                            |io_east_out[18]                            
io_east_out[28]                            |io_east_out[28]                            
io_east_out[17]                            |io_east_out[17]                            
io_east_out[27]                            |io_east_out[27]                            
io_east_out[26]                            |io_east_out[26]                            
io_east_out[16]                            |io_east_out[16]                            
io_east_out[13]                            |io_east_out[13]                            
io_east_out[25]                            |io_east_out[25]                            
io_east_out[12]                            |io_east_out[12]                            
io_east_out[24]                            |io_east_out[24]                            
io_east_out[11]                            |io_east_out[11]                            
io_east_out[23]                            |io_east_out[23]                            
io_east_out[10]                            |io_east_out[10]                            
io_east_out[22]                            |io_east_out[22]                            
io_east_out[21]                            |io_east_out[21]                            
io_east_out[20]                            |io_east_out[20]                            
io_west_out[8]                             |io_west_out[8]                             
io_east_out[1]                             |io_east_out[1]                             
io_north_out[10]                           |io_north_out[10]                           
io_north_out[0]                            |io_north_out[0]                            
io_north_out[21]                           |io_north_out[21]                           
io_east_out[9]                             |io_east_out[9]                             
io_north_out[3]                            |io_north_out[3]                            
io_north_out[20]                           |io_north_out[20]                           
io_south_out[12]                           |io_south_out[12]                           
io_east_out[8]                             |io_east_out[8]                             
io_north_out[1]                            |io_north_out[1]                            
io_north_out[2]                            |io_north_out[2]                            
io_south_out[23]                           |io_south_out[23]                           
io_south_out[11]                           |io_south_out[11]                           
io_east_out[7]                             |io_east_out[7]                             
io_north_out[19]                           |io_north_out[19]                           
io_north_out[29]                           |io_north_out[29]                           
io_south_out[22]                           |io_south_out[22]                           
io_south_out[5]                            |io_south_out[5]                            
io_south_out[10]                           |io_south_out[10]                           
io_east_out[6]                             |io_east_out[6]                             
io_north_out[18]                           |io_north_out[18]                           
io_north_out[28]                           |io_north_out[28]                           
io_south_out[21]                           |io_south_out[21]                           
io_south_out[4]                            |io_south_out[4]                            
io_south_out[0]                            |io_south_out[0]                            
io_north_out[17]                           |io_north_out[17]                           
io_north_out[27]                           |io_north_out[27]                           
io_east_out[5]                             |io_east_out[5]                             
io_south_out[20]                           |io_south_out[20]                           
io_south_out[3]                            |io_south_out[3]                            
io_east_out[4]                             |io_east_out[4]                             
io_east_out[0]                             |io_east_out[0]                             
io_north_out[9]                            |io_north_out[9]                            
io_north_out[16]                           |io_north_out[16]                           
io_north_out[26]                           |io_north_out[26]                           
io_south_out[2]                            |io_south_out[2]                            
io_south_out[1]                            |io_south_out[1]                            
io_east_out[3]                             |io_east_out[3]                             
io_north_out[8]                            |io_north_out[8]                            
io_north_out[13]                           |io_north_out[13]                           
io_north_out[25]                           |io_north_out[25]                           
io_south_out[29]                           |io_south_out[29]                           
io_south_out[19]                           |io_south_out[19]                           
io_east_out[2]                             |io_east_out[2]                             
io_north_out[7]                            |io_north_out[7]                            
io_north_out[12]                           |io_north_out[12]                           
io_north_out[24]                           |io_north_out[24]                           
io_south_out[28]                           |io_south_out[28]                           
io_south_out[18]                           |io_south_out[18]                           
io_north_out[6]                            |io_north_out[6]                            
io_north_out[11]                           |io_north_out[11]                           
io_north_out[23]                           |io_north_out[23]                           
io_south_out[27]                           |io_south_out[27]                           
io_south_out[17]                           |io_south_out[17]                           
io_north_out[5]                            |io_north_out[5]                            
io_north_out[22]                           |io_north_out[22]                           
io_south_out[26]                           |io_south_out[26]                           
io_south_out[16]                           |io_south_out[16]                           
io_north_out[4]                            |io_north_out[4]                            
io_south_out[25]                           |io_south_out[25]                           
io_south_out[13]                           |io_south_out[13]                           
io_south_out[24]                           |io_south_out[24]                           
io_west_out[16]                            |io_west_out[16]                            
io_west_out[13]                            |io_west_out[13]                            
io_west_out[25]                            |io_west_out[25]                            
io_west_out[7]                             |io_west_out[7]                             
io_west_out[12]                            |io_west_out[12]                            
io_west_out[24]                            |io_west_out[24]                            
io_west_out[6]                             |io_west_out[6]                             
io_west_out[11]                            |io_west_out[11]                            
io_west_out[23]                            |io_west_out[23]                            
io_west_out[5]                             |io_west_out[5]                             
io_west_out[10]                            |io_west_out[10]                            
io_west_out[22]                            |io_west_out[22]                            
io_west_out[4]                             |io_west_out[4]                             
io_west_out[0]                             |io_west_out[0]                             
io_west_out[21]                            |io_west_out[21]                            
io_west_out[3]                             |io_west_out[3]                             
io_south_out[9]                            |io_south_out[9]                            
io_west_out[20]                            |io_west_out[20]                            
io_west_out[2]                             |io_west_out[2]                             
io_west_out[1]                             |io_west_out[1]                             
io_south_out[8]                            |io_south_out[8]                            
io_south_out[7]                            |io_south_out[7]                            
io_west_out[19]                            |io_west_out[19]                            
io_west_out[29]                            |io_west_out[29]                            
io_west_out[18]                            |io_west_out[18]                            
io_west_out[28]                            |io_west_out[28]                            
io_south_out[6]                            |io_south_out[6]                            
io_west_out[17]                            |io_west_out[17]                            
io_west_out[27]                            |io_west_out[27]                            
io_west_out[9]                             |io_west_out[9]                             
io_west_out[26]                            |io_west_out[26]                            
io_north_out[15]                           |io_north_out[15]                           
io_west_out[31]                            |io_west_out[31]                            
io_north_out[14]                           |io_north_out[14]                           
io_east_out[31]                            |io_east_out[31]                            
io_west_out[30]                            |io_west_out[30]                            
io_west_out[15]                            |io_west_out[15]                            
io_east_out[30]                            |io_east_out[30]                            
io_west_out[14]                            |io_west_out[14]                            
io_east_out[15]                            |io_east_out[15]                            
io_south_out[31]                           |io_south_out[31]                           
io_east_out[14]                            |io_east_out[14]                            
io_south_out[30]                           |io_south_out[30]                           
io_south_out[15]                           |io_south_out[15]                           
io_south_out[14]                           |io_south_out[14]                           
io_north_out[31]                           |io_north_out[31]                           
io_north_out[30]                           |io_north_out[30]                           
clk                                        |clk                                        
io_east_in[12]                             |io_east_in[12]                             
io_east_in[18]                             |io_east_in[18]                             
io_east_in[2]                              |io_east_in[2]                              
io_east_in[8]                              |io_east_in[8]                              
io_east_in[6]                              |io_east_in[6]                              
io_east_in[4]                              |io_east_in[4]                              
io_east_in[17]                             |io_east_in[17]                             
io_east_in[19]                             |io_east_in[19]                             
io_east_in[3]                              |io_east_in[3]                              
io_east_in[5]                              |io_east_in[5]                              
io_east_in[0]                              |io_east_in[0]                              
io_east_in[1]                              |io_east_in[1]                              
io_east_in[16]                             |io_east_in[16]                             
io_east_in[13]                             |io_east_in[13]                             
io_east_in[11]                             |io_east_in[11]                             
io_east_in[7]                              |io_east_in[7]                              
io_east_in[10]                             |io_east_in[10]                             
io_east_in[9]                              |io_east_in[9]                              
io_north_in[16]                            |io_north_in[16]                            
io_north_in[0]                             |io_north_in[0]                             
config_data_in                             |config_data_in                             
io_north_in[20]                            |io_north_in[20]                            
io_north_in[4]                             |io_north_in[4]                             
io_north_in[18]                            |io_north_in[18]                            
io_north_in[5]                             |io_north_in[5]                             
io_north_in[22]                            |io_north_in[22]                            
io_north_in[3]                             |io_north_in[3]                             
io_north_in[1]                             |io_north_in[1]                             
io_north_in[9]                             |io_north_in[9]                             
io_north_in[21]                            |io_north_in[21]                            
io_north_in[17]                            |io_north_in[17]                            
io_north_in[2]                             |io_north_in[2]                             
io_east_in[28]                             |io_east_in[28]                             
io_north_in[19]                            |io_north_in[19]                            
io_north_in[25]                            |io_north_in[25]                            
io_north_in[6]                             |io_north_in[6]                             
io_south_in[0]                             |io_south_in[0]                             
io_south_in[1]                             |io_south_in[1]                             
io_south_in[16]                            |io_south_in[16]                            
io_south_in[17]                            |io_south_in[17]                            
io_north_in[8]                             |io_north_in[8]                             
io_north_in[24]                            |io_north_in[24]                            
io_south_in[7]                             |io_south_in[7]                             
io_south_in[23]                            |io_south_in[23]                            
io_north_in[26]                            |io_north_in[26]                            
io_south_in[28]                            |io_south_in[28]                            
io_east_in[29]                             |io_east_in[29]                             
io_north_in[10]                            |io_north_in[10]                            
io_south_in[26]                            |io_south_in[26]                            
io_east_in[27]                             |io_east_in[27]                             
io_south_in[9]                             |io_south_in[9]                             
io_east_in[26]                             |io_east_in[26]                             
io_north_in[7]                             |io_north_in[7]                             
io_south_in[24]                            |io_south_in[24]                            
io_south_in[12]                            |io_south_in[12]                            
io_north_in[11]                            |io_north_in[11]                            
io_south_in[11]                            |io_south_in[11]                            
io_south_in[25]                            |io_south_in[25]                            
io_north_in[23]                            |io_north_in[23]                            
io_south_in[27]                            |io_south_in[27]                            
io_east_in[23]                             |io_east_in[23]                             
io_south_in[10]                            |io_south_in[10]                            
io_north_in[27]                            |io_north_in[27]                            
io_south_in[8]                             |io_south_in[8]                             
io_east_in[25]                             |io_east_in[25]                             
io_east_in[22]                             |io_east_in[22]                             
io_east_in[20]                             |io_east_in[20]                             
io_west_in[11]                             |io_west_in[11]                             
io_north_in[12]                            |io_north_in[12]                            
io_east_in[24]                             |io_east_in[24]                             
io_south_in[18]                            |io_south_in[18]                            
io_west_in[0]                              |io_west_in[0]                              
io_west_in[21]                             |io_west_in[21]                             
io_south_in[2]                             |io_south_in[2]                             
io_north_in[28]                            |io_north_in[28]                            
io_west_in[1]                              |io_west_in[1]                              
io_south_in[13]                            |io_south_in[13]                            
io_west_in[18]                             |io_west_in[18]                             
io_north_in[29]                            |io_north_in[29]                            
io_west_in[10]                             |io_west_in[10]                             
io_south_in[22]                            |io_south_in[22]                            
io_south_in[5]                             |io_south_in[5]                             
io_west_in[17]                             |io_west_in[17]                             
io_west_in[19]                             |io_west_in[19]                             
io_south_in[21]                            |io_south_in[21]                            
io_west_in[13]                             |io_west_in[13]                             
io_south_in[3]                             |io_south_in[3]                             
io_north_in[13]                            |io_north_in[13]                            
io_west_in[3]                              |io_west_in[3]                              
io_west_in[20]                             |io_west_in[20]                             
io_west_in[2]                              |io_west_in[2]                              
io_south_in[19]                            |io_south_in[19]                            
io_west_in[29]                             |io_west_in[29]                             
io_west_in[4]                              |io_west_in[4]                              
io_west_in[28]                             |io_west_in[28]                             
io_south_in[4]                             |io_south_in[4]                             
io_east_in[21]                             |io_east_in[21]                             
io_west_in[22]                             |io_west_in[22]                             
io_west_in[27]                             |io_west_in[27]                             
io_south_in[20]                            |io_south_in[20]                            
io_west_in[9]                              |io_west_in[9]                              
io_west_in[26]                             |io_west_in[26]                             
io_west_in[8]                              |io_west_in[8]                              
io_south_in[6]                             |io_south_in[6]                             
io_west_in[7]                              |io_west_in[7]                              
io_west_in[24]                             |io_west_in[24]                             
io_west_in[12]                             |io_west_in[12]                             
io_west_in[6]                              |io_west_in[6]                              
io_west_in[23]                             |io_west_in[23]                             
io_south_in[29]                            |io_south_in[29]                            
io_west_in[5]                              |io_west_in[5]                              
io_west_in[25]                             |io_west_in[25]                             
io_west_in[16]                             |io_west_in[16]                             
le_nrst                                    |le_nrst                                    
le_en                                      |le_en                                      
le_clk                                     |le_clk                                     
config_en                                  |config_en                                  
nrst                                       |nrst                                       
vssd1                                      |vssd1                                      
vccd1                                      |vccd1                                      
io_east_in[14]                             |io_east_in[14]                             
io_east_in[15]                             |io_east_in[15]                             
io_east_in[30]                             |io_east_in[30]                             
io_east_in[31]                             |io_east_in[31]                             
io_north_in[14]                            |io_north_in[14]                            
io_north_in[15]                            |io_north_in[15]                            
io_north_in[30]                            |io_north_in[30]                            
io_north_in[31]                            |io_north_in[31]                            
io_south_in[14]                            |io_south_in[14]                            
io_south_in[15]                            |io_south_in[15]                            
io_south_in[30]                            |io_south_in[30]                            
io_south_in[31]                            |io_south_in[31]                            
io_west_in[14]                             |io_west_in[14]                             
io_west_in[15]                             |io_west_in[15]                             
io_west_in[30]                             |io_west_in[30]                             
io_west_in[31]                             |io_west_in[31]                             
---------------------------------------------------------------------------------------
Cell pin lists are equivalent.
Device classes fpga and fpga are equivalent.

Final result: Circuits match uniquely.
.
