Clock: clk
Sources: clk 
Generated: no
Virtual: yes
Propagated: no
Period: 1000.000000

===========================================================================
report_clock_properties
============================================================================
Clock                   Period          Waveform
----------------------------------------------------
clk                 1000.000000    0.000000500.000000

===========================================================================
report_clock_latency
============================================================================
Clock clk
rise -> rise
    min     max
0.000000 0.000000 source latency
0.698623         network latency cell2/_2858_/CLK
        200.657776 network latency cell2/_2810_/CLK
---------------
0.698623 200.657776 latency
        199.959152 skew

rise -> fall
    min     max
0.000000 0.000000 source latency
1.045957         network latency cell2/_2788_/CLK
        200.619125 network latency cell2/_2810_/CLK
---------------
1.045957 200.619125 latency
        199.573166 skew

fall -> fall
    min     max
0.000000 0.000000 source latency
0.668251         network latency cell2/_2858_/CLK
        0.720434 network latency cell1/_2791_/CLK
---------------
0.668251 0.720434 latency
        0.052182 skew



===========================================================================
report_clock_min_period
============================================================================
clk period_min = 2.06 fmax = 486.59
