
===========================================================================
report_checks -unconstrained
===========================================================================
======================= nom_ss_100C_1v60 Corner ===================================

Startpoint: n_rst (input port clocked by clk)
Endpoint: _1002_ (recovery check against rising-edge clock clk)
Path Group: asynchronous
Path Type: max

Fanout         Cap        Slew       Delay        Time   Description
---------------------------------------------------------------------------------------------
                                  0.000000    0.000000   clock clk (rise edge)
                                  0.000000    0.000000   clock network delay (propagated)
                                  4.000000    4.000000 ^ input external delay
     1    0.003481    0.036792    0.019382    4.019382 ^ n_rst (in)
                                                         n_rst (net)
                      0.036792    0.000000    4.019382 ^ input15/A (sky130_fd_sc_hd__clkbuf_1)
     1    0.002640    0.069784    0.133208    4.152590 ^ input15/X (sky130_fd_sc_hd__clkbuf_1)
                                                         net15 (net)
                      0.069784    0.000080    4.152670 ^ fanout62/A (sky130_fd_sc_hd__buf_2)
     6    0.049649    0.386533    0.424205    4.576875 ^ fanout62/X (sky130_fd_sc_hd__buf_2)
                                                         net62 (net)
                      0.386537    0.001152    4.578027 ^ fanout61/A (sky130_fd_sc_hd__clkbuf_2)
     5    0.026037    0.229542    0.438733    5.016759 ^ fanout61/X (sky130_fd_sc_hd__clkbuf_2)
                                                         net61 (net)
                      0.229542    0.000294    5.017053 ^ fanout60/A (sky130_fd_sc_hd__clkbuf_2)
     6    0.028364    0.247052    0.392242    5.409296 ^ fanout60/X (sky130_fd_sc_hd__clkbuf_2)
                                                         net60 (net)
                      0.247052    0.001005    5.410301 ^ fanout59/A (sky130_fd_sc_hd__clkbuf_4)
    10    0.047495    0.237619    0.451652    5.861953 ^ fanout59/X (sky130_fd_sc_hd__clkbuf_4)
                                                         net59 (net)
                      0.237652    0.002855    5.864809 ^ _1002_/SET_B (sky130_fd_sc_hd__dfstp_1)
                                              5.864809   data arrival time

                                 20.000000   20.000000   clock clk (rise edge)
                                  0.000000   20.000000   clock source latency
     1    0.025602    0.189238    0.130376   20.130377 ^ clk (in)
                                                         clk (net)
                      0.189264    0.000000   20.130377 ^ clkbuf_0_clk/A (sky130_fd_sc_hd__clkbuf_16)
    16    0.113928    0.195551    0.383739   20.514116 ^ clkbuf_0_clk/X (sky130_fd_sc_hd__clkbuf_16)
                                                         clknet_0_clk (net)
                      0.195642    0.003906   20.518023 ^ clkbuf_4_15_0_clk/A (sky130_fd_sc_hd__clkbuf_8)
    12    0.033865    0.115082    0.324004   20.842026 ^ clkbuf_4_15_0_clk/X (sky130_fd_sc_hd__clkbuf_8)
                                                         clknet_4_15_0_clk (net)
                      0.115086    0.000821   20.842846 ^ _1002_/CLK (sky130_fd_sc_hd__dfstp_1)
                                 -0.250000   20.592848   clock uncertainty
                                  0.000000   20.592848   clock reconvergence pessimism
                                  0.260389   20.853235   library recovery time
                                             20.853235   data required time
---------------------------------------------------------------------------------------------
                                             20.853235   data required time
                                             -5.864809   data arrival time
---------------------------------------------------------------------------------------------
                                             14.988427   slack (MET)


Startpoint: keypad_i[7] (input port clocked by clk)
Endpoint: pwm (output port clocked by clk)
Path Group: clk
Path Type: max

Fanout         Cap        Slew       Delay        Time   Description
---------------------------------------------------------------------------------------------
                                  0.000000    0.000000   clock clk (rise edge)
                                  0.000000    0.000000   clock network delay (propagated)
                                  4.000000    4.000000 v input external delay
     1    0.002834    0.018589    0.009345    4.009345 v keypad_i[7] (in)
                                                         keypad_i[7] (net)
                      0.018589    0.000000    4.009345 v input12/A (sky130_fd_sc_hd__clkbuf_1)
     2    0.004612    0.068564    0.153813    4.163157 v input12/X (sky130_fd_sc_hd__clkbuf_1)
                                                         net12 (net)
                      0.068564    0.000147    4.163304 v _0697_/A (sky130_fd_sc_hd__or4_1)
     1    0.011012    0.277400    1.353094    5.516398 v _0697_/X (sky130_fd_sc_hd__or4_1)
                                                         _0292_ (net)
                      0.277400    0.000622    5.517020 v _0699_/B (sky130_fd_sc_hd__or3_1)
     1    0.003594    0.144256    0.881341    6.398361 v _0699_/X (sky130_fd_sc_hd__or3_1)
                                                         _0294_ (net)
                      0.144256    0.000123    6.398483 v _0700_/A3 (sky130_fd_sc_hd__o31a_1)
     1    0.001893    0.077561    0.464371    6.862854 v _0700_/X (sky130_fd_sc_hd__o31a_1)
                                                         net16 (net)
                      0.077561    0.000037    6.862891 v output16/A (sky130_fd_sc_hd__buf_2)
     1    0.034152    0.165414    0.347667    7.210558 v output16/X (sky130_fd_sc_hd__buf_2)
                                                         pwm (net)
                      0.165414    0.000659    7.211217 v pwm (out)
                                              7.211217   data arrival time

                                 20.000000   20.000000   clock clk (rise edge)
                                  0.000000   20.000000   clock network delay (propagated)
                                 -0.250000   19.750002   clock uncertainty
                                  0.000000   19.750002   clock reconvergence pessimism
                                 -4.000000   15.750001   output external delay
                                             15.750001   data required time
---------------------------------------------------------------------------------------------
                                             15.750001   data required time
                                             -7.211217   data arrival time
---------------------------------------------------------------------------------------------
                                              8.538784   slack (MET)




===========================================================================
report_checks --slack_max -0.01
============================================================================
======================= nom_ss_100C_1v60 Corner ===================================

No paths found.


===========================================================================
 report_check_types -max_slew -max_cap -max_fanout -violators
============================================================================
======================= nom_ss_100C_1v60 Corner ===================================

max fanout

Pin                                   Limit Fanout  Slack
---------------------------------------------------------
clkbuf_0_clk/X                           10     16     -6 (VIOLATED)
clkbuf_4_15_0_clk/X                      10     12     -2 (VIOLATED)
clkbuf_4_11_0_clk/X                      10     11        (VIOLATED)
clkbuf_4_13_0_clk/X                      10     11        (VIOLATED)
clkbuf_4_7_0_clk/X                       10     11        (VIOLATED)



===========================================================================
report_parasitic_annotation -report_unannotated
============================================================================
Found 18 unannotated drivers.
 _0924__65/HI
 _0931__64/HI
 _0932__63/HI
 clkload0/Y
 clkload1/Y
 clkload10/X
 clkload11/Y
 clkload12/X
 clkload13/Y
 clkload14/X
 clkload2/Y
 clkload3/Y
 clkload4/Y
 clkload5/Y
 clkload6/Y
 clkload7/X
 clkload8/Y
 clkload9/X
Found 0 partially unannotated drivers.

===========================================================================
max slew violation count 0
max fanout violation count 5
max cap violation count 0
============================================================================

===========================================================================
check_setup -verbose -unconstrained_endpoints -multiple_clock -no_clock -no_input_delay -loops -generated_clocks
===========================================================================
Warning: There are 3 unconstrained endpoints.
  _0924_/D
  _0931_/D
  _0932_/D
