Clock: clk
Sources: clk 
Generated: no
Virtual: yes
Propagated: no
Period: 20.000000

===========================================================================
report_clock_properties
============================================================================
Clock                   Period          Waveform
----------------------------------------------------
clk                  20.000000    0.000000 10.000000

===========================================================================
report_clock_latency
============================================================================
Clock clk
rise -> rise
    min     max
0.000000 0.000000 source latency
0.823948         network latency _0919_/CLK
        0.843137 network latency _1007_/CLK
---------------
0.823948 0.843137 latency
        0.019189 skew

fall -> fall
    min     max
0.000000 0.000000 source latency
0.728458         network latency _0919_/CLK
        0.745348 network latency _1007_/CLK
---------------
0.728458 0.745348 latency
        0.016890 skew



===========================================================================
report_clock_min_period
============================================================================
clk period_min = 9.29 fmax = 107.64
