
===========================================================================
report_checks -unconstrained
===========================================================================
======================= min_tt_025C_1v80 Corner ===================================

Startpoint: _1651_ (rising edge-triggered flip-flop clocked by CLK_10MHZ)
Endpoint: D0_SEG[4] (output port clocked by CLK_10MHZ)
Path Group: CLK_10MHZ
Path Type: max

Fanout         Cap        Slew       Delay        Time   Description
---------------------------------------------------------------------------------------------
                                  0.000000    0.000000   clock CLK_10MHZ (rise edge)
                                  0.000000    0.000000   clock source latency
     1    0.020643    0.098629    0.067990    0.067990 ^ CLK_10MHZ (in)
                                                         CLK_10MHZ (net)
                      0.098647    0.000000    0.067990 ^ clkbuf_0_CLK_10MHZ/A (sky130_fd_sc_hd__clkbuf_16)
     8    0.080622    0.097270    0.191397    0.259387 ^ clkbuf_0_CLK_10MHZ/X (sky130_fd_sc_hd__clkbuf_16)
                                                         clknet_0_CLK_10MHZ (net)
                      0.097290    0.001390    0.260776 ^ clkbuf_3_2__f_CLK_10MHZ/A (sky130_fd_sc_hd__clkbuf_16)
    10    0.032812    0.053516    0.155708    0.416484 ^ clkbuf_3_2__f_CLK_10MHZ/X (sky130_fd_sc_hd__clkbuf_16)
                                                         clknet_3_2__leaf_CLK_10MHZ (net)
                      0.053518    0.000566    0.417050 ^ _1651_/CLK (sky130_fd_sc_hd__dfxtp_1)
    10    0.026678    0.253049    0.457155    0.874206 ^ _1651_/Q (sky130_fd_sc_hd__dfxtp_1)
                                                         bcd_num[5] (net)
                      0.253049    0.000361    0.874567 ^ _0813_/C_N (sky130_fd_sc_hd__or4bb_1)
     3    0.009332    0.120518    0.563977    1.438545 v _0813_/X (sky130_fd_sc_hd__or4bb_1)
                                                         _0083_ (net)
                      0.120518    0.000122    1.438667 v _0822_/C1 (sky130_fd_sc_hd__o311a_1)
     2    0.005752    0.065304    0.149099    1.587766 v _0822_/X (sky130_fd_sc_hd__o311a_1)
                                                         _0090_ (net)
                      0.065304    0.000070    1.587836 v _0826_/B2 (sky130_fd_sc_hd__a32o_1)
     1    0.005737    0.053969    0.231607    1.819443 v _0826_/X (sky130_fd_sc_hd__a32o_1)
                                                         net11 (net)
                      0.053969    0.000138    1.819581 v output11/A (sky130_fd_sc_hd__buf_2)
     1    0.034064    0.088832    0.183938    2.003519 v output11/X (sky130_fd_sc_hd__buf_2)
                                                         D0_SEG[4] (net)
                      0.088832    0.000242    2.003761 v D0_SEG[4] (out)
                                              2.003761   data arrival time

                                100.000000  100.000000   clock CLK_10MHZ (rise edge)
                                  0.000000  100.000000   clock network delay (propagated)
                                 -0.250000   99.750000   clock uncertainty
                                  0.000000   99.750000   clock reconvergence pessimism
                                -20.000000   79.750000   output external delay
                                             79.750000   data required time
---------------------------------------------------------------------------------------------
                                             79.750000   data required time
                                             -2.003761   data arrival time
---------------------------------------------------------------------------------------------
                                             77.746239   slack (MET)




===========================================================================
report_checks --slack_max -0.01
============================================================================
======================= min_tt_025C_1v80 Corner ===================================

No paths found.


===========================================================================
 report_check_types -max_slew -max_cap -max_fanout -violators
============================================================================
======================= min_tt_025C_1v80 Corner ===================================

max fanout

Pin                                   Limit Fanout  Slack
---------------------------------------------------------
clkbuf_3_7__f_CLK_10MHZ/X                10     13     -3 (VIOLATED)
clkbuf_3_3__f_CLK_10MHZ/X                10     11        (VIOLATED)
clkbuf_3_6__f_CLK_10MHZ/X                10     11        (VIOLATED)



===========================================================================
report_parasitic_annotation -report_unannotated
============================================================================
Found 10 unannotated drivers.
 clkload0/Y
 clkload1/Y
 clkload2/Y
 clkload3/Y
 clkload4/Y
 clkload5/Y
 clkload6/Y
 intro_2_stopwatch_52/LO
 intro_2_stopwatch_53/LO
 intro_2_stopwatch_54/LO
Found 0 partially unannotated drivers.

===========================================================================
max slew violation count 0
max fanout violation count 3
max cap violation count 0
============================================================================

===========================================================================
check_setup -verbose -unconstrained_endpoints -multiple_clock -no_clock -no_input_delay -loops -generated_clocks
===========================================================================
Warning: There are 3 unconstrained endpoints.
  D0_AN_2
  D0_AN_3
  D0_SEG[7]
