Clock: CLK_10MHZ
Sources: CLK_10MHZ 
Generated: no
Virtual: yes
Propagated: no
Period: 100.000000

===========================================================================
report_clock_properties
============================================================================
Clock                   Period          Waveform
----------------------------------------------------
CLK_10MHZ           100.000000    0.000000 50.000000

===========================================================================
report_clock_latency
============================================================================
Clock CLK_10MHZ
rise -> rise
    min     max
0.000000 0.000000 source latency
0.416662         network latency _1623_/CLK
        0.421124 network latency _1591_/CLK
---------------
0.416662 0.421124 latency
        0.004462 skew

fall -> fall
    min     max
0.000000 0.000000 source latency
0.375120         network latency _1590_/CLK
        0.378449 network latency _1591_/CLK
---------------
0.375120 0.378449 latency
        0.003329 skew



===========================================================================
report_clock_min_period
============================================================================
CLK_10MHZ period_min = 18.00 fmax = 55.54
