Clock: clk
Sources: clk 
Generated: no
Virtual: yes
Propagated: no
Period: 20.000000

===========================================================================
report_clock_properties
============================================================================
Clock                   Period          Waveform
----------------------------------------------------
clk                  20.000000    0.000000 10.000000

===========================================================================
report_clock_latency
============================================================================
Clock clk
rise -> rise
    min     max
0.000000 0.000000 source latency
0.841849         network latency _0919_/CLK
        0.862142 network latency _1007_/CLK
---------------
0.841849 0.862142 latency
        0.020293 skew

fall -> fall
    min     max
0.000000 0.000000 source latency
0.741567         network latency _0919_/CLK
        0.759235 network latency _1007_/CLK
---------------
0.741567 0.759235 latency
        0.017669 skew



===========================================================================
report_clock_min_period
============================================================================
clk period_min = 9.39 fmax = 106.49
