
===========================================================================
report_checks -unconstrained
===========================================================================
======================= min_ff_n40C_1v95 Corner ===================================

Startpoint: nrst (input port clocked by clk)
Endpoint: _1335_ (recovery check against rising-edge clock clk)
Path Group: asynchronous
Path Type: max

Fanout         Cap        Slew       Delay        Time   Description
---------------------------------------------------------------------------------------------
                                  0.000000    0.000000   clock clk (rise edge)
                                  0.000000    0.000000   clock network delay (propagated)
                                  5.000000    5.000000 ^ input external delay
     1    0.002726    0.013654    0.007025    5.007025 ^ nrst (in)
                                                         nrst (net)
                      0.013654    0.000000    5.007025 ^ input2/A (sky130_fd_sc_hd__clkbuf_1)
     3    0.014040    0.126962    0.113201    5.120226 ^ input2/X (sky130_fd_sc_hd__clkbuf_1)
                                                         net2 (net)
                      0.126965    0.000531    5.120757 ^ fanout86/A (sky130_fd_sc_hd__clkbuf_4)
    10    0.063464    0.146985    0.196791    5.317548 ^ fanout86/X (sky130_fd_sc_hd__clkbuf_4)
                                                         net86 (net)
                      0.146985    0.000448    5.317996 ^ fanout85/A (sky130_fd_sc_hd__clkbuf_4)
    10    0.050609    0.119818    0.180410    5.498406 ^ fanout85/X (sky130_fd_sc_hd__clkbuf_4)
                                                         net85 (net)
                      0.119907    0.001872    5.500278 ^ _1335_/RESET_B (sky130_fd_sc_hd__dfrtp_2)
                                              5.500278   data arrival time

                                 25.000000   25.000000   clock clk (rise edge)
                                  0.000000   25.000000   clock source latency
     1    0.019551    0.070181    0.047825   25.047825 ^ clk (in)
                                                         clk (net)
                      0.070182    0.000000   25.047825 ^ clkbuf_0_clk/A (sky130_fd_sc_hd__clkbuf_16)
     4    0.039111    0.044757    0.107427   25.155251 ^ clkbuf_0_clk/X (sky130_fd_sc_hd__clkbuf_16)
                                                         clknet_0_clk (net)
                      0.044761    0.000417   25.155668 ^ clkbuf_2_2__f_clk/A (sky130_fd_sc_hd__clkbuf_16)
     9    0.038648    0.044216    0.100266   25.255936 ^ clkbuf_2_2__f_clk/X (sky130_fd_sc_hd__clkbuf_16)
                                                         clknet_2_2__leaf_clk (net)
                      0.044221    0.000385   25.256321 ^ _1335_/CLK (sky130_fd_sc_hd__dfrtp_2)
                                 -0.250000   25.006321   clock uncertainty
                                  0.000000   25.006321   clock reconvergence pessimism
                                  0.112951   25.119272   library recovery time
                                             25.119272   data required time
---------------------------------------------------------------------------------------------
                                             25.119272   data required time
                                             -5.500278   data arrival time
---------------------------------------------------------------------------------------------
                                             19.618996   slack (MET)


Startpoint: prescaler[9] (input port clocked by clk)
Endpoint: _1312_ (rising edge-triggered flip-flop clocked by clk)
Path Group: clk
Path Type: max

Fanout         Cap        Slew       Delay        Time   Description
---------------------------------------------------------------------------------------------
                                  0.000000    0.000000   clock clk (rise edge)
                                  0.000000    0.000000   clock network delay (propagated)
                                  5.000000    5.000000 ^ input external delay
     1    0.002787    0.013870    0.007184    5.007185 ^ prescaler[9] (in)
                                                         prescaler[9] (net)
                      0.013870    0.000000    5.007185 ^ input16/A (sky130_fd_sc_hd__buf_1)
     2    0.017247    0.154271    0.131925    5.139109 ^ input16/X (sky130_fd_sc_hd__buf_1)
                                                         net16 (net)
                      0.154271    0.000101    5.139211 ^ fanout87/A (sky130_fd_sc_hd__clkbuf_4)
    10    0.054525    0.127846    0.187237    5.326447 ^ fanout87/X (sky130_fd_sc_hd__clkbuf_4)
                                                         net87 (net)
                      0.127943    0.001952    5.328399 ^ _0681_/A (sky130_fd_sc_hd__xor2_2)
     3    0.014023    0.156188    0.145108    5.473507 ^ _0681_/X (sky130_fd_sc_hd__xor2_2)
                                                         _0057_ (net)
                      0.156188    0.000108    5.473616 ^ _0682_/B (sky130_fd_sc_hd__xnor2_2)
     2    0.012123    0.150919    0.096817    5.570433 ^ _0682_/Y (sky130_fd_sc_hd__xnor2_2)
                                                         _0058_ (net)
                      0.150919    0.000134    5.570567 ^ _0685_/B (sky130_fd_sc_hd__xor2_2)
     2    0.012043    0.140582    0.134419    5.704987 ^ _0685_/X (sky130_fd_sc_hd__xor2_2)
                                                         _0061_ (net)
                      0.140582    0.000076    5.705062 ^ _0686_/A3 (sky130_fd_sc_hd__a31o_1)
     2    0.008287    0.066952    0.121359    5.826422 ^ _0686_/X (sky130_fd_sc_hd__a31o_1)
                                                         _0062_ (net)
                      0.066952    0.000094    5.826516 ^ _0694_/A (sky130_fd_sc_hd__xor2_1)
     2    0.007654    0.141969    0.137194    5.963710 ^ _0694_/X (sky130_fd_sc_hd__xor2_1)
                                                         _0070_ (net)
                      0.141969    0.000067    5.963777 ^ _0852_/B (sky130_fd_sc_hd__xor2_1)
     2    0.008498    0.152960    0.147933    6.111710 ^ _0852_/X (sky130_fd_sc_hd__xor2_1)
                                                         _0228_ (net)
                      0.152960    0.000111    6.111821 ^ _0854_/B (sky130_fd_sc_hd__xor2_1)
     2    0.010852    0.183914    0.170368    6.282189 ^ _0854_/X (sky130_fd_sc_hd__xor2_1)
                                                         _0230_ (net)
                      0.183914    0.000129    6.282318 ^ _0855_/B (sky130_fd_sc_hd__xnor2_1)
     3    0.011025    0.196355    0.124926    6.407244 ^ _0855_/Y (sky130_fd_sc_hd__xnor2_1)
                                                         _0231_ (net)
                      0.196355    0.000120    6.407364 ^ _0858_/A (sky130_fd_sc_hd__xnor2_1)
     2    0.007587    0.067195    0.077615    6.484980 v _0858_/Y (sky130_fd_sc_hd__xnor2_1)
                                                         _0234_ (net)
                      0.067195    0.000079    6.485059 v _0863_/A (sky130_fd_sc_hd__nor2_1)
     2    0.012773    0.171122    0.163463    6.648522 ^ _0863_/Y (sky130_fd_sc_hd__nor2_1)
                                                         _0239_ (net)
                      0.171122    0.000131    6.648654 ^ _0869_/A4 (sky130_fd_sc_hd__a41oi_4)
     3    0.011300    0.079110    0.083141    6.731795 v _0869_/Y (sky130_fd_sc_hd__a41oi_4)
                                                         _0245_ (net)
                      0.079110    0.000282    6.732077 v _0902_/A2 (sky130_fd_sc_hd__a211o_1)
     2    0.007871    0.050512    0.214133    6.946210 v _0902_/X (sky130_fd_sc_hd__a211o_1)
                                                         _0278_ (net)
                      0.050512    0.000116    6.946326 v _0912_/A1 (sky130_fd_sc_hd__a21oi_2)
     5    0.022023    0.206725    0.195199    7.141525 ^ _0912_/Y (sky130_fd_sc_hd__a21oi_2)
                                                         _0288_ (net)
                      0.206725    0.000199    7.141724 ^ _0922_/C1 (sky130_fd_sc_hd__a211o_1)
     3    0.008829    0.065211    0.091686    7.233409 ^ _0922_/X (sky130_fd_sc_hd__a211o_1)
                                                         _0298_ (net)
                      0.065211    0.000117    7.233526 ^ _0924_/C_N (sky130_fd_sc_hd__or3b_1)
     2    0.004389    0.049746    0.203218    7.436744 v _0924_/X (sky130_fd_sc_hd__or3b_1)
                                                         _0300_ (net)
                      0.049746    0.000047    7.436791 v _0956_/C_N (sky130_fd_sc_hd__or3b_1)
     1    0.005031    0.045093    0.120359    7.557150 ^ _0956_/X (sky130_fd_sc_hd__or3b_1)
                                                         _0332_ (net)
                      0.045093    0.000046    7.557196 ^ _0957_/A2 (sky130_fd_sc_hd__a211oi_2)
     2    0.011350    0.050754    0.054871    7.612067 v _0957_/Y (sky130_fd_sc_hd__a211oi_2)
                                                         _0333_ (net)
                      0.050754    0.000095    7.612162 v _0960_/B (sky130_fd_sc_hd__or3_1)
     1    0.004707    0.050560    0.209671    7.821833 v _0960_/X (sky130_fd_sc_hd__or3_1)
                                                         _0336_ (net)
                      0.050560    0.000091    7.821924 v fanout60/A (sky130_fd_sc_hd__buf_2)
     7    0.040680    0.072575    0.133081    7.955005 v fanout60/X (sky130_fd_sc_hd__buf_2)
                                                         net60 (net)
                      0.072575    0.000218    7.955224 v fanout59/A (sky130_fd_sc_hd__buf_2)
    10    0.040900    0.072965    0.142236    8.097459 v fanout59/X (sky130_fd_sc_hd__buf_2)
                                                         net59 (net)
                      0.073029    0.001950    8.099409 v _1035_/C (sky130_fd_sc_hd__or4_1)
     4    0.010694    0.086930    0.314810    8.414219 v _1035_/X (sky130_fd_sc_hd__or4_1)
                                                         _0411_ (net)
                      0.086930    0.000036    8.414255 v _1053_/B (sky130_fd_sc_hd__or2_1)
     2    0.005973    0.042436    0.151818    8.566073 v _1053_/X (sky130_fd_sc_hd__or2_1)
                                                         _0428_ (net)
                      0.042436    0.000069    8.566143 v _1213_/A2 (sky130_fd_sc_hd__a311o_1)
     1    0.002494    0.037734    0.188686    8.754829 v _1213_/X (sky130_fd_sc_hd__a311o_1)
                                                         _0557_ (net)
                      0.037734    0.000028    8.754857 v _1214_/C (sky130_fd_sc_hd__or4b_1)
     1    0.007577    0.073962    0.287209    9.042067 v _1214_/X (sky130_fd_sc_hd__or4b_1)
                                                         _0558_ (net)
                      0.073962    0.000239    9.042306 v _1228_/A (sky130_fd_sc_hd__or4_1)
     1    0.003606    0.057176    0.307789    9.350095 v _1228_/X (sky130_fd_sc_hd__or4_1)
                                                         _0572_ (net)
                      0.057176    0.000032    9.350127 v _1253_/A (sky130_fd_sc_hd__nor2_1)
     1    0.003279    0.060840    0.078030    9.428157 ^ _1253_/Y (sky130_fd_sc_hd__nor2_1)
                                                         clk_divider.next_flag (net)
                      0.060840    0.000042    9.428199 ^ _1312_/D (sky130_fd_sc_hd__dfrtp_1)
                                              9.428199   data arrival time

                                 25.000000   25.000000   clock clk (rise edge)
                                  0.000000   25.000000   clock source latency
     1    0.019551    0.070181    0.047825   25.047825 ^ clk (in)
                                                         clk (net)
                      0.070182    0.000000   25.047825 ^ clkbuf_0_clk/A (sky130_fd_sc_hd__clkbuf_16)
     4    0.039111    0.044757    0.107427   25.155251 ^ clkbuf_0_clk/X (sky130_fd_sc_hd__clkbuf_16)
                                                         clknet_0_clk (net)
                      0.044762    0.000462   25.155712 ^ clkbuf_2_3__f_clk/A (sky130_fd_sc_hd__clkbuf_16)
    11    0.033549    0.040644    0.097309   25.253021 ^ clkbuf_2_3__f_clk/X (sky130_fd_sc_hd__clkbuf_16)
                                                         clknet_2_3__leaf_clk (net)
                      0.040644    0.000149   25.253170 ^ _1312_/CLK (sky130_fd_sc_hd__dfrtp_1)
                                 -0.250000   25.003172   clock uncertainty
                                  0.000000   25.003172   clock reconvergence pessimism
                                 -0.036292   24.966881   library setup time
                                             24.966881   data required time
---------------------------------------------------------------------------------------------
                                             24.966881   data required time
                                             -9.428199   data arrival time
---------------------------------------------------------------------------------------------
                                             15.538682   slack (MET)




===========================================================================
report_checks --slack_max -0.01
============================================================================
======================= min_ff_n40C_1v95 Corner ===================================

No paths found.


===========================================================================
 report_check_types -max_slew -max_cap -max_fanout -violators
============================================================================
======================= min_ff_n40C_1v95 Corner ===================================

max fanout

Pin                                   Limit Fanout  Slack
---------------------------------------------------------
clkbuf_2_3__f_clk/X                      10     11        (VIOLATED)



===========================================================================
report_parasitic_annotation -report_unannotated
============================================================================
Found 3 unannotated drivers.
 clkload0/X
 clkload1/Y
 clkload2/Y
Found 0 partially unannotated drivers.

===========================================================================
max slew violation count 0
max fanout violation count 1
max cap violation count 0
============================================================================

===========================================================================
check_setup -verbose -unconstrained_endpoints -multiple_clock -no_clock -no_input_delay -loops -generated_clocks
===========================================================================
