Clock: clk
Sources: clk 
Generated: no
Virtual: yes
Propagated: no
Period: 25.000000

===========================================================================
report_clock_properties
============================================================================
Clock                   Period          Waveform
----------------------------------------------------
clk                  25.000000    0.000000 12.500000

===========================================================================
report_clock_latency
============================================================================
Clock clk
rise -> rise
    min     max
0.000000 0.000000 source latency
0.253172         network latency _1312_/CLK
        0.257013 network latency _1319_/CLK
---------------
0.253172 0.257013 latency
        0.003841 skew

fall -> fall
    min     max
0.000000 0.000000 source latency
0.233213         network latency _1312_/CLK
        0.236049 network latency _1319_/CLK
---------------
0.233213 0.236049 latency
        0.002835 skew



===========================================================================
report_clock_min_period
============================================================================
clk period_min = 4.14 fmax = 241.63
