
===========================================================================
report_checks -unconstrained
===========================================================================
======================= nom_ss_100C_1v60 Corner ===================================

Startpoint: nrst (input port clocked by clk)
Endpoint: _3033_ (recovery check against rising-edge clock clk)
Path Group: asynchronous
Path Type: max

Fanout         Cap        Slew       Delay        Time   Description
---------------------------------------------------------------------------------------------
                                  0.000000    0.000000   clock clk (rise edge)
                                  0.000000    0.000000   clock network delay (propagated)
                                 20.000000   20.000000 ^ input external delay
     2    0.032862    0.239963    0.165288   20.165289 ^ nrst (in)
                                                         nrst (net)
                      0.239966    0.000000   20.165289 ^ input62/A (sky130_fd_sc_hd__clkbuf_1)
     1    0.024735    0.468789    0.504079   20.669367 ^ input62/X (sky130_fd_sc_hd__clkbuf_1)
                                                         net62 (net)
                      0.468911    0.001002   20.670368 ^ fanout229/A (sky130_fd_sc_hd__buf_2)
    13    0.094699    0.722421    0.821689   21.492058 ^ fanout229/X (sky130_fd_sc_hd__buf_2)
                                                         net229 (net)
                      0.722465    0.004764   21.496822 ^ fanout228/A (sky130_fd_sc_hd__buf_2)
    13    0.087341    0.666773    0.872847   22.369669 ^ fanout228/X (sky130_fd_sc_hd__buf_2)
                                                         net228 (net)
                      0.666773    0.001700   22.371370 ^ fanout227/A (sky130_fd_sc_hd__dlymetal6s2s_1)
     5    0.023509    0.379938    0.594238   22.965607 ^ fanout227/X (sky130_fd_sc_hd__dlymetal6s2s_1)
                                                         net227 (net)
                      0.379938    0.000906   22.966513 ^ fanout224/A (sky130_fd_sc_hd__clkbuf_4)
    10    0.045529    0.229875    0.504146   23.470659 ^ fanout224/X (sky130_fd_sc_hd__clkbuf_4)
                                                         net224 (net)
                      0.229886    0.001897   23.472557 ^ _3033_/SET_B (sky130_fd_sc_hd__dfstp_2)
                                             23.472557   data arrival time

                                100.000000  100.000000   clock clk (rise edge)
                                  0.000000  100.000000   clock source latency
     2    0.039484    0.286609    0.199485  100.199478 ^ clk (in)
                                                         clk (net)
                      0.286670    0.000000  100.199478 ^ clkbuf_0_clk/A (sky130_fd_sc_hd__clkbuf_16)
     9    0.075674    0.142869    0.384851  100.584335 ^ clkbuf_0_clk/X (sky130_fd_sc_hd__clkbuf_16)
                                                         clknet_0_clk (net)
                      0.142889    0.001783  100.586113 ^ clkbuf_2_3__f_clk/A (sky130_fd_sc_hd__clkbuf_16)
    19    0.094783    0.169552    0.340229  100.926346 ^ clkbuf_2_3__f_clk/X (sky130_fd_sc_hd__clkbuf_16)
                                                         clknet_2_3__leaf_clk (net)
                      0.170084    0.007589  100.933937 ^ clkbuf_leaf_12_clk/A (sky130_fd_sc_hd__clkbuf_8)
    11    0.041849    0.134290    0.326914  101.260849 ^ clkbuf_leaf_12_clk/X (sky130_fd_sc_hd__clkbuf_8)
                                                         clknet_leaf_12_clk (net)
                      0.134295    0.001016  101.261864 ^ _3033_/CLK (sky130_fd_sc_hd__dfstp_2)
                                 -0.250000  101.011864   clock uncertainty
                                  0.000000  101.011864   clock reconvergence pessimism
                                  0.263231  101.275101   library recovery time
                                            101.275101   data required time
---------------------------------------------------------------------------------------------
                                            101.275101   data required time
                                            -23.472557   data arrival time
---------------------------------------------------------------------------------------------
                                             77.802544   slack (MET)


Startpoint: SBwest_in[0] (input port clocked by clk)
Endpoint: CBnorth_out[6] (output port clocked by clk)
Path Group: clk
Path Type: max

Fanout         Cap        Slew       Delay        Time   Description
---------------------------------------------------------------------------------------------
                                  0.000000    0.000000   clock clk (rise edge)
                                  0.000000    0.000000   clock network delay (propagated)
                                 20.000000   20.000000 ^ input external delay
     2    0.004389    0.042987    0.024171   20.024172 ^ SBwest_in[0] (in)
                                                         SBwest_in[0] (net)
                      0.042987    0.000000   20.024172 ^ input43/A (sky130_fd_sc_hd__clkbuf_1)
     1    0.010975    0.218739    0.244592   20.268763 ^ input43/X (sky130_fd_sc_hd__clkbuf_1)
                                                         net43 (net)
                      0.218740    0.000492   20.269255 ^ _1662_/B1_N (sky130_fd_sc_hd__a21bo_1)
     1    0.006199    0.089258    0.453563   20.722818 v _1662_/X (sky130_fd_sc_hd__a21bo_1)
                                                         _0424_ (net)
                      0.089258    0.000252   20.723070 v _1663_/A0 (sky130_fd_sc_hd__mux2_1)
     1    0.003120    0.113187    0.640521   21.363590 v _1663_/X (sky130_fd_sc_hd__mux2_1)
                                                         _0425_ (net)
                      0.113187    0.000094   21.363686 v _1664_/A3 (sky130_fd_sc_hd__a31oi_1)
     1    0.003651    0.221418    0.297764   21.661448 ^ _1664_/Y (sky130_fd_sc_hd__a31oi_1)
                                                         _0426_ (net)
                      0.221418    0.000108   21.661556 ^ _1665_/B2 (sky130_fd_sc_hd__a22o_2)
     4    0.027204    0.242636    0.475655   22.137213 ^ _1665_/X (sky130_fd_sc_hd__a22o_2)
                                                         _0427_ (net)
                      0.242636    0.000783   22.137995 ^ _1668_/A (sky130_fd_sc_hd__nand2_4)
    19    0.074047    0.330698    0.350100   22.488096 v _1668_/Y (sky130_fd_sc_hd__nand2_4)
                                                         _0430_ (net)
                      0.331190    0.010589   22.498684 v _1687_/A3 (sky130_fd_sc_hd__mux4_1)
     1    0.001773    0.139606    1.163878   23.662561 v _1687_/X (sky130_fd_sc_hd__mux4_1)
                                                         _0449_ (net)
                      0.139606    0.000050   23.662613 v _1779_/A0 (sky130_fd_sc_hd__mux2_1)
     1    0.006357    0.144550    0.705542   24.368155 v _1779_/X (sky130_fd_sc_hd__mux2_1)
                                                         _0541_ (net)
                      0.144550    0.000238   24.368393 v _1780_/A2 (sky130_fd_sc_hd__a21o_1)
     1    0.003928    0.069353    0.356350   24.724743 v _1780_/X (sky130_fd_sc_hd__a21o_1)
                                                         _0542_ (net)
                      0.069353    0.000123   24.724865 v _1781_/C1 (sky130_fd_sc_hd__o211a_2)
     8    0.042522    0.231783    0.360581   25.085445 v _1781_/X (sky130_fd_sc_hd__o211a_2)
                                                         _0543_ (net)
                      0.231832    0.003254   25.088699 v _1811_/S (sky130_fd_sc_hd__mux2_1)
     1    0.002251    0.104875    0.743183   25.831882 v _1811_/X (sky130_fd_sc_hd__mux2_1)
                                                         _0573_ (net)
                      0.104875    0.000062   25.831945 v _1842_/A1 (sky130_fd_sc_hd__mux2_1)
     1    0.002883    0.110850    0.664377   26.496323 v _1842_/X (sky130_fd_sc_hd__mux2_1)
                                                         _0604_ (net)
                      0.110850    0.000091   26.496412 v _1875_/A1 (sky130_fd_sc_hd__mux2_1)
     1    0.002364    0.105546    0.657733   27.154146 v _1875_/X (sky130_fd_sc_hd__mux2_1)
                                                         _0637_ (net)
                      0.105546    0.000068   27.154213 v _1883_/A1 (sky130_fd_sc_hd__mux2_1)
     7    0.042130    0.422977    1.018758   28.172972 v _1883_/X (sky130_fd_sc_hd__mux2_1)
                                                         _0645_ (net)
                      0.422977    0.001437   28.174410 v _1887_/A2 (sky130_fd_sc_hd__o211a_1)
     1    0.005235    0.093257    0.553083   28.727491 v _1887_/X (sky130_fd_sc_hd__o211a_1)
                                                         CB_0.le_outA (net)
                      0.093257    0.000183   28.727674 v fanout141/A (sky130_fd_sc_hd__buf_2)
    11    0.071130    0.310335    0.469688   29.197363 v fanout141/X (sky130_fd_sc_hd__buf_2)
                                                         net141 (net)
                      0.310373    0.003475   29.200838 v _1762_/A0 (sky130_fd_sc_hd__mux2_1)
     3    0.021541    0.268356    0.922622   30.123461 v _1762_/X (sky130_fd_sc_hd__mux2_1)
                                                         _0524_ (net)
                      0.268356    0.000831   30.124292 v _1772_/B1 (sky130_fd_sc_hd__a2bb2o_1)
     5    0.020092    0.242367    0.837218   30.961510 v _1772_/X (sky130_fd_sc_hd__a2bb2o_1)
                                                         _0534_ (net)
                      0.242367    0.000643   30.962152 v _1776_/B1 (sky130_fd_sc_hd__o31a_2)
     6    0.031557    0.208184    0.400139   31.362291 v _1776_/X (sky130_fd_sc_hd__o31a_2)
                                                         _0538_ (net)
                      0.208185    0.001030   31.363321 v _1903_/A1 (sky130_fd_sc_hd__a221o_1)
     1    0.002659    0.090474    0.625377   31.988699 v _1903_/X (sky130_fd_sc_hd__a221o_1)
                                                         _0663_ (net)
                      0.090474    0.000075   31.988773 v _1904_/C (sky130_fd_sc_hd__or3_1)
     1    0.009475    0.204631    0.820478   32.809250 v _1904_/X (sky130_fd_sc_hd__or3_1)
                                                         _0664_ (net)
                      0.204631    0.000401   32.809654 v _1915_/B1 (sky130_fd_sc_hd__a22o_1)
     5    0.030054    0.288705    0.585022   33.394676 v _1915_/X (sky130_fd_sc_hd__a22o_1)
                                                         _0675_ (net)
                      0.288712    0.001773   33.396446 v _1916_/A (sky130_fd_sc_hd__inv_2)
     4    0.022429    0.185638    0.265867   33.662315 ^ _1916_/Y (sky130_fd_sc_hd__inv_2)
                                                         _0676_ (net)
                      0.185638    0.000529   33.662846 ^ _1973_/B1 (sky130_fd_sc_hd__a21o_1)
     1    0.003999    0.078780    0.198192   33.861034 ^ _1973_/X (sky130_fd_sc_hd__a21o_1)
                                                         _0733_ (net)
                      0.078780    0.000131   33.861168 ^ _1974_/B2 (sky130_fd_sc_hd__o221a_1)
     2    0.008001    0.167691    0.425185   34.286354 ^ _1974_/X (sky130_fd_sc_hd__o221a_1)
                                                         _0734_ (net)
                      0.167691    0.000252   34.286606 ^ _2015_/A1 (sky130_fd_sc_hd__o22a_1)
     1    0.006137    0.119605    0.348710   34.635315 ^ _2015_/X (sky130_fd_sc_hd__o22a_1)
                                                         _0775_ (net)
                      0.119605    0.000220   34.635536 ^ _2018_/A2 (sky130_fd_sc_hd__o211a_1)
     1    0.005743    0.111932    0.325034   34.960567 ^ _2018_/X (sky130_fd_sc_hd__o211a_1)
                                                         CB_0.le_outB (net)
                      0.111932    0.000195   34.960766 ^ fanout127/A (sky130_fd_sc_hd__buf_2)
    15    0.085521    0.653840    0.630063   35.590828 ^ fanout127/X (sky130_fd_sc_hd__buf_2)
                                                         net127 (net)
                      0.653947    0.007006   35.597832 ^ _1671_/A0 (sky130_fd_sc_hd__mux2_1)
     1    0.002318    0.088658    0.429811   36.027645 ^ _1671_/X (sky130_fd_sc_hd__mux2_1)
                                                         _0433_ (net)
                      0.088658    0.000068   36.027710 ^ _1673_/A1 (sky130_fd_sc_hd__mux2_1)
     3    0.031707    0.453157    0.531202   36.558914 ^ _1673_/X (sky130_fd_sc_hd__mux2_1)
                                                         _0435_ (net)
                      0.453158    0.001634   36.560547 ^ _1682_/A2 (sky130_fd_sc_hd__a22o_2)
     4    0.025680    0.231005    0.571056   37.131603 ^ _1682_/X (sky130_fd_sc_hd__a22o_2)
                                                         _0444_ (net)
                      0.231005    0.000501   37.132103 ^ _2064_/A (sky130_fd_sc_hd__nand2_4)
    19    0.074156    0.329405    0.347001   37.479107 v _2064_/Y (sky130_fd_sc_hd__nand2_4)
                                                         _0822_ (net)
                      0.329793    0.009390   37.488495 v _2065_/A3 (sky130_fd_sc_hd__mux4_1)
     1    0.003630    0.162684    1.205201   38.693695 v _2065_/X (sky130_fd_sc_hd__mux4_1)
                                                         _0823_ (net)
                      0.162684    0.000114   38.693810 v _2066_/B (sky130_fd_sc_hd__nor2_1)
     1    0.003423    0.148602    0.190902   38.884712 ^ _2066_/Y (sky130_fd_sc_hd__nor2_1)
                                                         _0824_ (net)
                      0.148602    0.000099   38.884811 ^ _2088_/C1 (sky130_fd_sc_hd__a211o_1)
     1    0.002955    0.070958    0.191942   39.076752 ^ _2088_/X (sky130_fd_sc_hd__a211o_1)
                                                         _0846_ (net)
                      0.070958    0.000085   39.076839 ^ _2090_/A2 (sky130_fd_sc_hd__a22o_2)
     9    0.050347    0.419166    0.567525   39.644363 ^ _2090_/X (sky130_fd_sc_hd__a22o_2)
                                                         _0848_ (net)
                      0.419186    0.003276   39.647640 ^ _2144_/S0 (sky130_fd_sc_hd__mux4_1)
     1    0.002466    0.147510    1.328239   40.975880 v _2144_/X (sky130_fd_sc_hd__mux4_1)
                                                         _0902_ (net)
                      0.147510    0.000071   40.975948 v _2172_/A0 (sky130_fd_sc_hd__mux2_1)
     1    0.002469    0.106720    0.652150   41.628101 v _2172_/X (sky130_fd_sc_hd__mux2_1)
                                                         _0930_ (net)
                      0.106720    0.000071   41.628170 v _2176_/A0 (sky130_fd_sc_hd__mux2_2)
     5    0.036413    0.232165    0.732292   42.360462 v _2176_/X (sky130_fd_sc_hd__mux2_2)
                                                         _0934_ (net)
                      0.232211    0.003247   42.363708 v _2179_/A2 (sky130_fd_sc_hd__o211a_1)
     1    0.013638    0.162943    0.543004   42.906715 v _2179_/X (sky130_fd_sc_hd__o211a_1)
                                                         CB_1.le_outA (net)
                      0.162943    0.000608   42.907322 v fanout130/A (sky130_fd_sc_hd__clkbuf_4)
    21    0.088926    0.309289    0.503697   43.411018 v fanout130/X (sky130_fd_sc_hd__clkbuf_4)
                                                         net130 (net)
                      0.309289    0.000952   43.411972 v _2229_/A2 (sky130_fd_sc_hd__mux4_1)
     1    0.002503    0.147885    1.184343   44.596313 v _2229_/X (sky130_fd_sc_hd__mux4_1)
                                                         _0985_ (net)
                      0.147885    0.000050   44.596363 v _2230_/B (sky130_fd_sc_hd__nand2b_1)
     4    0.020079    0.335214    0.326196   44.922558 ^ _2230_/Y (sky130_fd_sc_hd__nand2b_1)
                                                         _0986_ (net)
                      0.335219    0.001112   44.923672 ^ _2231_/B (sky130_fd_sc_hd__nand2_2)
     5    0.021231    0.202912    0.298385   45.222057 v _2231_/Y (sky130_fd_sc_hd__nand2_2)
                                                         _0987_ (net)
                      0.202912    0.000696   45.222752 v _2232_/A (sky130_fd_sc_hd__inv_2)
     1    0.008855    0.094609    0.155492   45.378246 ^ _2232_/Y (sky130_fd_sc_hd__inv_2)
                                                         _0988_ (net)
                      0.094609    0.000426   45.378670 ^ _2307_/A1 (sky130_fd_sc_hd__o21ai_1)
     1    0.005791    0.134934    0.182553   45.561222 v _2307_/Y (sky130_fd_sc_hd__o21ai_1)
                                                         _1063_ (net)
                      0.134934    0.000195   45.561420 v _2309_/B1 (sky130_fd_sc_hd__a22oi_2)
     2    0.009047    0.258157    0.286200   45.847618 ^ _2309_/Y (sky130_fd_sc_hd__a22oi_2)
                                                         _1065_ (net)
                      0.258158    0.000341   45.847961 ^ _2312_/A2 (sky130_fd_sc_hd__o211a_1)
     1    0.012491    0.192629    0.439290   46.287251 ^ _2312_/X (sky130_fd_sc_hd__o211a_1)
                                                         CB_1.le_outB (net)
                      0.192629    0.000433   46.287682 ^ fanout134/A (sky130_fd_sc_hd__buf_2)
    19    0.079215    0.606583    0.636145   46.923828 ^ fanout134/X (sky130_fd_sc_hd__buf_2)
                                                         net134 (net)
                      0.606700    0.007052   46.930882 ^ fanout133/A (sky130_fd_sc_hd__buf_2)
    19    0.076688    0.587515    0.783199   47.714081 ^ fanout133/X (sky130_fd_sc_hd__buf_2)
                                                         net133 (net)
                      0.587515    0.002149   47.716228 ^ fanout132/A (sky130_fd_sc_hd__buf_1)
     5    0.022414    0.426920    0.570687   48.286915 ^ fanout132/X (sky130_fd_sc_hd__buf_1)
                                                         net132 (net)
                      0.426920    0.000377   48.287292 ^ fanout131/A (sky130_fd_sc_hd__buf_2)
    10    0.040580    0.320054    0.527635   48.814926 ^ fanout131/X (sky130_fd_sc_hd__buf_2)
                                                         net131 (net)
                      0.320057    0.001553   48.816479 ^ _1492_/A1 (sky130_fd_sc_hd__o31a_1)
     2    0.006803    0.140939    0.395573   49.212051 ^ _1492_/X (sky130_fd_sc_hd__o31a_1)
                                                         _1286_ (net)
                      0.140939    0.000124   49.212177 ^ _1495_/A2 (sky130_fd_sc_hd__a211oi_1)
     1    0.001803    0.098271    0.154404   49.366581 v _1495_/Y (sky130_fd_sc_hd__a211oi_1)
                                                         _1289_ (net)
                      0.098271    0.000050   49.366631 v _1500_/A2_N (sky130_fd_sc_hd__a2bb2o_1)
     5    0.018087    0.286938    0.652953   50.019585 ^ _1500_/X (sky130_fd_sc_hd__a2bb2o_1)
                                                         _1294_ (net)
                      0.286938    0.000476   50.020061 ^ _1503_/B1_N (sky130_fd_sc_hd__a21boi_4)
    19    0.095785    1.073485    1.048054   51.068115 ^ _1503_/Y (sky130_fd_sc_hd__a21boi_4)
                                                         _1297_ (net)
                      1.073579    0.008487   51.076603 ^ _2335_/A0 (sky130_fd_sc_hd__mux2_1)
     1    0.003132    0.104352    0.530086   51.606689 ^ _2335_/X (sky130_fd_sc_hd__mux2_1)
                                                         _1074_ (net)
                      0.104352    0.000096   51.606785 ^ _2336_/A1 (sky130_fd_sc_hd__mux2_1)
     1    0.005604    0.112304    0.278803   51.885586 ^ _2336_/X (sky130_fd_sc_hd__mux2_1)
                                                         net87 (net)
                      0.112304    0.000238   51.885826 ^ output87/A (sky130_fd_sc_hd__buf_2)
     1    0.038468    0.303580    0.384929   52.270756 ^ output87/X (sky130_fd_sc_hd__buf_2)
                                                         CBnorth_out[6] (net)
                      0.303583    0.001531   52.272285 ^ CBnorth_out[6] (out)
                                             52.272285   data arrival time

                                100.000000  100.000000   clock clk (rise edge)
                                  0.000000  100.000000   clock network delay (propagated)
                                 -0.250000   99.750000   clock uncertainty
                                  0.000000   99.750000   clock reconvergence pessimism
                                -20.000000   79.750000   output external delay
                                             79.750000   data required time
---------------------------------------------------------------------------------------------
                                             79.750000   data required time
                                            -52.272285   data arrival time
---------------------------------------------------------------------------------------------
                                             27.477711   slack (MET)




===========================================================================
report_checks --slack_max -0.01
============================================================================
======================= nom_ss_100C_1v60 Corner ===================================

No paths found.


===========================================================================
 report_check_types -max_slew -max_cap -max_fanout -violators
============================================================================
======================= nom_ss_100C_1v60 Corner ===================================

max slew

Pin                                        Limit        Slew       Slack
------------------------------------------------------------------------
ANTENNA__1905__A1/DIODE                 0.750000    1.210310   -0.460310 (VIOLATED)
_1946_/A1                               0.750000    1.210311   -0.460311 (VIOLATED)
ANTENNA__1552__A2/DIODE                 0.750000    1.210309   -0.460309 (VIOLATED)
_1905_/A1                               0.750000    1.210309   -0.460309 (VIOLATED)
_1552_/A2                               0.750000    1.210309   -0.460309 (VIOLATED)
_1835_/A2                               0.750000    1.210303   -0.460303 (VIOLATED)
_1806_/A1                               0.750000    1.210300   -0.460300 (VIOLATED)
_1854_/A0                               0.750000    1.210291   -0.460291 (VIOLATED)
ANTENNA__1854__A0/DIODE                 0.750000    1.210287   -0.460287 (VIOLATED)
ANTENNA__1835__A2/DIODE                 0.750000    1.210282   -0.460282 (VIOLATED)
ANTENNA__1946__A1/DIODE                 0.750000    1.210274   -0.460274 (VIOLATED)
_1975_/A1                               0.750000    1.210271   -0.460270 (VIOLATED)
_2337_/A0                               0.750000    1.210268   -0.460268 (VIOLATED)
ANTENNA__1806__A1/DIODE                 0.750000    1.210267   -0.460267 (VIOLATED)
ANTENNA__2337__A0/DIODE                 0.750000    1.210267   -0.460267 (VIOLATED)
ANTENNA__1975__A1/DIODE                 0.750000    1.210266   -0.460267 (VIOLATED)
ANTENNA__1527__Y/DIODE                  0.750000    1.210262   -0.460262 (VIOLATED)
_1527_/Y                                0.750000    1.210262   -0.460262 (VIOLATED)
ANTENNA_fanout250_X/DIODE               0.750000    1.161696   -0.411696 (VIOLATED)
ANTENNA_fanout245_A/DIODE               0.750000    1.161695   -0.411695 (VIOLATED)
ANTENNA_fanout246_A/DIODE               0.750000    1.161694   -0.411694 (VIOLATED)
ANTENNA_fanout247_A/DIODE               0.750000    1.161694   -0.411694 (VIOLATED)
ANTENNA_fanout248_A/DIODE               0.750000    1.161694   -0.411694 (VIOLATED)
fanout249/A                             0.750000    1.161687   -0.411687 (VIOLATED)
fanout245/A                             0.750000    1.161683   -0.411683 (VIOLATED)
ANTENNA_fanout249_A/DIODE               0.750000    1.161678   -0.411678 (VIOLATED)
fanout248/A                             0.750000    1.161669   -0.411669 (VIOLATED)
fanout246/A                             0.750000    1.161665   -0.411665 (VIOLATED)
fanout247/A                             0.750000    1.161665   -0.411665 (VIOLATED)
fanout250/X                             0.750000    1.161665   -0.411665 (VIOLATED)
output114/A                             0.750000    1.124550   -0.374550 (VIOLATED)
ANTENNA__2403__Y/DIODE                  0.750000    1.124546   -0.374546 (VIOLATED)
ANTENNA_output114_A/DIODE               0.750000    1.124546   -0.374546 (VIOLATED)
_2403_/Y                                0.750000    1.124546   -0.374546 (VIOLATED)
ANTENNA__2333__A0/DIODE                 0.750000    1.117474   -0.367474 (VIOLATED)
_2333_/A0                               0.750000    1.117468   -0.367468 (VIOLATED)
ANTENNA__1856__B2/DIODE                 0.750000    1.117465   -0.367465 (VIOLATED)
_1856_/B2                               0.750000    1.117462   -0.367462 (VIOLATED)
ANTENNA__1837__B2/DIODE                 0.750000    1.117459   -0.367459 (VIOLATED)
_1807_/B2                               0.750000    1.117458   -0.367458 (VIOLATED)
_1837_/B2                               0.750000    1.117448   -0.367448 (VIOLATED)
_1975_/A3                               0.750000    1.117443   -0.367443 (VIOLATED)
ANTENNA__1975__A3/DIODE                 0.750000    1.117441   -0.367441 (VIOLATED)
ANTENNA__1936__C/DIODE                  0.750000    1.117438   -0.367438 (VIOLATED)
ANTENNA__1552__A0/DIODE                 0.750000    1.117428   -0.367428 (VIOLATED)
ANTENNA__1946__A3/DIODE                 0.750000    1.117424   -0.367424 (VIOLATED)
_1552_/A0                               0.750000    1.117419   -0.367419 (VIOLATED)
_1946_/A3                               0.750000    1.117401   -0.367401 (VIOLATED)
_1936_/C                                0.750000    1.117393   -0.367393 (VIOLATED)
_1905_/A3                               0.750000    1.117391   -0.367391 (VIOLATED)
ANTENNA__1905__A3/DIODE                 0.750000    1.117388   -0.367388 (VIOLATED)
ANTENNA__1807__B2/DIODE                 0.750000    1.117375   -0.367375 (VIOLATED)
ANTENNA__1479__Y/DIODE                  0.750000    1.117246   -0.367246 (VIOLATED)
_1479_/Y                                0.750000    1.117246   -0.367246 (VIOLATED)
ANTENNA__1837__A1/DIODE                 0.750000    1.073642   -0.323642 (VIOLATED)
_1856_/A1                               0.750000    1.073642   -0.323642 (VIOLATED)
_1807_/A1                               0.750000    1.073641   -0.323641 (VIOLATED)
_1837_/A1                               0.750000    1.073633   -0.323633 (VIOLATED)
_1905_/A2                               0.750000    1.073629   -0.323629 (VIOLATED)
_1935_/C                                0.750000    1.073629   -0.323629 (VIOLATED)
ANTENNA__1935__C/DIODE                  0.750000    1.073626   -0.323626 (VIOLATED)
ANTENNA__1905__A2/DIODE                 0.750000    1.073620   -0.323620 (VIOLATED)
_1552_/A1                               0.750000    1.073620   -0.323620 (VIOLATED)
ANTENNA__1552__A1/DIODE                 0.750000    1.073619   -0.323619 (VIOLATED)
_1946_/A2                               0.750000    1.073595   -0.323595 (VIOLATED)
ANTENNA__1856__A1/DIODE                 0.750000    1.073581   -0.323581 (VIOLATED)
_2335_/A0                               0.750000    1.073579   -0.323579 (VIOLATED)
ANTENNA__1807__A1/DIODE                 0.750000    1.073573   -0.323573 (VIOLATED)
ANTENNA__1946__A2/DIODE                 0.750000    1.073574   -0.323574 (VIOLATED)
ANTENNA__1975__A2/DIODE                 0.750000    1.073562   -0.323562 (VIOLATED)
_1975_/A2                               0.750000    1.073558   -0.323558 (VIOLATED)
ANTENNA__2335__A0/DIODE                 0.750000    1.073543   -0.323543 (VIOLATED)
ANTENNA__1503__Y/DIODE                  0.750000    1.073488   -0.323488 (VIOLATED)
_1503_/Y                                0.750000    1.073485   -0.323485 (VIOLATED)
_2277_/A2                               0.750000    0.928047   -0.178047 (VIOLATED)
_2224_/B2                               0.750000    0.928046   -0.178046 (VIOLATED)
_2031_/Y                                0.750000    0.928044   -0.178044 (VIOLATED)
output111/A                             0.750000    0.835032   -0.085032 (VIOLATED)
ANTENNA_output111_A/DIODE               0.750000    0.835029   -0.085029 (VIOLATED)
ANTENNA__2421__Y/DIODE                  0.750000    0.835024   -0.085024 (VIOLATED)
_2421_/Y                                0.750000    0.835024   -0.085024 (VIOLATED)
ANTENNA__2140__A2/DIODE                 0.750000    0.819201   -0.069201 (VIOLATED)
_2140_/A2                               0.750000    0.819190   -0.069190 (VIOLATED)
ANTENNA__2165__A0/DIODE                 0.750000    0.819184   -0.069184 (VIOLATED)
_2165_/A0                               0.750000    0.819184   -0.069184 (VIOLATED)
ANTENNA__2086__A2/DIODE                 0.750000    0.819178   -0.069178 (VIOLATED)
_2086_/A2                               0.750000    0.819175   -0.069175 (VIOLATED)
ANTENNA__2104__A0/DIODE                 0.750000    0.819169   -0.069169 (VIOLATED)
_2104_/A0                               0.750000    0.819169   -0.069169 (VIOLATED)
_2291_/A1                               0.750000    0.819169   -0.069169 (VIOLATED)
ANTENNA__2291__A1/DIODE                 0.750000    0.819165   -0.069165 (VIOLATED)
_2257_/A3                               0.750000    0.819160   -0.069160 (VIOLATED)
ANTENNA__2257__A3/DIODE                 0.750000    0.819149   -0.069149 (VIOLATED)
_2355_/B1                               0.750000    0.819143   -0.069143 (VIOLATED)
ANTENNA__2355__B1/DIODE                 0.750000    0.819143   -0.069143 (VIOLATED)
ANTENNA__2199__A3/DIODE                 0.750000    0.819142   -0.069142 (VIOLATED)
_2199_/A3                               0.750000    0.819140   -0.069140 (VIOLATED)
ANTENNA__2210__A3/DIODE                 0.750000    0.819139   -0.069139 (VIOLATED)
_2210_/A3                               0.750000    0.819139   -0.069139 (VIOLATED)
ANTENNA__2080__Y/DIODE                  0.750000    0.819119   -0.069119 (VIOLATED)
_2080_/Y                                0.750000    0.819113   -0.069113 (VIOLATED)
ANTENNA_input21_X/DIODE                 0.750000    0.792649   -0.042649 (VIOLATED)
ANTENNA__1787__A1/DIODE                 0.750000    0.792636   -0.042636 (VIOLATED)
ANTENNA__1824__A2/DIODE                 0.750000    0.792630   -0.042630 (VIOLATED)
ANTENNA__1866__A2/DIODE                 0.750000    0.792600   -0.042600 (VIOLATED)
ANTENNA__1752__A2/DIODE                 0.750000    0.792594   -0.042594 (VIOLATED)
ANTENNA__1925__A2/DIODE                 0.750000    0.792586   -0.042586 (VIOLATED)
_1960_/A2                               0.750000    0.792569   -0.042569 (VIOLATED)
ANTENNA__1960__A2/DIODE                 0.750000    0.792549   -0.042549 (VIOLATED)
_1990_/A2                               0.750000    0.792536   -0.042536 (VIOLATED)
ANTENNA__1990__A2/DIODE                 0.750000    0.792519   -0.042519 (VIOLATED)
_1896_/A2                               0.750000    0.792513   -0.042513 (VIOLATED)
ANTENNA__1896__A2/DIODE                 0.750000    0.792508   -0.042508 (VIOLATED)
_1925_/A2                               0.750000    0.792480   -0.042480 (VIOLATED)
_1752_/A2                               0.750000    0.792469   -0.042469 (VIOLATED)
_1824_/A2                               0.750000    0.792461   -0.042461 (VIOLATED)
_1671_/A1                               0.750000    0.792405   -0.042405 (VIOLATED)
ANTENNA__1671__A1/DIODE                 0.750000    0.792404   -0.042404 (VIOLATED)
_1866_/A2                               0.750000    0.792403   -0.042403 (VIOLATED)
_1787_/A1                               0.750000    0.792401   -0.042401 (VIOLATED)
input21/X                               0.750000    0.792307   -0.042307 (VIOLATED)
_1532_/A1                               0.750000    0.770419   -0.020419 (VIOLATED)
ANTENNA__1979__A0/DIODE                 0.750000    0.770408   -0.020408 (VIOLATED)
_1979_/A0                               0.750000    0.770401   -0.020401 (VIOLATED)
ANTENNA__1532__A1/DIODE                 0.750000    0.770397   -0.020397 (VIOLATED)
ANTENNA__1829__A0/DIODE                 0.750000    0.770396   -0.020396 (VIOLATED)
ANTENNA__1950__A0/DIODE                 0.750000    0.770385   -0.020385 (VIOLATED)
_1950_/A0                               0.750000    0.770380   -0.020380 (VIOLATED)
ANTENNA__1848__A0/DIODE                 0.750000    0.770374   -0.020374 (VIOLATED)
ANTENNA__1800__A0/DIODE                 0.750000    0.770374   -0.020374 (VIOLATED)
ANTENNA_input23_X/DIODE                 0.750000    0.770373   -0.020373 (VIOLATED)
ANTENNA__1599__A0/DIODE                 0.750000    0.770369   -0.020369 (VIOLATED)
_1908_/A0                               0.750000    0.770355   -0.020355 (VIOLATED)
ANTENNA__1908__A0/DIODE                 0.750000    0.770343   -0.020343 (VIOLATED)
_1919_/A0                               0.750000    0.770315   -0.020315 (VIOLATED)
_1599_/A0                               0.750000    0.770254   -0.020254 (VIOLATED)
_1829_/A0                               0.750000    0.770225   -0.020225 (VIOLATED)
_1848_/A0                               0.750000    0.770162   -0.020162 (VIOLATED)
_1800_/A0                               0.750000    0.770161   -0.020161 (VIOLATED)
ANTENNA__1919__A0/DIODE                 0.750000    0.770093   -0.020093 (VIOLATED)
input23/X                               0.750000    0.770088   -0.020088 (VIOLATED)
ANTENNA__1867__A0/DIODE                 0.750000    0.769871   -0.019871 (VIOLATED)
_1691_/A1                               0.750000    0.769858   -0.019858 (VIOLATED)
ANTENNA__1691__A1/DIODE                 0.750000    0.769856   -0.019856 (VIOLATED)
ANTENNA_input27_X/DIODE                 0.750000    0.769849   -0.019849 (VIOLATED)
ANTENNA__1793__A0/DIODE                 0.750000    0.769847   -0.019847 (VIOLATED)
ANTENNA__1991__A0/DIODE                 0.750000    0.769846   -0.019846 (VIOLATED)
_1991_/A0                               0.750000    0.769844   -0.019845 (VIOLATED)
ANTENNA__1827__A0/DIODE                 0.750000    0.769842   -0.019842 (VIOLATED)
_1961_/A0                               0.750000    0.769839   -0.019839 (VIOLATED)
ANTENNA__1961__A0/DIODE                 0.750000    0.769836   -0.019836 (VIOLATED)
_1898_/A0                               0.750000    0.769810   -0.019810 (VIOLATED)
ANTENNA__1898__A0/DIODE                 0.750000    0.769778   -0.019778 (VIOLATED)
_1923_/A0                               0.750000    0.769767   -0.019767 (VIOLATED)
_1753_/A0                               0.750000    0.769740   -0.019740 (VIOLATED)
_1827_/A0                               0.750000    0.769719   -0.019719 (VIOLATED)
_1867_/A0                               0.750000    0.769634   -0.019634 (VIOLATED)
_1793_/A0                               0.750000    0.769629   -0.019629 (VIOLATED)
ANTENNA__1753__A0/DIODE                 0.750000    0.769556   -0.019556 (VIOLATED)
ANTENNA__1923__A0/DIODE                 0.750000    0.769556   -0.019556 (VIOLATED)
input27/X                               0.750000    0.769551   -0.019551 (VIOLATED)
_2270_/A1                               0.750000    0.759190   -0.009190 (VIOLATED)
_2107_/A2                               0.750000    0.759190   -0.009190 (VIOLATED)
_2223_/A2                               0.750000    0.759188   -0.009188 (VIOLATED)
_2180_/A1                               0.750000    0.759186   -0.009186 (VIOLATED)
_2035_/A0                               0.750000    0.759185   -0.009185 (VIOLATED)
_2117_/A2                               0.750000    0.759184   -0.009184 (VIOLATED)
_2145_/A2                               0.750000    0.759184   -0.009184 (VIOLATED)
_2026_/Y                                0.750000    0.759183   -0.009183 (VIOLATED)
_2365_/B1                               0.750000    0.759183   -0.009183 (VIOLATED)

max fanout

Pin                                   Limit Fanout  Slack
---------------------------------------------------------
fanout122/X                              10     21    -11 (VIOLATED)
fanout128/X                              10     21    -11 (VIOLATED)
fanout130/X                              10     21    -11 (VIOLATED)
fanout136/X                              10     21    -11 (VIOLATED)
fanout171/X                              10     21    -11 (VIOLATED)
fanout217/X                              10     21    -11 (VIOLATED)
fanout261/X                              10     21    -11 (VIOLATED)
_1479_/Y                                 10     19     -9 (VIOLATED)
_1503_/Y                                 10     19     -9 (VIOLATED)
_1629_/Y                                 10     19     -9 (VIOLATED)
_1668_/Y                                 10     19     -9 (VIOLATED)
_1685_/Y                                 10     19     -9 (VIOLATED)
_2023_/Y                                 10     19     -9 (VIOLATED)
_2055_/Y                                 10     19     -9 (VIOLATED)
_2058_/Y                                 10     19     -9 (VIOLATED)
_2061_/Y                                 10     19     -9 (VIOLATED)
_2064_/Y                                 10     19     -9 (VIOLATED)
_2073_/X                                 10     19     -9 (VIOLATED)
_2080_/Y                                 10     19     -9 (VIOLATED)
clkbuf_2_0__f_clk/X                      10     19     -9 (VIOLATED)
clkbuf_2_2__f_clk/X                      10     19     -9 (VIOLATED)
clkbuf_2_3__f_clk/X                      10     19     -9 (VIOLATED)
fanout133/X                              10     19     -9 (VIOLATED)
fanout134/X                              10     19     -9 (VIOLATED)
input1/X                                 10     19     -9 (VIOLATED)
input10/X                                10     19     -9 (VIOLATED)
input11/X                                10     19     -9 (VIOLATED)
input12/X                                10     19     -9 (VIOLATED)
input13/X                                10     19     -9 (VIOLATED)
input14/X                                10     19     -9 (VIOLATED)
input15/X                                10     19     -9 (VIOLATED)
input16/X                                10     19     -9 (VIOLATED)
input17/X                                10     19     -9 (VIOLATED)
input18/X                                10     19     -9 (VIOLATED)
input19/X                                10     19     -9 (VIOLATED)
input2/X                                 10     19     -9 (VIOLATED)
input20/X                                10     19     -9 (VIOLATED)
input21/X                                10     19     -9 (VIOLATED)
input22/X                                10     19     -9 (VIOLATED)
input23/X                                10     19     -9 (VIOLATED)
input24/X                                10     19     -9 (VIOLATED)
input25/X                                10     19     -9 (VIOLATED)
input26/X                                10     19     -9 (VIOLATED)
input27/X                                10     19     -9 (VIOLATED)
input28/X                                10     19     -9 (VIOLATED)
input3/X                                 10     19     -9 (VIOLATED)
input4/X                                 10     19     -9 (VIOLATED)
input5/X                                 10     19     -9 (VIOLATED)
input6/X                                 10     19     -9 (VIOLATED)
input7/X                                 10     19     -9 (VIOLATED)
input8/X                                 10     19     -9 (VIOLATED)
input9/X                                 10     19     -9 (VIOLATED)
_1527_/Y                                 10     17     -7 (VIOLATED)
_1551_/X                                 10     17     -7 (VIOLATED)
_1597_/X                                 10     17     -7 (VIOLATED)
clkbuf_2_1__f_clk/X                      10     17     -7 (VIOLATED)
clkbuf_leaf_3_clk/X                      10     17     -7 (VIOLATED)
clkbuf_leaf_1_clk/X                      10     16     -6 (VIOLATED)
clkbuf_leaf_22_clk/X                     10     16     -6 (VIOLATED)
clkbuf_leaf_5_clk/X                      10     16     -6 (VIOLATED)
_1548_/X                                 10     15     -5 (VIOLATED)
_1577_/X                                 10     15     -5 (VIOLATED)
clkbuf_leaf_13_clk/X                     10     15     -5 (VIOLATED)
clkbuf_leaf_14_clk/X                     10     15     -5 (VIOLATED)
clkbuf_leaf_30_clk/X                     10     15     -5 (VIOLATED)
fanout127/X                              10     15     -5 (VIOLATED)
fanout272/X                              10     15     -5 (VIOLATED)
clkbuf_leaf_0_clk/X                      10     14     -4 (VIOLATED)
clkbuf_leaf_2_clk/X                      10     14     -4 (VIOLATED)
clkbuf_leaf_6_clk/X                      10     14     -4 (VIOLATED)
_1524_/Y                                 10     13     -3 (VIOLATED)
_1711_/X                                 10     13     -3 (VIOLATED)
_1750_/X                                 10     13     -3 (VIOLATED)
_3039_/Q                                 10     13     -3 (VIOLATED)
clkbuf_leaf_25_clk/X                     10     13     -3 (VIOLATED)
clkbuf_leaf_28_clk/X                     10     13     -3 (VIOLATED)
clkbuf_leaf_4_clk/X                      10     13     -3 (VIOLATED)
fanout228/X                              10     13     -3 (VIOLATED)
fanout229/X                              10     13     -3 (VIOLATED)
fanout262/X                              10     13     -3 (VIOLATED)
input60/X                                10     13     -3 (VIOLATED)
clkbuf_leaf_21_clk/X                     10     12     -2 (VIOLATED)
clkbuf_leaf_23_clk/X                     10     12     -2 (VIOLATED)
clkbuf_leaf_27_clk/X                     10     12     -2 (VIOLATED)
clkbuf_leaf_9_clk/X                      10     12     -2 (VIOLATED)
fanout254/X                              10     12     -2 (VIOLATED)
clkbuf_leaf_10_clk/X                     10     11        (VIOLATED)
clkbuf_leaf_12_clk/X                     10     11        (VIOLATED)
fanout141/X                              10     11        (VIOLATED)
fanout193/X                              10     11        (VIOLATED)
fanout210/X                              10     11        (VIOLATED)
fanout218/X                              10     11        (VIOLATED)
fanout250/X                              10     11        (VIOLATED)



===========================================================================
report_parasitic_annotation -report_unannotated
============================================================================
Found 35 unannotated drivers.
 _2313_/X
 _2315_/X
 _2317_/X
 _2319_/X
 clkload0/Y
 clkload1/X
 clkload10/Y
 clkload11/Y
 clkload12/X
 clkload13/Y
 clkload14/Y
 clkload15/Y
 clkload16/Y
 clkload17/Y
 clkload18/Y
 clkload19/Y
 clkload2/X
 clkload20/Y
 clkload21/Y
 clkload22/Y
 clkload23/Y
 clkload24/Y
 clkload25/Y
 clkload26/Y
 clkload27/Y
 clkload28/X
 clkload29/Y
 clkload3/Y
 clkload30/Y
 clkload4/Y
 clkload5/Y
 clkload6/Y
 clkload7/Y
 clkload8/Y
 clkload9/Y
Found 0 partially unannotated drivers.

===========================================================================
max slew violation count 170
max fanout violation count 93
max cap violation count 0
============================================================================

===========================================================================
check_setup -verbose -unconstrained_endpoints -multiple_clock -no_clock -no_input_delay -loops -generated_clocks
===========================================================================
Warning: There are 8 unclocked register/latch pins.
  _2792_/CLK
  _2841_/CLK
  _2842_/CLK
  _2863_/CLK
  _2864_/CLK
  _2885_/CLK
  _2886_/CLK
  _2907_/CLK
Warning: There are 8 unconstrained endpoints.
  _2792_/D
  _2841_/D
  _2842_/D
  _2863_/D
  _2864_/D
  _2885_/D
  _2886_/D
  _2907_/D
Warning: There are 53 combinational loops in the design.
  _1665_/X
  _1668_/A
  _1668_/Y
  _1687_/A3
  _1687_/X
  _1779_/A0
  _1779_/X
  _1780_/A2
  _1780_/X
  _1781_/C1
  _1781_/X
  _1811_/S
  _1811_/X
  _1842_/A1
  _1842_/X
  _1875_/A1
  _1875_/X
  _1883_/A1
  _1883_/X
  _1887_/A2
  _1887_/X
  fanout141/A
  fanout141/X
  _1656_/A0
  _1656_/X
  _1665_/A2
  | loop cut point
  _1665_/X
  --------------------------------
  _1842_/X
  _1875_/A1
  _1875_/X
  _1883_/A1
  _1883_/X
  _1887_/A2
  _1887_/X
  fanout141/A
  fanout141/X
  _1762_/A0
  _1762_/X
  _1772_/B1
  _1772_/X
  _1776_/B1
  _1776_/X
  _1791_/A2
  _1791_/X
  _1796_/B1
  _1796_/X
  _1797_/B
  _1797_/X
  _1810_/C1
  _1810_/X
  _1842_/S
  | loop cut point
  _1842_/X
  --------------------------------
  _1842_/X
  _1875_/A1
  _1875_/X
  _1883_/A1
  _1883_/X
  _1887_/A2
  _1887_/X
  fanout141/A
  fanout141/X
  _1762_/A0
  _1762_/X
  _1772_/B1
  _1772_/X
  _1776_/B1
  _1776_/X
  _1791_/A2
  _1791_/X
  _1796_/B1
  _1796_/X
  _1797_/B
  _1797_/X
  _1810_/C1
  _1810_/X
  _1842_/S
  | loop cut point
  _1842_/X
  --------------------------------
  _1875_/X
  _1883_/A1
  _1883_/X
  _1887_/A2
  _1887_/X
  fanout141/A
  fanout141/X
  _1762_/A0
  _1762_/X
  _1772_/B1
  _1772_/X
  _1776_/B1
  _1776_/X
  _1791_/A2
  _1791_/X
  _1796_/B1
  _1796_/X
  _1797_/B
  _1797_/X
  _1810_/C1
  _1810_/X
  _1874_/S
  _1874_/X
  _1875_/A0
  | loop cut point
  _1875_/X
  --------------------------------
  _1883_/X
  _1887_/A2
  _1887_/X
  fanout141/A
  fanout141/X
  _1762_/A0
  _1762_/X
  _1772_/B1
  _1772_/X
  _1776_/B1
  _1776_/X
  _1791_/A2
  _1791_/X
  _1796_/B1
  _1796_/X
  _1797_/B
  _1797_/X
  _1810_/C1
  _1810_/X
  _1878_/S
  _1878_/X
  _1882_/A1
  _1882_/X
  _1883_/A0
  | loop cut point
  _1883_/X
  --------------------------------
  _1875_/X
  _1883_/A1
  _1883_/X
  _1887_/A2
  _1887_/X
  fanout141/A
  fanout141/X
  _1762_/A0
  _1762_/X
  _1772_/B1
  _1772_/X
  _1776_/B1
  _1776_/X
  _1822_/A1
  _1822_/X
  _1823_/B1
  _1823_/X
  _1839_/A2
  _1839_/X
  _1840_/B1
  _1840_/X
  _1875_/S
  | loop cut point
  _1875_/X
  --------------------------------
  _1875_/X
  _1883_/A1
  _1883_/X
  _1887_/A2
  _1887_/X
  fanout141/A
  fanout141/X
  _1762_/A0
  _1762_/X
  _1772_/B1
  _1772_/X
  _1776_/B1
  _1776_/X
  _1822_/A1
  _1822_/X
  _1823_/B1
  _1823_/X
  _1839_/A2
  _1839_/X
  _1840_/B1
  _1840_/X
  _1875_/S
  | loop cut point
  _1875_/X
  --------------------------------
  _1883_/X
  _1887_/A2
  _1887_/X
  fanout141/A
  fanout141/X
  _1762_/A0
  _1762_/X
  _1772_/B1
  _1772_/X
  _1776_/B1
  _1776_/X
  _1861_/A1
  _1861_/X
  _1869_/A2
  _1869_/X
  _1870_/A2
  _1870_/Y
  _1871_/C1
  _1871_/X
  _1883_/S
  | loop cut point
  _1883_/X
  --------------------------------
  _1883_/X
  _1887_/A2
  _1887_/X
  fanout141/A
  fanout141/X
  _1762_/A0
  _1762_/X
  _1772_/B1
  _1772_/X
  _1776_/B1
  _1776_/X
  _1861_/A1
  _1861_/X
  _1869_/A2
  _1869_/X
  _1870_/A2
  _1870_/Y
  _1871_/C1
  _1871_/X
  _1883_/S
  | loop cut point
  _1883_/X
  --------------------------------
  _1687_/X
  _1779_/A0
  _1779_/X
  _1780_/A2
  _1780_/X
  _1781_/C1
  _1781_/X
  _1811_/S
  _1811_/X
  _1842_/A1
  _1842_/X
  _1875_/A1
  _1875_/X
  _1883_/A1
  _1883_/X
  _1887_/A2
  _1887_/X
  fanout141/A
  fanout141/X
  _1762_/A0
  _1762_/X
  _1772_/B1
  _1772_/X
  _1776_/B1
  _1776_/X
  _1903_/A1
  _1903_/X
  _1904_/C
  _1904_/X
  _1915_/B1
  _1915_/X
  _1916_/A
  _1916_/Y
  _1973_/B1
  _1973_/X
  _1974_/B2
  _1974_/X
  _2015_/A1
  _2015_/X
  _2018_/A2
  _2018_/X
  fanout127/A
  fanout127/X
  _1671_/A0
  _1671_/X
  _1673_/A1
  _1673_/X
  _1682_/A2
  _1682_/X
  _1685_/A
  _1685_/Y
  _1687_/A2
  | loop cut point
  _1687_/X
  --------------------------------
  _1904_/X
  _1915_/B1
  _1915_/X
  _1916_/A
  _1916_/Y
  _1973_/B1
  _1973_/X
  _1974_/B2
  _1974_/X
  _2015_/A1
  _2015_/X
  _2018_/A2
  _2018_/X
  fanout127/A
  fanout127/X
  _1671_/A0
  _1671_/X
  _1673_/A1
  _1673_/X
  _1682_/A2
  _1682_/X
  _1685_/A
  _1685_/Y
  _1889_/A3
  _1889_/X
  _1890_/B
  _1890_/Y
  _1904_/A
  | loop cut point
  _1904_/X
  --------------------------------
  _1974_/X
  _2015_/A1
  _2015_/X
  _2018_/A2
  _2018_/X
  fanout127/A
  fanout127/X
  _1671_/A0
  _1671_/X
  _1673_/A1
  _1673_/X
  _1682_/A2
  _1682_/X
  _1685_/A
  _1685_/Y
  _1926_/A1
  _1926_/X
  _1929_/A3
  _1929_/X
  _1930_/B2
  _1930_/Y
  _1940_/A1_N
  _1940_/X
  _1943_/A
  _1943_/Y
  _1944_/S
  _1944_/X
  _1974_/A2
  | loop cut point
  _1974_/X
  --------------------------------
  _1973_/X
  _1974_/B2
  _1974_/X
  _2015_/A1
  _2015_/X
  _2018_/A2
  _2018_/X
  fanout127/A
  fanout127/X
  _1671_/A0
  _1671_/X
  _1673_/A1
  _1673_/X
  _1682_/A2
  _1682_/X
  _1685_/A
  _1685_/Y
  _1926_/A1
  _1926_/X
  _1929_/A3
  _1929_/X
  _1930_/B2
  _1930_/Y
  _1940_/A1_N
  _1940_/X
  _1943_/A
  _1943_/Y
  _1973_/A2
  | loop cut point
  _1973_/X
  --------------------------------
  _2015_/X
  _2018_/A2
  _2018_/X
  fanout127/A
  fanout127/X
  _1671_/A0
  _1671_/X
  _1673_/A1
  _1673_/X
  _1682_/A2
  _1682_/X
  _1685_/A
  _1685_/Y
  _1926_/A1
  _1926_/X
  _1929_/A3
  _1929_/X
  _1930_/B2
  _1930_/Y
  _1940_/A1_N
  _1940_/X
  _1943_/A
  _1943_/Y
  _2001_/A2
  _2001_/X
  _2004_/A2
  _2004_/X
  _2015_/A2
  | loop cut point
  _2015_/X
  --------------------------------
  _2015_/X
  _2018_/A2
  _2018_/X
  fanout127/A
  fanout127/X
  _1671_/A0
  _1671_/X
  _1673_/A1
  _1673_/X
  _1682_/A2
  _1682_/X
  _1685_/A
  _1685_/Y
  _1926_/A1
  _1926_/X
  _1929_/A3
  _1929_/X
  _1930_/B2
  _1930_/Y
  _1940_/A1_N
  _1940_/X
  _1943_/A
  _1943_/Y
  _2005_/S
  _2005_/X
  _2008_/A2
  _2008_/X
  _2015_/B1
  | loop cut point
  _2015_/X
  --------------------------------
  _1974_/X
  _2015_/A1
  _2015_/X
  _2018_/A2
  _2018_/X
  fanout127/A
  fanout127/X
  _1671_/A0
  _1671_/X
  _1673_/A1
  _1673_/X
  _1682_/A2
  _1682_/X
  _1685_/A
  _1685_/Y
  _1926_/A1
  _1926_/X
  _1929_/A3
  _1929_/X
  _1930_/B2
  _1930_/Y
  _1940_/A1_N
  _1940_/X
  _1972_/B
  _1972_/X
  _1974_/B1
  | loop cut point
  _1974_/X
  --------------------------------
  _2015_/X
  _2018_/A2
  _2018_/X
  fanout127/A
  fanout127/X
  _1671_/A0
  _1671_/X
  _1673_/A1
  _1673_/X
  _1682_/A2
  _1682_/X
  _1685_/A
  _1685_/Y
  _1926_/A1
  _1926_/X
  _1929_/A3
  _1929_/X
  _1930_/B2
  _1930_/Y
  _1940_/A1_N
  _1940_/X
  _2009_/A1
  _2009_/Y
  _2013_/B1
  _2013_/X
  _2014_/A2
  _2014_/X
  _2015_/B2
  | loop cut point
  _2015_/X
  --------------------------------
  _1974_/X
  _2015_/A1
  _2015_/X
  _2018_/A2
  _2018_/X
  fanout127/A
  fanout127/X
  _1671_/A0
  _1671_/X
  _1673_/A1
  _1673_/X
  _1682_/A2
  _1682_/X
  _1685_/A
  _1685_/Y
  _1956_/A1
  _1956_/X
  _1957_/B
  _1957_/Y
  _1967_/B
  _1967_/X
  _1970_/A2_N
  _1970_/X
  _1971_/A
  _1971_/Y
  _1974_/C1
  | loop cut point
  _1974_/X
  --------------------------------
  _1781_/X
  _1811_/S
  _1811_/X
  _1842_/A1
  _1842_/X
  _1875_/A1
  _1875_/X
  _1883_/A1
  _1883_/X
  _1887_/A2
  _1887_/X
  fanout141/A
  fanout141/X
  _1762_/A0
  _1762_/X
  _1772_/B1
  _1772_/X
  _1776_/B1
  _1776_/X
  _1903_/A1
  _1903_/X
  _1904_/C
  _1904_/X
  _1915_/B1
  _1915_/X
  _1916_/A
  _1916_/Y
  _1973_/B1
  _1973_/X
  _1974_/B2
  _1974_/X
  _2015_/A1
  _2015_/X
  _2018_/A2
  _2018_/X
  fanout127/A
  fanout127/X
  _1671_/A0
  _1671_/X
  _1673_/A1
  _1673_/X
  _1682_/A2
  _1682_/X
  _2064_/A
  _2064_/Y
  _2065_/A3
  _2065_/X
  _2066_/B
  _2066_/Y
  _2088_/C1
  _2088_/X
  _2090_/A2
  _2090_/X
  _2144_/S0
  _2144_/X
  _2172_/A0
  _2172_/X
  _2176_/A0
  _2176_/X
  _2179_/A2
  _2179_/X
  fanout130/A
  fanout130/X
  _1607_/A2
  _1607_/X
  _1608_/B
  _1608_/Y
  _1781_/B1
  | loop cut point
  _1781_/X
  --------------------------------
  _1915_/X
  _1916_/A
  _1916_/Y
  _1973_/B1
  _1973_/X
  _1974_/B2
  _1974_/X
  _2015_/A1
  _2015_/X
  _2018_/A2
  _2018_/X
  fanout127/A
  fanout127/X
  _1671_/A0
  _1671_/X
  _1673_/A1
  _1673_/X
  _1682_/A2
  _1682_/X
  _2064_/A
  _2064_/Y
  _2065_/A3
  _2065_/X
  _2066_/B
  _2066_/Y
  _2088_/C1
  _2088_/X
  _2090_/A2
  _2090_/X
  _2144_/S0
  _2144_/X
  _2172_/A0
  _2172_/X
  _2176_/A0
  _2176_/X
  _2179_/A2
  _2179_/X
  fanout130/A
  fanout130/X
  _1888_/A2
  _1888_/X
  _1915_/A2
  | loop cut point
  _1915_/X
  --------------------------------
  _2090_/X
  _2144_/S0
  _2144_/X
  _2172_/A0
  _2172_/X
  _2176_/A0
  _2176_/X
  _2179_/A2
  _2179_/X
  fanout130/A
  fanout130/X
  _2089_/A2
  _2089_/X
  _2090_/B1
  | loop cut point
  _2090_/X
  --------------------------------
  _2229_/X
  _2230_/B
  _2230_/Y
  _2231_/B
  _2231_/Y
  _2232_/A
  _2232_/Y
  _2307_/A1
  _2307_/Y
  _2309_/B1
  _2309_/Y
  _2312_/A2
  _2312_/X
  fanout134/A
  fanout134/X
  _2229_/A3
  | loop cut point
  _2229_/X
  --------------------------------
  _2144_/X
  _2172_/A0
  _2172_/X
  _2176_/A0
  _2176_/X
  _2179_/A2
  _2179_/X
  fanout130/A
  fanout130/X
  _2229_/A2
  _2229_/X
  _2230_/B
  _2230_/Y
  _2231_/B
  _2231_/Y
  _2232_/A
  _2232_/Y
  _2307_/A1
  _2307_/Y
  _2309_/B1
  _2309_/Y
  _2312_/A2
  _2312_/X
  fanout134/A
  fanout134/X
  fanout133/A
  fanout133/X
  _2091_/A3
  _2091_/X
  _2092_/A
  _2092_/Y
  _2116_/B1
  _2116_/X
  _2144_/S1
  | loop cut point
  _2144_/X
  --------------------------------
  _2144_/X
  _2172_/A0
  _2172_/X
  _2176_/A0
  _2176_/X
  _2179_/A2
  _2179_/X
  fanout130/A
  fanout130/X
  _2229_/A2
  _2229_/X
  _2230_/B
  _2230_/Y
  _2231_/B
  _2231_/Y
  _2232_/A
  _2232_/Y
  _2307_/A1
  _2307_/Y
  _2309_/B1
  _2309_/Y
  _2312_/A2
  _2312_/X
  fanout134/A
  fanout134/X
  fanout133/A
  fanout133/X
  _2091_/A3
  _2091_/X
  _2092_/A
  _2092_/Y
  _2116_/B1
  _2116_/X
  _2144_/S1
  | loop cut point
  _2144_/X
  --------------------------------
  _2172_/X
  _2176_/A0
  _2176_/X
  _2179_/A2
  _2179_/X
  fanout130/A
  fanout130/X
  _2229_/A2
  _2229_/X
  _2230_/B
  _2230_/Y
  _2231_/B
  _2231_/Y
  _2232_/A
  _2232_/Y
  _2307_/A1
  _2307_/Y
  _2309_/B1
  _2309_/Y
  _2312_/A2
  _2312_/X
  fanout134/A
  fanout134/X
  fanout133/A
  fanout133/X
  _2091_/A3
  _2091_/X
  _2092_/A
  _2092_/Y
  _2116_/B1
  _2116_/X
  _2171_/S1
  _2171_/X
  _2172_/A1
  | loop cut point
  _2172_/X
  --------------------------------
  _2176_/X
  _2179_/A2
  _2179_/X
  fanout130/A
  fanout130/X
  _2229_/A2
  _2229_/X
  _2230_/B
  _2230_/Y
  _2231_/B
  _2231_/Y
  _2232_/A
  _2232_/Y
  _2307_/A1
  _2307_/Y
  _2309_/B1
  _2309_/Y
  _2312_/A2
  _2312_/X
  fanout134/A
  fanout134/X
  fanout133/A
  fanout133/X
  _2091_/A3
  _2091_/X
  _2092_/A
  _2092_/Y
  _2116_/B1
  _2116_/X
  _2173_/S1
  _2173_/X
  _2175_/A1
  _2175_/X
  _2176_/A1
  | loop cut point
  _2176_/X
  --------------------------------
  _2172_/X
  _2176_/A0
  _2176_/X
  _2179_/A2
  _2179_/X
  fanout130/A
  fanout130/X
  _2229_/A2
  _2229_/X
  _2230_/B
  _2230_/Y
  _2231_/B
  _2231_/Y
  _2232_/A
  _2232_/Y
  _2307_/A1
  _2307_/Y
  _2309_/B1
  _2309_/Y
  _2312_/A2
  _2312_/X
  fanout134/A
  fanout134/X
  fanout133/A
  fanout133/X
  _2128_/A3
  _2128_/X
  _2129_/B
  _2129_/Y
  _2143_/B1
  _2143_/X
  _2172_/S
  | loop cut point
  _2172_/X
  --------------------------------
  _2172_/X
  _2176_/A0
  _2176_/X
  _2179_/A2
  _2179_/X
  fanout130/A
  fanout130/X
  _2229_/A2
  _2229_/X
  _2230_/B
  _2230_/Y
  _2231_/B
  _2231_/Y
  _2232_/A
  _2232_/Y
  _2307_/A1
  _2307_/Y
  _2309_/B1
  _2309_/Y
  _2312_/A2
  _2312_/X
  fanout134/A
  fanout134/X
  fanout133/A
  fanout133/X
  _2128_/A3
  _2128_/X
  _2129_/B
  _2129_/Y
  _2143_/B1
  _2143_/X
  _2172_/S
  | loop cut point
  _2172_/X
  --------------------------------
  _2176_/X
  _2179_/A2
  _2179_/X
  fanout130/A
  fanout130/X
  _2229_/A2
  _2229_/X
  _2230_/B
  _2230_/Y
  _2231_/B
  _2231_/Y
  _2232_/A
  _2232_/Y
  _2307_/A1
  _2307_/Y
  _2309_/B1
  _2309_/Y
  _2312_/A2
  _2312_/X
  fanout134/A
  fanout134/X
  fanout133/A
  fanout133/X
  _2154_/A3
  _2154_/X
  _2170_/B1
  _2170_/X
  _2176_/S
  | loop cut point
  _2176_/X
  --------------------------------
  _2176_/X
  _2179_/A2
  _2179_/X
  fanout130/A
  fanout130/X
  _2229_/A2
  _2229_/X
  _2230_/B
  _2230_/Y
  _2231_/B
  _2231_/Y
  _2232_/A
  _2232_/Y
  _2307_/A1
  _2307_/Y
  _2309_/B1
  _2309_/Y
  _2312_/A2
  _2312_/X
  fanout134/A
  fanout134/X
  fanout133/A
  fanout133/X
  _2154_/A3
  _2154_/X
  _2170_/B1
  _2170_/X
  _2176_/S
  | loop cut point
  _2176_/X
  --------------------------------
  _2309_/Y
  _2312_/A2
  _2312_/X
  fanout134/A
  fanout134/X
  fanout133/A
  fanout133/X
  _2202_/A3
  _2202_/X
  _2203_/A
  _2203_/Y
  _2204_/B1
  _2204_/X
  _2205_/B
  _2205_/Y
  _2234_/A2
  _2234_/Y
  _2297_/A1
  _2297_/X
  _2309_/A2
  | loop cut point
  _2309_/Y
  --------------------------------
  _2309_/Y
  _2312_/A2
  _2312_/X
  fanout134/A
  fanout134/X
  fanout133/A
  fanout133/X
  _2202_/A3
  _2202_/X
  _2203_/A
  _2203_/Y
  _2204_/B1
  _2204_/X
  _2205_/B
  _2205_/Y
  _2267_/S
  _2267_/X
  _2269_/A2
  _2269_/Y
  _2309_/A1
  | loop cut point
  _2309_/Y
  --------------------------------
  _2307_/Y
  _2309_/B1
  _2309_/Y
  _2312_/A2
  _2312_/X
  fanout134/A
  fanout134/X
  fanout133/A
  fanout133/X
  _2202_/A3
  _2202_/X
  _2203_/A
  _2203_/Y
  _2204_/B1
  _2204_/X
  _2205_/B
  _2205_/Y
  _2303_/S
  _2303_/X
  _2307_/A2
  | loop cut point
  _2307_/Y
  --------------------------------
  _2309_/Y
  _2312_/A2
  _2312_/X
  fanout134/A
  fanout134/X
  fanout133/A
  fanout133/X
  _2202_/A3
  _2202_/X
  _2203_/A
  _2203_/Y
  _2204_/B1
  _2204_/X
  fanout135/A
  fanout135/X
  _2298_/A2
  _2298_/Y
  _2302_/B1
  _2302_/X
  _2308_/A2
  _2308_/Y
  _2309_/B2
  | loop cut point
  _2309_/Y
  --------------------------------
  _2307_/Y
  _2309_/B1
  _2309_/Y
  _2312_/A2
  _2312_/X
  fanout134/A
  fanout134/X
  fanout133/A
  fanout133/X
  _2202_/A3
  _2202_/X
  _2203_/A
  _2203_/Y
  _2204_/B1
  _2204_/X
  fanout135/A
  fanout135/X
  _2304_/A2
  _2304_/Y
  _2306_/A2
  _2306_/X
  _2307_/B1
  | loop cut point
  _2307_/Y
  --------------------------------
  _1781_/X
  _1811_/S
  _1811_/X
  _1842_/A1
  _1842_/X
  _1875_/A1
  _1875_/X
  _1883_/A1
  _1883_/X
  _1887_/A2
  _1887_/X
  fanout141/A
  fanout141/X
  _1762_/A0
  _1762_/X
  _1772_/B1
  _1772_/X
  _1776_/B1
  _1776_/X
  _1903_/A1
  _1903_/X
  _1904_/C
  _1904_/X
  _1915_/B1
  _1915_/X
  _1916_/A
  _1916_/Y
  _1973_/B1
  _1973_/X
  _1974_/B2
  _1974_/X
  _2015_/A1
  _2015_/X
  _2018_/A2
  _2018_/X
  fanout127/A
  fanout127/X
  _1671_/A0
  _1671_/X
  _1673_/A1
  _1673_/X
  _1682_/A2
  _1682_/X
  _2064_/A
  _2064_/Y
  _2065_/A3
  _2065_/X
  _2066_/B
  _2066_/Y
  _2088_/C1
  _2088_/X
  _2090_/A2
  _2090_/X
  _2144_/S0
  _2144_/X
  _2172_/A0
  _2172_/X
  _2176_/A0
  _2176_/X
  _2179_/A2
  _2179_/X
  fanout130/A
  fanout130/X
  _2229_/A2
  _2229_/X
  _2230_/B
  _2230_/Y
  _2231_/B
  _2231_/Y
  _2232_/A
  _2232_/Y
  _2307_/A1
  _2307_/Y
  _2309_/B1
  _2309_/Y
  _2312_/A2
  _2312_/X
  fanout134/A
  fanout134/X
  fanout133/A
  fanout133/X
  fanout132/A
  fanout132/X
  _1469_/A1
  _1469_/X
  _1471_/B2
  _1471_/Y
  _1476_/A2_N
  _1476_/X
  _1479_/B1_N
  _1479_/Y
  _1552_/A0
  _1552_/X
  _1603_/A2
  _1603_/X
  _1604_/B
  _1604_/Y
  _1781_/A1
  | loop cut point
  _1781_/X
  --------------------------------
  _1915_/X
  _1916_/A
  _1916_/Y
  _1973_/B1
  _1973_/X
  _1974_/B2
  _1974_/X
  _2015_/A1
  _2015_/X
  _2018_/A2
  _2018_/X
  fanout127/A
  fanout127/X
  _1671_/A0
  _1671_/X
  _1673_/A1
  _1673_/X
  _1682_/A2
  _1682_/X
  _2064_/A
  _2064_/Y
  _2065_/A3
  _2065_/X
  _2066_/B
  _2066_/Y
  _2088_/C1
  _2088_/X
  _2090_/A2
  _2090_/X
  _2144_/S0
  _2144_/X
  _2172_/A0
  _2172_/X
  _2176_/A0
  _2176_/X
  _2179_/A2
  _2179_/X
  fanout130/A
  fanout130/X
  _2229_/A2
  _2229_/X
  _2230_/B
  _2230_/Y
  _2231_/B
  _2231_/Y
  _2232_/A
  _2232_/Y
  _2307_/A1
  _2307_/Y
  _2309_/B1
  _2309_/Y
  _2312_/A2
  _2312_/X
  fanout134/A
  fanout134/X
  fanout133/A
  fanout133/X
  fanout132/A
  fanout132/X
  _1469_/A1
  _1469_/X
  _1471_/B2
  _1471_/Y
  _1476_/A2_N
  _1476_/X
  _1479_/B1_N
  _1479_/Y
  _1905_/A3
  _1905_/X
  _1913_/A2
  _1913_/Y
  _1914_/A2
  _1914_/Y
  _1915_/B2
  | loop cut point
  _1915_/X
  --------------------------------
  _2090_/X
  _2144_/S0
  _2144_/X
  _2172_/A0
  _2172_/X
  _2176_/A0
  _2176_/X
  _2179_/A2
  _2179_/X
  fanout130/A
  fanout130/X
  _2229_/A2
  _2229_/X
  _2230_/B
  _2230_/Y
  _2231_/B
  _2231_/Y
  _2232_/A
  _2232_/Y
  _2307_/A1
  _2307_/Y
  _2309_/B1
  _2309_/Y
  _2312_/A2
  _2312_/X
  fanout134/A
  fanout134/X
  fanout133/A
  fanout133/X
  fanout132/A
  fanout132/X
  _1469_/A1
  _1469_/X
  _1471_/B2
  _1471_/Y
  _1476_/A2_N
  _1476_/X
  _2023_/B1_N
  _2023_/Y
  _2035_/A2
  _2035_/X
  _2051_/A2
  _2051_/Y
  _2052_/A2
  _2052_/Y
  _2090_/A1
  | loop cut point
  _2090_/X
  --------------------------------
  _2231_/Y
  _2232_/A
  _2232_/Y
  _2307_/A1
  _2307_/Y
  _2309_/B1
  _2309_/Y
  _2312_/A2
  _2312_/X
  fanout134/A
  fanout134/X
  fanout133/A
  fanout133/X
  fanout132/A
  fanout132/X
  _1469_/A1
  _1469_/X
  _1471_/B2
  _1471_/Y
  _1476_/A2_N
  _1476_/X
  _2023_/B1_N
  _2023_/Y
  _2224_/A1_N
  _2224_/X
  _2227_/A2
  _2227_/X
  _2228_/C1
  _2228_/X
  _2231_/A
  | loop cut point
  _2231_/Y
  --------------------------------
  _1687_/X
  _1779_/A0
  _1779_/X
  _1780_/A2
  _1780_/X
  _1781_/C1
  _1781_/X
  _1811_/S
  _1811_/X
  _1842_/A1
  _1842_/X
  _1875_/A1
  _1875_/X
  _1883_/A1
  _1883_/X
  _1887_/A2
  _1887_/X
  fanout141/A
  fanout141/X
  _1762_/A0
  _1762_/X
  _1772_/B1
  _1772_/X
  _1776_/B1
  _1776_/X
  _1903_/A1
  _1903_/X
  _1904_/C
  _1904_/X
  _1915_/B1
  _1915_/X
  _1916_/A
  _1916_/Y
  _1973_/B1
  _1973_/X
  _1974_/B2
  _1974_/X
  _2015_/A1
  _2015_/X
  _2018_/A2
  _2018_/X
  fanout127/A
  fanout127/X
  _1671_/A0
  _1671_/X
  _1673_/A1
  _1673_/X
  _1682_/A2
  _1682_/X
  _2064_/A
  _2064_/Y
  _2065_/A3
  _2065_/X
  _2066_/B
  _2066_/Y
  _2088_/C1
  _2088_/X
  _2090_/A2
  _2090_/X
  _2144_/S0
  _2144_/X
  _2172_/A0
  _2172_/X
  _2176_/A0
  _2176_/X
  _2179_/A2
  _2179_/X
  fanout130/A
  fanout130/X
  _2229_/A2
  _2229_/X
  _2230_/B
  _2230_/Y
  _2231_/B
  _2231_/Y
  _2232_/A
  _2232_/Y
  _2307_/A1
  _2307_/Y
  _2309_/B1
  _2309_/Y
  _2312_/A2
  _2312_/X
  fanout134/A
  fanout134/X
  fanout133/A
  fanout133/X
  fanout132/A
  fanout132/X
  fanout131/A
  fanout131/X
  _1619_/A1
  _1619_/X
  _1622_/B2
  _1622_/X
  _1626_/B1
  _1626_/X
  _1629_/A
  _1629_/Y
  _1687_/A0
  | loop cut point
  _1687_/X
  --------------------------------
  _2065_/X
  _2066_/B
  _2066_/Y
  _2088_/C1
  _2088_/X
  _2090_/A2
  _2090_/X
  _2144_/S0
  _2144_/X
  _2172_/A0
  _2172_/X
  _2176_/A0
  _2176_/X
  _2179_/A2
  _2179_/X
  fanout130/A
  fanout130/X
  _2229_/A2
  _2229_/X
  _2230_/B
  _2230_/Y
  _2231_/B
  _2231_/Y
  _2232_/A
  _2232_/Y
  _2307_/A1
  _2307_/Y
  _2309_/B1
  _2309_/Y
  _2312_/A2
  _2312_/X
  fanout134/A
  fanout134/X
  fanout133/A
  fanout133/X
  fanout132/A
  fanout132/X
  fanout131/A
  fanout131/X
  _1619_/A1
  _1619_/X
  _1622_/B2
  _1622_/X
  _1626_/B1
  _1626_/X
  _2055_/A
  _2055_/Y
  _2065_/A2
  | loop cut point
  _2065_/X
  --------------------------------
  _1687_/X
  _1779_/A0
  _1779_/X
  _1780_/A2
  _1780_/X
  _1781_/C1
  _1781_/X
  _1811_/S
  _1811_/X
  _1842_/A1
  _1842_/X
  _1875_/A1
  _1875_/X
  _1883_/A1
  _1883_/X
  _1887_/A2
  _1887_/X
  fanout141/A
  fanout141/X
  _1762_/A0
  _1762_/X
  _1772_/B1
  _1772_/X
  _1776_/B1
  _1776_/X
  _1903_/A1
  _1903_/X
  _1904_/C
  _1904_/X
  _1915_/B1
  _1915_/X
  _1916_/A
  _1916_/Y
  _1973_/B1
  _1973_/X
  _1974_/B2
  _1974_/X
  _2015_/A1
  _2015_/X
  _2018_/A2
  _2018_/X
  fanout127/A
  fanout127/X
  _1671_/A0
  _1671_/X
  _1673_/A1
  _1673_/X
  _1682_/A2
  _1682_/X
  _2064_/A
  _2064_/Y
  _2065_/A3
  _2065_/X
  _2066_/B
  _2066_/Y
  _2088_/C1
  _2088_/X
  _2090_/A2
  _2090_/X
  _2144_/S0
  _2144_/X
  _2172_/A0
  _2172_/X
  _2176_/A0
  _2176_/X
  _2179_/A2
  _2179_/X
  fanout130/A
  fanout130/X
  _2229_/A2
  _2229_/X
  _2230_/B
  _2230_/Y
  _2231_/B
  _2231_/Y
  _2232_/A
  _2232_/Y
  _2307_/A1
  _2307_/Y
  _2309_/B1
  _2309_/Y
  _2312_/A2
  _2312_/X
  fanout134/A
  fanout134/X
  fanout133/A
  fanout133/X
  fanout132/A
  fanout132/X
  fanout131/A
  fanout131/X
  _1637_/A1
  _1637_/X
  _1639_/B2
  _1639_/X
  _1645_/B1
  _1645_/X
  _1649_/B1
  _1649_/Y
  wire121/A
  wire121/X
  _1687_/A1
  | loop cut point
  _1687_/X
  --------------------------------
  _2065_/X
  _2066_/B
  _2066_/Y
  _2088_/C1
  _2088_/X
  _2090_/A2
  _2090_/X
  _2144_/S0
  _2144_/X
  _2172_/A0
  _2172_/X
  _2176_/A0
  _2176_/X
  _2179_/A2
  _2179_/X
  fanout130/A
  fanout130/X
  _2229_/A2
  _2229_/X
  _2230_/B
  _2230_/Y
  _2231_/B
  _2231_/Y
  _2232_/A
  _2232_/Y
  _2307_/A1
  _2307_/Y
  _2309_/B1
  _2309_/Y
  _2312_/A2
  _2312_/X
  fanout134/A
  fanout134/X
  fanout133/A
  fanout133/X
  fanout132/A
  fanout132/X
  fanout131/A
  fanout131/X
  _1637_/A1
  _1637_/X
  _1639_/B2
  _1639_/X
  _1645_/B1
  _1645_/X
  _2058_/A
  _2058_/Y
  _2065_/A0
  | loop cut point
  _2065_/X
  --------------------------------
  _1660_/X
  _1665_/B1
  _1665_/X
  _1668_/A
  _1668_/Y
  _1687_/A3
  _1687_/X
  _1779_/A0
  _1779_/X
  _1780_/A2
  _1780_/X
  _1781_/C1
  _1781_/X
  _1811_/S
  _1811_/X
  _1842_/A1
  _1842_/X
  _1875_/A1
  _1875_/X
  _1883_/A1
  _1883_/X
  _1887_/A2
  _1887_/X
  fanout141/A
  fanout141/X
  _1762_/A0
  _1762_/X
  _1772_/B1
  _1772_/X
  _1776_/B1
  _1776_/X
  _1903_/A1
  _1903_/X
  _1904_/C
  _1904_/X
  _1915_/B1
  _1915_/X
  _1916_/A
  _1916_/Y
  _1973_/B1
  _1973_/X
  _1974_/B2
  _1974_/X
  _2015_/A1
  _2015_/X
  _2018_/A2
  _2018_/X
  fanout127/A
  fanout127/X
  _1671_/A0
  _1671_/X
  _1673_/A1
  _1673_/X
  _1682_/A2
  _1682_/X
  _2064_/A
  _2064_/Y
  _2065_/A3
  _2065_/X
  _2066_/B
  _2066_/Y
  _2088_/C1
  _2088_/X
  _2090_/A2
  _2090_/X
  _2144_/S0
  _2144_/X
  _2172_/A0
  _2172_/X
  _2176_/A0
  _2176_/X
  _2179_/A2
  _2179_/X
  fanout130/A
  fanout130/X
  _2229_/A2
  _2229_/X
  _2230_/B
  _2230_/Y
  _2231_/B
  _2231_/Y
  _2232_/A
  _2232_/Y
  _2307_/A1
  _2307_/Y
  _2309_/B1
  _2309_/Y
  _2312_/A2
  _2312_/X
  fanout134/A
  fanout134/X
  fanout133/A
  fanout133/X
  fanout132/A
  fanout132/X
  fanout131/A
  fanout131/X
  _1658_/A1
  _1658_/X
  _1660_/B2
  | loop cut point
  _1660_/X
  --------------------------------
  _1682_/X
  _2064_/A
  _2064_/Y
  _2065_/A3
  _2065_/X
  _2066_/B
  _2066_/Y
  _2088_/C1
  _2088_/X
  _2090_/A2
  _2090_/X
  _2144_/S0
  _2144_/X
  _2172_/A0
  _2172_/X
  _2176_/A0
  _2176_/X
  _2179_/A2
  _2179_/X
  fanout130/A
  fanout130/X
  _2229_/A2
  _2229_/X
  _2230_/B
  _2230_/Y
  _2231_/B
  _2231_/Y
  _2232_/A
  _2232_/Y
  _2307_/A1
  _2307_/Y
  _2309_/B1
  _2309_/Y
  _2312_/A2
  _2312_/X
  fanout134/A
  fanout134/X
  fanout133/A
  fanout133/X
  fanout132/A
  fanout132/X
  fanout131/A
  fanout131/X
  _1675_/A1
  _1675_/X
  _1678_/B2
  _1678_/X
  _1682_/B1
  | loop cut point
  _1682_/X
  --------------------------------
  _1779_/X
  _1780_/A2
  _1780_/X
  _1781_/C1
  _1781_/X
  _1811_/S
  _1811_/X
  _1842_/A1
  _1842_/X
  _1875_/A1
  _1875_/X
  _1883_/A1
  _1883_/X
  _1887_/A2
  _1887_/X
  fanout141/A
  fanout141/X
  _1762_/A0
  _1762_/X
  _1772_/B1
  _1772_/X
  _1776_/B1
  _1776_/X
  _1903_/A1
  _1903_/X
  _1904_/C
  _1904_/X
  _1915_/B1
  _1915_/X
  _1916_/A
  _1916_/Y
  _1973_/B1
  _1973_/X
  _1974_/B2
  _1974_/X
  _2015_/A1
  _2015_/X
  _2018_/A2
  _2018_/X
  fanout127/A
  fanout127/X
  _1671_/A0
  _1671_/X
  _1673_/A1
  _1673_/X
  _1682_/A2
  _1682_/X
  _2064_/A
  _2064_/Y
  _2065_/A3
  _2065_/X
  _2066_/B
  _2066_/Y
  _2088_/C1
  _2088_/X
  _2090_/A2
  _2090_/X
  _2144_/S0
  _2144_/X
  _2172_/A0
  _2172_/X
  _2176_/A0
  _2176_/X
  _2179_/A2
  _2179_/X
  fanout130/A
  fanout130/X
  _2229_/A2
  _2229_/X
  _2230_/B
  _2230_/Y
  _2231_/B
  _2231_/Y
  _2232_/A
  _2232_/Y
  _2307_/A1
  _2307_/Y
  _2309_/B1
  _2309_/Y
  _2312_/A2
  _2312_/X
  fanout134/A
  fanout134/X
  fanout133/A
  fanout133/X
  fanout132/A
  fanout132/X
  fanout131/A
  fanout131/X
  _1699_/A1
  _1699_/X
  _1702_/A2
  _1702_/Y
  _1707_/A2_N
  _1707_/X
  _1712_/B1
  _1712_/Y
  _1778_/A0
  _1778_/X
  _1779_/A1
  | loop cut point
  _1779_/X
  --------------------------------
  _1904_/X
  _1915_/B1
  _1915_/X
  _1916_/A
  _1916_/Y
  _1973_/B1
  _1973_/X
  _1974_/B2
  _1974_/X
  _2015_/A1
  _2015_/X
  _2018_/A2
  _2018_/X
  fanout127/A
  fanout127/X
  _1671_/A0
  _1671_/X
  _1673_/A1
  _1673_/X
  _1682_/A2
  _1682_/X
  _2064_/A
  _2064_/Y
  _2065_/A3
  _2065_/X
  _2066_/B
  _2066_/Y
  _2088_/C1
  _2088_/X
  _2090_/A2
  _2090_/X
  _2144_/S0
  _2144_/X
  _2172_/A0
  _2172_/X
  _2176_/A0
  _2176_/X
  _2179_/A2
  _2179_/X
  fanout130/A
  fanout130/X
  _2229_/A2
  _2229_/X
  _2230_/B
  _2230_/Y
  _2231_/B
  _2231_/Y
  _2232_/A
  _2232_/Y
  _2307_/A1
  _2307_/Y
  _2309_/B1
  _2309_/Y
  _2312_/A2
  _2312_/X
  fanout134/A
  fanout134/X
  fanout133/A
  fanout133/X
  fanout132/A
  fanout132/X
  fanout131/A
  fanout131/X
  _1699_/A1
  _1699_/X
  _1702_/A2
  _1702_/Y
  _1707_/A2_N
  _1707_/X
  _1712_/B1
  _1712_/Y
  _1892_/B
  _1892_/Y
  _1893_/C1
  _1893_/X
  _1904_/B
  | loop cut point
  _1904_/X
  --------------------------------
  _2088_/X
  _2090_/A2
  _2090_/X
  _2144_/S0
  _2144_/X
  _2172_/A0
  _2172_/X
  _2176_/A0
  _2176_/X
  _2179_/A2
  _2179_/X
  fanout130/A
  fanout130/X
  _2229_/A2
  _2229_/X
  _2230_/B
  _2230_/Y
  _2231_/B
  _2231_/Y
  _2232_/A
  _2232_/Y
  _2307_/A1
  _2307_/Y
  _2309_/B1
  _2309_/Y
  _2312_/A2
  _2312_/X
  fanout134/A
  fanout134/X
  fanout133/A
  fanout133/X
  fanout132/A
  fanout132/X
  fanout131/A
  fanout131/X
  _1699_/A1
  _1699_/X
  _1702_/A2
  _1702_/Y
  _1707_/A2_N
  _1707_/X
  _2073_/A
  _2073_/X
  _2074_/A1
  _2074_/X
  _2088_/A2
  | loop cut point
  _2088_/X
  --------------------------------
  _1903_/X
  _1904_/C
  _1904_/X
  _1915_/B1
  _1915_/X
  _1916_/A
  _1916_/Y
  _1973_/B1
  _1973_/X
  _1974_/B2
  _1974_/X
  _2015_/A1
  _2015_/X
  _2018_/A2
  _2018_/X
  fanout127/A
  fanout127/X
  _1671_/A0
  _1671_/X
  _1673_/A1
  _1673_/X
  _1682_/A2
  _1682_/X
  _2064_/A
  _2064_/Y
  _2065_/A3
  _2065_/X
  _2066_/B
  _2066_/Y
  _2088_/C1
  _2088_/X
  _2090_/A2
  _2090_/X
  _2144_/S0
  _2144_/X
  _2172_/A0
  _2172_/X
  _2176_/A0
  _2176_/X
  _2179_/A2
  _2179_/X
  fanout130/A
  fanout130/X
  _2229_/A2
  _2229_/X
  _2230_/B
  _2230_/Y
  _2231_/B
  _2231_/Y
  _2232_/A
  _2232_/Y
  _2307_/A1
  _2307_/Y
  _2309_/B1
  _2309_/Y
  _2312_/A2
  _2312_/X
  fanout134/A
  fanout134/X
  fanout133/A
  fanout133/X
  fanout132/A
  fanout132/X
  fanout131/A
  fanout131/X
  _1738_/A1
  _1738_/X
  _1740_/B2
  _1740_/X
  _1746_/B1
  _1746_/X
  _1750_/B1
  _1750_/X
  _1903_/B2
  | loop cut point
  _1903_/X
  --------------------------------
  _2088_/X
  _2090_/A2
  _2090_/X
  _2144_/S0
  _2144_/X
  _2172_/A0
  _2172_/X
  _2176_/A0
  _2176_/X
  _2179_/A2
  _2179_/X
  fanout130/A
  fanout130/X
  _2229_/A2
  _2229_/X
  _2230_/B
  _2230_/Y
  _2231_/B
  _2231_/Y
  _2232_/A
  _2232_/Y
  _2307_/A1
  _2307_/Y
  _2309_/B1
  _2309_/Y
  _2312_/A2
  _2312_/X
  fanout134/A
  fanout134/X
  fanout133/A
  fanout133/X
  fanout132/A
  fanout132/X
  fanout131/A
  fanout131/X
  _1738_/A1
  _1738_/X
  _1740_/B2
  _1740_/X
  _1746_/B1
  _1746_/X
  _2077_/B1_N
  _2077_/Y
  _2087_/A4
  _2087_/X
  _2088_/B1
  | loop cut point
  _2088_/X
  --------------------------------
  _1772_/X
  _1776_/B1
  _1776_/X
  _1903_/A1
  _1903_/X
  _1904_/C
  _1904_/X
  _1915_/B1
  _1915_/X
  _1916_/A
  _1916_/Y
  _1973_/B1
  _1973_/X
  _1974_/B2
  _1974_/X
  _2015_/A1
  _2015_/X
  _2018_/A2
  _2018_/X
  fanout127/A
  fanout127/X
  _1671_/A0
  _1671_/X
  _1673_/A1
  _1673_/X
  _1682_/A2
  _1682_/X
  _2064_/A
  _2064_/Y
  _2065_/A3
  _2065_/X
  _2066_/B
  _2066_/Y
  _2088_/C1
  _2088_/X
  _2090_/A2
  _2090_/X
  _2144_/S0
  _2144_/X
  _2172_/A0
  _2172_/X
  _2176_/A0
  _2176_/X
  _2179_/A2
  _2179_/X
  fanout130/A
  fanout130/X
  _2229_/A2
  _2229_/X
  _2230_/B
  _2230_/Y
  _2231_/B
  _2231_/Y
  _2232_/A
  _2232_/Y
  _2307_/A1
  _2307_/Y
  _2309_/B1
  _2309_/Y
  _2312_/A2
  _2312_/X
  fanout134/A
  fanout134/X
  fanout133/A
  fanout133/X
  fanout132/A
  fanout132/X
  fanout131/A
  fanout131/X
  _1764_/A1
  _1764_/X
  _1767_/A2
  _1767_/Y
  _1772_/A2_N
  | loop cut point
  _1772_/X
  --------------------------------
  _1660_/X
  _1665_/B1
  _1665_/X
  _1668_/A
  _1668_/Y
  _1687_/A3
  _1687_/X
  _1779_/A0
  _1779_/X
  _1780_/A2
  _1780_/X
  _1781_/C1
  _1781_/X
  _1811_/S
  _1811_/X
  _1842_/A1
  _1842_/X
  _1875_/A1
  _1875_/X
  _1883_/A1
  _1883_/X
  _1887_/A2
  _1887_/X
  fanout141/A
  fanout141/X
  _1762_/A0
  _1762_/X
  _1772_/B1
  _1772_/X
  _1776_/B1
  _1776_/X
  _1903_/A1
  _1903_/X
  _1904_/C
  _1904_/X
  _1915_/B1
  _1915_/X
  _1916_/A
  _1916_/Y
  _1973_/B1
  _1973_/X
  _1974_/B2
  _1974_/X
  _2015_/A1
  _2015_/X
  _2018_/A2
  _2018_/X
  fanout127/A
  fanout127/X
  _1671_/A0
  _1671_/X
  _1673_/A1
  _1673_/X
  _1682_/A2
  _1682_/X
  _2064_/A
  _2064_/Y
  _2065_/A3
  _2065_/X
  _2066_/B
  _2066_/Y
  _2088_/C1
  _2088_/X
  _2090_/A2
  _2090_/X
  _2144_/S0
  _2144_/X
  _2172_/A0
  _2172_/X
  _2176_/A0
  _2176_/X
  _2179_/A2
  _2179_/X
  fanout130/A
  fanout130/X
  fanout128/A
  fanout128/X
  _1659_/A
  _1659_/X
  _1660_/C1
  | loop cut point
  _1660_/X
  --------------------------------
  _1762_/X
  _1772_/B1
  _1772_/X
  _1776_/B1
  _1776_/X
  _1903_/A1
  _1903_/X
  _1904_/C
  _1904_/X
  _1915_/B1
  _1915_/X
  _1916_/A
  _1916_/Y
  _1973_/B1
  _1973_/X
  _1974_/B2
  _1974_/X
  _2015_/A1
  _2015_/X
  _2018_/A2
  _2018_/X
  fanout127/A
  fanout127/X
  fanout126/A
  fanout126/X
  fanout124/A
  fanout124/X
  fanout123/A
  fanout123/X
  _1760_/A1
  _1760_/X
  _1762_/A1
  | loop cut point
  _1762_/X
  --------------------------------
