Clock: clk
Sources: clk 
Generated: no
Virtual: yes
Propagated: no
Period: 100.000000

===========================================================================
report_clock_properties
============================================================================
Clock                   Period          Waveform
----------------------------------------------------
clk                 100.000000    0.000000 50.000000

===========================================================================
report_clock_latency
============================================================================
Clock clk
rise -> rise
    min     max
0.000000 0.000000 source latency
1.227852         network latency _3088_/CLK
        20.688354 network latency _2842_/CLK
---------------
1.227852 20.688354 latency
        19.460503 skew

rise -> fall
    min     max
0.000000 0.000000 source latency
2.312432         network latency _2864_/CLK
        20.622316 network latency _2842_/CLK
---------------
2.312432 20.622316 latency
        18.309885 skew

fall -> fall
    min     max
0.000000 0.000000 source latency
1.104151         network latency _3088_/CLK
        1.159741 network latency _2820_/CLK
---------------
1.104151 1.159741 latency
        0.055589 skew



===========================================================================
report_clock_min_period
============================================================================
clk period_min = 5.74 fmax = 174.18
