
===========================================================================
Violator List
============================================================================
[setup in-out] nrst -> CBnorth_out[0] : -6.941386
[setup in-out] nrst -> CBeast_out[2] : -6.845918
[setup in-out] nrst -> CBnorth_out[2] : -6.826101
[setup in-out] nrst -> CBnorth_out[9] : -6.753253
[setup in-out] nrst -> CBnorth_out[1] : -6.639793
[setup in-out] nrst -> CBnorth_out[4] : -6.608033
[setup in-out] nrst -> CBnorth_out[5] : -6.588366
[setup in-out] nrst -> CBnorth_out[10] : -6.581910
[setup in-out] nrst -> CBnorth_out[15] : -6.580644
[setup in-out] nrst -> CBnorth_out[3] : -6.497580
[setup in-out] nrst -> CBeast_out[6] : -6.495114
[setup in-out] nrst -> CBeast_out[1] : -6.461438
[setup in-out] nrst -> CBnorth_out[12] : -6.457464
[setup in-out] nrst -> CBnorth_out[14] : -6.442767
[setup in-out] nrst -> CBeast_out[0] : -6.403479
[setup in-out] nrst -> CBnorth_out[7] : -6.355672
[setup in-out] nrst -> CBeast_out[9] : -6.354702
[setup in-out] nrst -> CBeast_out[3] : -6.351140
[setup in-out] nrst -> SBsouth_out[2] : -6.339386
[setup in-out] nrst -> CBnorth_out[11] : -6.287802
[setup in-out] nrst -> CBeast_out[15] : -6.248778
[setup in-out] nrst -> SBwest_out[2] : -6.246369
[setup in-out] nrst -> CBnorth_out[6] : -6.242683
[setup in-out] nrst -> CBeast_out[14] : -6.240235
[setup in-out] nrst -> CBnorth_out[8] : -6.213006
[setup in-out] nrst -> CBeast_out[10] : -6.202203
[setup in-out] nrst -> CBeast_out[4] : -6.085431
[setup in-out] nrst -> CBeast_out[5] : -6.084444
[setup in-out] nrst -> CBeast_out[12] : -6.068055
[setup in-out] nrst -> CBeast_out[8] : -5.997347
[setup in-out] nrst -> SBwest_out[6] : -5.973108
[setup in-out] nrst -> CBeast_out[11] : -5.943351
[setup in-out] nrst -> SBwest_out[0] : -5.942503
[setup in-out] nrst -> SBwest_out[12] : -5.875751
[setup in-out] nrst -> SBwest_out[15] : -5.829280
[setup in-out] nrst -> SBwest_out[14] : -5.769812
[setup in-out] nrst -> CBeast_out[7] : -5.743724
[setup in-out] nrst -> SBwest_out[9] : -5.739288
[setup in-out] nrst -> CBnorth_out[13] : -5.688525
[setup in-out] nrst -> SBwest_out[3] : -5.670975
[setup in-out] nrst -> SBsouth_out[9] : -5.667826
[setup in-out] nrst -> SBwest_out[1] : -5.633558
[setup in-out] nrst -> SBsouth_out[6] : -5.632494
[setup in-out] nrst -> SBsouth_out[15] : -5.610229
[setup in-out] nrst -> SBwest_out[10] : -5.602372
[setup in-out] nrst -> SBsouth_out[14] : -5.573327
[setup in-out] nrst -> SBsouth_out[3] : -5.570979
[setup in-out] nrst -> SBsouth_out[1] : -5.553235
[setup in-out] nrst -> SBsouth_out[0] : -5.525587
[setup in-out] nrst -> CBeast_out[13] : -5.476307
[setup in-out] nrst -> SBsouth_out[10] : -5.473591
[setup in-out] nrst -> SBwest_out[5] : -5.435391
[setup in-out] nrst -> SBsouth_out[12] : -5.406253
[setup in-out] nrst -> SBwest_out[4] : -5.300082
[setup in-out] nrst -> SBsouth_out[5] : -5.296935
[setup in-out] nrst -> SBsouth_out[8] : -5.281640
[setup in-out] nrst -> SBwest_out[11] : -5.275604
[setup in-out] nrst -> SBwest_out[8] : -5.267246
[setup in-out] nrst -> SBsouth_out[4] : -5.260942
[setup in-out] nrst -> SBwest_out[7] : -5.250122
[setup in-out] nrst -> SBsouth_out[11] : -5.197285
[setup in-out] nrst -> SBsouth_out[7] : -5.117465
[setup in-out] nrst -> SBwest_out[13] : -4.861436
[setup in-out] nrst -> SBsouth_out[13] : -4.852973
