Clock: clk
Sources: clk 
Generated: no
Virtual: yes
Propagated: no
Period: 10000.000000

===========================================================================
report_clock_properties
============================================================================
Clock                   Period          Waveform
----------------------------------------------------
clk                 10000.000000    0.0000005000.000000

===========================================================================
report_clock_latency
============================================================================
Clock clk
rise -> rise
    min     max
0.000000 0.000000 source latency
0.313126         network latency cell0/clk
        0.316418 network latency cell3/clk
---------------
0.313126 0.316418 latency
        0.003292 skew

fall -> fall
    min     max
0.000000 0.000000 source latency
0.280124         network latency cell0/clk
        0.279670 network latency cell3/clk
---------------
0.280124 0.279670 latency
        -0.000455 skew



===========================================================================
report_clock_min_period
============================================================================
clk period_min = 1.93 fmax = 517.17
