Clock: CLK
Sources: CLK 
Generated: no
Virtual: yes
Propagated: no
Period: 25.000000

===========================================================================
report_clock_properties
============================================================================
Clock                   Period          Waveform
----------------------------------------------------
CLK                  25.000000    0.000000 12.500000

===========================================================================
report_clock_latency
============================================================================
Clock CLK
rise -> rise
    min     max
0.000000 0.000000 source latency
0.615350         network latency _3880_/CLK
        0.821409 network latency _3848_/CLK
---------------
0.615350 0.821409 latency
        0.206059 skew

fall -> fall
    min     max
0.000000 0.000000 source latency
0.505652         network latency _3880_/CLK
        0.699063 network latency _3848_/CLK
---------------
0.505652 0.699063 latency
        0.193411 skew



===========================================================================
report_clock_min_period
============================================================================
CLK period_min = 6.68 fmax = 149.68
