
===========================================================================
report_checks -unconstrained
===========================================================================
======================= max_tt_025C_1v80 Corner ===================================

Startpoint: nrst (input port clocked by clk)
Endpoint: _1335_ (recovery check against rising-edge clock clk)
Path Group: asynchronous
Path Type: max

Fanout         Cap        Slew       Delay        Time   Description
---------------------------------------------------------------------------------------------
                                  0.000000    0.000000   clock clk (rise edge)
                                  0.000000    0.000000   clock network delay (propagated)
                                  5.000000    5.000000 ^ input external delay
     1    0.002714    0.019362    0.010060    5.010060 ^ nrst (in)
                                                         nrst (net)
                      0.019362    0.000000    5.010060 ^ input2/A (sky130_fd_sc_hd__clkbuf_1)
     3    0.015354    0.185660    0.170097    5.180156 ^ input2/X (sky130_fd_sc_hd__clkbuf_1)
                                                         net2 (net)
                      0.185684    0.001747    5.181903 ^ fanout86/A (sky130_fd_sc_hd__clkbuf_4)
    10    0.068469    0.208615    0.301680    5.483582 ^ fanout86/X (sky130_fd_sc_hd__clkbuf_4)
                                                         net86 (net)
                      0.208761    0.003004    5.486587 ^ fanout85/A (sky130_fd_sc_hd__clkbuf_4)
    10    0.053823    0.166705    0.280422    5.767009 ^ fanout85/X (sky130_fd_sc_hd__clkbuf_4)
                                                         net85 (net)
                      0.167204    0.006740    5.773749 ^ _1335_/RESET_B (sky130_fd_sc_hd__dfrtp_2)
                                              5.773749   data arrival time

                                 25.000000   25.000000   clock clk (rise edge)
                                  0.000000   25.000000   clock source latency
     1    0.020401    0.097511    0.067292   25.067291 ^ clk (in)
                                                         clk (net)
                      0.097525    0.000000   25.067291 ^ clkbuf_0_clk/A (sky130_fd_sc_hd__clkbuf_16)
     4    0.040531    0.060291    0.160679   25.227970 ^ clkbuf_0_clk/X (sky130_fd_sc_hd__clkbuf_16)
                                                         clknet_0_clk (net)
                      0.060419    0.002323   25.230293 ^ clkbuf_2_2__f_clk/A (sky130_fd_sc_hd__clkbuf_16)
     9    0.042133    0.061734    0.148523   25.378817 ^ clkbuf_2_2__f_clk/X (sky130_fd_sc_hd__clkbuf_16)
                                                         clknet_2_2__leaf_clk (net)
                      0.061804    0.001782   25.380598 ^ _1335_/CLK (sky130_fd_sc_hd__dfrtp_2)
                                 -0.250000   25.130598   clock uncertainty
                                  0.000000   25.130598   clock reconvergence pessimism
                                  0.187981   25.318581   library recovery time
                                             25.318581   data required time
---------------------------------------------------------------------------------------------
                                             25.318581   data required time
                                             -5.773749   data arrival time
---------------------------------------------------------------------------------------------
                                             19.544832   slack (MET)


Startpoint: prescaler[9] (input port clocked by clk)
Endpoint: _1312_ (rising edge-triggered flip-flop clocked by clk)
Path Group: clk
Path Type: max

Fanout         Cap        Slew       Delay        Time   Description
---------------------------------------------------------------------------------------------
                                  0.000000    0.000000   clock clk (rise edge)
                                  0.000000    0.000000   clock network delay (propagated)
                                  5.000000    5.000000 ^ input external delay
     1    0.002794    0.019706    0.010341    5.010341 ^ prescaler[9] (in)
                                                         prescaler[9] (net)
                      0.019706    0.000000    5.010341 ^ input16/A (sky130_fd_sc_hd__buf_1)
     2    0.019290    0.230386    0.201008    5.211349 ^ input16/X (sky130_fd_sc_hd__buf_1)
                                                         net16 (net)
                      0.230390    0.000870    5.212219 ^ fanout87/A (sky130_fd_sc_hd__clkbuf_4)
    10    0.058103    0.179067    0.295636    5.507855 ^ fanout87/X (sky130_fd_sc_hd__clkbuf_4)
                                                         net87 (net)
                      0.179366    0.005997    5.513852 ^ _0681_/A (sky130_fd_sc_hd__xor2_2)
     3    0.014318    0.211004    0.227570    5.741422 ^ _0681_/X (sky130_fd_sc_hd__xor2_2)
                                                         _0057_ (net)
                      0.211004    0.000880    5.742301 ^ _0682_/B (sky130_fd_sc_hd__xnor2_2)
     2    0.012456    0.204218    0.165279    5.907580 ^ _0682_/Y (sky130_fd_sc_hd__xnor2_2)
                                                         _0058_ (net)
                      0.204218    0.000731    5.908312 ^ _0685_/B (sky130_fd_sc_hd__xor2_2)
     2    0.012348    0.190029    0.218628    6.126940 ^ _0685_/X (sky130_fd_sc_hd__xor2_2)
                                                         _0061_ (net)
                      0.190029    0.000618    6.127558 ^ _0686_/A3 (sky130_fd_sc_hd__a31o_1)
     2    0.008666    0.095303    0.207019    6.334577 ^ _0686_/X (sky130_fd_sc_hd__a31o_1)
                                                         _0062_ (net)
                      0.095304    0.000580    6.335156 ^ _0694_/A (sky130_fd_sc_hd__xor2_1)
     2    0.007794    0.199087    0.208951    6.544107 ^ _0694_/X (sky130_fd_sc_hd__xor2_1)
                                                         _0070_ (net)
                      0.199087    0.000507    6.544614 ^ _0852_/B (sky130_fd_sc_hd__xor2_1)
     2    0.008811    0.217428    0.242756    6.787370 ^ _0852_/X (sky130_fd_sc_hd__xor2_1)
                                                         _0228_ (net)
                      0.217431    0.000612    6.787982 ^ _0854_/B (sky130_fd_sc_hd__xor2_1)
     2    0.011085    0.258806    0.275539    7.063520 ^ _0854_/X (sky130_fd_sc_hd__xor2_1)
                                                         _0230_ (net)
                      0.258808    0.000696    7.064217 ^ _0855_/B (sky130_fd_sc_hd__xnor2_1)
     3    0.011379    0.283917    0.217365    7.281581 ^ _0855_/Y (sky130_fd_sc_hd__xnor2_1)
                                                         _0231_ (net)
                      0.283920    0.000772    7.282353 ^ _0858_/A (sky130_fd_sc_hd__xnor2_1)
     2    0.007801    0.097055    0.152735    7.435088 v _0858_/Y (sky130_fd_sc_hd__xnor2_1)
                                                         _0234_ (net)
                      0.097055    0.000488    7.435576 v _0863_/A (sky130_fd_sc_hd__nor2_1)
     2    0.013044    0.245081    0.241187    7.676764 ^ _0863_/Y (sky130_fd_sc_hd__nor2_1)
                                                         _0239_ (net)
                      0.245086    0.000878    7.677642 ^ _0869_/A4 (sky130_fd_sc_hd__a41oi_4)
     3    0.012343    0.117954    0.163858    7.841500 v _0869_/Y (sky130_fd_sc_hd__a41oi_4)
                                                         _0245_ (net)
                      0.117956    0.001029    7.842529 v _0902_/A2 (sky130_fd_sc_hd__a211o_1)
     2    0.008150    0.073836    0.343925    8.186455 v _0902_/X (sky130_fd_sc_hd__a211o_1)
                                                         _0278_ (net)
                      0.073839    0.000561    8.187016 v _0912_/A1 (sky130_fd_sc_hd__a21oi_2)
     5    0.022657    0.290444    0.282784    8.469799 ^ _0912_/Y (sky130_fd_sc_hd__a21oi_2)
                                                         _0288_ (net)
                      0.290453    0.001346    8.471146 ^ _0922_/C1 (sky130_fd_sc_hd__a211o_1)
     3    0.009433    0.092295    0.181348    8.652494 ^ _0922_/X (sky130_fd_sc_hd__a211o_1)
                                                         _0298_ (net)
                      0.092297    0.000582    8.653076 ^ _0924_/C_N (sky130_fd_sc_hd__or3b_1)
     2    0.004543    0.075647    0.362480    9.015555 v _0924_/X (sky130_fd_sc_hd__or3b_1)
                                                         _0300_ (net)
                      0.075647    0.000268    9.015824 v _0956_/C_N (sky130_fd_sc_hd__or3b_1)
     1    0.005173    0.062346    0.182800    9.198624 ^ _0956_/X (sky130_fd_sc_hd__or3b_1)
                                                         _0332_ (net)
                      0.062348    0.000389    9.199013 ^ _0957_/A2 (sky130_fd_sc_hd__a211oi_2)
     2    0.011590    0.076806    0.089833    9.288845 v _0957_/Y (sky130_fd_sc_hd__a211oi_2)
                                                         _0333_ (net)
                      0.076807    0.000588    9.289433 v _0960_/B (sky130_fd_sc_hd__or3_1)
     1    0.005355    0.078961    0.369767    9.659201 v _0960_/X (sky130_fd_sc_hd__or3_1)
                                                         _0336_ (net)
                      0.078962    0.000377    9.659577 v fanout60/A (sky130_fd_sc_hd__buf_2)
     7    0.044307    0.108812    0.209485    9.869062 v fanout60/X (sky130_fd_sc_hd__buf_2)
                                                         net60 (net)
                      0.108863    0.001985    9.871047 v fanout59/A (sky130_fd_sc_hd__buf_2)
    10    0.046024    0.112863    0.225185   10.096232 v fanout59/X (sky130_fd_sc_hd__buf_2)
                                                         net59 (net)
                      0.113682    0.007479   10.103712 v _1035_/C (sky130_fd_sc_hd__or4_1)
     4    0.011197    0.133142    0.554332   10.658044 v _1035_/X (sky130_fd_sc_hd__or4_1)
                                                         _0411_ (net)
                      0.133142    0.000316   10.658360 v _1053_/B (sky130_fd_sc_hd__or2_1)
     2    0.006495    0.064744    0.258315   10.916675 v _1053_/X (sky130_fd_sc_hd__or2_1)
                                                         _0428_ (net)
                      0.064746    0.000425   10.917100 v _1213_/A2 (sky130_fd_sc_hd__a311o_1)
     1    0.002709    0.052377    0.309269   11.226369 v _1213_/X (sky130_fd_sc_hd__a311o_1)
                                                         _0557_ (net)
                      0.052377    0.000174   11.226542 v _1214_/C (sky130_fd_sc_hd__or4b_1)
     1    0.009038    0.121811    0.519739   11.746282 v _1214_/X (sky130_fd_sc_hd__or4b_1)
                                                         _0558_ (net)
                      0.121816    0.000821   11.747103 v _1228_/A (sky130_fd_sc_hd__or4_1)
     1    0.003789    0.089706    0.546571   12.293674 v _1228_/X (sky130_fd_sc_hd__or4_1)
                                                         _0572_ (net)
                      0.089706    0.000270   12.293943 v _1253_/A (sky130_fd_sc_hd__nor2_1)
     1    0.003531    0.091344    0.121902   12.415845 ^ _1253_/Y (sky130_fd_sc_hd__nor2_1)
                                                         clk_divider.next_flag (net)
                      0.091344    0.000249   12.416094 ^ _1312_/D (sky130_fd_sc_hd__dfrtp_1)
                                             12.416094   data arrival time

                                 25.000000   25.000000   clock clk (rise edge)
                                  0.000000   25.000000   clock source latency
     1    0.020401    0.097511    0.067292   25.067291 ^ clk (in)
                                                         clk (net)
                      0.097525    0.000000   25.067291 ^ clkbuf_0_clk/A (sky130_fd_sc_hd__clkbuf_16)
     4    0.040531    0.060291    0.160679   25.227970 ^ clkbuf_0_clk/X (sky130_fd_sc_hd__clkbuf_16)
                                                         clknet_0_clk (net)
                      0.060428    0.002395   25.230364 ^ clkbuf_2_3__f_clk/A (sky130_fd_sc_hd__clkbuf_16)
    11    0.035348    0.055417    0.143020   25.373384 ^ clkbuf_2_3__f_clk/X (sky130_fd_sc_hd__clkbuf_16)
                                                         clknet_2_3__leaf_clk (net)
                      0.055636    0.001457   25.374840 ^ _1312_/CLK (sky130_fd_sc_hd__dfrtp_1)
                                 -0.250000   25.124842   clock uncertainty
                                  0.000000   25.124842   clock reconvergence pessimism
                                 -0.068906   25.055935   library setup time
                                             25.055935   data required time
---------------------------------------------------------------------------------------------
                                             25.055935   data required time
                                            -12.416094   data arrival time
---------------------------------------------------------------------------------------------
                                             12.639841   slack (MET)




===========================================================================
report_checks --slack_max -0.01
============================================================================
======================= max_tt_025C_1v80 Corner ===================================

No paths found.


===========================================================================
 report_check_types -max_slew -max_cap -max_fanout -violators
============================================================================
======================= max_tt_025C_1v80 Corner ===================================

max fanout

Pin                                   Limit Fanout  Slack
---------------------------------------------------------
clkbuf_2_3__f_clk/X                      10     11        (VIOLATED)



===========================================================================
report_parasitic_annotation -report_unannotated
============================================================================
Found 3 unannotated drivers.
 clkload0/X
 clkload1/Y
 clkload2/Y
Found 0 partially unannotated drivers.

===========================================================================
max slew violation count 0
max fanout violation count 1
max cap violation count 0
============================================================================

===========================================================================
check_setup -verbose -unconstrained_endpoints -multiple_clock -no_clock -no_input_delay -loops -generated_clocks
===========================================================================
