Clock: clk
Sources: clk 
Generated: no
Virtual: yes
Propagated: no
Period: 25.000000

===========================================================================
report_clock_properties
============================================================================
Clock                   Period          Waveform
----------------------------------------------------
clk                  25.000000    0.000000 12.500000

===========================================================================
report_clock_latency
============================================================================
Clock clk
rise -> rise
    min     max
0.000000 0.000000 source latency
0.374841         network latency _1312_/CLK
        0.381572 network latency _1319_/CLK
---------------
0.374841 0.381572 latency
        0.006731 skew

fall -> fall
    min     max
0.000000 0.000000 source latency
0.348081         network latency _1312_/CLK
        0.353288 network latency _1319_/CLK
---------------
0.348081 0.353288 latency
        0.005207 skew



===========================================================================
report_clock_min_period
============================================================================
clk period_min = 6.66 fmax = 150.06
