
===========================================================================
report_checks -unconstrained
===========================================================================
======================= max_tt_025C_1v80 Corner ===================================

Startpoint: nRST (input port clocked by clk)
Endpoint: _2687_ (recovery check against rising-edge clock clk)
Path Group: asynchronous
Path Type: max

Fanout         Cap        Slew       Delay        Time   Description
---------------------------------------------------------------------------------------------
                                  0.000000    0.000000   clock clk (rise edge)
                                  0.000000    0.000000   clock network delay (propagated)
                                 10.000000   10.000000 ^ input external delay
     1    0.002178    0.017104    0.008175   10.008175 ^ nRST (in)
                                                         nRST (net)
                      0.017105    0.000000   10.008175 ^ input5/A (sky130_fd_sc_hd__dlymetal6s2s_1)
     2    0.025968    0.269651    0.235717   10.243893 ^ input5/X (sky130_fd_sc_hd__dlymetal6s2s_1)
                                                         net5 (net)
                      0.269686    0.002509   10.246402 ^ fanout157/A (sky130_fd_sc_hd__clkbuf_2)
     5    0.043592    0.237489    0.305513   10.551914 ^ fanout157/X (sky130_fd_sc_hd__clkbuf_2)
                                                         net157 (net)
                      0.237666    0.003992   10.555906 ^ fanout156/A (sky130_fd_sc_hd__clkbuf_2)
     5    0.038930    0.213801    0.281076   10.836983 ^ fanout156/X (sky130_fd_sc_hd__clkbuf_2)
                                                         net156 (net)
                      0.213929    0.002941   10.839923 ^ fanout151/A (sky130_fd_sc_hd__buf_2)
     7    0.042444    0.209040    0.276867   11.116790 ^ fanout151/X (sky130_fd_sc_hd__buf_2)
                                                         net151 (net)
                      0.209218    0.003900   11.120689 ^ fanout150/A (sky130_fd_sc_hd__clkbuf_4)
    10    0.056258    0.173688    0.285524   11.406213 ^ fanout150/X (sky130_fd_sc_hd__clkbuf_4)
                                                         net150 (net)
                      0.173785    0.001512   11.407725 ^ fanout149/A (sky130_fd_sc_hd__clkbuf_4)
    10    0.052596    0.163158    0.266706   11.674431 ^ fanout149/X (sky130_fd_sc_hd__clkbuf_4)
                                                         net149 (net)
                      0.163412    0.004495   11.678926 ^ _2687_/RESET_B (sky130_fd_sc_hd__dfrtp_2)
                                             11.678926   data arrival time

                                 50.000000   50.000000   clock clk (rise edge)
                                  0.000000   50.000000   clock source latency
     1    0.041699    0.192300    0.136559   50.136559 ^ clk (in)
                                                         clk (net)
                      0.192712    0.000000   50.136559 ^ clkbuf_0_clk/A (sky130_fd_sc_hd__clkbuf_16)
     4    0.086211    0.104150    0.223029   50.359585 ^ clkbuf_0_clk/X (sky130_fd_sc_hd__clkbuf_16)
                                                         clknet_0_clk (net)
                      0.104886    0.006676   50.366261 ^ clkbuf_2_3__f_clk/A (sky130_fd_sc_hd__clkbuf_16)
    11    0.102922    0.119279    0.207493   50.573753 ^ clkbuf_2_3__f_clk/X (sky130_fd_sc_hd__clkbuf_16)
                                                         clknet_2_3__leaf_clk (net)
                      0.119456    0.003787   50.577541 ^ clkbuf_leaf_16_clk/A (sky130_fd_sc_hd__clkbuf_8)
     8    0.037148    0.077676    0.179824   50.757366 ^ clkbuf_leaf_16_clk/X (sky130_fd_sc_hd__clkbuf_8)
                                                         clknet_leaf_16_clk (net)
                      0.077753    0.002171   50.759537 ^ _2687_/CLK (sky130_fd_sc_hd__dfrtp_2)
                                 -0.250000   50.509537   clock uncertainty
                                  0.000000   50.509537   clock reconvergence pessimism
                                  0.194101   50.703636   library recovery time
                                             50.703636   data required time
---------------------------------------------------------------------------------------------
                                             50.703636   data required time
                                            -11.678926   data arrival time
---------------------------------------------------------------------------------------------
                                             39.024712   slack (MET)


Startpoint: _2513_ (rising edge-triggered flip-flop clocked by clk)
Endpoint: ColOut[3] (output port clocked by clk)
Path Group: clk
Path Type: max

Fanout         Cap        Slew       Delay        Time   Description
---------------------------------------------------------------------------------------------
                                  0.000000    0.000000   clock clk (rise edge)
                                  0.000000    0.000000   clock source latency
     1    0.041699    0.192300    0.136559    0.136559 ^ clk (in)
                                                         clk (net)
                      0.192712    0.000000    0.136559 ^ clkbuf_0_clk/A (sky130_fd_sc_hd__clkbuf_16)
     4    0.086211    0.104150    0.223029    0.359588 ^ clkbuf_0_clk/X (sky130_fd_sc_hd__clkbuf_16)
                                                         clknet_0_clk (net)
                      0.104713    0.005773    0.365362 ^ clkbuf_2_0__f_clk/A (sky130_fd_sc_hd__clkbuf_16)
    11    0.102375    0.118791    0.206412    0.571774 ^ clkbuf_2_0__f_clk/X (sky130_fd_sc_hd__clkbuf_16)
                                                         clknet_2_0__leaf_clk (net)
                      0.119240    0.005942    0.577716 ^ clkbuf_leaf_39_clk/A (sky130_fd_sc_hd__clkbuf_8)
    11    0.045993    0.091708    0.190097    0.767813 ^ clkbuf_leaf_39_clk/X (sky130_fd_sc_hd__clkbuf_8)
                                                         clknet_leaf_39_clk (net)
                      0.091937    0.003270    0.771083 ^ _2513_/CLK (sky130_fd_sc_hd__dfrtp_1)
     5    0.011780    0.078326    0.416030    1.187113 v _2513_/Q (sky130_fd_sc_hd__dfrtp_1)
                                                         input_ctrl_inst.col_index[9] (net)
                      0.078331    0.000723    1.187836 v _2188_/A (sky130_fd_sc_hd__or4_1)
     1    0.003201    0.085533    0.526218    1.714054 v _2188_/X (sky130_fd_sc_hd__or4_1)
                                                         _0399_ (net)
                      0.085533    0.000181    1.714235 v _2189_/D (sky130_fd_sc_hd__or4_1)
     2    0.006297    0.105314    0.437794    2.152030 v _2189_/X (sky130_fd_sc_hd__or4_1)
                                                         _0400_ (net)
                      0.105314    0.000249    2.152278 v _2190_/B (sky130_fd_sc_hd__nor2_1)
     2    0.006827    0.141745    0.153513    2.305791 ^ _2190_/Y (sky130_fd_sc_hd__nor2_1)
                                                         _0401_ (net)
                      0.141747    0.000438    2.306229 ^ _2195_/B (sky130_fd_sc_hd__nand3_1)
     2    0.005377    0.082133    0.111063    2.417292 v _2195_/Y (sky130_fd_sc_hd__nand3_1)
                                                         _0406_ (net)
                      0.082134    0.000319    2.417611 v _2202_/A (sky130_fd_sc_hd__or4_1)
     2    0.010520    0.130002    0.591543    3.009155 v _2202_/X (sky130_fd_sc_hd__or4_1)
                                                         net6 (net)
                      0.130002    0.000289    3.009444 v _2221_/B1_N (sky130_fd_sc_hd__a21boi_1)
     1    0.005363    0.058127    0.171795    3.181239 v _2221_/Y (sky130_fd_sc_hd__a21boi_1)
                                                         _0431_ (net)
                      0.058129    0.000373    3.181612 v _2224_/C (sky130_fd_sc_hd__or4b_1)
     3    0.010933    0.130630    0.533497    3.715109 v _2224_/X (sky130_fd_sc_hd__or4b_1)
                                                         _0434_ (net)
                      0.130635    0.000975    3.716085 v _2227_/B (sky130_fd_sc_hd__or4bb_1)
     1    0.001794    0.071410    0.479904    4.195989 v _2227_/X (sky130_fd_sc_hd__or4bb_1)
                                                         net9 (net)
                      0.071410    0.000082    4.196071 v output9/A (sky130_fd_sc_hd__buf_2)
     1    0.034205    0.089768    0.190971    4.387042 v output9/X (sky130_fd_sc_hd__buf_2)
                                                         ColOut[3] (net)
                      0.089806    0.001702    4.388744 v ColOut[3] (out)
                                              4.388744   data arrival time

                                 50.000000   50.000000   clock clk (rise edge)
                                  0.000000   50.000000   clock network delay (propagated)
                                 -0.250000   49.749996   clock uncertainty
                                  0.000000   49.749996   clock reconvergence pessimism
                                -10.000000   39.749996   output external delay
                                             39.749996   data required time
---------------------------------------------------------------------------------------------
                                             39.749996   data required time
                                             -4.388744   data arrival time
---------------------------------------------------------------------------------------------
                                             35.361256   slack (MET)




===========================================================================
report_checks --slack_max -0.01
============================================================================
======================= max_tt_025C_1v80 Corner ===================================

No paths found.


===========================================================================
 report_check_types -max_slew -max_cap -max_fanout -violators
============================================================================
======================= max_tt_025C_1v80 Corner ===================================

max fanout

Pin                                   Limit Fanout  Slack
---------------------------------------------------------
clkbuf_leaf_24_clk/X                     10     20    -10 (VIOLATED)
clkbuf_leaf_25_clk/X                     10     18     -8 (VIOLATED)
clkbuf_leaf_4_clk/X                      10     18     -8 (VIOLATED)
clkbuf_leaf_34_clk/X                     10     17     -7 (VIOLATED)
clkbuf_leaf_0_clk/X                      10     16     -6 (VIOLATED)
clkbuf_leaf_20_clk/X                     10     16     -6 (VIOLATED)
clkbuf_leaf_26_clk/X                     10     16     -6 (VIOLATED)
clkbuf_leaf_2_clk/X                      10     16     -6 (VIOLATED)
clkbuf_leaf_14_clk/X                     10     15     -5 (VIOLATED)
clkbuf_leaf_33_clk/X                     10     15     -5 (VIOLATED)
clkbuf_leaf_11_clk/X                     10     14     -4 (VIOLATED)
clkbuf_leaf_1_clk/X                      10     13     -3 (VIOLATED)
clkbuf_leaf_9_clk/X                      10     13     -3 (VIOLATED)
clkbuf_leaf_21_clk/X                     10     12     -2 (VIOLATED)
clkbuf_leaf_31_clk/X                     10     12     -2 (VIOLATED)
clkbuf_2_0__f_clk/X                      10     11        (VIOLATED)
clkbuf_2_1__f_clk/X                      10     11        (VIOLATED)
clkbuf_2_3__f_clk/X                      10     11        (VIOLATED)
clkbuf_leaf_39_clk/X                     10     11        (VIOLATED)



===========================================================================
report_parasitic_annotation -report_unannotated
============================================================================
Found 39 unannotated drivers.
 clkload0/X
 clkload1/X
 clkload10/Y
 clkload11/Y
 clkload12/Y
 clkload13/Y
 clkload14/Y
 clkload15/Y
 clkload16/Y
 clkload17/Y
 clkload18/Y
 clkload19/Y
 clkload2/Y
 clkload20/Y
 clkload21/Y
 clkload22/Y
 clkload23/Y
 clkload24/Y
 clkload25/Y
 clkload26/Y
 clkload27/Y
 clkload28/Y
 clkload29/Y
 clkload3/X
 clkload30/Y
 clkload31/Y
 clkload32/Y
 clkload33/Y
 clkload34/Y
 clkload35/X
 clkload36/Y
 clkload37/Y
 clkload38/Y
 clkload4/Y
 clkload5/X
 clkload6/Y
 clkload7/Y
 clkload8/Y
 clkload9/Y
Found 0 partially unannotated drivers.

===========================================================================
max slew violation count 0
max fanout violation count 19
max cap violation count 0
============================================================================

===========================================================================
check_setup -verbose -unconstrained_endpoints -multiple_clock -no_clock -no_input_delay -loops -generated_clocks
===========================================================================
