Clock: clk
Sources: clk 
Generated: no
Virtual: yes
Propagated: no
Period: 50.000000

===========================================================================
report_clock_properties
============================================================================
Clock                   Period          Waveform
----------------------------------------------------
clk                  50.000000    0.000000 25.000000

===========================================================================
report_clock_latency
============================================================================
Clock clk
rise -> rise
    min     max
0.000000 0.000000 source latency
0.753834         network latency _2485_/CLK
        0.784782 network latency _2646_/CLK
---------------
0.753834 0.784782 latency
        0.030948 skew

fall -> fall
    min     max
0.000000 0.000000 source latency
0.653158         network latency _2485_/CLK
        0.677373 network latency _2646_/CLK
---------------
0.653158 0.677373 latency
        0.024215 skew



===========================================================================
report_clock_min_period
============================================================================
clk period_min = 4.91 fmax = 203.49
