Clock: clk
Sources: clk 
Generated: no
Virtual: yes
Propagated: no
Period: 20.000000

===========================================================================
report_clock_properties
============================================================================
Clock                   Period          Waveform
----------------------------------------------------
clk                  20.000000    0.000000 10.000000

===========================================================================
report_clock_latency
============================================================================
Clock clk
rise -> rise
    min     max
0.000000 0.000000 source latency
0.341000         network latency _0919_/CLK
        0.351561 network latency _1007_/CLK
---------------
0.341000 0.351561 latency
        0.010561 skew

fall -> fall
    min     max
0.000000 0.000000 source latency
0.288990         network latency _0919_/CLK
        0.296709 network latency _0987_/CLK
---------------
0.288990 0.296709 latency
        0.007719 skew



===========================================================================
report_clock_min_period
============================================================================
clk period_min = 2.96 fmax = 337.93
