Clock: CLK
Sources: CLK 
Generated: no
Virtual: yes
Propagated: no
Period: 25.000000

===========================================================================
report_clock_properties
============================================================================
Clock                   Period          Waveform
----------------------------------------------------
CLK                  25.000000    0.000000 12.500000

===========================================================================
report_clock_latency
============================================================================
Clock CLK
rise -> rise
    min     max
0.000000 0.000000 source latency
0.638901         network latency _3880_/CLK
        0.849892 network latency _3848_/CLK
---------------
0.638901 0.849892 latency
        0.210991 skew

fall -> fall
    min     max
0.000000 0.000000 source latency
0.522891         network latency _3880_/CLK
        0.720881 network latency _3848_/CLK
---------------
0.522891 0.720881 latency
        0.197990 skew



===========================================================================
report_clock_min_period
============================================================================
CLK period_min = 6.77 fmax = 147.77
