
===========================================================================
report_checks -unconstrained
===========================================================================
======================= nom_tt_025C_1v80 Corner ===================================

Startpoint: nrst (input port clocked by clk)
Endpoint: _1335_ (recovery check against rising-edge clock clk)
Path Group: asynchronous
Path Type: max

Fanout         Cap        Slew       Delay        Time   Description
---------------------------------------------------------------------------------------------
                                  0.000000    0.000000   clock clk (rise edge)
                                  0.000000    0.000000   clock network delay (propagated)
                                  5.000000    5.000000 ^ input external delay
     1    0.002689    0.019258    0.009928    5.009928 ^ nrst (in)
                                                         nrst (net)
                      0.019258    0.000000    5.009928 ^ input2/A (sky130_fd_sc_hd__clkbuf_1)
     3    0.014640    0.177449    0.164887    5.174815 ^ input2/X (sky130_fd_sc_hd__clkbuf_1)
                                                         net2 (net)
                      0.177455    0.000893    5.175708 ^ fanout86/A (sky130_fd_sc_hd__clkbuf_4)
    10    0.066409    0.202526    0.296759    5.472466 ^ fanout86/X (sky130_fd_sc_hd__clkbuf_4)
                                                         net86 (net)
                      0.202530    0.001211    5.473678 ^ fanout85/A (sky130_fd_sc_hd__clkbuf_4)
    10    0.052329    0.161793    0.277189    5.750866 ^ fanout85/X (sky130_fd_sc_hd__clkbuf_4)
                                                         net85 (net)
                      0.161865    0.003180    5.754046 ^ _1335_/RESET_B (sky130_fd_sc_hd__dfrtp_2)
                                              5.754046   data arrival time

                                 25.000000   25.000000   clock clk (rise edge)
                                  0.000000   25.000000   clock source latency
     1    0.020058    0.095961    0.065972   25.065971 ^ clk (in)
                                                         clk (net)
                      0.095966    0.000000   25.065971 ^ clkbuf_0_clk/A (sky130_fd_sc_hd__clkbuf_16)
     4    0.039625    0.059428    0.160023   25.225994 ^ clkbuf_0_clk/X (sky130_fd_sc_hd__clkbuf_16)
                                                         clknet_0_clk (net)
                      0.059448    0.000973   25.226969 ^ clkbuf_2_2__f_clk/A (sky130_fd_sc_hd__clkbuf_16)
     9    0.040158    0.059890    0.147129   25.374096 ^ clkbuf_2_2__f_clk/X (sky130_fd_sc_hd__clkbuf_16)
                                                         clknet_2_2__leaf_clk (net)
                      0.059903    0.000833   25.374929 ^ _1335_/CLK (sky130_fd_sc_hd__dfrtp_2)
                                 -0.250000   25.124931   clock uncertainty
                                  0.000000   25.124931   clock reconvergence pessimism
                                  0.188975   25.313904   library recovery time
                                             25.313904   data required time
---------------------------------------------------------------------------------------------
                                             25.313904   data required time
                                             -5.754046   data arrival time
---------------------------------------------------------------------------------------------
                                             19.559858   slack (MET)


Startpoint: prescaler[9] (input port clocked by clk)
Endpoint: _1312_ (rising edge-triggered flip-flop clocked by clk)
Path Group: clk
Path Type: max

Fanout         Cap        Slew       Delay        Time   Description
---------------------------------------------------------------------------------------------
                                  0.000000    0.000000   clock clk (rise edge)
                                  0.000000    0.000000   clock network delay (propagated)
                                  5.000000    5.000000 ^ input external delay
     1    0.002756    0.019543    0.010163    5.010163 ^ prescaler[9] (in)
                                                         prescaler[9] (net)
                      0.019543    0.000000    5.010163 ^ input16/A (sky130_fd_sc_hd__buf_1)
     2    0.018199    0.217864    0.192904    5.203066 ^ input16/X (sky130_fd_sc_hd__buf_1)
                                                         net16 (net)
                      0.217865    0.000326    5.203393 ^ fanout87/A (sky130_fd_sc_hd__clkbuf_4)
    10    0.056308    0.173092    0.289752    5.493145 ^ fanout87/X (sky130_fd_sc_hd__clkbuf_4)
                                                         net87 (net)
                      0.173250    0.003165    5.496309 ^ _0681_/A (sky130_fd_sc_hd__xor2_2)
     3    0.014162    0.209334    0.225645    5.721955 ^ _0681_/X (sky130_fd_sc_hd__xor2_2)
                                                         _0057_ (net)
                      0.209334    0.000342    5.722297 ^ _0682_/B (sky130_fd_sc_hd__xnor2_2)
     2    0.012329    0.202813    0.164760    5.887056 ^ _0682_/Y (sky130_fd_sc_hd__xnor2_2)
                                                         _0058_ (net)
                      0.202813    0.000303    5.887360 ^ _0685_/B (sky130_fd_sc_hd__xor2_2)
     2    0.012199    0.188453    0.217514    6.104874 ^ _0685_/X (sky130_fd_sc_hd__xor2_2)
                                                         _0061_ (net)
                      0.188453    0.000237    6.105111 ^ _0686_/A3 (sky130_fd_sc_hd__a31o_1)
     2    0.008472    0.093685    0.205535    6.310646 ^ _0686_/X (sky130_fd_sc_hd__a31o_1)
                                                         _0062_ (net)
                      0.093685    0.000240    6.310886 ^ _0694_/A (sky130_fd_sc_hd__xor2_1)
     2    0.007719    0.197736    0.207649    6.518535 ^ _0694_/X (sky130_fd_sc_hd__xor2_1)
                                                         _0070_ (net)
                      0.197736    0.000199    6.518734 ^ _0852_/B (sky130_fd_sc_hd__xor2_1)
     2    0.008712    0.215565    0.241420    6.760153 ^ _0852_/X (sky130_fd_sc_hd__xor2_1)
                                                         _0228_ (net)
                      0.215631    0.000263    6.760416 ^ _0854_/B (sky130_fd_sc_hd__xor2_1)
     2    0.010964    0.256548    0.273889    7.034305 ^ _0854_/X (sky130_fd_sc_hd__xor2_1)
                                                         _0230_ (net)
                      0.256548    0.000302    7.034607 ^ _0855_/B (sky130_fd_sc_hd__xnor2_1)
     3    0.011199    0.280230    0.215865    7.250472 ^ _0855_/Y (sky130_fd_sc_hd__xnor2_1)
                                                         _0231_ (net)
                      0.280230    0.000309    7.250781 ^ _0858_/A (sky130_fd_sc_hd__xnor2_1)
     2    0.007710    0.096070    0.151529    7.402310 v _0858_/Y (sky130_fd_sc_hd__xnor2_1)
                                                         _0234_ (net)
                      0.096070    0.000199    7.402509 v _0863_/A (sky130_fd_sc_hd__nor2_1)
     2    0.012925    0.242984    0.239664    7.642173 ^ _0863_/Y (sky130_fd_sc_hd__nor2_1)
                                                         _0239_ (net)
                      0.242985    0.000366    7.642539 ^ _0869_/A4 (sky130_fd_sc_hd__a41oi_4)
     3    0.011769    0.115754    0.161827    7.804366 v _0869_/Y (sky130_fd_sc_hd__a41oi_4)
                                                         _0245_ (net)
                      0.115754    0.000503    7.804869 v _0902_/A2 (sky130_fd_sc_hd__a211o_1)
     2    0.008029    0.073056    0.342548    8.147417 v _0902_/X (sky130_fd_sc_hd__a211o_1)
                                                         _0278_ (net)
                      0.073056    0.000253    8.147671 v _0912_/A1 (sky130_fd_sc_hd__a21oi_2)
     5    0.022280    0.285948    0.280086    8.427756 ^ _0912_/Y (sky130_fd_sc_hd__a21oi_2)
                                                         _0288_ (net)
                      0.285950    0.000515    8.428271 ^ _0922_/C1 (sky130_fd_sc_hd__a211o_1)
     3    0.009016    0.089092    0.178531    8.606803 ^ _0922_/X (sky130_fd_sc_hd__a211o_1)
                                                         _0298_ (net)
                      0.089092    0.000252    8.607055 ^ _0924_/C_N (sky130_fd_sc_hd__or3b_1)
     2    0.004376    0.074812    0.360541    8.967596 v _0924_/X (sky130_fd_sc_hd__or3b_1)
                                                         _0300_ (net)
                      0.074812    0.000111    8.967707 v _0956_/C_N (sky130_fd_sc_hd__or3b_1)
     1    0.005102    0.061466    0.182103    9.149810 ^ _0956_/X (sky130_fd_sc_hd__or3b_1)
                                                         _0332_ (net)
                      0.061466    0.000151    9.149961 ^ _0957_/A2 (sky130_fd_sc_hd__a211oi_2)
     2    0.011380    0.076006    0.089098    9.239058 v _0957_/Y (sky130_fd_sc_hd__a211oi_2)
                                                         _0333_ (net)
                      0.076006    0.000242    9.239301 v _0960_/B (sky130_fd_sc_hd__or3_1)
     1    0.005006    0.077051    0.366903    9.606203 v _0960_/X (sky130_fd_sc_hd__or3_1)
                                                         _0336_ (net)
                      0.077051    0.000195    9.606398 v fanout60/A (sky130_fd_sc_hd__buf_2)
     7    0.042703    0.104587    0.207799    9.814197 v fanout60/X (sky130_fd_sc_hd__buf_2)
                                                         net60 (net)
                      0.104589    0.000799    9.814996 v fanout59/A (sky130_fd_sc_hd__buf_2)
    10    0.043132    0.105533    0.220902   10.035897 v fanout59/X (sky130_fd_sc_hd__buf_2)
                                                         net59 (net)
                      0.105669    0.003372   10.039270 v _1035_/C (sky130_fd_sc_hd__or4_1)
     4    0.010845    0.131514    0.549777   10.589047 v _1035_/X (sky130_fd_sc_hd__or4_1)
                                                         _0411_ (net)
                      0.131514    0.000135   10.589182 v _1053_/B (sky130_fd_sc_hd__or2_1)
     2    0.006160    0.063024    0.255824   10.845006 v _1053_/X (sky130_fd_sc_hd__or2_1)
                                                         _0428_ (net)
                      0.063024    0.000173   10.845180 v _1213_/A2 (sky130_fd_sc_hd__a311o_1)
     1    0.002555    0.051394    0.307244   11.152423 v _1213_/X (sky130_fd_sc_hd__a311o_1)
                                                         _0557_ (net)
                      0.051394    0.000078   11.152501 v _1214_/C (sky130_fd_sc_hd__or4b_1)
     1    0.008309    0.118285    0.513049   11.665550 v _1214_/X (sky130_fd_sc_hd__or4b_1)
                                                         _0558_ (net)
                      0.118285    0.000385   11.665936 v _1228_/A (sky130_fd_sc_hd__or4_1)
     1    0.003725    0.089364    0.544889   12.210825 v _1228_/X (sky130_fd_sc_hd__or4_1)
                                                         _0572_ (net)
                      0.089364    0.000120   12.210944 v _1253_/A (sky130_fd_sc_hd__nor2_1)
     1    0.003333    0.088275    0.119389   12.330334 ^ _1253_/Y (sky130_fd_sc_hd__nor2_1)
                                                         clk_divider.next_flag (net)
                      0.088275    0.000101   12.330435 ^ _1312_/D (sky130_fd_sc_hd__dfrtp_1)
                                             12.330435   data arrival time

                                 25.000000   25.000000   clock clk (rise edge)
                                  0.000000   25.000000   clock source latency
     1    0.020058    0.095961    0.065972   25.065971 ^ clk (in)
                                                         clk (net)
                      0.095966    0.000000   25.065971 ^ clkbuf_0_clk/A (sky130_fd_sc_hd__clkbuf_16)
     4    0.039625    0.059428    0.160023   25.225994 ^ clkbuf_0_clk/X (sky130_fd_sc_hd__clkbuf_16)
                                                         clknet_0_clk (net)
                      0.059451    0.001030   25.227024 ^ clkbuf_2_3__f_clk/A (sky130_fd_sc_hd__clkbuf_16)
    11    0.033951    0.054330    0.142302   25.369328 ^ clkbuf_2_3__f_clk/X (sky130_fd_sc_hd__clkbuf_16)
                                                         clknet_2_3__leaf_clk (net)
                      0.054331    0.000522   25.369848 ^ _1312_/CLK (sky130_fd_sc_hd__dfrtp_1)
                                 -0.250000   25.119850   clock uncertainty
                                  0.000000   25.119850   clock reconvergence pessimism
                                 -0.068398   25.051451   library setup time
                                             25.051451   data required time
---------------------------------------------------------------------------------------------
                                             25.051451   data required time
                                            -12.330435   data arrival time
---------------------------------------------------------------------------------------------
                                             12.721017   slack (MET)




===========================================================================
report_checks --slack_max -0.01
============================================================================
======================= nom_tt_025C_1v80 Corner ===================================

No paths found.


===========================================================================
 report_check_types -max_slew -max_cap -max_fanout -violators
============================================================================
======================= nom_tt_025C_1v80 Corner ===================================

max fanout

Pin                                   Limit Fanout  Slack
---------------------------------------------------------
clkbuf_2_3__f_clk/X                      10     11        (VIOLATED)



===========================================================================
report_parasitic_annotation -report_unannotated
============================================================================
Found 3 unannotated drivers.
 clkload0/X
 clkload1/Y
 clkload2/Y
Found 0 partially unannotated drivers.

===========================================================================
max slew violation count 0
max fanout violation count 1
max cap violation count 0
============================================================================

===========================================================================
check_setup -verbose -unconstrained_endpoints -multiple_clock -no_clock -no_input_delay -loops -generated_clocks
===========================================================================
