Clock: clk
Sources: clk 
Generated: no
Virtual: yes
Propagated: no
Period: 25.000000

===========================================================================
report_clock_properties
============================================================================
Clock                   Period          Waveform
----------------------------------------------------
clk                  25.000000    0.000000 12.500000

===========================================================================
report_clock_latency
============================================================================
Clock clk
rise -> rise
    min     max
0.000000 0.000000 source latency
0.369850         network latency _1312_/CLK
        0.375754 network latency _1319_/CLK
---------------
0.369850 0.375754 latency
        0.005904 skew

fall -> fall
    min     max
0.000000 0.000000 source latency
0.344327         network latency _1312_/CLK
        0.348845 network latency _1319_/CLK
---------------
0.344327 0.348845 latency
        0.004518 skew



===========================================================================
report_clock_min_period
============================================================================
clk period_min = 6.57 fmax = 152.20
