
===========================================================================
report_checks -unconstrained
===========================================================================
======================= nom_tt_025C_1v80 Corner ===================================

Startpoint: nrst (input port clocked by clk)
Endpoint: _2896_ (recovery check against rising-edge clock clk)
Path Group: asynchronous
Path Type: max

Fanout         Cap        Slew       Delay        Time   Description
---------------------------------------------------------------------------------------------
                                  0.000000    0.000000   clock clk (rise edge)
                                  0.000000    0.000000   clock network delay (propagated)
                                 20.000000   20.000000 ^ input external delay
     1    0.006182    0.034488    0.021725   20.021725 ^ nrst (in)
                                                         nrst (net)
                      0.034489    0.000000   20.021725 ^ input62/A (sky130_fd_sc_hd__clkbuf_2)
     5    0.058980    0.318970    0.290377   20.312103 ^ input62/X (sky130_fd_sc_hd__clkbuf_2)
                                                         net62 (net)
                      0.318980    0.001506   20.313610 ^ fanout205/A (sky130_fd_sc_hd__clkbuf_4)
     7    0.076614    0.231371    0.359995   20.673603 ^ fanout205/X (sky130_fd_sc_hd__clkbuf_4)
                                                         net205 (net)
                      0.231423    0.003372   20.676975 ^ fanout187/A (sky130_fd_sc_hd__dlymetal6s2s_1)
     5    0.022370    0.237496    0.272868   20.949842 ^ fanout187/X (sky130_fd_sc_hd__dlymetal6s2s_1)
                                                         net187 (net)
                      0.237498    0.000529   20.950373 ^ fanout185/A (sky130_fd_sc_hd__buf_2)
     9    0.038049    0.188147    0.269973   21.220345 ^ fanout185/X (sky130_fd_sc_hd__buf_2)
                                                         net185 (net)
                      0.188151    0.001110   21.221455 ^ fanout184/A (sky130_fd_sc_hd__buf_4)
    10    0.061128    0.171888    0.251593   21.473047 ^ fanout184/X (sky130_fd_sc_hd__buf_4)
                                                         net184 (net)
                      0.172041    0.003281   21.476330 ^ _2896_/SET_B (sky130_fd_sc_hd__dfstp_1)
                                             21.476330   data arrival time

                                100.000000  100.000000   clock clk (rise edge)
                                  0.000000  100.000000   clock source latency
     1    0.037163    0.171775    0.120387  100.120384 ^ clk (in)
                                                         clk (net)
                      0.171859    0.000000  100.120384 ^ clkbuf_0_clk/A (sky130_fd_sc_hd__clkbuf_16)
     4    0.056739    0.075832    0.197055  100.317436 ^ clkbuf_0_clk/X (sky130_fd_sc_hd__clkbuf_16)
                                                         clknet_0_clk (net)
                      0.075903    0.002053  100.319496 ^ clkbuf_2_0__f_clk/A (sky130_fd_sc_hd__clkbuf_16)
     9    0.072207    0.089395    0.176087  100.495583 ^ clkbuf_2_0__f_clk/X (sky130_fd_sc_hd__clkbuf_16)
                                                         clknet_2_0__leaf_clk (net)
                      0.089546    0.002451  100.498032 ^ clkbuf_leaf_31_clk/A (sky130_fd_sc_hd__clkbuf_8)
    15    0.039600    0.081220    0.172363  100.670395 ^ clkbuf_leaf_31_clk/X (sky130_fd_sc_hd__clkbuf_8)
                                                         clknet_leaf_31_clk (net)
                      0.081223    0.000668  100.671059 ^ _2896_/CLK (sky130_fd_sc_hd__dfstp_1)
                                 -0.250000  100.421066   clock uncertainty
                                  0.000000  100.421066   clock reconvergence pessimism
                                  0.135360  100.556419   library recovery time
                                            100.556419   data required time
---------------------------------------------------------------------------------------------
                                            100.556419   data required time
                                            -21.476330   data arrival time
---------------------------------------------------------------------------------------------
                                             79.080101   slack (MET)


Startpoint: SBwest_in[0] (input port clocked by clk)
Endpoint: CBnorth_out[2] (output port clocked by clk)
Path Group: clk
Path Type: max

Fanout         Cap        Slew       Delay        Time   Description
---------------------------------------------------------------------------------------------
                                  0.000000    0.000000   clock clk (rise edge)
                                  0.000000    0.000000   clock network delay (propagated)
                                 20.000000   20.000000 ^ input external delay
     1    0.002785    0.019670    0.010266   20.010265 ^ SBwest_in[0] (in)
                                                         SBwest_in[0] (net)
                      0.019670    0.000000   20.010265 ^ input43/A (sky130_fd_sc_hd__buf_1)
     1    0.014730    0.178372    0.165958   20.176224 ^ input43/X (sky130_fd_sc_hd__buf_1)
                                                         net43 (net)
                      0.178374    0.000538   20.176762 ^ _1617_/C (sky130_fd_sc_hd__and3_1)
     1    0.001935    0.044176    0.167200   20.343962 ^ _1617_/X (sky130_fd_sc_hd__and3_1)
                                                         _0406_ (net)
                      0.044176    0.000036   20.343998 ^ _1618_/B1_N (sky130_fd_sc_hd__a21bo_1)
     1    0.003924    0.039515    0.194838   20.538836 v _1618_/X (sky130_fd_sc_hd__a21bo_1)
                                                         _0407_ (net)
                      0.039515    0.000128   20.538963 v _1620_/A3 (sky130_fd_sc_hd__a41o_1)
     1    0.002393    0.036676    0.215044   20.754007 v _1620_/X (sky130_fd_sc_hd__a41o_1)
                                                         _0409_ (net)
                      0.036676    0.000069   20.754076 v _1621_/A2_N (sky130_fd_sc_hd__a2bb2o_2)
     5    0.032035    0.172423    0.318487   21.072563 ^ _1621_/X (sky130_fd_sc_hd__a2bb2o_2)
                                                         _0410_ (net)
                      0.172445    0.001991   21.074554 ^ _1624_/A (sky130_fd_sc_hd__nand2_2)
     8    0.043982    0.183607    0.193577   21.268131 v _1624_/Y (sky130_fd_sc_hd__nand2_2)
                                                         _0413_ (net)
                      0.183644    0.002192   21.270323 v _1644_/A1 (sky130_fd_sc_hd__mux4_1)
     1    0.003151    0.087660    0.547376   21.817699 v _1644_/X (sky130_fd_sc_hd__mux4_1)
                                                         _0433_ (net)
                      0.087660    0.000092   21.817791 v _1732_/A2 (sky130_fd_sc_hd__o21ba_1)
     1    0.005371    0.046748    0.193010   22.010801 v _1732_/X (sky130_fd_sc_hd__o21ba_1)
                                                         _0521_ (net)
                      0.046748    0.000169   22.010969 v _1733_/A3 (sky130_fd_sc_hd__o32a_4)
     8    0.054157    0.119685    0.399449   22.410419 v _1733_/X (sky130_fd_sc_hd__o32a_4)
                                                         _0522_ (net)
                      0.119778    0.002991   22.413410 v _1767_/S (sky130_fd_sc_hd__mux2_1)
     1    0.003305    0.047765    0.227471   22.640882 ^ _1767_/X (sky130_fd_sc_hd__mux2_1)
                                                         _0556_ (net)
                      0.047765    0.000103   22.640985 ^ _1792_/A0 (sky130_fd_sc_hd__mux2_1)
     1    0.002434    0.041058    0.112426   22.753410 ^ _1792_/X (sky130_fd_sc_hd__mux2_1)
                                                         _0581_ (net)
                      0.041058    0.000048   22.753458 ^ _1818_/A1 (sky130_fd_sc_hd__mux2_1)
     1    0.002716    0.043158    0.115142   22.868601 ^ _1818_/X (sky130_fd_sc_hd__mux2_1)
                                                         _0607_ (net)
                      0.043158    0.000080   22.868681 ^ _1826_/A1 (sky130_fd_sc_hd__mux2_1)
     3    0.021286    0.193945    0.232266   23.100946 ^ _1826_/X (sky130_fd_sc_hd__mux2_1)
                                                         _0615_ (net)
                      0.194013    0.001144   23.102089 ^ _1830_/A2 (sky130_fd_sc_hd__o211a_1)
     2    0.025679    0.218696    0.294284   23.396374 ^ _1830_/X (sky130_fd_sc_hd__o211a_1)
                                                         CB_0.le_outA (net)
                      0.218697    0.000927   23.397301 ^ fanout136/A (sky130_fd_sc_hd__clkbuf_2)
     6    0.034188    0.188738    0.259980   23.657282 ^ fanout136/X (sky130_fd_sc_hd__clkbuf_2)
                                                         net136 (net)
                      0.188740    0.000975   23.658257 ^ _1670_/A (sky130_fd_sc_hd__and3_1)
     2    0.007801    0.093901    0.214426   23.872683 ^ _1670_/X (sky130_fd_sc_hd__and3_1)
                                                         _0459_ (net)
                      0.093901    0.000185   23.872868 ^ _1671_/B1 (sky130_fd_sc_hd__a21o_1)
     1    0.016260    0.146530    0.168916   24.041782 ^ _1671_/X (sky130_fd_sc_hd__a21o_1)
                                                         _0460_ (net)
                      0.146530    0.000611   24.042393 ^ _1680_/B2 (sky130_fd_sc_hd__a2bb2o_2)
     8    0.042246    0.220910    0.320272   24.362665 ^ _1680_/X (sky130_fd_sc_hd__a2bb2o_2)
                                                         _0469_ (net)
                      0.220985    0.002371   24.365036 ^ _1683_/A (sky130_fd_sc_hd__nand2_2)
     6    0.041769    0.179182    0.205354   24.570391 v _1683_/Y (sky130_fd_sc_hd__nand2_2)
                                                         _0472_ (net)
                      0.179201    0.001537   24.571928 v _1843_/A2 (sky130_fd_sc_hd__a211o_1)
     1    0.004750    0.056657    0.344174   24.916101 v _1843_/X (sky130_fd_sc_hd__a211o_1)
                                                         _0630_ (net)
                      0.056657    0.000167   24.916269 v _1853_/B1 (sky130_fd_sc_hd__o211a_1)
     2    0.012483    0.080076    0.168372   25.084641 v _1853_/X (sky130_fd_sc_hd__o211a_1)
                                                         _0640_ (net)
                      0.080076    0.000286   25.084927 v _1854_/A3 (sky130_fd_sc_hd__o31a_1)
     4    0.023310    0.130400    0.340570   25.425497 v _1854_/X (sky130_fd_sc_hd__o31a_1)
                                                         _0641_ (net)
                      0.130408    0.001190   25.426687 v _1916_/B2 (sky130_fd_sc_hd__o221a_1)
     2    0.008352    0.073910    0.269278   25.695965 v _1916_/X (sky130_fd_sc_hd__o221a_1)
                                                         _0703_ (net)
                      0.073910    0.000210   25.696175 v _1957_/A1 (sky130_fd_sc_hd__o22a_1)
     1    0.003723    0.041461    0.220142   25.916317 v _1957_/X (sky130_fd_sc_hd__o22a_1)
                                                         _0744_ (net)
                      0.041461    0.000092   25.916409 v _1960_/A2 (sky130_fd_sc_hd__o211a_1)
     3    0.039335    0.194004    0.343388   26.259796 v _1960_/X (sky130_fd_sc_hd__o211a_1)
                                                         CB_0.le_outB (net)
                      0.194042    0.002656   26.262453 v fanout129/A (sky130_fd_sc_hd__buf_1)
     5    0.020949    0.124818    0.225581   26.488033 v fanout129/X (sky130_fd_sc_hd__buf_1)
                                                         net129 (net)
                      0.124818    0.000332   26.488365 v _1713_/A1 (sky130_fd_sc_hd__mux2_1)
     1    0.002466    0.053385    0.312330   26.800695 v _1713_/X (sky130_fd_sc_hd__mux2_1)
                                                         _0502_ (net)
                      0.053385    0.000071   26.800766 v _1715_/A1 (sky130_fd_sc_hd__mux2_1)
     1    0.012143    0.097881    0.348331   27.149097 v _1715_/X (sky130_fd_sc_hd__mux2_1)
                                                         _0504_ (net)
                      0.097881    0.000382   27.149481 v _1725_/A2 (sky130_fd_sc_hd__a22o_2)
     9    0.041916    0.124431    0.374513   27.523993 v _1725_/X (sky130_fd_sc_hd__a22o_2)
                                                         _0514_ (net)
                      0.124455    0.001725   27.525717 v _2019_/A (sky130_fd_sc_hd__and2_2)
     6    0.032557    0.100913    0.270623   27.796341 v _2019_/X (sky130_fd_sc_hd__and2_2)
                                                         _0804_ (net)
                      0.100971    0.002228   27.798569 v _2025_/A0 (sky130_fd_sc_hd__mux2_1)
     1    0.003290    0.057932    0.301480   28.100048 v _2025_/X (sky130_fd_sc_hd__mux2_1)
                                                         _0810_ (net)
                      0.057932    0.000099   28.100147 v _2026_/A3 (sky130_fd_sc_hd__a31o_1)
     1    0.002479    0.035103    0.212115   28.312262 v _2026_/X (sky130_fd_sc_hd__a31o_1)
                                                         _0811_ (net)
                      0.035103    0.000050   28.312311 v _2027_/D (sky130_fd_sc_hd__nor4_1)
     1    0.009944    0.466673    0.359227   28.671539 ^ _2027_/Y (sky130_fd_sc_hd__nor4_1)
                                                         _0812_ (net)
                      0.466673    0.000306   28.671844 ^ _2029_/A2 (sky130_fd_sc_hd__o22ai_4)
     4    0.029227    0.127854    0.178161   28.850006 v _2029_/Y (sky130_fd_sc_hd__o22ai_4)
                                                         _0814_ (net)
                      0.127870    0.002574   28.852579 v _2085_/S (sky130_fd_sc_hd__mux2_1)
     1    0.002898    0.044926    0.227923   29.080502 ^ _2085_/X (sky130_fd_sc_hd__mux2_1)
                                                         _0870_ (net)
                      0.044928    0.000085   29.080587 ^ _2114_/A0 (sky130_fd_sc_hd__mux2_1)
     1    0.003265    0.046764    0.118094   29.198681 ^ _2114_/X (sky130_fd_sc_hd__mux2_1)
                                                         _0899_ (net)
                      0.046764    0.000101   29.198782 ^ _2122_/A1 (sky130_fd_sc_hd__mux2_1)
     3    0.012015    0.116466    0.177932   29.376715 ^ _2122_/X (sky130_fd_sc_hd__mux2_1)
                                                         _0907_ (net)
                      0.116466    0.000499   29.377214 ^ _2125_/A2 (sky130_fd_sc_hd__o211a_1)
     1    0.005423    0.062588    0.160945   29.538160 ^ _2125_/X (sky130_fd_sc_hd__o211a_1)
                                                         CB_1.le_outA (net)
                      0.062588    0.000227   29.538387 ^ fanout126/A (sky130_fd_sc_hd__buf_2)
     9    0.056725    0.275000    0.275756   29.814142 ^ fanout126/X (sky130_fd_sc_hd__buf_2)
                                                         net126 (net)
                      0.275151    0.005361   29.819504 ^ _1426_/A (sky130_fd_sc_hd__inv_2)
     2    0.018752    0.086705    0.110703   29.930206 v _1426_/Y (sky130_fd_sc_hd__inv_2)
                                                         _1220_ (net)
                      0.086732    0.001222   29.931429 v _2218_/A2 (sky130_fd_sc_hd__mux4_2)
     2    0.023206    0.135773    0.558664   30.490093 v _2218_/X (sky130_fd_sc_hd__mux4_2)
                                                         _1001_ (net)
                      0.135777    0.000949   30.491041 v _2241_/A2 (sky130_fd_sc_hd__o21a_1)
     1    0.010740    0.069960    0.237684   30.728725 v _2241_/X (sky130_fd_sc_hd__o21a_1)
                                                         _1024_ (net)
                      0.069960    0.000355   30.729080 v _2247_/B1 (sky130_fd_sc_hd__a211o_1)
     2    0.013618    0.095155    0.328448   31.057529 v _2247_/X (sky130_fd_sc_hd__a211o_1)
                                                         _1030_ (net)
                      0.095158    0.000689   31.058218 v _2256_/A1 (sky130_fd_sc_hd__a21o_1)
     1    0.013520    0.076598    0.215913   31.274132 v _2256_/X (sky130_fd_sc_hd__a21o_1)
                                                         _1039_ (net)
                      0.076600    0.000504   31.274635 v _2258_/B1 (sky130_fd_sc_hd__o211a_1)
     2    0.019200    0.109470    0.202267   31.476902 v _2258_/X (sky130_fd_sc_hd__o211a_1)
                                                         CB_1.le_outB (net)
                      0.109471    0.000437   31.477339 v fanout122/A (sky130_fd_sc_hd__buf_2)
    10    0.059686    0.141952    0.248107   31.725447 v fanout122/X (sky130_fd_sc_hd__buf_2)
                                                         net122 (net)
                      0.142036    0.001133   31.726580 v fanout121/A (sky130_fd_sc_hd__clkbuf_2)
    10    0.042335    0.160703    0.250758   31.977337 v fanout121/X (sky130_fd_sc_hd__clkbuf_2)
                                                         net121 (net)
                      0.160733    0.002139   31.979475 v _1631_/B2 (sky130_fd_sc_hd__o2bb2a_1)
     2    0.016219    0.112905    0.392554   32.372028 v _1631_/X (sky130_fd_sc_hd__o2bb2a_1)
                                                         _0420_ (net)
                      0.112906    0.000561   32.372589 v _1634_/B1 (sky130_fd_sc_hd__a221o_1)
     1    0.003161    0.053932    0.312355   32.684944 v _1634_/X (sky130_fd_sc_hd__a221o_1)
                                                         _0423_ (net)
                      0.053932    0.000092   32.685040 v _1639_/B1 (sky130_fd_sc_hd__a22o_1)
     4    0.012099    0.080528    0.223061   32.908100 v _1639_/X (sky130_fd_sc_hd__a22o_1)
                                                         _0428_ (net)
                      0.080528    0.000224   32.908321 v _1642_/B1_N (sky130_fd_sc_hd__a21bo_4)
     9    0.057617    0.192231    0.298410   33.206734 ^ _1642_/X (sky130_fd_sc_hd__a21bo_4)
                                                         _0431_ (net)
                      0.192678    0.007539   33.214272 ^ _1643_/A (sky130_fd_sc_hd__inv_2)
     1    0.011082    0.058521    0.073950   33.288219 v _1643_/Y (sky130_fd_sc_hd__inv_2)
                                                         _0432_ (net)
                      0.058524    0.000433   33.288654 v _2289_/A1 (sky130_fd_sc_hd__mux2_1)
     1    0.004032    0.061761    0.301664   33.590321 v _2289_/X (sky130_fd_sc_hd__mux2_1)
                                                         _1051_ (net)
                      0.061761    0.000139   33.590458 v _2290_/A1 (sky130_fd_sc_hd__mux2_1)
     1    0.033495    0.186220    0.441535   34.031994 v _2290_/X (sky130_fd_sc_hd__mux2_1)
                                                         net83 (net)
                      0.186228    0.001453   34.033447 v output83/A (sky130_fd_sc_hd__buf_2)
     1    0.063440    0.150357    0.288267   34.321712 v output83/X (sky130_fd_sc_hd__buf_2)
                                                         CBnorth_out[2] (net)
                      0.150744    0.005851   34.327564 v CBnorth_out[2] (out)
                                             34.327564   data arrival time

                                100.000000  100.000000   clock clk (rise edge)
                                  0.000000  100.000000   clock network delay (propagated)
                                 -0.250000   99.750000   clock uncertainty
                                  0.000000   99.750000   clock reconvergence pessimism
                                -20.000000   79.750000   output external delay
                                             79.750000   data required time
---------------------------------------------------------------------------------------------
                                             79.750000   data required time
                                            -34.327564   data arrival time
---------------------------------------------------------------------------------------------
                                             45.422432   slack (MET)




===========================================================================
report_checks --slack_max -0.01
============================================================================
======================= nom_tt_025C_1v80 Corner ===================================

No paths found.


===========================================================================
 report_check_types -max_slew -max_cap -max_fanout -violators
============================================================================
======================= nom_tt_025C_1v80 Corner ===================================

max fanout

Pin                                   Limit Fanout  Slack
---------------------------------------------------------
clkbuf_leaf_6_clk/X                      10     19     -9 (VIOLATED)
clkbuf_leaf_12_clk/X                     10     15     -5 (VIOLATED)
clkbuf_leaf_31_clk/X                     10     15     -5 (VIOLATED)
clkbuf_leaf_0_clk/X                      10     14     -4 (VIOLATED)
clkbuf_leaf_14_clk/X                     10     14     -4 (VIOLATED)
clkbuf_leaf_24_clk/X                     10     14     -4 (VIOLATED)
clkbuf_leaf_22_clk/X                     10     13     -3 (VIOLATED)
clkbuf_leaf_25_clk/X                     10     13     -3 (VIOLATED)
clkbuf_leaf_28_clk/X                     10     13     -3 (VIOLATED)
clkbuf_leaf_29_clk/X                     10     13     -3 (VIOLATED)
clkbuf_leaf_5_clk/X                      10     13     -3 (VIOLATED)
clkbuf_leaf_7_clk/X                      10     13     -3 (VIOLATED)
clkbuf_leaf_15_clk/X                     10     12     -2 (VIOLATED)
clkbuf_leaf_1_clk/X                      10     12     -2 (VIOLATED)
clkbuf_leaf_3_clk/X                      10     12     -2 (VIOLATED)
clkbuf_leaf_4_clk/X                      10     12     -2 (VIOLATED)
clkbuf_leaf_16_clk/X                     10     11        (VIOLATED)
clkbuf_leaf_23_clk/X                     10     11        (VIOLATED)
clkbuf_leaf_26_clk/X                     10     11        (VIOLATED)
clkbuf_leaf_30_clk/X                     10     11        (VIOLATED)



===========================================================================
report_parasitic_annotation -report_unannotated
============================================================================
Found 35 unannotated drivers.
 _2259_/X
 _2261_/X
 _2263_/X
 _2265_/X
 clkload0/Y
 clkload1/X
 clkload10/Y
 clkload11/Y
 clkload12/Y
 clkload13/X
 clkload14/Y
 clkload15/X
 clkload16/Y
 clkload17/Y
 clkload18/Y
 clkload19/Y
 clkload2/X
 clkload20/Y
 clkload21/Y
 clkload22/Y
 clkload23/Y
 clkload24/X
 clkload25/Y
 clkload26/Y
 clkload27/Y
 clkload28/Y
 clkload29/Y
 clkload3/X
 clkload30/Y
 clkload4/Y
 clkload5/Y
 clkload6/Y
 clkload7/Y
 clkload8/Y
 clkload9/Y
Found 0 partially unannotated drivers.

===========================================================================
max slew violation count 0
max fanout violation count 20
max cap violation count 0
============================================================================

===========================================================================
check_setup -verbose -unconstrained_endpoints -multiple_clock -no_clock -no_input_delay -loops -generated_clocks
===========================================================================
Warning: There are 8 unclocked register/latch pins.
  _2738_/CLK
  _2787_/CLK
  _2788_/CLK
  _2809_/CLK
  _2810_/CLK
  _2831_/CLK
  _2832_/CLK
  _2853_/CLK
Warning: There are 8 unconstrained endpoints.
  _2738_/D
  _2787_/D
  _2788_/D
  _2809_/D
  _2810_/D
  _2831_/D
  _2832_/D
  _2853_/D
Warning: There are 51 combinational loops in the design.
  _1792_/X
  _1818_/A1
  _1818_/X
  _1826_/A1
  _1826_/X
  _1830_/A2
  _1830_/X
  fanout136/A
  fanout136/X
  _1670_/A
  _1670_/X
  _1671_/B1
  _1671_/X
  _1680_/B2
  _1680_/X
  _1683_/A
  _1683_/Y
  _1684_/A
  _1684_/Y
  _1755_/A2
  _1755_/X
  _1762_/A1
  _1762_/X
  _1766_/A1
  _1766_/Y
  _1792_/S
  | loop cut point
  _1792_/X
  --------------------------------
  _1792_/X
  _1818_/A1
  _1818_/X
  _1826_/A1
  _1826_/X
  _1830_/A2
  _1830_/X
  fanout136/A
  fanout136/X
  _1670_/A
  _1670_/X
  _1671_/B1
  _1671_/X
  _1680_/B2
  _1680_/X
  _1683_/A
  _1683_/Y
  _1684_/A
  _1684_/Y
  _1755_/A2
  _1755_/X
  _1762_/A1
  _1762_/X
  _1766_/A1
  _1766_/Y
  _1792_/S
  | loop cut point
  _1792_/X
  --------------------------------
  _1818_/X
  _1826_/A1
  _1826_/X
  _1830_/A2
  _1830_/X
  fanout136/A
  fanout136/X
  _1670_/A
  _1670_/X
  _1671_/B1
  _1671_/X
  _1680_/B2
  _1680_/X
  _1683_/A
  _1683_/Y
  _1684_/A
  _1684_/Y
  _1755_/A2
  _1755_/X
  _1762_/A1
  _1762_/X
  _1766_/A1
  _1766_/Y
  _1817_/S
  _1817_/X
  _1818_/A0
  | loop cut point
  _1818_/X
  --------------------------------
  _1826_/X
  _1830_/A2
  _1830_/X
  fanout136/A
  fanout136/X
  _1670_/A
  _1670_/X
  _1671_/B1
  _1671_/X
  _1680_/B2
  _1680_/X
  _1683_/A
  _1683_/Y
  _1684_/A
  _1684_/Y
  _1755_/A2
  _1755_/X
  _1762_/A1
  _1762_/X
  _1766_/A1
  _1766_/Y
  _1821_/S
  _1821_/X
  _1825_/A1
  _1825_/X
  _1826_/A0
  | loop cut point
  _1826_/X
  --------------------------------
  _1818_/X
  _1826_/A1
  _1826_/X
  _1830_/A2
  _1830_/X
  fanout136/A
  fanout136/X
  _1670_/A
  _1670_/X
  _1671_/B1
  _1671_/X
  _1680_/B2
  _1680_/X
  _1683_/A
  _1683_/Y
  _1684_/A
  _1684_/Y
  _1785_/A1
  _1785_/X
  _1787_/B
  _1787_/X
  _1788_/B1
  _1788_/X
  _1790_/B1
  _1790_/X
  _1818_/S
  | loop cut point
  _1818_/X
  --------------------------------
  _1818_/X
  _1826_/A1
  _1826_/X
  _1830_/A2
  _1830_/X
  fanout136/A
  fanout136/X
  _1670_/A
  _1670_/X
  _1671_/B1
  _1671_/X
  _1680_/B2
  _1680_/X
  _1683_/A
  _1683_/Y
  _1684_/A
  _1684_/Y
  _1785_/A1
  _1785_/X
  _1787_/B
  _1787_/X
  _1788_/B1
  _1788_/X
  _1790_/B1
  _1790_/X
  _1818_/S
  | loop cut point
  _1818_/X
  --------------------------------
  _1826_/X
  _1830_/A2
  _1830_/X
  fanout136/A
  fanout136/X
  _1670_/A
  _1670_/X
  _1671_/B1
  _1671_/X
  _1680_/B2
  _1680_/X
  _1683_/A
  _1683_/Y
  _1684_/A
  _1684_/Y
  _1810_/A1
  _1810_/X
  _1812_/A
  _1812_/Y
  _1813_/B1
  _1813_/X
  _1814_/B1
  _1814_/X
  _1826_/S
  | loop cut point
  _1826_/X
  --------------------------------
  _1826_/X
  _1830_/A2
  _1830_/X
  fanout136/A
  fanout136/X
  _1670_/A
  _1670_/X
  _1671_/B1
  _1671_/X
  _1680_/B2
  _1680_/X
  _1683_/A
  _1683_/Y
  _1684_/A
  _1684_/Y
  _1810_/A1
  _1810_/X
  _1812_/A
  _1812_/Y
  _1813_/B1
  _1813_/X
  _1814_/B1
  _1814_/X
  _1826_/S
  | loop cut point
  _1826_/X
  --------------------------------
  _1621_/X
  _1624_/A
  _1624_/Y
  _1644_/A1
  _1644_/X
  _1732_/A2
  _1732_/X
  _1733_/A3
  _1733_/X
  _1767_/S
  _1767_/X
  _1792_/A0
  _1792_/X
  _1818_/A1
  _1818_/X
  _1826_/A1
  _1826_/X
  _1830_/A2
  _1830_/X
  fanout136/A
  fanout136/X
  _1670_/A
  _1670_/X
  _1671_/B1
  _1671_/X
  _1680_/B2
  _1680_/X
  _1683_/A
  _1683_/Y
  _1843_/A2
  _1843_/X
  _1853_/B1
  _1853_/X
  _1854_/A3
  _1854_/X
  _1916_/B2
  _1916_/X
  _1957_/A1
  _1957_/X
  _1960_/A2
  _1960_/X
  fanout129/A
  fanout129/X
  _1608_/A1
  _1608_/X
  _1611_/A1
  _1611_/X
  _1621_/B2
  | loop cut point
  _1621_/X
  --------------------------------
  _1671_/X
  _1680_/B2
  _1680_/X
  _1683_/A
  _1683_/Y
  _1843_/A2
  _1843_/X
  _1853_/B1
  _1853_/X
  _1854_/A3
  _1854_/X
  _1916_/B2
  _1916_/X
  _1957_/A1
  _1957_/X
  _1960_/A2
  _1960_/X
  fanout129/A
  fanout129/X
  _1668_/B2
  _1668_/X
  _1671_/A1
  | loop cut point
  _1671_/X
  --------------------------------
  _1853_/X
  _1854_/A3
  _1854_/X
  _1916_/B2
  _1916_/X
  _1957_/A1
  _1957_/X
  _1960_/A2
  _1960_/X
  fanout129/A
  fanout129/X
  _1713_/A1
  _1713_/X
  _1715_/A1
  _1715_/X
  _1725_/A2
  _1725_/X
  _1728_/A
  _1728_/X
  _1851_/A0
  _1851_/X
  _1852_/A3
  _1852_/Y
  _1853_/C1
  | loop cut point
  _1853_/X
  --------------------------------
  _1916_/X
  _1957_/A1
  _1957_/X
  _1960_/A2
  _1960_/X
  fanout129/A
  fanout129/X
  _1713_/A1
  _1713_/X
  _1715_/A1
  _1715_/X
  _1725_/A2
  _1725_/X
  _1729_/A
  _1729_/Y
  _1883_/A1
  _1883_/X
  _1884_/A3
  _1884_/X
  _1885_/C
  _1885_/Y
  _1887_/A2
  _1887_/X
  _1916_/A2
  | loop cut point
  _1916_/X
  --------------------------------
  _1916_/X
  _1957_/A1
  _1957_/X
  _1960_/A2
  _1960_/X
  fanout129/A
  fanout129/X
  _1713_/A1
  _1713_/X
  _1715_/A1
  _1715_/X
  _1725_/A2
  _1725_/X
  _1729_/A
  _1729_/Y
  _1883_/A1
  _1883_/X
  _1884_/A3
  _1884_/X
  _1885_/C
  _1885_/Y
  _1915_/S
  _1915_/X
  _1916_/B1
  | loop cut point
  _1916_/X
  --------------------------------
  _1957_/X
  _1960_/A2
  _1960_/X
  fanout129/A
  fanout129/X
  _1713_/A1
  _1713_/X
  _1715_/A1
  _1715_/X
  _1725_/A2
  _1725_/X
  _1729_/A
  _1729_/Y
  _1883_/A1
  _1883_/X
  _1884_/A3
  _1884_/X
  _1885_/C
  _1885_/Y
  _1944_/A2
  _1944_/X
  _1947_/A2
  _1947_/X
  _1957_/A2
  | loop cut point
  _1957_/X
  --------------------------------
  _1957_/X
  _1960_/A2
  _1960_/X
  fanout129/A
  fanout129/X
  _1713_/A1
  _1713_/X
  _1715_/A1
  _1715_/X
  _1725_/A2
  _1725_/X
  _1729_/A
  _1729_/Y
  _1883_/A1
  _1883_/X
  _1884_/A3
  _1884_/X
  _1885_/C
  _1885_/Y
  _1949_/A2
  _1949_/X
  _1951_/A2
  _1951_/X
  _1957_/B1
  | loop cut point
  _1957_/X
  --------------------------------
  _1957_/X
  _1960_/A2
  _1960_/X
  fanout129/A
  fanout129/X
  _1713_/A1
  _1713_/X
  _1715_/A1
  _1715_/X
  _1725_/A2
  _1725_/X
  _1729_/A
  _1729_/Y
  _1883_/A1
  _1883_/X
  _1884_/A3
  _1884_/X
  _1885_/C
  _1885_/Y
  _1953_/A2
  _1953_/Y
  _1956_/A2
  _1956_/Y
  _1957_/B2
  | loop cut point
  _1957_/X
  --------------------------------
  _1916_/X
  _1957_/A1
  _1957_/X
  _1960_/A2
  _1960_/X
  fanout129/A
  fanout129/X
  _1713_/A1
  _1713_/X
  _1715_/A1
  _1715_/X
  _1725_/A2
  _1725_/X
  _1729_/A
  _1729_/Y
  _1883_/A1
  _1883_/X
  _1884_/A3
  _1884_/X
  _1886_/D
  _1886_/X
  _1916_/A1
  | loop cut point
  _1916_/X
  --------------------------------
  _1916_/X
  _1957_/A1
  _1957_/X
  _1960_/A2
  _1960_/X
  fanout129/A
  fanout129/X
  _1713_/A1
  _1713_/X
  _1715_/A1
  _1715_/X
  _1725_/A2
  _1725_/X
  _1729_/A
  _1729_/Y
  _1911_/A1
  _1911_/X
  _1912_/A3
  _1912_/X
  _1913_/C1
  _1913_/X
  _1914_/A
  _1914_/Y
  _1916_/C1
  | loop cut point
  _1916_/X
  --------------------------------
  _1732_/X
  _1733_/A3
  _1733_/X
  _1767_/S
  _1767_/X
  _1792_/A0
  _1792_/X
  _1818_/A1
  _1818_/X
  _1826_/A1
  _1826_/X
  _1830_/A2
  _1830_/X
  fanout136/A
  fanout136/X
  _1670_/A
  _1670_/X
  _1671_/B1
  _1671_/X
  _1680_/B2
  _1680_/X
  _1683_/A
  _1683_/Y
  _1843_/A2
  _1843_/X
  _1853_/B1
  _1853_/X
  _1854_/A3
  _1854_/X
  _1916_/B2
  _1916_/X
  _1957_/A1
  _1957_/X
  _1960_/A2
  _1960_/X
  fanout129/A
  fanout129/X
  _1713_/A1
  _1713_/X
  _1715_/A1
  _1715_/X
  _1725_/A2
  _1725_/X
  _1730_/A2
  _1730_/X
  _1731_/C1
  _1731_/X
  _1732_/B1_N
  | loop cut point
  _1732_/X
  --------------------------------
  _1854_/X
  _1916_/B2
  _1916_/X
  _1957_/A1
  _1957_/X
  _1960_/A2
  _1960_/X
  fanout129/A
  fanout129/X
  _1713_/A1
  _1713_/X
  _1715_/A1
  _1715_/X
  _1725_/A2
  _1725_/X
  _2019_/A
  _2019_/X
  _2025_/A0
  _2025_/X
  _2026_/A3
  _2026_/X
  _2027_/D
  _2027_/Y
  _2029_/A2
  _2029_/Y
  _2085_/S
  _2085_/X
  _2114_/A0
  _2114_/X
  _2122_/A1
  _2122_/X
  _2125_/A2
  _2125_/X
  fanout126/A
  fanout126/X
  _1426_/A
  _1426_/Y
  _2218_/A2
  _2218_/X
  _2241_/A2
  _2241_/X
  _2247_/B1
  _2247_/X
  _2256_/A1
  _2256_/X
  _2258_/B1
  _2258_/X
  _1547_/A1
  _1547_/X
  _1550_/A2
  _1550_/X
  _1554_/B1
  _1554_/X
  _1557_/A
  _1557_/X
  _1832_/B
  _1832_/Y
  _1834_/B1
  _1834_/X
  _1850_/B1
  _1850_/X
  _1854_/A2
  | loop cut point
  _1854_/X
  --------------------------------
  _1733_/X
  _1767_/S
  _1767_/X
  _1792_/A0
  _1792_/X
  _1818_/A1
  _1818_/X
  _1826_/A1
  _1826_/X
  _1830_/A2
  _1830_/X
  fanout136/A
  fanout136/X
  _1670_/A
  _1670_/X
  _1671_/B1
  _1671_/X
  _1680_/B2
  _1680_/X
  _1683_/A
  _1683_/Y
  _1843_/A2
  _1843_/X
  _1853_/B1
  _1853_/X
  _1854_/A3
  _1854_/X
  _1916_/B2
  _1916_/X
  _1957_/A1
  _1957_/X
  _1960_/A2
  _1960_/X
  fanout129/A
  fanout129/X
  _1713_/A1
  _1713_/X
  _1715_/A1
  _1715_/X
  _1725_/A2
  _1725_/X
  _2019_/A
  _2019_/X
  _2025_/A0
  _2025_/X
  _2026_/A3
  _2026_/X
  _2027_/D
  _2027_/Y
  _2029_/A2
  _2029_/Y
  _2085_/S
  _2085_/X
  _2114_/A0
  _2114_/X
  _2122_/A1
  _2122_/X
  _2125_/A2
  _2125_/X
  fanout126/A
  fanout126/X
  _1426_/A
  _1426_/Y
  _2218_/A2
  _2218_/X
  _2241_/A2
  _2241_/X
  _2247_/B1
  _2247_/X
  _2256_/A1
  _2256_/X
  _2258_/B1
  _2258_/X
  _1547_/A1
  _1547_/X
  _1550_/A2
  _1550_/X
  _1554_/B1
  _1554_/X
  _1558_/A1
  _1558_/Y
  _1562_/A3
  _1562_/X
  _1565_/B1
  _1565_/X
  _1733_/A1
  | loop cut point
  _1733_/X
  --------------------------------
  _2114_/X
  _2122_/A1
  _2122_/X
  _2125_/A2
  _2125_/X
  fanout126/A
  fanout126/X
  _1426_/A
  _1426_/Y
  _2218_/A2
  _2218_/X
  _2241_/A2
  _2241_/X
  _2247_/B1
  _2247_/X
  _2256_/A1
  _2256_/X
  _2258_/B1
  _2258_/X
  _1547_/A1
  _1547_/X
  _1550_/A2
  _1550_/X
  _1554_/B1
  _1554_/X
  _1978_/A
  _1978_/X
  _2063_/A2
  _2063_/Y
  _2067_/B1
  _2067_/X
  _2083_/A2
  _2083_/X
  _2114_/S
  | loop cut point
  _2114_/X
  --------------------------------
  _2114_/X
  _2122_/A1
  _2122_/X
  _2125_/A2
  _2125_/X
  fanout126/A
  fanout126/X
  _1426_/A
  _1426_/Y
  _2218_/A2
  _2218_/X
  _2241_/A2
  _2241_/X
  _2247_/B1
  _2247_/X
  _2256_/A1
  _2256_/X
  _2258_/B1
  _2258_/X
  _1547_/A1
  _1547_/X
  _1550_/A2
  _1550_/X
  _1554_/B1
  _1554_/X
  _1978_/A
  _1978_/X
  _2063_/A2
  _2063_/Y
  _2067_/B1
  _2067_/X
  _2083_/A2
  _2083_/X
  _2114_/S
  | loop cut point
  _2114_/X
  --------------------------------
  _2122_/X
  _2125_/A2
  _2125_/X
  fanout126/A
  fanout126/X
  _1426_/A
  _1426_/Y
  _2218_/A2
  _2218_/X
  _2241_/A2
  _2241_/X
  _2247_/B1
  _2247_/X
  _2256_/A1
  _2256_/X
  _2258_/B1
  _2258_/X
  _1547_/A1
  _1547_/X
  _1550_/A2
  _1550_/X
  _1554_/B1
  _1554_/X
  _1978_/A
  _1978_/X
  _2063_/A2
  _2063_/Y
  _2067_/B1
  _2067_/X
  _2083_/A2
  _2083_/X
  _2121_/S
  _2121_/X
  _2122_/A0
  | loop cut point
  _2122_/X
  --------------------------------
  _2122_/X
  _2125_/A2
  _2125_/X
  fanout126/A
  fanout126/X
  _1426_/A
  _1426_/Y
  _2218_/A2
  _2218_/X
  _2241_/A2
  _2241_/X
  _2247_/B1
  _2247_/X
  _2256_/A1
  _2256_/X
  _2258_/B1
  _2258_/X
  _1547_/A1
  _1547_/X
  _1550_/A2
  _1550_/X
  _1554_/B1
  _1554_/X
  _1978_/A
  _1978_/X
  _2091_/B
  _2091_/Y
  _2093_/B1
  _2093_/X
  _2110_/A2
  _2110_/X
  _2122_/S
  | loop cut point
  _2122_/X
  --------------------------------
  _2122_/X
  _2125_/A2
  _2125_/X
  fanout126/A
  fanout126/X
  _1426_/A
  _1426_/Y
  _2218_/A2
  _2218_/X
  _2241_/A2
  _2241_/X
  _2247_/B1
  _2247_/X
  _2256_/A1
  _2256_/X
  _2258_/B1
  _2258_/X
  _1547_/A1
  _1547_/X
  _1550_/A2
  _1550_/X
  _1554_/B1
  _1554_/X
  _1978_/A
  _1978_/X
  _2091_/B
  _2091_/Y
  _2093_/B1
  _2093_/X
  _2110_/A2
  _2110_/X
  _2122_/S
  | loop cut point
  _2122_/X
  --------------------------------
  _2247_/X
  _2256_/A1
  _2256_/X
  _2258_/B1
  _2258_/X
  _1547_/A1
  _1547_/X
  _1550_/A2
  _1550_/X
  _1554_/B1
  _1554_/X
  _1978_/A
  _1978_/X
  _2187_/B
  _2187_/X
  _2190_/A1
  _2190_/X
  _2197_/A1
  _2197_/X
  _2214_/A2
  _2214_/Y
  _2246_/C1
  _2246_/X
  _2247_/C1
  | loop cut point
  _2247_/X
  --------------------------------
  _2256_/X
  _2258_/B1
  _2258_/X
  _1547_/A1
  _1547_/X
  _1550_/A2
  _1550_/X
  _1554_/B1
  _1554_/X
  _1978_/A
  _1978_/X
  _2187_/B
  _2187_/X
  _2190_/A1
  _2190_/X
  _2197_/A1
  _2197_/X
  _2214_/A2
  _2214_/Y
  _2255_/A1
  _2255_/X
  _2256_/A2
  | loop cut point
  _2256_/X
  --------------------------------
  _2247_/X
  _2256_/A1
  _2256_/X
  _2258_/B1
  _2258_/X
  _1547_/A1
  _1547_/X
  _1550_/A2
  _1550_/X
  _1554_/B1
  _1554_/X
  _1978_/A
  _1978_/X
  _2187_/B
  _2187_/X
  _2190_/A1
  _2190_/X
  _2197_/A1
  _2197_/X
  _2215_/A2
  _2215_/X
  _2247_/A1
  | loop cut point
  _2247_/X
  --------------------------------
  _2241_/X
  _2247_/B1
  _2247_/X
  _2256_/A1
  _2256_/X
  _2258_/B1
  _2258_/X
  _1547_/A1
  _1547_/X
  _1550_/A2
  _1550_/X
  _1554_/B1
  _1554_/X
  _1978_/A
  _1978_/X
  _2219_/B
  _2219_/Y
  _2227_/A1
  _2227_/X
  _2228_/B1
  _2228_/X
  _2240_/A1
  _2240_/X
  _2241_/B1
  | loop cut point
  _2241_/X
  --------------------------------
  _2029_/Y
  _2085_/S
  _2085_/X
  _2114_/A0
  _2114_/X
  _2122_/A1
  _2122_/X
  _2125_/A2
  _2125_/X
  fanout126/A
  fanout126/X
  _1426_/A
  _1426_/Y
  _2218_/A2
  _2218_/X
  _2241_/A2
  _2241_/X
  _2247_/B1
  _2247_/X
  _2256_/A1
  _2256_/X
  _2258_/B1
  _2258_/X
  _1547_/A1
  _1547_/X
  _1550_/A2
  _1550_/X
  _1554_/B1
  _1554_/X
  _1979_/A1
  _1979_/Y
  _1985_/C1
  _1985_/X
  _1989_/B1
  _1989_/X
  _1990_/A2
  _1990_/X
  _2029_/A1
  | loop cut point
  _2029_/Y
  --------------------------------
  _2085_/X
  _2114_/A0
  _2114_/X
  _2122_/A1
  _2122_/X
  _2125_/A2
  _2125_/X
  fanout126/A
  fanout126/X
  _1426_/A
  _1426_/Y
  _2218_/A2
  _2218_/X
  _2241_/A2
  _2241_/X
  _2247_/B1
  _2247_/X
  _2256_/A1
  _2256_/X
  _2258_/B1
  _2258_/X
  _1547_/A1
  _1547_/X
  _1550_/A2
  _1550_/X
  _1554_/B1
  _1554_/X
  _2051_/A1
  _2051_/Y
  _2055_/A3
  _2055_/X
  _2057_/B1
  _2057_/X
  _2058_/A3
  _2058_/X
  _2059_/S
  _2059_/X
  _2085_/A0
  | loop cut point
  _2085_/X
  --------------------------------
  _2085_/X
  _2114_/A0
  _2114_/X
  _2122_/A1
  _2122_/X
  _2125_/A2
  _2125_/X
  fanout126/A
  fanout126/X
  _1426_/A
  _1426_/Y
  _2218_/A2
  _2218_/X
  _2241_/A2
  _2241_/X
  _2247_/B1
  _2247_/X
  _2256_/A1
  _2256_/X
  _2258_/B1
  _2258_/X
  _1547_/A1
  _1547_/X
  _1550_/A2
  _1550_/X
  _1554_/B1
  _1554_/X
  _2051_/A1
  _2051_/Y
  _2055_/A3
  _2055_/X
  _2057_/B1
  _2057_/X
  _2058_/A3
  _2058_/X
  _2084_/S
  _2084_/X
  _2085_/A1
  | loop cut point
  _2085_/X
  --------------------------------
  _2114_/X
  _2122_/A1
  _2122_/X
  _2125_/A2
  _2125_/X
  fanout126/A
  fanout126/X
  _1426_/A
  _1426_/Y
  _2218_/A2
  _2218_/X
  _2241_/A2
  _2241_/X
  _2247_/B1
  _2247_/X
  _2256_/A1
  _2256_/X
  _2258_/B1
  _2258_/X
  _1547_/A1
  _1547_/X
  _1550_/A2
  _1550_/X
  _1554_/B1
  _1554_/X
  _2051_/A1
  _2051_/Y
  _2055_/A3
  _2055_/X
  _2057_/B1
  _2057_/X
  _2058_/A3
  _2058_/X
  _2111_/S
  _2111_/X
  _2113_/A0
  _2113_/X
  _2114_/A1
  | loop cut point
  _2114_/X
  --------------------------------
  _2247_/X
  _2256_/A1
  _2256_/X
  _2258_/B1
  _2258_/X
  _1547_/A1
  _1547_/X
  _1550_/A2
  _1550_/X
  _1554_/B1
  _1554_/X
  _2127_/A1
  _2127_/Y
  _2130_/B1
  _2130_/X
  _2135_/B1
  _2135_/X
  _2153_/A1
  _2153_/X
  _2184_/S
  _2184_/X
  _2217_/A0
  _2217_/X
  _2247_/A2
  | loop cut point
  _2247_/X
  --------------------------------
  _2218_/X
  _2241_/A2
  _2241_/X
  _2247_/B1
  _2247_/X
  _2256_/A1
  _2256_/X
  _2258_/B1
  _2258_/X
  fanout122/A
  fanout122/X
  _1427_/A
  _1427_/Y
  _2218_/A3
  | loop cut point
  _2218_/X
  --------------------------------
  _1733_/X
  _1767_/S
  _1767_/X
  _1792_/A0
  _1792_/X
  _1818_/A1
  _1818_/X
  _1826_/A1
  _1826_/X
  _1830_/A2
  _1830_/X
  fanout136/A
  fanout136/X
  _1670_/A
  _1670_/X
  _1671_/B1
  _1671_/X
  _1680_/B2
  _1680_/X
  _1683_/A
  _1683_/Y
  _1843_/A2
  _1843_/X
  _1853_/B1
  _1853_/X
  _1854_/A3
  _1854_/X
  _1916_/B2
  _1916_/X
  _1957_/A1
  _1957_/X
  _1960_/A2
  _1960_/X
  fanout129/A
  fanout129/X
  _1713_/A1
  _1713_/X
  _1715_/A1
  _1715_/X
  _1725_/A2
  _1725_/X
  _2019_/A
  _2019_/X
  _2025_/A0
  _2025_/X
  _2026_/A3
  _2026_/X
  _2027_/D
  _2027_/Y
  _2029_/A2
  _2029_/Y
  _2085_/S
  _2085_/X
  _2114_/A0
  _2114_/X
  _2122_/A1
  _2122_/X
  _2125_/A2
  _2125_/X
  fanout126/A
  fanout126/X
  _1426_/A
  _1426_/Y
  _2218_/A2
  _2218_/X
  _2241_/A2
  _2241_/X
  _2247_/B1
  _2247_/X
  _2256_/A1
  _2256_/X
  _2258_/B1
  _2258_/X
  fanout122/A
  fanout122/X
  _1427_/A
  _1427_/Y
  fanout120/A
  fanout120/X
  _1428_/A3
  _1428_/X
  _1733_/B1
  | loop cut point
  _1733_/X
  --------------------------------
  _2025_/X
  _2026_/A3
  _2026_/X
  _2027_/D
  _2027_/Y
  _2029_/A2
  _2029_/Y
  _2085_/S
  _2085_/X
  _2114_/A0
  _2114_/X
  _2122_/A1
  _2122_/X
  _2125_/A2
  _2125_/X
  fanout126/A
  fanout126/X
  _1426_/A
  _1426_/Y
  _2218_/A2
  _2218_/X
  _2241_/A2
  _2241_/X
  _2247_/B1
  _2247_/X
  _2256_/A1
  _2256_/X
  _2258_/B1
  _2258_/X
  fanout122/A
  fanout122/X
  _1427_/A
  _1427_/Y
  fanout120/A
  fanout120/X
  _1692_/B2
  _1692_/X
  _1696_/A1
  _1696_/Y
  _1700_/B1
  _1700_/X
  _2016_/A
  _2016_/X
  _2025_/A1
  | loop cut point
  _2025_/X
  --------------------------------
  _1725_/X
  _2019_/A
  _2019_/X
  _2025_/A0
  _2025_/X
  _2026_/A3
  _2026_/X
  _2027_/D
  _2027_/Y
  _2029_/A2
  _2029_/Y
  _2085_/S
  _2085_/X
  _2114_/A0
  _2114_/X
  _2122_/A1
  _2122_/X
  _2125_/A2
  _2125_/X
  fanout126/A
  fanout126/X
  _1426_/A
  _1426_/Y
  _2218_/A2
  _2218_/X
  _2241_/A2
  _2241_/X
  _2247_/B1
  _2247_/X
  _2256_/A1
  _2256_/X
  _2258_/B1
  _2258_/X
  fanout122/A
  fanout122/X
  _1427_/A
  _1427_/Y
  fanout120/A
  fanout120/X
  _1717_/B2
  _1717_/X
  _1721_/A1
  _1721_/Y
  _1725_/B1
  | loop cut point
  _1725_/X
  --------------------------------
  _1854_/X
  _1916_/B2
  _1916_/X
  _1957_/A1
  _1957_/X
  _1960_/A2
  _1960_/X
  fanout129/A
  fanout129/X
  _1713_/A1
  _1713_/X
  _1715_/A1
  _1715_/X
  _1725_/A2
  _1725_/X
  _2019_/A
  _2019_/X
  _2025_/A0
  _2025_/X
  _2026_/A3
  _2026_/X
  _2027_/D
  _2027_/Y
  _2029_/A2
  _2029_/Y
  _2085_/S
  _2085_/X
  _2114_/A0
  _2114_/X
  _2122_/A1
  _2122_/X
  _2125_/A2
  _2125_/X
  fanout126/A
  fanout126/X
  _1426_/A
  _1426_/Y
  _2218_/A2
  _2218_/X
  _2241_/A2
  _2241_/X
  _2247_/B1
  _2247_/X
  _2256_/A1
  _2256_/X
  _2258_/B1
  _2258_/X
  fanout122/A
  fanout122/X
  _1427_/A
  _1427_/Y
  fanout120/A
  fanout120/X
  _1839_/A3
  _1839_/X
  _1840_/B
  _1840_/X
  _1854_/B1
  | loop cut point
  _1854_/X
  --------------------------------
  _2029_/Y
  _2085_/S
  _2085_/X
  _2114_/A0
  _2114_/X
  _2122_/A1
  _2122_/X
  _2125_/A2
  _2125_/X
  fanout126/A
  fanout126/X
  _1426_/A
  _1426_/Y
  _2218_/A2
  _2218_/X
  _2241_/A2
  _2241_/X
  _2247_/B1
  _2247_/X
  _2256_/A1
  _2256_/X
  _2258_/B1
  _2258_/X
  fanout122/A
  fanout122/X
  _1427_/A
  _1427_/Y
  fanout120/A
  fanout120/X
  _2028_/A3
  _2028_/X
  _2029_/B1
  | loop cut point
  _2029_/Y
  --------------------------------
  _1680_/X
  _1683_/A
  _1683_/Y
  _1843_/A2
  _1843_/X
  _1853_/B1
  _1853_/X
  _1854_/A3
  _1854_/X
  _1916_/B2
  _1916_/X
  _1957_/A1
  _1957_/X
  _1960_/A2
  _1960_/X
  fanout129/A
  fanout129/X
  _1713_/A1
  _1713_/X
  _1715_/A1
  _1715_/X
  _1725_/A2
  _1725_/X
  _2019_/A
  _2019_/X
  _2025_/A0
  _2025_/X
  _2026_/A3
  _2026_/X
  _2027_/D
  _2027_/Y
  _2029_/A2
  _2029_/Y
  _2085_/S
  _2085_/X
  _2114_/A0
  _2114_/X
  _2122_/A1
  _2122_/X
  _2125_/A2
  _2125_/X
  fanout126/A
  fanout126/X
  _1426_/A
  _1426_/Y
  _2218_/A2
  _2218_/X
  _2241_/A2
  _2241_/X
  _2247_/B1
  _2247_/X
  _2256_/A1
  _2256_/X
  _2258_/B1
  _2258_/X
  fanout122/A
  fanout122/X
  _1673_/A1_N
  _1673_/X
  _1676_/A1
  _1676_/X
  _1680_/A1_N
  | loop cut point
  _1680_/X
  --------------------------------
  _1644_/X
  _1732_/A2
  _1732_/X
  _1733_/A3
  _1733_/X
  _1767_/S
  _1767_/X
  _1792_/A0
  _1792_/X
  _1818_/A1
  _1818_/X
  _1826_/A1
  _1826_/X
  _1830_/A2
  _1830_/X
  fanout136/A
  fanout136/X
  _1670_/A
  _1670_/X
  _1671_/B1
  _1671_/X
  _1680_/B2
  _1680_/X
  _1683_/A
  _1683_/Y
  _1843_/A2
  _1843_/X
  _1853_/B1
  _1853_/X
  _1854_/A3
  _1854_/X
  _1916_/B2
  _1916_/X
  _1957_/A1
  _1957_/X
  _1960_/A2
  _1960_/X
  fanout129/A
  fanout129/X
  _1713_/A1
  _1713_/X
  _1715_/A1
  _1715_/X
  _1725_/A2
  _1725_/X
  _2019_/A
  _2019_/X
  _2025_/A0
  _2025_/X
  _2026_/A3
  _2026_/X
  _2027_/D
  _2027_/Y
  _2029_/A2
  _2029_/Y
  _2085_/S
  _2085_/X
  _2114_/A0
  _2114_/X
  _2122_/A1
  _2122_/X
  _2125_/A2
  _2125_/X
  fanout126/A
  fanout126/X
  _1426_/A
  _1426_/Y
  _2218_/A2
  _2218_/X
  _2241_/A2
  _2241_/X
  _2247_/B1
  _2247_/X
  _2256_/A1
  _2256_/X
  _2258_/B1
  _2258_/X
  fanout122/A
  fanout122/X
  fanout121/A
  fanout121/X
  _1574_/A1_N
  _1574_/X
  _1577_/A1
  _1577_/X
  _1582_/A1_N
  _1582_/X
  _1585_/B1_N
  _1585_/X
  _1644_/A2
  | loop cut point
  _1644_/X
  --------------------------------
  _1853_/X
  _1854_/A3
  _1854_/X
  _1916_/B2
  _1916_/X
  _1957_/A1
  _1957_/X
  _1960_/A2
  _1960_/X
  fanout129/A
  fanout129/X
  _1713_/A1
  _1713_/X
  _1715_/A1
  _1715_/X
  _1725_/A2
  _1725_/X
  _2019_/A
  _2019_/X
  _2025_/A0
  _2025_/X
  _2026_/A3
  _2026_/X
  _2027_/D
  _2027_/Y
  _2029_/A2
  _2029_/Y
  _2085_/S
  _2085_/X
  _2114_/A0
  _2114_/X
  _2122_/A1
  _2122_/X
  _2125_/A2
  _2125_/X
  fanout126/A
  fanout126/X
  _1426_/A
  _1426_/Y
  _2218_/A2
  _2218_/X
  _2241_/A2
  _2241_/X
  _2247_/B1
  _2247_/X
  _2256_/A1
  _2256_/X
  _2258_/B1
  _2258_/X
  fanout122/A
  fanout122/X
  fanout121/A
  fanout121/X
  _1574_/A1_N
  _1574_/X
  _1577_/A1
  _1577_/X
  _1582_/A1_N
  _1582_/X
  _1585_/B1_N
  _1585_/X
  _1841_/A3
  _1841_/X
  _1853_/A2
  | loop cut point
  _1853_/X
  --------------------------------
  _2027_/Y
  _2029_/A2
  _2029_/Y
  _2085_/S
  _2085_/X
  _2114_/A0
  _2114_/X
  _2122_/A1
  _2122_/X
  _2125_/A2
  _2125_/X
  fanout126/A
  fanout126/X
  _1426_/A
  _1426_/Y
  _2218_/A2
  _2218_/X
  _2241_/A2
  _2241_/X
  _2247_/B1
  _2247_/X
  _2256_/A1
  _2256_/X
  _2258_/B1
  _2258_/X
  fanout122/A
  fanout122/X
  fanout121/A
  fanout121/X
  _1574_/A1_N
  _1574_/X
  _1577_/A1
  _1577_/X
  _1582_/A1_N
  _1582_/X
  _1993_/B1_N
  _1993_/X
  _2003_/A3
  _2003_/X
  _2004_/B
  _2004_/Y
  _2027_/B
  | loop cut point
  _2027_/Y
  --------------------------------
  _1644_/X
  _1732_/A2
  _1732_/X
  _1733_/A3
  _1733_/X
  _1767_/S
  _1767_/X
  _1792_/A0
  _1792_/X
  _1818_/A1
  _1818_/X
  _1826_/A1
  _1826_/X
  _1830_/A2
  _1830_/X
  fanout136/A
  fanout136/X
  _1670_/A
  _1670_/X
  _1671_/B1
  _1671_/X
  _1680_/B2
  _1680_/X
  _1683_/A
  _1683_/Y
  _1843_/A2
  _1843_/X
  _1853_/B1
  _1853_/X
  _1854_/A3
  _1854_/X
  _1916_/B2
  _1916_/X
  _1957_/A1
  _1957_/X
  _1960_/A2
  _1960_/X
  fanout129/A
  fanout129/X
  _1713_/A1
  _1713_/X
  _1715_/A1
  _1715_/X
  _1725_/A2
  _1725_/X
  _2019_/A
  _2019_/X
  _2025_/A0
  _2025_/X
  _2026_/A3
  _2026_/X
  _2027_/D
  _2027_/Y
  _2029_/A2
  _2029_/Y
  _2085_/S
  _2085_/X
  _2114_/A0
  _2114_/X
  _2122_/A1
  _2122_/X
  _2125_/A2
  _2125_/X
  fanout126/A
  fanout126/X
  _1426_/A
  _1426_/Y
  _2218_/A2
  _2218_/X
  _2241_/A2
  _2241_/X
  _2247_/B1
  _2247_/X
  _2256_/A1
  _2256_/X
  _2258_/B1
  _2258_/X
  fanout122/A
  fanout122/X
  fanout121/A
  fanout121/X
  _1593_/B2
  _1593_/X
  _1596_/B1
  _1596_/X
  _1601_/B1
  _1601_/X
  _1604_/B1_N
  _1604_/X
  _1644_/A0
  | loop cut point
  _1644_/X
  --------------------------------
  _1616_/X
  _1621_/A1_N
  _1621_/X
  _1624_/A
  _1624_/Y
  _1644_/A1
  _1644_/X
  _1732_/A2
  _1732_/X
  _1733_/A3
  _1733_/X
  _1767_/S
  _1767_/X
  _1792_/A0
  _1792_/X
  _1818_/A1
  _1818_/X
  _1826_/A1
  _1826_/X
  _1830_/A2
  _1830_/X
  fanout136/A
  fanout136/X
  _1670_/A
  _1670_/X
  _1671_/B1
  _1671_/X
  _1680_/B2
  _1680_/X
  _1683_/A
  _1683_/Y
  _1843_/A2
  _1843_/X
  _1853_/B1
  _1853_/X
  _1854_/A3
  _1854_/X
  _1916_/B2
  _1916_/X
  _1957_/A1
  _1957_/X
  _1960_/A2
  _1960_/X
  fanout129/A
  fanout129/X
  _1713_/A1
  _1713_/X
  _1715_/A1
  _1715_/X
  _1725_/A2
  _1725_/X
  _2019_/A
  _2019_/X
  _2025_/A0
  _2025_/X
  _2026_/A3
  _2026_/X
  _2027_/D
  _2027_/Y
  _2029_/A2
  _2029_/Y
  _2085_/S
  _2085_/X
  _2114_/A0
  _2114_/X
  _2122_/A1
  _2122_/X
  _2125_/A2
  _2125_/X
  fanout126/A
  fanout126/X
  _1426_/A
  _1426_/Y
  _2218_/A2
  _2218_/X
  _2241_/A2
  _2241_/X
  _2247_/B1
  _2247_/X
  _2256_/A1
  _2256_/X
  _2258_/B1
  _2258_/X
  fanout122/A
  fanout122/X
  fanout121/A
  fanout121/X
  _1613_/A1_N
  _1613_/X
  _1616_/A1
  | loop cut point
  _1616_/X
  --------------------------------
  _1644_/X
  _1732_/A2
  _1732_/X
  _1733_/A3
  _1733_/X
  _1767_/S
  _1767_/X
  _1792_/A0
  _1792_/X
  _1818_/A1
  _1818_/X
  _1826_/A1
  _1826_/X
  _1830_/A2
  _1830_/X
  fanout136/A
  fanout136/X
  _1670_/A
  _1670_/X
  _1671_/B1
  _1671_/X
  _1680_/B2
  _1680_/X
  _1683_/A
  _1683_/Y
  _1843_/A2
  _1843_/X
  _1853_/B1
  _1853_/X
  _1854_/A3
  _1854_/X
  _1916_/B2
  _1916_/X
  _1957_/A1
  _1957_/X
  _1960_/A2
  _1960_/X
  fanout129/A
  fanout129/X
  _1713_/A1
  _1713_/X
  _1715_/A1
  _1715_/X
  _1725_/A2
  _1725_/X
  _2019_/A
  _2019_/X
  _2025_/A0
  _2025_/X
  _2026_/A3
  _2026_/X
  _2027_/D
  _2027_/Y
  _2029_/A2
  _2029_/Y
  _2085_/S
  _2085_/X
  _2114_/A0
  _2114_/X
  _2122_/A1
  _2122_/X
  _2125_/A2
  _2125_/X
  fanout126/A
  fanout126/X
  _1426_/A
  _1426_/Y
  _2218_/A2
  _2218_/X
  _2241_/A2
  _2241_/X
  _2247_/B1
  _2247_/X
  _2256_/A1
  _2256_/X
  _2258_/B1
  _2258_/X
  fanout122/A
  fanout122/X
  fanout121/A
  fanout121/X
  _1631_/B2
  _1631_/X
  _1634_/B1
  _1634_/X
  _1639_/B1
  _1639_/X
  _1642_/B1_N
  _1642_/X
  _1644_/A3
  | loop cut point
  _1644_/X
  --------------------------------
  _1843_/X
  _1853_/B1
  _1853_/X
  _1854_/A3
  _1854_/X
  _1916_/B2
  _1916_/X
  _1957_/A1
  _1957_/X
  _1960_/A2
  _1960_/X
  fanout129/A
  fanout129/X
  _1713_/A1
  _1713_/X
  _1715_/A1
  _1715_/X
  _1725_/A2
  _1725_/X
  _2019_/A
  _2019_/X
  _2025_/A0
  _2025_/X
  _2026_/A3
  _2026_/X
  _2027_/D
  _2027_/Y
  _2029_/A2
  _2029_/Y
  _2085_/S
  _2085_/X
  _2114_/A0
  _2114_/X
  _2122_/A1
  _2122_/X
  _2125_/A2
  _2125_/X
  fanout126/A
  fanout126/X
  _1426_/A
  _1426_/Y
  _2218_/A2
  _2218_/X
  _2241_/A2
  _2241_/X
  _2247_/B1
  _2247_/X
  _2256_/A1
  _2256_/X
  _2258_/B1
  _2258_/X
  fanout122/A
  fanout122/X
  fanout121/A
  fanout121/X
  _1653_/B2
  _1653_/X
  _1656_/B1
  _1656_/X
  _1661_/B1
  _1661_/X
  _1664_/A
  _1664_/X
  _1842_/B
  _1842_/Y
  _1843_/C1
  | loop cut point
  _1843_/X
  --------------------------------
  _2027_/Y
  _2029_/A2
  _2029_/Y
  _2085_/S
  _2085_/X
  _2114_/A0
  _2114_/X
  _2122_/A1
  _2122_/X
  _2125_/A2
  _2125_/X
  fanout126/A
  fanout126/X
  _1426_/A
  _1426_/Y
  _2218_/A2
  _2218_/X
  _2241_/A2
  _2241_/X
  _2247_/B1
  _2247_/X
  _2256_/A1
  _2256_/X
  _2258_/B1
  _2258_/X
  fanout122/A
  fanout122/X
  fanout121/A
  fanout121/X
  _1653_/B2
  _1653_/X
  _1656_/B1
  _1656_/X
  _1661_/B1
  _1661_/X
  _2011_/A
  _2011_/X
  _2013_/A2
  _2013_/X
  _2027_/C
  | loop cut point
  _2027_/Y
  --------------------------------
  _1616_/X
  _1621_/A1_N
  _1621_/X
  _1624_/A
  _1624_/Y
  _1644_/A1
  _1644_/X
  _1732_/A2
  _1732_/X
  _1733_/A3
  _1733_/X
  _1767_/S
  _1767_/X
  _1792_/A0
  _1792_/X
  _1818_/A1
  _1818_/X
  _1826_/A1
  _1826_/X
  _1830_/A2
  _1830_/X
  fanout136/A
  fanout136/X
  _1670_/A
  _1670_/X
  _1671_/B1
  _1671_/X
  _1680_/B2
  _1680_/X
  _1683_/A
  _1683_/Y
  _1843_/A2
  _1843_/X
  _1853_/B1
  _1853_/X
  _1854_/A3
  _1854_/X
  _1916_/B2
  _1916_/X
  _1957_/A1
  _1957_/X
  _1960_/A2
  _1960_/X
  fanout129/A
  fanout129/X
  _1713_/A1
  _1713_/X
  _1715_/A1
  _1715_/X
  _1725_/A2
  _1725_/X
  _2019_/A
  _2019_/X
  _2025_/A0
  _2025_/X
  _2026_/A3
  _2026_/X
  _2027_/D
  _2027_/Y
  _2029_/A2
  _2029_/Y
  _2085_/S
  _2085_/X
  _2114_/A0
  _2114_/X
  _2122_/A1
  _2122_/X
  _2125_/A2
  _2125_/X
  fanout126/A
  fanout126/X
  fanout124/A
  fanout124/X
  _1615_/A1
  _1615_/X
  _1616_/B1_N
  | loop cut point
  _1616_/X
  --------------------------------
