Clock: clk
Sources: clk 
Generated: no
Virtual: yes
Propagated: no
Period: 100.000000

===========================================================================
report_clock_properties
============================================================================
Clock                   Period          Waveform
----------------------------------------------------
clk                 100.000000    0.000000 50.000000

===========================================================================
report_clock_latency
============================================================================
Clock clk
rise -> rise
    min     max
0.000000 0.000000 source latency
0.706307         network latency _3088_/CLK
        20.393246 network latency _2842_/CLK
---------------
0.706307 20.393246 latency
        19.686937 skew

rise -> fall
    min     max
0.000000 0.000000 source latency
1.269444         network latency _2864_/CLK
        20.339136 network latency _2842_/CLK
---------------
1.269444 20.339136 latency
        19.069691 skew

fall -> fall
    min     max
0.000000 0.000000 source latency
0.616119         network latency _3088_/CLK
        0.653706 network latency _2820_/CLK
---------------
0.616119 0.653706 latency
        0.037588 skew



===========================================================================
report_clock_min_period
============================================================================
clk period_min = 2.91 fmax = 343.70
