Clock: clk
Sources: clk 
Generated: no
Virtual: yes
Propagated: no
Period: 20.000000

===========================================================================
report_clock_properties
============================================================================
Clock                   Period          Waveform
----------------------------------------------------
clk                  20.000000    0.000000 10.000000

===========================================================================
report_clock_latency
============================================================================
Clock clk
rise -> rise
    min     max
0.000000 0.000000 source latency
0.802598         network latency _0919_/CLK
        0.820617 network latency _1007_/CLK
---------------
0.802598 0.820617 latency
        0.018019 skew

fall -> fall
    min     max
0.000000 0.000000 source latency
0.713475         network latency _0919_/CLK
        0.729087 network latency _1007_/CLK
---------------
0.713475 0.729087 latency
        0.015612 skew



===========================================================================
report_clock_min_period
============================================================================
clk period_min = 9.19 fmax = 108.86
