Clock: clk
Sources: clk 
Generated: no
Virtual: yes
Propagated: no
Period: 100.000000

===========================================================================
report_clock_properties
============================================================================
Clock                   Period          Waveform
----------------------------------------------------
clk                 100.000000    0.000000 50.000000

===========================================================================
report_clock_latency
============================================================================
Clock clk
rise -> rise
    min     max
0.000000 0.000000 source latency
0.318353         network latency _0943_/CLK
        0.323957 network latency _0973_/CLK
---------------
0.318353 0.323957 latency
        0.005604 skew

fall -> fall
    min     max
0.000000 0.000000 source latency
0.276920         network latency _0943_/CLK
        0.281613 network latency _0973_/CLK
---------------
0.276920 0.281613 latency
        0.004693 skew



===========================================================================
report_clock_min_period
============================================================================
clk period_min = 2.40 fmax = 416.74
