
===========================================================================
report_checks -unconstrained
===========================================================================
======================= nom_ff_n40C_1v95 Corner ===================================

Startpoint: nrst (input port clocked by clk)
Endpoint: _3298_ (recovery check against rising-edge clock clk)
Path Group: asynchronous
Path Type: max

Fanout         Cap        Slew       Delay        Time   Description
---------------------------------------------------------------------------------------------
                                  0.000000    0.000000   clock clk (rise edge)
                                  0.000000    0.000000   clock network delay (propagated)
                                  5.000000    5.000000 ^ input external delay
     2    0.034511    0.119982    0.081970    5.081970 ^ nrst (in)
                                                         nrst (net)
                      0.119986    0.000000    5.081970 ^ input71/A (sky130_fd_sc_hd__clkbuf_1)
     1    0.002390    0.030040    0.058133    5.140104 ^ input71/X (sky130_fd_sc_hd__clkbuf_1)
                                                         net71 (net)
                      0.030040    0.000068    5.140172 ^ fanout285/A (sky130_fd_sc_hd__buf_2)
    19    0.141526    0.509738    0.395438    5.535609 ^ fanout285/X (sky130_fd_sc_hd__buf_2)
                                                         net285 (net)
                      0.509826    0.005648    5.541258 ^ fanout284/A (sky130_fd_sc_hd__clkbuf_2)
    11    0.049760    0.208700    0.229198    5.770455 ^ fanout284/X (sky130_fd_sc_hd__clkbuf_2)
                                                         net284 (net)
                      0.208714    0.001407    5.771863 ^ fanout283/A (sky130_fd_sc_hd__clkbuf_2)
    11    0.054478    0.226576    0.229737    6.001599 ^ fanout283/X (sky130_fd_sc_hd__clkbuf_2)
                                                         net283 (net)
                      0.226633    0.002966    6.004565 ^ fanout279/A (sky130_fd_sc_hd__clkbuf_4)
    21    0.092889    0.212301    0.255186    6.259751 ^ fanout279/X (sky130_fd_sc_hd__clkbuf_4)
                                                         net279 (net)
                      0.212619    0.006738    6.266490 ^ _3298_/SET_B (sky130_fd_sc_hd__dfstp_1)
                                              6.266490   data arrival time

                                 25.000000   25.000000   clock clk (rise edge)
                                  0.000000   25.000000   clock source latency
     2    0.040551    0.139489    0.098016   25.098015 ^ clk (in)
                                                         clk (net)
                      0.139645    0.000000   25.098015 ^ clkbuf_0_clk/A (sky130_fd_sc_hd__clkbuf_16)
     9    0.101811    0.091110    0.157058   25.255074 ^ clkbuf_0_clk/X (sky130_fd_sc_hd__clkbuf_16)
                                                         clknet_0_clk (net)
                      0.091373    0.003920   25.258993 ^ clkbuf_2_3__f_clk/A (sky130_fd_sc_hd__clkbuf_16)
    17    0.098556    0.088259    0.144103   25.403097 ^ clkbuf_2_3__f_clk/X (sky130_fd_sc_hd__clkbuf_16)
                                                         clknet_2_3__leaf_clk (net)
                      0.088530    0.003933   25.407030 ^ clkbuf_leaf_17_clk/A (sky130_fd_sc_hd__clkbuf_8)
     5    0.034357    0.054736    0.117097   25.524128 ^ clkbuf_leaf_17_clk/X (sky130_fd_sc_hd__clkbuf_8)
                                                         clknet_leaf_17_clk (net)
                      0.054767    0.001176   25.525303 ^ _3298_/CLK (sky130_fd_sc_hd__dfstp_1)
                                 -0.250000   25.275305   clock uncertainty
                                  0.000000   25.275305   clock reconvergence pessimism
                                  0.091891   25.367195   library recovery time
                                             25.367195   data required time
---------------------------------------------------------------------------------------------
                                             25.367195   data required time
                                             -6.266490   data arrival time
---------------------------------------------------------------------------------------------
                                             19.100706   slack (MET)


Startpoint: nrst (input port clocked by clk)
Endpoint: CBnorth_out[2] (output port clocked by clk)
Path Group: clk
Path Type: max

Fanout         Cap        Slew       Delay        Time   Description
---------------------------------------------------------------------------------------------
                                  0.000000    0.000000   clock clk (rise edge)
                                  0.000000    0.000000   clock network delay (propagated)
                                  5.000000    5.000000 ^ input external delay
     2    0.034511    0.119982    0.081970    5.081970 ^ nrst (in)
                                                         nrst (net)
                      0.119986    0.000000    5.081970 ^ input71/A (sky130_fd_sc_hd__clkbuf_1)
     1    0.002390    0.030040    0.058133    5.140104 ^ input71/X (sky130_fd_sc_hd__clkbuf_1)
                                                         net71 (net)
                      0.030040    0.000068    5.140172 ^ fanout285/A (sky130_fd_sc_hd__buf_2)
    19    0.141526    0.509738    0.395438    5.535609 ^ fanout285/X (sky130_fd_sc_hd__buf_2)
                                                         net285 (net)
                      0.509757    0.002701    5.538311 ^ fanout264/A (sky130_fd_sc_hd__buf_4)
    21    0.097017    0.203274    0.222027    5.760338 ^ fanout264/X (sky130_fd_sc_hd__buf_4)
                                                         net264 (net)
                      0.203872    0.009036    5.769373 ^ fanout255/A (sky130_fd_sc_hd__clkbuf_4)
     9    0.048376    0.115394    0.186080    5.955453 ^ fanout255/X (sky130_fd_sc_hd__clkbuf_4)
                                                         net255 (net)
                      0.115490    0.001988    5.957441 ^ _1666_/B (sky130_fd_sc_hd__and2b_1)
     1    0.005392    0.046031    0.097488    6.054929 ^ _1666_/X (sky130_fd_sc_hd__and2b_1)
                                                         _1504_ (net)
                      0.046031    0.000198    6.055127 ^ fanout239/A (sky130_fd_sc_hd__buf_2)
    11    0.064754    0.237174    0.216009    6.271136 ^ fanout239/X (sky130_fd_sc_hd__buf_2)
                                                         net239 (net)
                      0.237184    0.001334    6.272471 ^ fanout233/A (sky130_fd_sc_hd__clkbuf_4)
    19    0.105893    0.241049    0.275198    6.547668 ^ fanout233/X (sky130_fd_sc_hd__clkbuf_4)
                                                         net233 (net)
                      0.241525    0.008791    6.556459 ^ fanout232/A (sky130_fd_sc_hd__buf_4)
    21    0.099326    0.207038    0.223445    6.779904 ^ fanout232/X (sky130_fd_sc_hd__buf_4)
                                                         net232 (net)
                      0.207346    0.006587    6.786491 ^ _2054_/B (sky130_fd_sc_hd__and2_4)
     4    0.025956    0.066463    0.141836    6.928328 ^ _2054_/X (sky130_fd_sc_hd__and2_4)
                                                         _0684_ (net)
                      0.066465    0.000499    6.928827 ^ _2060_/A1 (sky130_fd_sc_hd__a21oi_4)
     5    0.020683    0.055839    0.048373    6.977200 v _2060_/Y (sky130_fd_sc_hd__a21oi_4)
                                                         _0690_ (net)
                      0.055842    0.000399    6.977599 v _2156_/A (sky130_fd_sc_hd__and2_4)
     1    0.009673    0.029081    0.102085    7.079684 v _2156_/X (sky130_fd_sc_hd__and2_4)
                                                         _0786_ (net)
                      0.029081    0.000428    7.080112 v _2158_/B2 (sky130_fd_sc_hd__o221ai_2)
     1    0.004506    0.085406    0.086808    7.166921 ^ _2158_/Y (sky130_fd_sc_hd__o221ai_2)
                                                         _0788_ (net)
                      0.085406    0.000193    7.167113 ^ _2172_/A1 (sky130_fd_sc_hd__a32o_2)
     2    0.013138    0.069261    0.126476    7.293590 ^ _2172_/X (sky130_fd_sc_hd__a32o_2)
                                                         _0802_ (net)
                      0.069261    0.000366    7.293956 ^ _2174_/A1 (sky130_fd_sc_hd__a21oi_4)
     3    0.025396    0.054202    0.053150    7.347106 v _2174_/Y (sky130_fd_sc_hd__a21oi_4)
                                                         CB_1.le_outB (net)
                      0.054253    0.001344    7.348451 v _2554_/B (sky130_fd_sc_hd__nand2_1)
     1    0.002805    0.034935    0.052417    7.400867 ^ _2554_/Y (sky130_fd_sc_hd__nand2_1)
                                                         _1181_ (net)
                      0.034935    0.000080    7.400948 ^ _2555_/B1 (sky130_fd_sc_hd__o211a_1)
     1    0.005317    0.043703    0.078416    7.479364 ^ _2555_/X (sky130_fd_sc_hd__o211a_1)
                                                         _1182_ (net)
                      0.043704    0.000210    7.479574 ^ _2557_/C (sky130_fd_sc_hd__or3_1)
     1    0.005019    0.045473    0.073492    7.553066 ^ _2557_/X (sky130_fd_sc_hd__or3_1)
                                                         _1184_ (net)
                      0.045473    0.000135    7.553201 ^ _2558_/B1_N (sky130_fd_sc_hd__o21ba_1)
     2    0.010392    0.048109    0.107989    7.661190 v _2558_/X (sky130_fd_sc_hd__o21ba_1)
                                                         _1185_ (net)
                      0.048112    0.000404    7.661594 v _2584_/B1 (sky130_fd_sc_hd__a31oi_2)
     4    0.016908    0.194861    0.101493    7.763087 ^ _2584_/Y (sky130_fd_sc_hd__a31oi_2)
                                                         _1211_ (net)
                      0.194861    0.000752    7.763840 ^ _2620_/B1 (sky130_fd_sc_hd__o211a_1)
     1    0.009363    0.066928    0.111816    7.875656 ^ _2620_/X (sky130_fd_sc_hd__o211a_1)
                                                         _1247_ (net)
                      0.066928    0.000357    7.876013 ^ _2621_/B1 (sky130_fd_sc_hd__a211o_1)
     1    0.006648    0.049853    0.080081    7.956094 ^ _2621_/X (sky130_fd_sc_hd__a211o_1)
                                                         _1248_ (net)
                      0.049854    0.000255    7.956349 ^ _2666_/B1 (sky130_fd_sc_hd__a32o_2)
     2    0.022914    0.108828    0.127629    8.083978 ^ _2666_/X (sky130_fd_sc_hd__a32o_2)
                                                         _1293_ (net)
                      0.108836    0.000777    8.084755 ^ _2668_/A1 (sky130_fd_sc_hd__o211a_4)
     7    0.066062    0.155669    0.202451    8.287206 ^ _2668_/X (sky130_fd_sc_hd__o211a_4)
                                                         CB_0.le_outA (net)
                      0.155694    0.001632    8.288837 ^ fanout143/A (sky130_fd_sc_hd__buf_8)
    17    0.072383    0.093466    0.125329    8.414166 ^ fanout143/X (sky130_fd_sc_hd__buf_8)
                                                         net143 (net)
                      0.093542    0.002160    8.416327 ^ _2279_/A0 (sky130_fd_sc_hd__mux2_1)
     1    0.002867    0.030984    0.086265    8.502592 ^ _2279_/X (sky130_fd_sc_hd__mux2_1)
                                                         _0908_ (net)
                      0.030984    0.000083    8.502674 ^ _2280_/B (sky130_fd_sc_hd__nor2_1)
     1    0.004708    0.032067    0.025923    8.528598 v _2280_/Y (sky130_fd_sc_hd__nor2_1)
                                                         _0909_ (net)
                      0.032067    0.000165    8.528763 v _2281_/B1 (sky130_fd_sc_hd__a2111oi_1)
     2    0.010136    0.370671    0.304826    8.833589 ^ _2281_/Y (sky130_fd_sc_hd__a2111oi_1)
                                                         _0910_ (net)
                      0.370671    0.000341    8.833929 ^ _2311_/B1 (sky130_fd_sc_hd__a31o_1)
     1    0.006780    0.057758    0.072498    8.906427 ^ _2311_/X (sky130_fd_sc_hd__a31o_1)
                                                         _0940_ (net)
                      0.057759    0.000316    8.906744 ^ _2312_/B1 (sky130_fd_sc_hd__o31a_1)
     1    0.011140    0.091852    0.105828    9.012572 ^ _2312_/X (sky130_fd_sc_hd__o31a_1)
                                                         _0941_ (net)
                      0.091857    0.000541    9.013113 ^ _2321_/B1 (sky130_fd_sc_hd__a32o_1)
     2    0.010681    0.087011    0.110258    9.123371 ^ _2321_/X (sky130_fd_sc_hd__a32o_1)
                                                         _0950_ (net)
                      0.087011    0.000390    9.123760 ^ _2323_/A1 (sky130_fd_sc_hd__o211a_1)
     1    0.015862    0.105377    0.153742    9.277503 ^ _2323_/X (sky130_fd_sc_hd__o211a_1)
                                                         CB_1.le_outA (net)
                      0.105383    0.000915    9.278418 ^ fanout150/A (sky130_fd_sc_hd__buf_8)
    13    0.087691    0.111077    0.132613    9.411031 ^ fanout150/X (sky130_fd_sc_hd__buf_8)
                                                         net150 (net)
                      0.111134    0.002083    9.413114 ^ _1655_/A (sky130_fd_sc_hd__inv_2)
     5    0.024782    0.055614    0.057414    9.470527 v _1655_/Y (sky130_fd_sc_hd__inv_2)
                                                         _1493_ (net)
                      0.055635    0.000889    9.471416 v _2402_/A2 (sky130_fd_sc_hd__o211a_1)
     1    0.003130    0.029149    0.134918    9.606334 v _2402_/X (sky130_fd_sc_hd__o211a_1)
                                                         _1030_ (net)
                      0.029164    0.000095    9.606429 v _2403_/D (sky130_fd_sc_hd__or4_4)
     6    0.027731    0.085000    0.282556    9.888985 v _2403_/X (sky130_fd_sc_hd__or4_4)
                                                         _1031_ (net)
                      0.085002    0.000887    9.889873 v _2404_/B1 (sky130_fd_sc_hd__o21ai_4)
     8    0.040486    0.233017    0.115753   10.005625 ^ _2404_/Y (sky130_fd_sc_hd__o21ai_4)
                                                         _1032_ (net)
                      0.233028    0.001260   10.006886 ^ _2437_/S (sky130_fd_sc_hd__mux2_1)
     1    0.002987    0.033258    0.107262   10.114147 ^ _2437_/X (sky130_fd_sc_hd__mux2_1)
                                                         _1065_ (net)
                      0.033258    0.000088   10.114235 ^ _2474_/A1 (sky130_fd_sc_hd__o211a_1)
     1    0.006095    0.047705    0.101905   10.216140 ^ _2474_/X (sky130_fd_sc_hd__o211a_1)
                                                         _1102_ (net)
                      0.047705    0.000198   10.216338 ^ _2518_/B1 (sky130_fd_sc_hd__o32a_4)
     2    0.011043    0.033395    0.083205   10.299542 ^ _2518_/X (sky130_fd_sc_hd__o32a_4)
                                                         _1146_ (net)
                      0.033400    0.000392   10.299934 ^ _2520_/A1 (sky130_fd_sc_hd__o211a_4)
     9    0.066014    0.156018    0.189673   10.489608 ^ _2520_/X (sky130_fd_sc_hd__o211a_4)
                                                         CB_0.le_outB (net)
                      0.156155    0.003775   10.493382 ^ _1654_/A (sky130_fd_sc_hd__inv_6)
     6    0.031592    0.046308    0.034310   10.527693 v _1654_/Y (sky130_fd_sc_hd__inv_6)
                                                         _1492_ (net)
                      0.046331    0.000788   10.528481 v fanout152/A (sky130_fd_sc_hd__buf_8)
     7    0.028813    0.027055    0.092276   10.620757 v fanout152/X (sky130_fd_sc_hd__buf_8)
                                                         net152 (net)
                      0.027076    0.000680   10.621437 v fanout151/A (sky130_fd_sc_hd__buf_8)
     5    0.019579    0.022824    0.079229   10.700666 v fanout151/X (sky130_fd_sc_hd__buf_8)
                                                         net151 (net)
                      0.022862    0.000805   10.701471 v _1791_/C (sky130_fd_sc_hd__or3_4)
     2    0.006422    0.048026    0.193604   10.895076 v _1791_/X (sky130_fd_sc_hd__or3_4)
                                                         _0421_ (net)
                      0.048027    0.000174   10.895249 v _1793_/A2 (sky130_fd_sc_hd__a32o_1)
     1    0.004173    0.031936    0.136576   11.031826 v _1793_/X (sky130_fd_sc_hd__a32o_1)
                                                         _0423_ (net)
                      0.031936    0.000173   11.031999 v _1794_/A (sky130_fd_sc_hd__or2_4)
    10    0.059248    0.084084    0.211959   11.243958 v _1794_/X (sky130_fd_sc_hd__or2_4)
                                                         _0424_ (net)
                      0.084158    0.002231   11.246189 v _2328_/A1 (sky130_fd_sc_hd__a211o_4)
    19    0.070750    0.098178    0.291125   11.537314 v _2328_/X (sky130_fd_sc_hd__a211o_4)
                                                         _0956_ (net)
                      0.099041    0.007120   11.544435 v _2792_/A2 (sky130_fd_sc_hd__o211a_1)
     1    0.010176    0.050697    0.178010   11.722445 v _2792_/X (sky130_fd_sc_hd__o211a_1)
                                                         _1373_ (net)
                      0.050699    0.000355   11.722800 v _2793_/B (sky130_fd_sc_hd__nor2_4)
     1    0.021469    0.113946    0.106871   11.829671 ^ _2793_/Y (sky130_fd_sc_hd__nor2_4)
                                                         net96 (net)
                      0.114005    0.000977   11.830647 ^ output96/A (sky130_fd_sc_hd__buf_6)
     1    0.035869    0.060217    0.101329   11.931976 ^ output96/X (sky130_fd_sc_hd__buf_6)
                                                         CBnorth_out[2] (net)
                      0.060292    0.001355   11.933332 ^ CBnorth_out[2] (out)
                                             11.933332   data arrival time

                                 25.000000   25.000000   clock clk (rise edge)
                                  0.000000   25.000000   clock network delay (propagated)
                                 -0.250000   24.750000   clock uncertainty
                                  0.000000   24.750000   clock reconvergence pessimism
                                 -5.000000   19.750000   output external delay
                                             19.750000   data required time
---------------------------------------------------------------------------------------------
                                             19.750000   data required time
                                            -11.933332   data arrival time
---------------------------------------------------------------------------------------------
                                              7.816668   slack (MET)




===========================================================================
report_checks --slack_max -0.01
============================================================================
======================= nom_ff_n40C_1v95 Corner ===================================

No paths found.


===========================================================================
 report_check_types -max_slew -max_cap -max_fanout -violators
============================================================================
======================= nom_ff_n40C_1v95 Corner ===================================

max fanout

Pin                                   Limit Fanout  Slack
---------------------------------------------------------
fanout305/X                              10     33    -23 (VIOLATED)
fanout307/X                              10     31    -21 (VIOLATED)
fanout306/X                              10     29    -19 (VIOLATED)
fanout309/X                              10     29    -19 (VIOLATED)
fanout310/X                              10     25    -15 (VIOLATED)
fanout303/X                              10     23    -13 (VIOLATED)
clkbuf_2_0__f_clk/X                      10     21    -11 (VIOLATED)
fanout147/X                              10     21    -11 (VIOLATED)
fanout160/X                              10     21    -11 (VIOLATED)
fanout219/X                              10     21    -11 (VIOLATED)
fanout229/X                              10     21    -11 (VIOLATED)
fanout232/X                              10     21    -11 (VIOLATED)
fanout234/X                              10     21    -11 (VIOLATED)
fanout263/X                              10     21    -11 (VIOLATED)
fanout264/X                              10     21    -11 (VIOLATED)
fanout279/X                              10     21    -11 (VIOLATED)
clkbuf_leaf_3_clk/X                      10     20    -10 (VIOLATED)
_1688_/X                                 10     19     -9 (VIOLATED)
_2328_/X                                 10     19     -9 (VIOLATED)
clkbuf_2_1__f_clk/X                      10     19     -9 (VIOLATED)
clkbuf_2_2__f_clk/X                      10     19     -9 (VIOLATED)
clkbuf_leaf_32_clk/X                     10     19     -9 (VIOLATED)
fanout233/X                              10     19     -9 (VIOLATED)
fanout285/X                              10     19     -9 (VIOLATED)
input11/X                                10     19     -9 (VIOLATED)
input12/X                                10     19     -9 (VIOLATED)
input13/X                                10     19     -9 (VIOLATED)
input15/X                                10     19     -9 (VIOLATED)
input16/X                                10     19     -9 (VIOLATED)
input17/X                                10     19     -9 (VIOLATED)
input19/X                                10     19     -9 (VIOLATED)
input2/X                                 10     19     -9 (VIOLATED)
input20/X                                10     19     -9 (VIOLATED)
input21/X                                10     19     -9 (VIOLATED)
input22/X                                10     19     -9 (VIOLATED)
input23/X                                10     19     -9 (VIOLATED)
input24/X                                10     19     -9 (VIOLATED)
input25/X                                10     19     -9 (VIOLATED)
input26/X                                10     19     -9 (VIOLATED)
input27/X                                10     19     -9 (VIOLATED)
input28/X                                10     19     -9 (VIOLATED)
input29/X                                10     19     -9 (VIOLATED)
input3/X                                 10     19     -9 (VIOLATED)
input30/X                                10     19     -9 (VIOLATED)
input31/X                                10     19     -9 (VIOLATED)
input4/X                                 10     19     -9 (VIOLATED)
input5/X                                 10     19     -9 (VIOLATED)
input6/X                                 10     19     -9 (VIOLATED)
input7/X                                 10     19     -9 (VIOLATED)
input8/X                                 10     19     -9 (VIOLATED)
input9/X                                 10     19     -9 (VIOLATED)
_1985_/X                                 10     17     -7 (VIOLATED)
clkbuf_2_3__f_clk/X                      10     17     -7 (VIOLATED)
fanout143/X                              10     17     -7 (VIOLATED)
fanout274/X                              10     17     -7 (VIOLATED)
clkbuf_leaf_24_clk/X                     10     16     -6 (VIOLATED)
clkbuf_leaf_28_clk/X                     10     16     -6 (VIOLATED)
clkbuf_leaf_4_clk/X                      10     16     -6 (VIOLATED)
_1891_/Y                                 10     15     -5 (VIOLATED)
_3324_/Q                                 10     15     -5 (VIOLATED)
clkbuf_leaf_25_clk/X                     10     15     -5 (VIOLATED)
clkbuf_leaf_26_clk/X                     10     15     -5 (VIOLATED)
clkbuf_leaf_5_clk/X                      10     15     -5 (VIOLATED)
fanout159/X                              10     15     -5 (VIOLATED)
fanout220/X                              10     15     -5 (VIOLATED)
fanout221/X                              10     15     -5 (VIOLATED)
fanout302/X                              10     15     -5 (VIOLATED)
fanout308/X                              10     15     -5 (VIOLATED)
_3435_/Q                                 10     14     -4 (VIOLATED)
clkbuf_leaf_13_clk/X                     10     14     -4 (VIOLATED)
clkbuf_leaf_6_clk/X                      10     14     -4 (VIOLATED)
clkbuf_leaf_8_clk/X                      10     14     -4 (VIOLATED)
_3325_/Q                                 10     13     -3 (VIOLATED)
_3371_/Q                                 10     13     -3 (VIOLATED)
clkbuf_leaf_19_clk/X                     10     13     -3 (VIOLATED)
clkbuf_leaf_23_clk/X                     10     13     -3 (VIOLATED)
clkbuf_leaf_29_clk/X                     10     13     -3 (VIOLATED)
clkbuf_leaf_7_clk/X                      10     13     -3 (VIOLATED)
fanout150/X                              10     13     -3 (VIOLATED)
fanout224/X                              10     13     -3 (VIOLATED)
fanout228/X                              10     13     -3 (VIOLATED)
fanout296/X                              10     13     -3 (VIOLATED)
_1701_/X                                 10     12     -2 (VIOLATED)
clkbuf_leaf_15_clk/X                     10     12     -2 (VIOLATED)
clkbuf_leaf_1_clk/X                      10     12     -2 (VIOLATED)
clkbuf_leaf_27_clk/X                     10     12     -2 (VIOLATED)
clkbuf_leaf_30_clk/X                     10     12     -2 (VIOLATED)
_1673_/X                                 10     11        (VIOLATED)
_1710_/X                                 10     11        (VIOLATED)
_1714_/X                                 10     11        (VIOLATED)
_1728_/X                                 10     11        (VIOLATED)
_1737_/X                                 10     11        (VIOLATED)
_1741_/X                                 10     11        (VIOLATED)
_1754_/X                                 10     11        (VIOLATED)
_1763_/X                                 10     11        (VIOLATED)
_1767_/X                                 10     11        (VIOLATED)
_1798_/X                                 10     11        (VIOLATED)
_1809_/X                                 10     11        (VIOLATED)
_1815_/X                                 10     11        (VIOLATED)
_1819_/X                                 10     11        (VIOLATED)
_1831_/X                                 10     11        (VIOLATED)
_1837_/X                                 10     11        (VIOLATED)
_1841_/X                                 10     11        (VIOLATED)
_1851_/Y                                 10     11        (VIOLATED)
_1857_/X                                 10     11        (VIOLATED)
_1861_/X                                 10     11        (VIOLATED)
_1903_/X                                 10     11        (VIOLATED)
_1909_/X                                 10     11        (VIOLATED)
_1913_/X                                 10     11        (VIOLATED)
_1922_/X                                 10     11        (VIOLATED)
_1932_/X                                 10     11        (VIOLATED)
_1934_/X                                 10     11        (VIOLATED)
_1940_/X                                 10     11        (VIOLATED)
_1954_/X                                 10     11        (VIOLATED)
_1997_/X                                 10     11        (VIOLATED)
_2003_/X                                 10     11        (VIOLATED)
_2007_/X                                 10     11        (VIOLATED)
_2019_/X                                 10     11        (VIOLATED)
_2025_/X                                 10     11        (VIOLATED)
_2029_/X                                 10     11        (VIOLATED)
_2035_/X                                 10     11        (VIOLATED)
_2045_/X                                 10     11        (VIOLATED)
_2049_/X                                 10     11        (VIOLATED)
_2200_/Y                                 10     11        (VIOLATED)
_2331_/X                                 10     11        (VIOLATED)
_2335_/X                                 10     11        (VIOLATED)
_2338_/X                                 10     11        (VIOLATED)
_2347_/X                                 10     11        (VIOLATED)
_2350_/X                                 10     11        (VIOLATED)
_2354_/X                                 10     11        (VIOLATED)
_2357_/X                                 10     11        (VIOLATED)
_2363_/X                                 10     11        (VIOLATED)
_2366_/X                                 10     11        (VIOLATED)
_2370_/X                                 10     11        (VIOLATED)
_2373_/X                                 10     11        (VIOLATED)
_2386_/X                                 10     11        (VIOLATED)
_2390_/X                                 10     11        (VIOLATED)
_2393_/X                                 10     11        (VIOLATED)
_3180_/Q                                 10     11        (VIOLATED)
_3428_/Q                                 10     11        (VIOLATED)
clkbuf_leaf_12_clk/X                     10     11        (VIOLATED)
clkbuf_leaf_16_clk/X                     10     11        (VIOLATED)
fanout209/X                              10     11        (VIOLATED)
fanout231/X                              10     11        (VIOLATED)
fanout238/X                              10     11        (VIOLATED)
fanout239/X                              10     11        (VIOLATED)
fanout283/X                              10     11        (VIOLATED)
fanout284/X                              10     11        (VIOLATED)
fanout301/X                              10     11        (VIOLATED)
input14/X                                10     11        (VIOLATED)
max_cap138/X                             10     11        (VIOLATED)



===========================================================================
report_parasitic_annotation -report_unannotated
============================================================================
Found 32 unannotated drivers.
 clkload0/Y
 clkload1/Y
 clkload10/Y
 clkload11/Y
 clkload12/Y
 clkload13/Y
 clkload14/Y
 clkload15/Y
 clkload16/Y
 clkload17/Y
 clkload18/Y
 clkload19/Y
 clkload2/Y
 clkload20/Y
 clkload21/Y
 clkload22/Y
 clkload23/Y
 clkload24/X
 clkload25/X
 clkload26/Y
 clkload27/Y
 clkload28/Y
 clkload29/Y
 clkload3/Y
 clkload30/Y
 clkload31/Y
 clkload4/Y
 clkload5/Y
 clkload6/X
 clkload7/Y
 clkload8/Y
 clkload9/Y
Found 0 partially unannotated drivers.

===========================================================================
max slew violation count 0
max fanout violation count 151
max cap violation count 0
============================================================================

===========================================================================
check_setup -verbose -unconstrained_endpoints -multiple_clock -no_clock -no_input_delay -loops -generated_clocks
===========================================================================
Warning: There are 4 unclocked register/latch pins.
  _3228_/CLK
  _3246_/CLK
  _3264_/CLK
  _3282_/CLK
Warning: There are 4 unconstrained endpoints.
  _3228_/D
  _3246_/D
  _3264_/D
  _3282_/D
Warning: There are 43 combinational loops in the design.
  _2158_/Y
  _2172_/A1
  _2172_/X
  _2174_/A1
  _2174_/Y
  _2554_/B
  _2554_/Y
  _2555_/B1
  _2555_/X
  _2557_/C
  _2557_/X
  _2558_/B1_N
  _2558_/X
  _2584_/B1
  _2584_/Y
  _2620_/B1
  _2620_/X
  _2621_/B1
  _2621_/X
  _2666_/B1
  _2666_/X
  _2668_/A1
  _2668_/X
  fanout143/A
  fanout143/X
  _2096_/A0
  _2096_/X
  _2098_/A2
  _2098_/X
  _2125_/B1
  _2125_/X
  _2158_/C1
  | loop cut point
  _2158_/Y
  --------------------------------
  _2172_/X
  _2174_/A1
  _2174_/Y
  _2554_/B
  _2554_/Y
  _2555_/B1
  _2555_/X
  _2557_/C
  _2557_/X
  _2558_/B1_N
  _2558_/X
  _2584_/B1
  _2584_/Y
  _2620_/B1
  _2620_/X
  _2621_/B1
  _2621_/X
  _2666_/B1
  _2666_/X
  _2668_/A1
  _2668_/X
  fanout143/A
  fanout143/X
  _2096_/A0
  _2096_/X
  _2098_/A2
  _2098_/X
  _2125_/B1
  _2125_/X
  _2162_/C1
  _2162_/X
  _2172_/A3
  | loop cut point
  _2172_/X
  --------------------------------
  _2172_/X
  _2174_/A1
  _2174_/Y
  _2554_/B
  _2554_/Y
  _2555_/B1
  _2555_/X
  _2557_/C
  _2557_/X
  _2558_/B1_N
  _2558_/X
  _2584_/B1
  _2584_/Y
  _2620_/B1
  _2620_/X
  _2621_/B1
  _2621_/X
  _2666_/B1
  _2666_/X
  _2668_/A1
  _2668_/X
  fanout143/A
  fanout143/X
  _2096_/A0
  _2096_/X
  _2098_/A2
  _2098_/X
  _2125_/B1
  _2125_/X
  _2166_/C1
  _2166_/Y
  _2172_/B1
  | loop cut point
  _2172_/X
  --------------------------------
  _2172_/X
  _2174_/A1
  _2174_/Y
  _2554_/B
  _2554_/Y
  _2555_/B1
  _2555_/X
  _2557_/C
  _2557_/X
  _2558_/B1_N
  _2558_/X
  _2584_/B1
  _2584_/Y
  _2620_/B1
  _2620_/X
  _2621_/B1
  _2621_/X
  _2666_/B1
  _2666_/X
  _2668_/A1
  _2668_/X
  fanout143/A
  fanout143/X
  _2096_/A0
  _2096_/X
  _2098_/A2
  _2098_/X
  _2125_/B1
  _2125_/X
  _2171_/A1
  _2171_/X
  _2172_/B2
  | loop cut point
  _2172_/X
  --------------------------------
  _1864_/X
  _2053_/A2
  _2053_/X
  _2060_/A2
  _2060_/Y
  _2156_/A
  _2156_/X
  _2158_/B2
  _2158_/Y
  _2172_/A1
  _2172_/X
  _2174_/A1
  _2174_/Y
  _2554_/B
  _2554_/Y
  _2555_/B1
  _2555_/X
  _2557_/C
  _2557_/X
  _2558_/B1_N
  _2558_/X
  _2584_/B1
  _2584_/Y
  _2620_/B1
  _2620_/X
  _2621_/B1
  _2621_/X
  _2666_/B1
  _2666_/X
  _2668_/A1
  _2668_/X
  fanout143/A
  fanout143/X
  _2279_/A0
  _2279_/X
  _2280_/B
  _2280_/Y
  _2281_/B1
  _2281_/Y
  _2311_/B1
  _2311_/X
  _2312_/B1
  _2312_/X
  _2321_/B1
  _2321_/X
  _2323_/A1
  _2323_/X
  fanout150/A
  fanout150/X
  _1655_/A
  _1655_/Y
  _2402_/A2
  _2402_/X
  _2403_/D
  _2403_/X
  _2404_/B1
  _2404_/Y
  _2437_/S
  _2437_/X
  _2474_/A1
  _2474_/X
  _2518_/B1
  _2518_/X
  _2520_/A1
  _2520_/X
  _1654_/A
  _1654_/Y
  _1682_/A1
  _1682_/X
  _1683_/A1
  _1683_/X
  _1684_/A1
  _1684_/X
  _1688_/B1
  _1688_/X
  _1715_/A0
  _1715_/X
  _1770_/A2
  _1770_/Y
  _1864_/C
  | loop cut point
  _1864_/X
  --------------------------------
  _2158_/Y
  _2172_/A1
  _2172_/X
  _2174_/A1
  _2174_/Y
  _2554_/B
  _2554_/Y
  _2555_/B1
  _2555_/X
  _2557_/C
  _2557_/X
  _2558_/B1_N
  _2558_/X
  _2584_/B1
  _2584_/Y
  _2620_/B1
  _2620_/X
  _2621_/B1
  _2621_/X
  _2666_/B1
  _2666_/X
  _2668_/A1
  _2668_/X
  fanout143/A
  fanout143/X
  _2279_/A0
  _2279_/X
  _2280_/B
  _2280_/Y
  _2281_/B1
  _2281_/Y
  _2311_/B1
  _2311_/X
  _2312_/B1
  _2312_/X
  _2321_/B1
  _2321_/X
  _2323_/A1
  _2323_/X
  fanout150/A
  fanout150/X
  _1655_/A
  _1655_/Y
  _2402_/A2
  _2402_/X
  _2403_/D
  _2403_/X
  _2404_/B1
  _2404_/Y
  _2437_/S
  _2437_/X
  _2474_/A1
  _2474_/X
  _2518_/B1
  _2518_/X
  _2520_/A1
  _2520_/X
  _1654_/A
  _1654_/Y
  _1682_/A1
  _1682_/X
  _1683_/A1
  _1683_/X
  _1684_/A1
  _1684_/X
  _1688_/B1
  _1688_/X
  _2068_/A0
  _2068_/X
  _2070_/A2
  _2070_/X
  _2073_/B1
  _2073_/X
  _2086_/A1
  _2086_/Y
  _2092_/A3
  _2092_/Y
  _2158_/A1
  | loop cut point
  _2158_/Y
  --------------------------------
  _2158_/Y
  _2172_/A1
  _2172_/X
  _2174_/A1
  _2174_/Y
  _2554_/B
  _2554_/Y
  _2555_/B1
  _2555_/X
  _2557_/C
  _2557_/X
  _2558_/B1_N
  _2558_/X
  _2584_/B1
  _2584_/Y
  _2620_/B1
  _2620_/X
  _2621_/B1
  _2621_/X
  _2666_/B1
  _2666_/X
  _2668_/A1
  _2668_/X
  fanout143/A
  fanout143/X
  _2279_/A0
  _2279_/X
  _2280_/B
  _2280_/Y
  _2281_/B1
  _2281_/Y
  _2311_/B1
  _2311_/X
  _2312_/B1
  _2312_/X
  _2321_/B1
  _2321_/X
  _2323_/A1
  _2323_/X
  fanout150/A
  fanout150/X
  _1655_/A
  _1655_/Y
  _2402_/A2
  _2402_/X
  _2403_/D
  _2403_/X
  _2404_/B1
  _2404_/Y
  _2437_/S
  _2437_/X
  _2474_/A1
  _2474_/X
  _2518_/B1
  _2518_/X
  _2520_/A1
  _2520_/X
  _1654_/A
  _1654_/Y
  _1682_/A1
  _1682_/X
  _1683_/A1
  _1683_/X
  _1684_/A1
  _1684_/X
  _1688_/B1
  _1688_/X
  _2068_/A0
  _2068_/X
  _2070_/A2
  _2070_/X
  _2073_/B1
  _2073_/X
  _2086_/A1
  _2086_/Y
  _2093_/A3
  _2093_/X
  _2157_/B1
  _2157_/X
  _2158_/B1
  | loop cut point
  _2158_/Y
  --------------------------------
  _2172_/X
  _2174_/A1
  _2174_/Y
  _2554_/B
  _2554_/Y
  _2555_/B1
  _2555_/X
  _2557_/C
  _2557_/X
  _2558_/B1_N
  _2558_/X
  _2584_/B1
  _2584_/Y
  _2620_/B1
  _2620_/X
  _2621_/B1
  _2621_/X
  _2666_/B1
  _2666_/X
  _2668_/A1
  _2668_/X
  fanout143/A
  fanout143/X
  _2279_/A0
  _2279_/X
  _2280_/B
  _2280_/Y
  _2281_/B1
  _2281_/Y
  _2311_/B1
  _2311_/X
  _2312_/B1
  _2312_/X
  _2321_/B1
  _2321_/X
  _2323_/A1
  _2323_/X
  fanout150/A
  fanout150/X
  _1655_/A
  _1655_/Y
  _2402_/A2
  _2402_/X
  _2403_/D
  _2403_/X
  _2404_/B1
  _2404_/Y
  _2437_/S
  _2437_/X
  _2474_/A1
  _2474_/X
  _2518_/B1
  _2518_/X
  _2520_/A1
  _2520_/X
  _1654_/A
  _1654_/Y
  _1682_/A1
  _1682_/X
  _1683_/A1
  _1683_/X
  _1684_/A1
  _1684_/X
  _1688_/B1
  _1688_/X
  _2136_/A2
  _2136_/X
  _2140_/B1
  _2140_/X
  _2151_/A2
  _2151_/Y
  _2153_/A1
  _2153_/X
  _2154_/B
  _2154_/Y
  _2172_/A2
  | loop cut point
  _2172_/X
  --------------------------------
  _2321_/X
  _2323_/A1
  _2323_/X
  fanout150/A
  fanout150/X
  _1655_/A
  _1655_/Y
  _2402_/A2
  _2402_/X
  _2403_/D
  _2403_/X
  _2404_/B1
  _2404_/Y
  _2437_/S
  _2437_/X
  _2474_/A1
  _2474_/X
  _2518_/B1
  _2518_/X
  _2520_/A1
  _2520_/X
  _1654_/A
  _1654_/Y
  _1682_/A1
  _1682_/X
  _1683_/A1
  _1683_/X
  _1684_/A1
  _1684_/X
  _1688_/B1
  _1688_/X
  _2189_/A0
  _2189_/X
  _2191_/A2
  _2191_/X
  _2199_/A1
  _2199_/X
  _2200_/A1
  _2200_/Y
  _2207_/A2
  _2207_/Y
  _2239_/S
  _2239_/X
  _2273_/A2
  _2273_/X
  _2321_/B2
  | loop cut point
  _2321_/X
  --------------------------------
  _2321_/X
  _2323_/A1
  _2323_/X
  fanout150/A
  fanout150/X
  _1655_/A
  _1655_/Y
  _2402_/A2
  _2402_/X
  _2403_/D
  _2403_/X
  _2404_/B1
  _2404_/Y
  _2437_/S
  _2437_/X
  _2474_/A1
  _2474_/X
  _2518_/B1
  _2518_/X
  _2520_/A1
  _2520_/X
  _1654_/A
  _1654_/Y
  _1682_/A1
  _1682_/X
  _1683_/A1
  _1683_/X
  _1684_/A1
  _1684_/X
  _1688_/B1
  _1688_/X
  _2189_/A0
  _2189_/X
  _2191_/A2
  _2191_/X
  _2199_/A1
  _2199_/X
  _2200_/A1
  _2200_/Y
  _2207_/A2
  _2207_/Y
  _2315_/A2
  _2315_/X
  _2316_/B2
  _2316_/X
  _2321_/A3
  | loop cut point
  _2321_/X
  --------------------------------
  _2321_/X
  _2323_/A1
  _2323_/X
  fanout150/A
  fanout150/X
  _1655_/A
  _1655_/Y
  _2402_/A2
  _2402_/X
  _2403_/D
  _2403_/X
  _2404_/B1
  _2404_/Y
  _2437_/S
  _2437_/X
  _2474_/A1
  _2474_/X
  _2518_/B1
  _2518_/X
  _2520_/A1
  _2520_/X
  _1654_/A
  _1654_/Y
  _1682_/A1
  _1682_/X
  _1683_/A1
  _1683_/X
  _1684_/A1
  _1684_/X
  _1688_/B1
  _1688_/X
  _2189_/A0
  _2189_/X
  _2191_/A2
  _2191_/X
  _2199_/A1
  _2199_/X
  _2200_/A1
  _2200_/Y
  _2207_/A2
  _2207_/Y
  _2318_/A2
  _2318_/X
  _2320_/B1
  _2320_/X
  _2321_/A2
  | loop cut point
  _2321_/X
  --------------------------------
  _2312_/X
  _2321_/B1
  _2321_/X
  _2323_/A1
  _2323_/X
  fanout150/A
  fanout150/X
  _1655_/A
  _1655_/Y
  _2402_/A2
  _2402_/X
  _2403_/D
  _2403_/X
  _2404_/B1
  _2404_/Y
  _2437_/S
  _2437_/X
  _2474_/A1
  _2474_/X
  _2518_/B1
  _2518_/X
  _2520_/A1
  _2520_/X
  _1654_/A
  _1654_/Y
  _1682_/A1
  _1682_/X
  _1683_/A1
  _1683_/X
  _1684_/A1
  _1684_/X
  _1688_/B1
  _1688_/X
  _2189_/A0
  _2189_/X
  _2191_/A2
  _2191_/X
  _2199_/A1
  _2199_/X
  _2200_/A1
  _2200_/Y
  _2274_/A1
  _2274_/X
  _2275_/C1
  _2275_/X
  _2312_/A2
  | loop cut point
  _2312_/X
  --------------------------------
  _2312_/X
  _2321_/B1
  _2321_/X
  _2323_/A1
  _2323_/X
  fanout150/A
  fanout150/X
  _1655_/A
  _1655_/Y
  _2402_/A2
  _2402_/X
  _2403_/D
  _2403_/X
  _2404_/B1
  _2404_/Y
  _2437_/S
  _2437_/X
  _2474_/A1
  _2474_/X
  _2518_/B1
  _2518_/X
  _2520_/A1
  _2520_/X
  _1654_/A
  _1654_/Y
  _1682_/A1
  _1682_/X
  _1683_/A1
  _1683_/X
  _1684_/A1
  _1684_/X
  _1688_/B1
  _1688_/X
  _2189_/A0
  _2189_/X
  _2191_/A2
  _2191_/X
  _2199_/A1
  _2199_/X
  _2200_/A1
  _2200_/Y
  _2276_/A1
  _2276_/X
  _2277_/C1
  _2277_/X
  _2312_/A3
  | loop cut point
  _2312_/X
  --------------------------------
  _2312_/X
  _2321_/B1
  _2321_/X
  _2323_/A1
  _2323_/X
  fanout150/A
  fanout150/X
  _1655_/A
  _1655_/Y
  _2402_/A2
  _2402_/X
  _2403_/D
  _2403_/X
  _2404_/B1
  _2404_/Y
  _2437_/S
  _2437_/X
  _2474_/A1
  _2474_/X
  _2518_/B1
  _2518_/X
  _2520_/A1
  _2520_/X
  _1654_/A
  _1654_/Y
  _1682_/A1
  _1682_/X
  _1683_/A1
  _1683_/X
  _1684_/A1
  _1684_/X
  _1688_/B1
  _1688_/X
  _2264_/A0
  _2264_/X
  _2266_/A2
  _2266_/Y
  _2267_/D
  _2267_/X
  _2268_/A3
  _2268_/X
  _2270_/A3
  _2270_/X
  _2312_/A1
  | loop cut point
  _2312_/X
  --------------------------------
  _2321_/X
  _2323_/A1
  _2323_/X
  fanout150/A
  fanout150/X
  _1655_/A
  _1655_/Y
  _2402_/A2
  _2402_/X
  _2403_/D
  _2403_/X
  _2404_/B1
  _2404_/Y
  _2437_/S
  _2437_/X
  _2474_/A1
  _2474_/X
  _2518_/B1
  _2518_/X
  _2520_/A1
  _2520_/X
  _1654_/A
  _1654_/Y
  _1682_/A1
  _1682_/X
  _1683_/A1
  _1683_/X
  _1684_/A1
  _1684_/X
  _1688_/B1
  _1688_/X
  _2298_/A0
  _2298_/X
  _2300_/A2
  _2300_/X
  _2307_/D
  _2307_/X
  _2308_/B1
  _2308_/Y
  _2309_/B1
  _2309_/X
  _2310_/A3
  _2310_/Y
  _2321_/A1
  | loop cut point
  _2321_/X
  --------------------------------
  _2311_/X
  _2312_/B1
  _2312_/X
  _2321_/B1
  _2321_/X
  _2323_/A1
  _2323_/X
  fanout150/A
  fanout150/X
  _1655_/A
  _1655_/Y
  _2402_/A2
  _2402_/X
  _2403_/D
  _2403_/X
  _2404_/B1
  _2404_/Y
  _2437_/S
  _2437_/X
  _2474_/A1
  _2474_/X
  _2518_/B1
  _2518_/X
  _2520_/A1
  _2520_/X
  _1654_/A
  _1654_/Y
  _1682_/A1
  _1682_/X
  _1683_/A1
  _1683_/X
  _1684_/A1
  _1684_/X
  _1688_/B1
  _1688_/X
  _2298_/A0
  _2298_/X
  _2300_/A2
  _2300_/X
  _2307_/D
  _2307_/X
  _2308_/B1
  _2308_/Y
  _2309_/B1
  _2309_/X
  _2311_/A3
  | loop cut point
  _2311_/X
  --------------------------------
  _2404_/Y
  _2437_/S
  _2437_/X
  _2474_/A1
  _2474_/X
  _2518_/B1
  _2518_/X
  _2520_/A1
  _2520_/X
  _1654_/A
  _1654_/Y
  _1682_/A1
  _1682_/X
  _1683_/A1
  _1683_/X
  _1684_/A1
  _1684_/X
  _2347_/B1
  _2347_/X
  _2351_/A0
  _2351_/X
  _2359_/A2
  _2359_/X
  _2360_/C
  _2360_/X
  _2397_/A2
  _2397_/X
  _2404_/A1
  | loop cut point
  _2404_/Y
  --------------------------------
  _2474_/X
  _2518_/B1
  _2518_/X
  _2520_/A1
  _2520_/X
  _1654_/A
  _1654_/Y
  _1682_/A1
  _1682_/X
  _1683_/A1
  _1683_/X
  _1684_/A1
  _1684_/X
  _2347_/B1
  _2347_/X
  _2351_/A0
  _2351_/X
  _2359_/A2
  _2359_/X
  _2360_/C
  _2360_/X
  _2397_/A2
  _2397_/X
  _2472_/A1
  _2472_/X
  _2473_/C1
  _2473_/X
  _2474_/C1
  | loop cut point
  _2474_/X
  --------------------------------
  _2518_/X
  _2520_/A1
  _2520_/X
  _1654_/A
  _1654_/Y
  _1682_/A1
  _1682_/X
  _1683_/A1
  _1683_/X
  _1684_/A1
  _1684_/X
  _2347_/B1
  _2347_/X
  _2351_/A0
  _2351_/X
  _2359_/A2
  _2359_/X
  _2360_/C
  _2360_/X
  _2397_/A2
  _2397_/X
  _2475_/A1
  _2475_/X
  _2476_/C1
  _2476_/X
  _2509_/A2
  _2509_/X
  _2518_/B2
  | loop cut point
  _2518_/X
  --------------------------------
  _2518_/X
  _2520_/A1
  _2520_/X
  _1654_/A
  _1654_/Y
  _1682_/A1
  _1682_/X
  _1683_/A1
  _1683_/X
  _1684_/A1
  _1684_/X
  _2347_/B1
  _2347_/X
  _2351_/A0
  _2351_/X
  _2359_/A2
  _2359_/X
  _2360_/C
  _2360_/X
  _2397_/A2
  _2397_/X
  _2511_/A1
  _2511_/X
  _2512_/C1
  _2512_/X
  _2513_/B1
  _2513_/X
  _2518_/A2
  | loop cut point
  _2518_/X
  --------------------------------
  _2518_/X
  _2520_/A1
  _2520_/X
  _1654_/A
  _1654_/Y
  _1682_/A1
  _1682_/X
  _1683_/A1
  _1683_/X
  _1684_/A1
  _1684_/X
  _2347_/B1
  _2347_/X
  _2351_/A0
  _2351_/X
  _2359_/A2
  _2359_/X
  _2360_/C
  _2360_/X
  _2397_/A2
  _2397_/X
  _2515_/A1
  _2515_/X
  _2516_/C1
  _2516_/X
  _2517_/B1
  _2517_/X
  _2518_/A3
  | loop cut point
  _2518_/X
  --------------------------------
  _2584_/Y
  _2620_/B1
  _2620_/X
  _2621_/B1
  _2621_/X
  _2666_/B1
  _2666_/X
  _2668_/A1
  _2668_/X
  fanout143/A
  fanout143/X
  _2279_/A0
  _2279_/X
  _2280_/B
  _2280_/Y
  _2281_/B1
  _2281_/Y
  _2311_/B1
  _2311_/X
  _2312_/B1
  _2312_/X
  _2321_/B1
  _2321_/X
  _2323_/A1
  _2323_/X
  fanout150/A
  fanout150/X
  _1655_/A
  _1655_/Y
  _2402_/A2
  _2402_/X
  _2403_/D
  _2403_/X
  _2404_/B1
  _2404_/Y
  _2437_/S
  _2437_/X
  _2474_/A1
  _2474_/X
  _2518_/B1
  _2518_/X
  _2520_/A1
  _2520_/X
  _1654_/A
  _1654_/Y
  _1682_/A1
  _1682_/X
  _1683_/A1
  _1683_/X
  _1684_/A1
  _1684_/X
  _2347_/B1
  _2347_/X
  _2573_/A0
  _2573_/X
  _2575_/A2
  _2575_/Y
  _2582_/A2
  _2582_/X
  _2583_/A2
  _2583_/X
  _2584_/A3
  | loop cut point
  _2584_/Y
  --------------------------------
  _2621_/X
  _2666_/B1
  _2666_/X
  _2668_/A1
  _2668_/X
  fanout143/A
  fanout143/X
  _2279_/A0
  _2279_/X
  _2280_/B
  _2280_/Y
  _2281_/B1
  _2281_/Y
  _2311_/B1
  _2311_/X
  _2312_/B1
  _2312_/X
  _2321_/B1
  _2321_/X
  _2323_/A1
  _2323_/X
  fanout150/A
  fanout150/X
  _1655_/A
  _1655_/Y
  _2402_/A2
  _2402_/X
  _2403_/D
  _2403_/X
  _2404_/B1
  _2404_/Y
  _2437_/S
  _2437_/X
  _2474_/A1
  _2474_/X
  _2518_/B1
  _2518_/X
  _2520_/A1
  _2520_/X
  _1654_/A
  _1654_/Y
  _1682_/A1
  _1682_/X
  _1683_/A1
  _1683_/X
  _1684_/A1
  _1684_/X
  _2347_/B1
  _2347_/X
  _2573_/A0
  _2573_/X
  _2575_/A2
  _2575_/Y
  _2582_/A2
  _2582_/X
  _2583_/A2
  _2583_/X
  _2585_/A3
  _2585_/X
  _2621_/A1
  | loop cut point
  _2621_/X
  --------------------------------
  _2666_/X
  _2668_/A1
  _2668_/X
  fanout143/A
  fanout143/X
  _2279_/A0
  _2279_/X
  _2280_/B
  _2280_/Y
  _2281_/B1
  _2281_/Y
  _2311_/B1
  _2311_/X
  _2312_/B1
  _2312_/X
  _2321_/B1
  _2321_/X
  _2323_/A1
  _2323_/X
  fanout150/A
  fanout150/X
  _1655_/A
  _1655_/Y
  _2402_/A2
  _2402_/X
  _2403_/D
  _2403_/X
  _2404_/B1
  _2404_/Y
  _2437_/S
  _2437_/X
  _2474_/A1
  _2474_/X
  _2518_/B1
  _2518_/X
  _2520_/A1
  _2520_/X
  _1654_/A
  _1654_/Y
  _1682_/A1
  _1682_/X
  _1683_/A1
  _1683_/X
  _1684_/A1
  _1684_/X
  _2347_/B1
  _2347_/X
  _2573_/A0
  _2573_/X
  _2575_/A2
  _2575_/Y
  _2582_/A2
  _2582_/X
  _2583_/A2
  _2583_/X
  _2585_/A3
  _2585_/X
  _2623_/B1
  _2623_/X
  _2657_/A2
  _2657_/X
  _2666_/B2
  | loop cut point
  _2666_/X
  --------------------------------
  _2666_/X
  _2668_/A1
  _2668_/X
  fanout143/A
  fanout143/X
  _2279_/A0
  _2279_/X
  _2280_/B
  _2280_/Y
  _2281_/B1
  _2281_/Y
  _2311_/B1
  _2311_/X
  _2312_/B1
  _2312_/X
  _2321_/B1
  _2321_/X
  _2323_/A1
  _2323_/X
  fanout150/A
  fanout150/X
  _1655_/A
  _1655_/Y
  _2402_/A2
  _2402_/X
  _2403_/D
  _2403_/X
  _2404_/B1
  _2404_/Y
  _2437_/S
  _2437_/X
  _2474_/A1
  _2474_/X
  _2518_/B1
  _2518_/X
  _2520_/A1
  _2520_/X
  _1654_/A
  _1654_/Y
  _1682_/A1
  _1682_/X
  _1683_/A1
  _1683_/X
  _1684_/A1
  _1684_/X
  _2347_/B1
  _2347_/X
  _2573_/A0
  _2573_/X
  _2575_/A2
  _2575_/Y
  _2582_/A2
  _2582_/X
  _2583_/A2
  _2583_/X
  _2585_/A3
  _2585_/X
  _2661_/A1
  _2661_/X
  _2666_/A2
  | loop cut point
  _2666_/X
  --------------------------------
  _2666_/X
  _2668_/A1
  _2668_/X
  fanout143/A
  fanout143/X
  _2279_/A0
  _2279_/X
  _2280_/B
  _2280_/Y
  _2281_/B1
  _2281_/Y
  _2311_/B1
  _2311_/X
  _2312_/B1
  _2312_/X
  _2321_/B1
  _2321_/X
  _2323_/A1
  _2323_/X
  fanout150/A
  fanout150/X
  _1655_/A
  _1655_/Y
  _2402_/A2
  _2402_/X
  _2403_/D
  _2403_/X
  _2404_/B1
  _2404_/Y
  _2437_/S
  _2437_/X
  _2474_/A1
  _2474_/X
  _2518_/B1
  _2518_/X
  _2520_/A1
  _2520_/X
  _1654_/A
  _1654_/Y
  _1682_/A1
  _1682_/X
  _1683_/A1
  _1683_/X
  _1684_/A1
  _1684_/X
  _2347_/B1
  _2347_/X
  _2573_/A0
  _2573_/X
  _2575_/A2
  _2575_/Y
  _2582_/A2
  _2582_/X
  _2583_/A2
  _2583_/X
  _2585_/A3
  _2585_/X
  _2665_/A1
  _2665_/X
  _2666_/A3
  | loop cut point
  _2666_/X
  --------------------------------
  _2621_/X
  _2666_/B1
  _2666_/X
  _2668_/A1
  _2668_/X
  fanout143/A
  fanout143/X
  _2279_/A0
  _2279_/X
  _2280_/B
  _2280_/Y
  _2281_/B1
  _2281_/Y
  _2311_/B1
  _2311_/X
  _2312_/B1
  _2312_/X
  _2321_/B1
  _2321_/X
  _2323_/A1
  _2323_/X
  fanout150/A
  fanout150/X
  _1655_/A
  _1655_/Y
  _2402_/A2
  _2402_/X
  _2403_/D
  _2403_/X
  _2404_/B1
  _2404_/Y
  _2437_/S
  _2437_/X
  _2474_/A1
  _2474_/X
  _2518_/B1
  _2518_/X
  _2520_/A1
  _2520_/X
  _1654_/A
  _1654_/Y
  _1682_/A1
  _1682_/X
  _1683_/A1
  _1683_/X
  _1684_/A1
  _1684_/X
  _2347_/B1
  _2347_/X
  _2600_/A0
  _2600_/X
  _2602_/A2
  _2602_/Y
  _2603_/D
  _2603_/X
  _2616_/A2
  _2616_/X
  _2617_/A3
  _2617_/Y
  _2621_/C1
  | loop cut point
  _2621_/X
  --------------------------------
  _2666_/X
  _2668_/A1
  _2668_/X
  fanout143/A
  fanout143/X
  _2279_/A0
  _2279_/X
  _2280_/B
  _2280_/Y
  _2281_/B1
  _2281_/Y
  _2311_/B1
  _2311_/X
  _2312_/B1
  _2312_/X
  _2321_/B1
  _2321_/X
  _2323_/A1
  _2323_/X
  fanout150/A
  fanout150/X
  _1655_/A
  _1655_/Y
  _2402_/A2
  _2402_/X
  _2403_/D
  _2403_/X
  _2404_/B1
  _2404_/Y
  _2437_/S
  _2437_/X
  _2474_/A1
  _2474_/X
  _2518_/B1
  _2518_/X
  _2520_/A1
  _2520_/X
  _1654_/A
  _1654_/Y
  _1682_/A1
  _1682_/X
  _1683_/A1
  _1683_/X
  _1684_/A1
  _1684_/X
  _2347_/B1
  _2347_/X
  _2648_/A0
  _2648_/X
  _2650_/A2
  _2650_/Y
  _2651_/D
  _2651_/Y
  _2653_/A3
  _2653_/X
  _2656_/A1
  _2656_/Y
  _2666_/A1
  | loop cut point
  _2666_/X
  --------------------------------
  _2474_/X
  _2518_/B1
  _2518_/X
  _2520_/A1
  _2520_/X
  _1654_/A
  _1654_/Y
  _1682_/A1
  _1682_/X
  _1683_/A1
  _1683_/X
  _1684_/A1
  _1684_/X
  clone18/B1
  clone18/X
  _2429_/A0
  _2429_/X
  _2431_/A2
  _2431_/Y
  _2432_/D
  _2432_/X
  _2434_/A3
  _2434_/X
  _2435_/A3
  _2435_/Y
  _2474_/A2
  | loop cut point
  _2474_/X
  --------------------------------
  _2474_/X
  _2518_/B1
  _2518_/X
  _2520_/A1
  _2520_/X
  _1654_/A
  _1654_/Y
  _1682_/A1
  _1682_/X
  _1683_/A1
  _1683_/X
  _1684_/A1
  _1684_/X
  clone18/B1
  clone18/X
  _2452_/A0
  _2452_/X
  _2454_/A2
  _2454_/Y
  _2455_/D
  _2455_/X
  _2468_/A1
  _2468_/Y
  _2471_/A1
  _2471_/Y
  _2474_/B1
  | loop cut point
  _2474_/X
  --------------------------------
  _2518_/X
  _2520_/A1
  _2520_/X
  _1654_/A
  _1654_/Y
  _1682_/A1
  _1682_/X
  _1683_/A1
  _1683_/X
  _1684_/A1
  _1684_/X
  clone18/B1
  clone18/X
  _2501_/A0
  _2501_/X
  _2503_/A1
  _2503_/X
  _2504_/A1
  _2504_/X
  _2505_/B1
  _2505_/X
  _2506_/A1
  _2506_/Y
  _2507_/A1
  _2507_/Y
  _2518_/A1
  | loop cut point
  _2518_/X
  --------------------------------
  _2621_/X
  _2666_/B1
  _2666_/X
  _2668_/A1
  _2668_/X
  fanout143/A
  fanout143/X
  _2279_/A0
  _2279_/X
  _2280_/B
  _2280_/Y
  _2281_/B1
  _2281_/Y
  _2311_/B1
  _2311_/X
  _2312_/B1
  _2312_/X
  _2321_/B1
  _2321_/X
  _2323_/A1
  _2323_/X
  fanout150/A
  fanout150/X
  _1655_/A
  _1655_/Y
  _2402_/A2
  _2402_/X
  _2403_/D
  _2403_/X
  _2404_/B1
  _2404_/Y
  _2437_/S
  _2437_/X
  _2474_/A1
  _2474_/X
  _2518_/B1
  _2518_/X
  _2520_/A1
  _2520_/X
  _1654_/A
  _1654_/Y
  _1682_/A1
  _1682_/X
  _1683_/A1
  _1683_/X
  _1684_/A1
  _1684_/X
  clone18/B1
  clone18/X
  _2523_/A0
  _2523_/X
  _2526_/A2
  _2526_/X
  _2533_/D
  _2533_/X
  _2546_/A1
  _2546_/Y
  _2553_/A1
  _2553_/Y
  _2586_/S
  _2586_/X
  _2621_/A2
  | loop cut point
  _2621_/X
  --------------------------------
  _2620_/X
  _2621_/B1
  _2621_/X
  _2666_/B1
  _2666_/X
  _2668_/A1
  _2668_/X
  fanout143/A
  fanout143/X
  _2279_/A0
  _2279_/X
  _2280_/B
  _2280_/Y
  _2281_/B1
  _2281_/Y
  _2311_/B1
  _2311_/X
  _2312_/B1
  _2312_/X
  _2321_/B1
  _2321_/X
  _2323_/A1
  _2323_/X
  fanout150/A
  fanout150/X
  _1655_/A
  _1655_/Y
  _2402_/A2
  _2402_/X
  _2403_/D
  _2403_/X
  _2404_/B1
  _2404_/Y
  _2437_/S
  _2437_/X
  _2474_/A1
  _2474_/X
  _2518_/B1
  _2518_/X
  _2520_/A1
  _2520_/X
  _1654_/A
  _1654_/Y
  _1682_/A1
  _1682_/X
  _1683_/A1
  _1683_/X
  _1684_/A1
  _1684_/X
  clone18/B1
  clone18/X
  _2523_/A0
  _2523_/X
  _2526_/A2
  _2526_/X
  _2533_/D
  _2533_/X
  _2546_/A1
  _2546_/Y
  _2553_/A1
  _2553_/Y
  _2620_/A2
  | loop cut point
  _2620_/X
  --------------------------------
  _2620_/X
  _2621_/B1
  _2621_/X
  _2666_/B1
  _2666_/X
  _2668_/A1
  _2668_/X
  fanout143/A
  fanout143/X
  _2279_/A0
  _2279_/X
  _2280_/B
  _2280_/Y
  _2281_/B1
  _2281_/Y
  _2311_/B1
  _2311_/X
  _2312_/B1
  _2312_/X
  _2321_/B1
  _2321_/X
  _2323_/A1
  _2323_/X
  fanout150/A
  fanout150/X
  _1655_/A
  _1655_/Y
  _2402_/A2
  _2402_/X
  _2403_/D
  _2403_/X
  _2404_/B1
  _2404_/Y
  _2437_/S
  _2437_/X
  _2474_/A1
  _2474_/X
  _2518_/B1
  _2518_/X
  _2520_/A1
  _2520_/X
  _1654_/A
  _1654_/Y
  _1682_/A1
  _1682_/X
  _1683_/A1
  _1683_/X
  _1684_/A1
  _1684_/X
  clone18/B1
  clone18/X
  _2523_/A0
  _2523_/X
  _2526_/A2
  _2526_/X
  _2533_/D
  _2533_/X
  _2546_/A1
  _2546_/Y
  _2619_/A1
  _2619_/X
  _2620_/C1
  | loop cut point
  _2620_/X
  --------------------------------
  _2053_/X
  _2060_/A2
  _2060_/Y
  _2156_/A
  _2156_/X
  _2158_/B2
  _2158_/Y
  _2172_/A1
  _2172_/X
  _2174_/A1
  _2174_/Y
  _2554_/B
  _2554_/Y
  _2555_/B1
  _2555_/X
  _2557_/C
  _2557_/X
  _2558_/B1_N
  _2558_/X
  _2584_/B1
  _2584_/Y
  _2620_/B1
  _2620_/X
  _2621_/B1
  _2621_/X
  _2666_/B1
  _2666_/X
  _2668_/A1
  _2668_/X
  fanout143/A
  fanout143/X
  _2279_/A0
  _2279_/X
  _2280_/B
  _2280_/Y
  _2281_/B1
  _2281_/Y
  _2311_/B1
  _2311_/X
  _2312_/B1
  _2312_/X
  _2321_/B1
  _2321_/X
  _2323_/A1
  _2323_/X
  fanout150/A
  fanout150/X
  _1655_/A
  _1655_/Y
  _2402_/A2
  _2402_/X
  _2403_/D
  _2403_/X
  _2404_/B1
  _2404_/Y
  _2437_/S
  _2437_/X
  _2474_/A1
  _2474_/X
  _2518_/B1
  _2518_/X
  _2520_/A1
  _2520_/X
  _1654_/A
  _1654_/Y
  _1938_/A2
  _1938_/X
  _1940_/C1
  _1940_/X
  clone39/A2
  clone39/X
  _1955_/B1
  _1955_/X
  _2051_/A2
  _2051_/X
  _2052_/A2
  _2052_/Y
  _2053_/A1
  | loop cut point
  _2053_/X
  --------------------------------
  _1864_/X
  _2053_/A2
  _2053_/X
  _2060_/A2
  _2060_/Y
  _2156_/A
  _2156_/X
  _2158_/B2
  _2158_/Y
  _2172_/A1
  _2172_/X
  _2174_/A1
  _2174_/Y
  _2554_/B
  _2554_/Y
  _2555_/B1
  _2555_/X
  _2557_/C
  _2557_/X
  _2558_/B1_N
  _2558_/X
  _2584_/B1
  _2584_/Y
  _2620_/B1
  _2620_/X
  _2621_/B1
  _2621_/X
  _2666_/B1
  _2666_/X
  _2668_/A1
  _2668_/X
  fanout143/A
  fanout143/X
  _2279_/A0
  _2279_/X
  _2280_/B
  _2280_/Y
  _2281_/B1
  _2281_/Y
  _2311_/B1
  _2311_/X
  _2312_/B1
  _2312_/X
  _2321_/B1
  _2321_/X
  _2323_/A1
  _2323_/X
  fanout150/A
  fanout150/X
  _1655_/A
  _1655_/Y
  _2402_/A2
  _2402_/X
  _2403_/D
  _2403_/X
  _2404_/B1
  _2404_/Y
  _2437_/S
  _2437_/X
  _2474_/A1
  _2474_/X
  _2518_/B1
  _2518_/X
  _2520_/A1
  _2520_/X
  _1654_/A
  _1654_/Y
  fanout152/A
  fanout152/X
  fanout151/A
  fanout151/X
  _1791_/C
  _1791_/X
  _1793_/A2
  _1793_/X
  _1794_/A
  _1794_/X
  clone17/A1
  clone17/X
  _1820_/A0
  _1820_/X
  _1863_/A2
  _1863_/Y
  _1864_/D
  | loop cut point
  _1864_/X
  --------------------------------
  _2060_/Y
  _2156_/A
  _2156_/X
  _2158_/B2
  _2158_/Y
  _2172_/A1
  _2172_/X
  _2174_/A1
  _2174_/Y
  _2554_/B
  _2554_/Y
  _2555_/B1
  _2555_/X
  _2557_/C
  _2557_/X
  _2558_/B1_N
  _2558_/X
  _2584_/B1
  _2584_/Y
  _2620_/B1
  _2620_/X
  _2621_/B1
  _2621_/X
  _2666_/B1
  _2666_/X
  _2668_/A1
  _2668_/X
  fanout143/A
  fanout143/X
  _2279_/A0
  _2279_/X
  _2280_/B
  _2280_/Y
  _2281_/B1
  _2281_/Y
  _2311_/B1
  _2311_/X
  _2312_/B1
  _2312_/X
  _2321_/B1
  _2321_/X
  _2323_/A1
  _2323_/X
  fanout150/A
  fanout150/X
  _1655_/A
  _1655_/Y
  _2402_/A2
  _2402_/X
  _2403_/D
  _2403_/X
  _2404_/B1
  _2404_/Y
  _2437_/S
  _2437_/X
  _2474_/A1
  _2474_/X
  _2518_/B1
  _2518_/X
  _2520_/A1
  _2520_/X
  fanout155/A
  fanout155/X
  _2055_/A1
  _2055_/X
  _2059_/A2
  _2059_/X
  _2060_/B1
  | loop cut point
  _2060_/Y
  --------------------------------
  _2158_/Y
  _2172_/A1
  _2172_/X
  _2174_/A1
  _2174_/Y
  _2554_/B
  _2554_/Y
  _2555_/B1
  _2555_/X
  _2557_/C
  _2557_/X
  _2558_/B1_N
  _2558_/X
  _2584_/B1
  _2584_/Y
  _2620_/B1
  _2620_/X
  _2621_/B1
  _2621_/X
  _2666_/B1
  _2666_/X
  _2668_/A1
  _2668_/X
  fanout143/A
  fanout143/X
  _2279_/A0
  _2279_/X
  _2280_/B
  _2280_/Y
  _2281_/B1
  _2281_/Y
  _2311_/B1
  _2311_/X
  _2312_/B1
  _2312_/X
  _2321_/B1
  _2321_/X
  _2323_/A1
  _2323_/X
  fanout150/A
  fanout150/X
  _1655_/A
  _1655_/Y
  _2402_/A2
  _2402_/X
  _2403_/D
  _2403_/X
  _2404_/B1
  _2404_/Y
  _2437_/S
  _2437_/X
  _2474_/A1
  _2474_/X
  _2518_/B1
  _2518_/X
  _2520_/A1
  _2520_/X
  fanout155/A
  fanout155/X
  _2055_/A1
  _2055_/X
  _2059_/A2
  _2059_/X
  _2061_/B1
  _2061_/X
  _2155_/S
  _2155_/X
  _2158_/A2
  | loop cut point
  _2158_/Y
  --------------------------------
  _2279_/X
  _2280_/B
  _2280_/Y
  _2281_/B1
  _2281_/Y
  _2311_/B1
  _2311_/X
  _2312_/B1
  _2312_/X
  _2321_/B1
  _2321_/X
  _2323_/A1
  _2323_/X
  fanout150/A
  fanout150/X
  _1655_/A
  _1655_/Y
  _2402_/A2
  _2402_/X
  _2403_/D
  _2403_/X
  _2404_/B1
  _2404_/Y
  _2437_/S
  _2437_/X
  _2474_/A1
  _2474_/X
  _2518_/B1
  _2518_/X
  _2520_/A1
  _2520_/X
  fanout155/A
  fanout155/X
  _2279_/A1
  | loop cut point
  _2279_/X
  --------------------------------
  _2403_/X
  _2404_/B1
  _2404_/Y
  _2437_/S
  _2437_/X
  _2474_/A1
  _2474_/X
  _2518_/B1
  _2518_/X
  _2520_/A1
  _2520_/X
  fanout156/A
  fanout156/X
  _2399_/A1
  _2399_/X
  _2400_/B
  _2400_/Y
  _2403_/C
  | loop cut point
  _2403_/X
  --------------------------------
  _2558_/X
  _2584_/B1
  _2584_/Y
  _2620_/B1
  _2620_/X
  _2621_/B1
  _2621_/X
  _2666_/B1
  _2666_/X
  _2668_/A1
  _2668_/X
  fanout143/A
  fanout143/X
  _2279_/A0
  _2279_/X
  _2280_/B
  _2280_/Y
  _2281_/B1
  _2281_/Y
  _2311_/B1
  _2311_/X
  _2312_/B1
  _2312_/X
  _2321_/B1
  _2321_/X
  _2323_/A1
  _2323_/X
  fanout150/A
  fanout150/X
  _1655_/A
  _1655_/Y
  _2402_/A2
  _2402_/X
  _2403_/D
  _2403_/X
  _2404_/B1
  _2404_/Y
  _2437_/S
  _2437_/X
  _2474_/A1
  _2474_/X
  _2518_/B1
  _2518_/X
  _2520_/A1
  _2520_/X
  fanout156/A
  fanout156/X
  _2556_/A1
  _2556_/X
  _2558_/A2
  | loop cut point
  _2558_/X
  --------------------------------
  _2555_/X
  _2557_/C
  _2557_/X
  _2558_/B1_N
  _2558_/X
  _2584_/B1
  _2584_/Y
  _2620_/B1
  _2620_/X
  _2621_/B1
  _2621_/X
  _2666_/B1
  _2666_/X
  _2668_/A1
  _2668_/X
  fanout143/A
  fanout143/X
  _2279_/A0
  _2279_/X
  _2280_/B
  _2280_/Y
  _2281_/B1
  _2281_/Y
  _2311_/B1
  _2311_/X
  _2312_/B1
  _2312_/X
  _2321_/B1
  _2321_/X
  _2323_/A1
  _2323_/X
  fanout150/A
  fanout150/X
  _1655_/A
  _1655_/Y
  _2555_/A2
  | loop cut point
  _2555_/X
  --------------------------------
  _2281_/Y
  _2311_/B1
  _2311_/X
  _2312_/B1
  _2312_/X
  _2321_/B1
  _2321_/X
  _2323_/A1
  _2323_/X
  fanout150/A
  fanout150/X
  _1655_/A
  _1655_/Y
  fanout147/A
  fanout147/X
  _2278_/A0
  _2278_/X
  _2281_/A2
  | loop cut point
  _2281_/Y
  --------------------------------
