Clock: clk
Sources: clk 
Generated: no
Virtual: yes
Propagated: no
Period: 100.000000

===========================================================================
report_clock_properties
============================================================================
Clock                   Period          Waveform
----------------------------------------------------
clk                 100.000000    0.000000 50.000000

===========================================================================
report_clock_latency
============================================================================
Clock clk
rise -> rise
    min     max
0.000000 0.000000 source latency
0.485581         network latency _3088_/CLK
        20.266233 network latency _2842_/CLK
---------------
0.485581 20.266233 latency
        19.780653 skew

rise -> fall
    min     max
0.000000 0.000000 source latency
0.846716         network latency _2864_/CLK
        20.222866 network latency _2842_/CLK
---------------
0.846716 20.222866 latency
        19.376150 skew

fall -> fall
    min     max
0.000000 0.000000 source latency
0.421462         network latency _3088_/CLK
        0.449958 network latency _2820_/CLK
---------------
0.421462 0.449958 latency
        0.028496 skew



===========================================================================
report_clock_min_period
============================================================================
clk period_min = 2.02 fmax = 494.77
