Clock: CLK_10MHZ
Sources: CLK_10MHZ 
Generated: no
Virtual: yes
Propagated: no
Period: 100.000000

===========================================================================
report_clock_properties
============================================================================
Clock                   Period          Waveform
----------------------------------------------------
CLK_10MHZ           100.000000    0.000000 50.000000

===========================================================================
report_clock_latency
============================================================================
Clock CLK_10MHZ
rise -> rise
    min     max
0.000000 0.000000 source latency
0.427221         network latency _1623_/CLK
        0.432561 network latency _1591_/CLK
---------------
0.427221 0.432561 latency
        0.005340 skew

fall -> fall
    min     max
0.000000 0.000000 source latency
0.381707         network latency _1623_/CLK
        0.385743 network latency _1591_/CLK
---------------
0.381707 0.385743 latency
        0.004036 skew



===========================================================================
report_clock_min_period
============================================================================
CLK_10MHZ period_min = 18.18 fmax = 55.01
