
===========================================================================
report_checks -unconstrained
===========================================================================
======================= min_ff_n40C_1v95 Corner ===================================

Startpoint: n_rst (input port clocked by clk)
Endpoint: _0913_ (recovery check against rising-edge clock clk)
Path Group: asynchronous
Path Type: max

Fanout         Cap        Slew       Delay        Time   Description
---------------------------------------------------------------------------------------------
                                  0.000000    0.000000   clock clk (rise edge)
                                  0.000000    0.000000   clock network delay (propagated)
                                  4.000000    4.000000 ^ input external delay
     1    0.003498    0.016421    0.009049    4.009049 ^ n_rst (in)
                                                         n_rst (net)
                      0.016421    0.000000    4.009049 ^ input15/A (sky130_fd_sc_hd__clkbuf_1)
     1    0.002680    0.031145    0.047689    4.056738 ^ input15/X (sky130_fd_sc_hd__clkbuf_1)
                                                         net15 (net)
                      0.031145    0.000029    4.056767 ^ fanout62/A (sky130_fd_sc_hd__buf_2)
     6    0.047739    0.176156    0.170224    4.226991 ^ fanout62/X (sky130_fd_sc_hd__buf_2)
                                                         net62 (net)
                      0.176157    0.000318    4.227309 ^ fanout55/A (sky130_fd_sc_hd__clkbuf_4)
     9    0.046661    0.111422    0.178578    4.405888 ^ fanout55/X (sky130_fd_sc_hd__clkbuf_4)
                                                         net55 (net)
                      0.111422    0.000156    4.406044 ^ fanout54/A (sky130_fd_sc_hd__buf_2)
     7    0.032541    0.122012    0.153253    4.559296 ^ fanout54/X (sky130_fd_sc_hd__buf_2)
                                                         net54 (net)
                      0.122012    0.000226    4.559522 ^ fanout52/A (sky130_fd_sc_hd__clkbuf_4)
    10    0.042698    0.102608    0.164279    4.723801 ^ fanout52/X (sky130_fd_sc_hd__clkbuf_4)
                                                         net52 (net)
                      0.102620    0.001166    4.724967 ^ _0913_/RESET_B (sky130_fd_sc_hd__dfrtp_2)
                                              4.724967   data arrival time

                                 20.000000   20.000000   clock clk (rise edge)
                                  0.000000   20.000000   clock source latency
     1    0.024362    0.086243    0.059392   20.059393 ^ clk (in)
                                                         clk (net)
                      0.086270    0.000000   20.059393 ^ clkbuf_0_clk/A (sky130_fd_sc_hd__clkbuf_16)
    16    0.109649    0.095927    0.149843   20.209236 ^ clkbuf_0_clk/X (sky130_fd_sc_hd__clkbuf_16)
                                                         clknet_0_clk (net)
                      0.096022    0.001902   20.211138 ^ clkbuf_4_8_0_clk/A (sky130_fd_sc_hd__clkbuf_8)
     7    0.027301    0.046470    0.113188   20.324326 ^ clkbuf_4_8_0_clk/X (sky130_fd_sc_hd__clkbuf_8)
                                                         clknet_4_8_0_clk (net)
                      0.046470    0.000194   20.324520 ^ _0913_/CLK (sky130_fd_sc_hd__dfrtp_2)
                                 -0.250000   20.074520   clock uncertainty
                                  0.000000   20.074520   clock reconvergence pessimism
                                  0.117728   20.192249   library recovery time
                                             20.192249   data required time
---------------------------------------------------------------------------------------------
                                             20.192249   data required time
                                             -4.724967   data arrival time
---------------------------------------------------------------------------------------------
                                             15.467281   slack (MET)


Startpoint: keypad_i[7] (input port clocked by clk)
Endpoint: pwm (output port clocked by clk)
Path Group: clk
Path Type: max

Fanout         Cap        Slew       Delay        Time   Description
---------------------------------------------------------------------------------------------
                                  0.000000    0.000000   clock clk (rise edge)
                                  0.000000    0.000000   clock network delay (propagated)
                                  4.000000    4.000000 v input external delay
     1    0.002851    0.004804    0.002308    4.002308 v keypad_i[7] (in)
                                                         keypad_i[7] (net)
                      0.004804    0.000000    4.002308 v input12/A (sky130_fd_sc_hd__clkbuf_1)
     2    0.004834    0.025399    0.053335    4.055644 v input12/X (sky130_fd_sc_hd__clkbuf_1)
                                                         net12 (net)
                      0.025399    0.000061    4.055704 v _0697_/A (sky130_fd_sc_hd__or4_1)
     1    0.010191    0.085182    0.332516    4.388220 v _0697_/X (sky130_fd_sc_hd__or4_1)
                                                         _0292_ (net)
                      0.085182    0.000398    4.388618 v _0699_/B (sky130_fd_sc_hd__or3_1)
     1    0.003447    0.045684    0.213857    4.602476 v _0699_/X (sky130_fd_sc_hd__or3_1)
                                                         _0294_ (net)
                      0.045684    0.000048    4.602523 v _0700_/A3 (sky130_fd_sc_hd__o31a_1)
     1    0.001966    0.031358    0.138632    4.741155 v _0700_/X (sky130_fd_sc_hd__o31a_1)
                                                         net16 (net)
                      0.031358    0.000009    4.741165 v output16/A (sky130_fd_sc_hd__buf_2)
     1    0.034101    0.062346    0.117893    4.859058 v output16/X (sky130_fd_sc_hd__buf_2)
                                                         pwm (net)
                      0.062347    0.000201    4.859259 v pwm (out)
                                              4.859259   data arrival time

                                 20.000000   20.000000   clock clk (rise edge)
                                  0.000000   20.000000   clock network delay (propagated)
                                 -0.250000   19.750002   clock uncertainty
                                  0.000000   19.750002   clock reconvergence pessimism
                                 -4.000000   15.750001   output external delay
                                             15.750001   data required time
---------------------------------------------------------------------------------------------
                                             15.750001   data required time
                                             -4.859259   data arrival time
---------------------------------------------------------------------------------------------
                                             10.890743   slack (MET)




===========================================================================
report_checks --slack_max -0.01
============================================================================
======================= min_ff_n40C_1v95 Corner ===================================

No paths found.


===========================================================================
 report_check_types -max_slew -max_cap -max_fanout -violators
============================================================================
======================= min_ff_n40C_1v95 Corner ===================================

max fanout

Pin                                   Limit Fanout  Slack
---------------------------------------------------------
clkbuf_0_clk/X                           10     16     -6 (VIOLATED)
clkbuf_4_15_0_clk/X                      10     12     -2 (VIOLATED)
clkbuf_4_11_0_clk/X                      10     11        (VIOLATED)
clkbuf_4_13_0_clk/X                      10     11        (VIOLATED)
clkbuf_4_7_0_clk/X                       10     11        (VIOLATED)



===========================================================================
report_parasitic_annotation -report_unannotated
============================================================================
Found 18 unannotated drivers.
 _0924__65/HI
 _0931__64/HI
 _0932__63/HI
 clkload0/Y
 clkload1/Y
 clkload10/X
 clkload11/Y
 clkload12/X
 clkload13/Y
 clkload14/X
 clkload2/Y
 clkload3/Y
 clkload4/Y
 clkload5/Y
 clkload6/Y
 clkload7/X
 clkload8/Y
 clkload9/X
Found 0 partially unannotated drivers.

===========================================================================
max slew violation count 0
max fanout violation count 5
max cap violation count 0
============================================================================

===========================================================================
check_setup -verbose -unconstrained_endpoints -multiple_clock -no_clock -no_input_delay -loops -generated_clocks
===========================================================================
Warning: There are 3 unconstrained endpoints.
  _0924_/D
  _0931_/D
  _0932_/D
