Clock: clk
Sources: clk 
Generated: no
Virtual: yes
Propagated: no
Period: 20.000000

===========================================================================
report_clock_properties
============================================================================
Clock                   Period          Waveform
----------------------------------------------------
clk                  20.000000    0.000000 10.000000

===========================================================================
report_clock_latency
============================================================================
Clock clk
rise -> rise
    min     max
0.000000 0.000000 source latency
0.322885         network latency _0919_/CLK
        0.331819 network latency _1007_/CLK
---------------
0.322885 0.331819 latency
        0.008934 skew

fall -> fall
    min     max
0.000000 0.000000 source latency
0.275118         network latency _0919_/CLK
        0.281651 network latency _1007_/CLK
---------------
0.275118 0.281651 latency
        0.006533 skew



===========================================================================
report_clock_min_period
============================================================================
clk period_min = 2.88 fmax = 347.29
