Clock: clk
Sources: clk 
Generated: no
Virtual: yes
Propagated: no
Period: 10000.000000

===========================================================================
report_clock_properties
============================================================================
Clock                   Period          Waveform
----------------------------------------------------
clk                 10000.000000    0.0000005000.000000

===========================================================================
report_clock_latency
============================================================================
Clock clk
rise -> rise
    min     max
0.000000 0.000000 source latency
0.434900         network latency cell0/clk
        0.429047 network latency cell3/clk
---------------
0.434900 0.429047 latency
        -0.005853 skew

fall -> fall
    min     max
0.000000 0.000000 source latency
0.395630         network latency cell0/clk
        0.391537 network latency cell3/clk
---------------
0.395630 0.391537 latency
        -0.004093 skew



===========================================================================
report_clock_min_period
============================================================================
clk period_min = 2.03 fmax = 491.95
