
===========================================================================
report_checks -unconstrained
===========================================================================
======================= max_tt_025C_1v80 Corner ===================================

Startpoint: nrst (input port clocked by clk)
Endpoint: _2796_ (recovery check against rising-edge clock clk)
Path Group: asynchronous
Path Type: max

Fanout         Cap        Slew       Delay        Time   Description
---------------------------------------------------------------------------------------------
                                  0.000000    0.000000   clock clk (rise edge)
                                  0.000000    0.000000   clock network delay (propagated)
                                  5.000000    5.000000 ^ input external delay
     1    0.002881    0.020077    0.010642    5.010642 ^ nrst (in)
                                                         nrst (net)
                      0.020077    0.000000    5.010642 ^ input9/A (sky130_fd_sc_hd__clkbuf_2)
     4    0.040771    0.223118    0.220104    5.230746 ^ input9/X (sky130_fd_sc_hd__clkbuf_2)
                                                         net9 (net)
                      0.223179    0.003053    5.233799 ^ fanout131/A (sky130_fd_sc_hd__buf_2)
     5    0.047869    0.234698    0.297204    5.531003 ^ fanout131/X (sky130_fd_sc_hd__buf_2)
                                                         net131 (net)
                      0.234828    0.003128    5.534132 ^ fanout127/A (sky130_fd_sc_hd__buf_2)
     6    0.054409    0.264766    0.320859    5.854990 ^ fanout127/X (sky130_fd_sc_hd__buf_2)
                                                         net127 (net)
                      0.264919    0.005279    5.860270 ^ fanout126/A (sky130_fd_sc_hd__clkbuf_4)
    10    0.057854    0.178315    0.306139    6.166409 ^ fanout126/X (sky130_fd_sc_hd__clkbuf_4)
                                                         net126 (net)
                      0.178862    0.007363    6.173771 ^ fanout125/A (sky130_fd_sc_hd__buf_2)
     8    0.037677    0.186413    0.251997    6.425767 ^ fanout125/X (sky130_fd_sc_hd__buf_2)
                                                         net125 (net)
                      0.186553    0.003141    6.428909 ^ _2796_/RESET_B (sky130_fd_sc_hd__dfrtp_4)
                                              6.428909   data arrival time

                                 25.000000   25.000000   clock clk (rise edge)
                                  0.000000   25.000000   clock source latency
     1    0.035356    0.164258    0.114300   25.114300 ^ clk (in)
                                                         clk (net)
                      0.164278    0.000000   25.114300 ^ clkbuf_0_clk/A (sky130_fd_sc_hd__clkbuf_16)
    16    0.149593    0.162132    0.255785   25.370083 ^ clkbuf_0_clk/X (sky130_fd_sc_hd__clkbuf_16)
                                                         clknet_0_clk (net)
                      0.163040    0.009793   25.379877 ^ clkbuf_4_6_0_clk/A (sky130_fd_sc_hd__clkbuf_8)
    12    0.036605    0.077178    0.193168   25.573046 ^ clkbuf_4_6_0_clk/X (sky130_fd_sc_hd__clkbuf_8)
                                                         clknet_4_6_0_clk (net)
                      0.077281    0.002476   25.575521 ^ _2796_/CLK (sky130_fd_sc_hd__dfrtp_4)
                                 -0.250000   25.325521   clock uncertainty
                                  0.000000   25.325521   clock reconvergence pessimism
                                  0.181574   25.507095   library recovery time
                                             25.507095   data required time
---------------------------------------------------------------------------------------------
                                             25.507095   data required time
                                             -6.428909   data arrival time
---------------------------------------------------------------------------------------------
                                             19.078186   slack (MET)


Startpoint: clk (clock source 'clk')
Endpoint: gpio[24] (output port clocked by clk)
Path Group: clk
Path Type: max

Fanout         Cap        Slew       Delay        Time   Description
---------------------------------------------------------------------------------------------
                                 12.500000   12.500000   clock clk (fall edge)
                                  0.000000   12.500000   clock source latency
     1    0.034362    0.077147    0.055667   12.555666 v clk (in)
                                                         clk (net)
                      0.077184    0.000000   12.555666 v clkbuf_0_clk/A (sky130_fd_sc_hd__clkbuf_16)
    16    0.141913    0.102849    0.221279   12.776945 v clkbuf_0_clk/X (sky130_fd_sc_hd__clkbuf_16)
                                                         clknet_0_clk (net)
                      0.104155    0.009145   12.786090 v clkbuf_4_8_0_clk/A (sky130_fd_sc_hd__clkbuf_8)
     9    0.041764    0.059880    0.191095   12.977185 v clkbuf_4_8_0_clk/X (sky130_fd_sc_hd__clkbuf_8)
                                                         clknet_4_8_0_clk (net)
                      0.060034    0.002710   12.979895 v _2303_/A (sky130_fd_sc_hd__and2_2)
     1    0.034595    0.105435    0.246255   13.226151 v _2303_/X (sky130_fd_sc_hd__and2_2)
                                                         gpio[24] (net)
     0    0.034595    0.105465    0.001679   13.227829 v gpio[24] (inout)
                                                         gpio[24] (net)
                                             13.227829   data arrival time

                                 25.000000   25.000000   clock clk (rise edge)
                                  0.000000   25.000000   clock network delay (propagated)
                                 -0.250000   24.750000   clock uncertainty
                                  0.000000   24.750000   clock reconvergence pessimism
                                 -5.000000   19.750000   output external delay
                                             19.750000   data required time
---------------------------------------------------------------------------------------------
                                             19.750000   data required time
                                            -13.227829   data arrival time
---------------------------------------------------------------------------------------------
                                              6.522171   slack (MET)




===========================================================================
report_checks --slack_max -0.01
============================================================================
======================= max_tt_025C_1v80 Corner ===================================

No paths found.


===========================================================================
 report_check_types -max_slew -max_cap -max_fanout -violators
============================================================================
======================= max_tt_025C_1v80 Corner ===================================

max fanout

Pin                                   Limit Fanout  Slack
---------------------------------------------------------
clkbuf_0_clk/X                           10     16     -6 (VIOLATED)
clkbuf_4_4_0_clk/X                       10     14     -4 (VIOLATED)
clkbuf_4_7_0_clk/X                       10     13     -3 (VIOLATED)
clkbuf_4_3_0_clk/X                       10     12     -2 (VIOLATED)
clkbuf_4_6_0_clk/X                       10     12     -2 (VIOLATED)



===========================================================================
report_parasitic_annotation -report_unannotated
============================================================================
Found 17 unannotated drivers.
 cs
 gpio[25]
 clkload0/Y
 clkload1/Y
 clkload10/Y
 clkload11/Y
 clkload12/Y
 clkload13/Y
 clkload14/Y
 clkload2/Y
 clkload3/Y
 clkload4/Y
 clkload5/Y
 clkload6/X
 clkload7/Y
 clkload8/Y
 clkload9/Y
Found 0 partially unannotated drivers.

===========================================================================
max slew violation count 0
max fanout violation count 5
max cap violation count 0
============================================================================

===========================================================================
check_setup -verbose -unconstrained_endpoints -multiple_clock -no_clock -no_input_delay -loops -generated_clocks
===========================================================================
Warning: There are 6 unconstrained endpoints.
  gpio[16]
  gpio[17]
  gpio[18]
  gpio[19]
  gpio[20]
  gpio[25]
