Clock: clk
Sources: clk 
Generated: no
Virtual: yes
Propagated: no
Period: 25.000000

===========================================================================
report_clock_properties
============================================================================
Clock                   Period          Waveform
----------------------------------------------------
clk                  25.000000    0.000000 12.500000

===========================================================================
report_clock_latency
============================================================================
Clock clk
rise -> rise
    min     max
0.000000 0.000000 source latency
0.573275         network latency _2780_/CLK
        0.599400 network latency _2735_/CLK
---------------
0.573275 0.599400 latency
        0.026125 skew

fall -> fall
    min     max
0.000000 0.000000 source latency
0.471424         network latency _2780_/CLK
        0.490624 network latency _2735_/CLK
---------------
0.471424 0.490624 latency
        0.019201 skew



===========================================================================
report_clock_min_period
============================================================================
clk period_min = 9.47 fmax = 105.64
