
===========================================================================
report_checks -unconstrained
===========================================================================
======================= max_ff_n40C_1v95 Corner ===================================

Startpoint: nrst (input port clocked by clk)
Endpoint: _3298_ (recovery check against rising-edge clock clk)
Path Group: asynchronous
Path Type: max

Fanout         Cap        Slew       Delay        Time   Description
---------------------------------------------------------------------------------------------
                                  0.000000    0.000000   clock clk (rise edge)
                                  0.000000    0.000000   clock network delay (propagated)
                                  5.000000    5.000000 ^ input external delay
     2    0.035749    0.123592    0.084428    5.084429 ^ nrst (in)
                                                         nrst (net)
                      0.123605    0.000000    5.084429 ^ input71/A (sky130_fd_sc_hd__clkbuf_1)
     1    0.002442    0.030474    0.058569    5.142998 ^ input71/X (sky130_fd_sc_hd__clkbuf_1)
                                                         net71 (net)
                      0.030475    0.000165    5.143162 ^ fanout285/A (sky130_fd_sc_hd__buf_2)
    19    0.150248    0.543840    0.410305    5.553467 ^ fanout285/X (sky130_fd_sc_hd__buf_2)
                                                         net285 (net)
                      0.544186    0.011486    5.564953 ^ fanout284/A (sky130_fd_sc_hd__clkbuf_2)
    11    0.052392    0.219619    0.235802    5.800756 ^ fanout284/X (sky130_fd_sc_hd__clkbuf_2)
                                                         net284 (net)
                      0.219696    0.003385    5.804141 ^ fanout283/A (sky130_fd_sc_hd__clkbuf_2)
    11    0.058428    0.243554    0.239046    6.043186 ^ fanout283/X (sky130_fd_sc_hd__clkbuf_2)
                                                         net283 (net)
                      0.243818    0.006593    6.049779 ^ fanout279/A (sky130_fd_sc_hd__clkbuf_4)
    21    0.098727    0.225820    0.261720    6.311500 ^ fanout279/X (sky130_fd_sc_hd__clkbuf_4)
                                                         net279 (net)
                      0.227408    0.015332    6.326832 ^ _3298_/SET_B (sky130_fd_sc_hd__dfstp_1)
                                              6.326832   data arrival time

                                 25.000000   25.000000   clock clk (rise edge)
                                  0.000000   25.000000   clock source latency
     2    0.042891    0.148013    0.104119   25.104118 ^ clk (in)
                                                         clk (net)
                      0.148279    0.000000   25.104118 ^ clkbuf_0_clk/A (sky130_fd_sc_hd__clkbuf_16)
     9    0.107268    0.095356    0.159533   25.263651 ^ clkbuf_0_clk/X (sky130_fd_sc_hd__clkbuf_16)
                                                         clknet_0_clk (net)
                      0.096196    0.007150   25.270802 ^ clkbuf_2_3__f_clk/A (sky130_fd_sc_hd__clkbuf_16)
    17    0.103926    0.092977    0.145116   25.415916 ^ clkbuf_2_3__f_clk/X (sky130_fd_sc_hd__clkbuf_16)
                                                         clknet_2_3__leaf_clk (net)
                      0.094709    0.010045   25.425962 ^ clkbuf_leaf_17_clk/A (sky130_fd_sc_hd__clkbuf_8)
     5    0.035410    0.056184    0.118854   25.544817 ^ clkbuf_leaf_17_clk/X (sky130_fd_sc_hd__clkbuf_8)
                                                         clknet_leaf_17_clk (net)
                      0.056485    0.003011   25.547827 ^ _3298_/CLK (sky130_fd_sc_hd__dfstp_1)
                                 -0.250000   25.297829   clock uncertainty
                                  0.000000   25.297829   clock reconvergence pessimism
                                  0.092386   25.390215   library recovery time
                                             25.390215   data required time
---------------------------------------------------------------------------------------------
                                             25.390215   data required time
                                             -6.326832   data arrival time
---------------------------------------------------------------------------------------------
                                             19.063383   slack (MET)


Startpoint: nrst (input port clocked by clk)
Endpoint: CBnorth_out[0] (output port clocked by clk)
Path Group: clk
Path Type: max

Fanout         Cap        Slew       Delay        Time   Description
---------------------------------------------------------------------------------------------
                                  0.000000    0.000000   clock clk (rise edge)
                                  0.000000    0.000000   clock network delay (propagated)
                                  5.000000    5.000000 ^ input external delay
     2    0.035749    0.123592    0.084428    5.084429 ^ nrst (in)
                                                         nrst (net)
                      0.123605    0.000000    5.084429 ^ input71/A (sky130_fd_sc_hd__clkbuf_1)
     1    0.002442    0.030474    0.058569    5.142998 ^ input71/X (sky130_fd_sc_hd__clkbuf_1)
                                                         net71 (net)
                      0.030475    0.000165    5.143162 ^ fanout285/A (sky130_fd_sc_hd__buf_2)
    19    0.150248    0.543840    0.410305    5.553467 ^ fanout285/X (sky130_fd_sc_hd__buf_2)
                                                         net285 (net)
                      0.543982    0.007424    5.560891 ^ fanout264/A (sky130_fd_sc_hd__buf_4)
    21    0.103686    0.217293    0.224480    5.785371 ^ fanout264/X (sky130_fd_sc_hd__buf_4)
                                                         net264 (net)
                      0.219550    0.017916    5.803288 ^ fanout255/A (sky130_fd_sc_hd__clkbuf_4)
     9    0.050236    0.120124    0.189926    5.993214 ^ fanout255/X (sky130_fd_sc_hd__clkbuf_4)
                                                         net255 (net)
                      0.120334    0.004105    5.997319 ^ _1666_/B (sky130_fd_sc_hd__and2b_1)
     1    0.005761    0.048401    0.099994    6.097312 ^ _1666_/X (sky130_fd_sc_hd__and2b_1)
                                                         _1504_ (net)
                      0.048402    0.000321    6.097634 ^ fanout239/A (sky130_fd_sc_hd__buf_2)
    11    0.070101    0.255459    0.228297    6.325931 ^ fanout239/X (sky130_fd_sc_hd__buf_2)
                                                         net239 (net)
                      0.255510    0.003018    6.328949 ^ fanout233/A (sky130_fd_sc_hd__clkbuf_4)
    19    0.113259    0.257914    0.284004    6.612953 ^ fanout233/X (sky130_fd_sc_hd__clkbuf_4)
                                                         net233 (net)
                      0.259691    0.017371    6.630324 ^ fanout232/A (sky130_fd_sc_hd__buf_4)
    21    0.105399    0.220190    0.227441    6.857766 ^ fanout232/X (sky130_fd_sc_hd__buf_4)
                                                         net232 (net)
                      0.221588    0.014322    6.872088 ^ _2054_/B (sky130_fd_sc_hd__and2_4)
     4    0.026970    0.068623    0.144418    7.016506 ^ _2054_/X (sky130_fd_sc_hd__and2_4)
                                                         _0684_ (net)
                      0.068639    0.001035    7.017540 ^ _2060_/A1 (sky130_fd_sc_hd__a21oi_4)
     5    0.022015    0.059059    0.049839    7.067379 v _2060_/Y (sky130_fd_sc_hd__a21oi_4)
                                                         _0690_ (net)
                      0.059084    0.000929    7.068308 v _2156_/A (sky130_fd_sc_hd__and2_4)
     1    0.010576    0.030145    0.104345    7.172653 v _2156_/X (sky130_fd_sc_hd__and2_4)
                                                         _0786_ (net)
                      0.030148    0.000928    7.173582 v _2158_/B2 (sky130_fd_sc_hd__o221ai_2)
     1    0.004776    0.087394    0.088693    7.262275 ^ _2158_/Y (sky130_fd_sc_hd__o221ai_2)
                                                         _0788_ (net)
                      0.087394    0.000405    7.262680 ^ _2172_/A1 (sky130_fd_sc_hd__a32o_2)
     2    0.013334    0.069982    0.127251    7.389930 ^ _2172_/X (sky130_fd_sc_hd__a32o_2)
                                                         _0802_ (net)
                      0.069993    0.000885    7.390815 ^ _2174_/A1 (sky130_fd_sc_hd__a21oi_4)
     3    0.026988    0.057083    0.054224    7.445039 v _2174_/Y (sky130_fd_sc_hd__a21oi_4)
                                                         CB_1.le_outB (net)
                      0.057291    0.002800    7.447839 v _2554_/B (sky130_fd_sc_hd__nand2_1)
     1    0.002863    0.035795    0.053783    7.501622 ^ _2554_/Y (sky130_fd_sc_hd__nand2_1)
                                                         _1181_ (net)
                      0.035795    0.000204    7.501826 ^ _2555_/B1 (sky130_fd_sc_hd__o211a_1)
     1    0.005572    0.045138    0.079667    7.581493 ^ _2555_/X (sky130_fd_sc_hd__o211a_1)
                                                         _1182_ (net)
                      0.045140    0.000386    7.581879 ^ _2557_/C (sky130_fd_sc_hd__or3_1)
     1    0.005228    0.047096    0.074889    7.656769 ^ _2557_/X (sky130_fd_sc_hd__or3_1)
                                                         _1184_ (net)
                      0.047096    0.000200    7.656969 ^ _2558_/B1_N (sky130_fd_sc_hd__o21ba_1)
     2    0.010929    0.049673    0.109452    7.766421 v _2558_/X (sky130_fd_sc_hd__o21ba_1)
                                                         _1185_ (net)
                      0.049691    0.000894    7.767315 v _2584_/B1 (sky130_fd_sc_hd__a31oi_2)
     4    0.017852    0.203448    0.105295    7.872611 ^ _2584_/Y (sky130_fd_sc_hd__a31oi_2)
                                                         _1211_ (net)
                      0.203471    0.001704    7.874314 ^ _2620_/B1 (sky130_fd_sc_hd__o211a_1)
     1    0.009903    0.070218    0.114216    7.988530 ^ _2620_/X (sky130_fd_sc_hd__o211a_1)
                                                         _1247_ (net)
                      0.070228    0.000842    7.989372 ^ _2621_/B1 (sky130_fd_sc_hd__a211o_1)
     1    0.006975    0.051949    0.081844    8.071216 ^ _2621_/X (sky130_fd_sc_hd__a211o_1)
                                                         _1248_ (net)
                      0.051953    0.000491    8.071707 ^ _2666_/B1 (sky130_fd_sc_hd__a32o_2)
     2    0.024006    0.113673    0.130710    8.202416 ^ _2666_/X (sky130_fd_sc_hd__a32o_2)
                                                         _1293_ (net)
                      0.113725    0.001998    8.204414 ^ _2668_/A1 (sky130_fd_sc_hd__o211a_4)
     7    0.070159    0.165482    0.207553    8.411967 ^ _2668_/X (sky130_fd_sc_hd__o211a_4)
                                                         CB_0.le_outA (net)
                      0.165639    0.004189    8.416156 ^ fanout143/A (sky130_fd_sc_hd__buf_8)
    17    0.076772    0.098830    0.127838    8.543994 ^ fanout143/X (sky130_fd_sc_hd__buf_8)
                                                         net143 (net)
                      0.099275    0.005335    8.549330 ^ _2279_/A0 (sky130_fd_sc_hd__mux2_1)
     1    0.002922    0.031475    0.087701    8.637031 ^ _2279_/X (sky130_fd_sc_hd__mux2_1)
                                                         _0908_ (net)
                      0.031476    0.000210    8.637240 ^ _2280_/B (sky130_fd_sc_hd__nor2_1)
     1    0.004924    0.033109    0.026523    8.663763 v _2280_/Y (sky130_fd_sc_hd__nor2_1)
                                                         _0909_ (net)
                      0.033114    0.000289    8.664052 v _2281_/B1 (sky130_fd_sc_hd__a2111oi_1)
     2    0.010605    0.383309    0.313597    8.977649 ^ _2281_/Y (sky130_fd_sc_hd__a2111oi_1)
                                                         _0910_ (net)
                      0.383312    0.000784    8.978434 ^ _2311_/B1 (sky130_fd_sc_hd__a31o_1)
     1    0.007418    0.062033    0.074655    9.053088 ^ _2311_/X (sky130_fd_sc_hd__a31o_1)
                                                         _0940_ (net)
                      0.062040    0.000678    9.053766 ^ _2312_/B1 (sky130_fd_sc_hd__o31a_1)
     1    0.011973    0.098137    0.110273    9.164039 ^ _2312_/X (sky130_fd_sc_hd__o31a_1)
                                                         _0941_ (net)
                      0.098157    0.001145    9.165183 ^ _2321_/B1 (sky130_fd_sc_hd__a32o_1)
     2    0.011248    0.091277    0.113421    9.278605 ^ _2321_/X (sky130_fd_sc_hd__a32o_1)
                                                         _0950_ (net)
                      0.091292    0.000976    9.279581 ^ _2323_/A1 (sky130_fd_sc_hd__o211a_1)
     1    0.016959    0.112107    0.158698    9.438279 ^ _2323_/X (sky130_fd_sc_hd__o211a_1)
                                                         CB_1.le_outA (net)
                      0.112184    0.001683    9.439962 ^ fanout150/A (sky130_fd_sc_hd__buf_8)
    13    0.093052    0.117756    0.133830    9.573792 ^ fanout150/X (sky130_fd_sc_hd__buf_8)
                                                         net150 (net)
                      0.118072    0.005067    9.578859 ^ _1655_/A (sky130_fd_sc_hd__inv_2)
     5    0.026768    0.060063    0.061045    9.639904 v _1655_/Y (sky130_fd_sc_hd__inv_2)
                                                         _1493_ (net)
                      0.060138    0.001748    9.641652 v _2402_/A2 (sky130_fd_sc_hd__o211a_1)
     1    0.003300    0.029757    0.137518    9.779170 v _2402_/X (sky130_fd_sc_hd__o211a_1)
                                                         _1030_ (net)
                      0.029772    0.000225    9.779394 v _2403_/D (sky130_fd_sc_hd__or4_4)
     6    0.028898    0.086142    0.283949   10.063343 v _2403_/X (sky130_fd_sc_hd__or4_4)
                                                         _1031_ (net)
                      0.086192    0.001885   10.065228 v _2404_/B1 (sky130_fd_sc_hd__o21ai_4)
     8    0.042644    0.242933    0.118636   10.183864 ^ _2404_/Y (sky130_fd_sc_hd__o21ai_4)
                                                         _1032_ (net)
                      0.242996    0.003102   10.186965 ^ _2437_/S (sky130_fd_sc_hd__mux2_1)
     1    0.003040    0.033739    0.108385   10.295351 ^ _2437_/X (sky130_fd_sc_hd__mux2_1)
                                                         _1065_ (net)
                      0.033741    0.000228   10.295579 ^ _2474_/A1 (sky130_fd_sc_hd__o211a_1)
     1    0.006278    0.048790    0.102723   10.398302 ^ _2474_/X (sky130_fd_sc_hd__o211a_1)
                                                         _1102_ (net)
                      0.048793    0.000441   10.398744 ^ _2518_/B1 (sky130_fd_sc_hd__o32a_4)
     2    0.011641    0.034511    0.084239   10.482983 ^ _2518_/X (sky130_fd_sc_hd__o32a_4)
                                                         _1146_ (net)
                      0.034539    0.000870   10.483852 ^ _2520_/A1 (sky130_fd_sc_hd__o211a_4)
     9    0.070172    0.165569    0.194251   10.678103 ^ _2520_/X (sky130_fd_sc_hd__o211a_4)
                                                         CB_0.le_outB (net)
                      0.166105    0.007640   10.685743 ^ _1654_/A (sky130_fd_sc_hd__inv_6)
     6    0.033476    0.049296    0.034708   10.720451 v _1654_/Y (sky130_fd_sc_hd__inv_6)
                                                         _1492_ (net)
                      0.049437    0.002011   10.722463 v fanout153/A (sky130_fd_sc_hd__buf_2)
    10    0.040850    0.073258    0.131801   10.854263 v fanout153/X (sky130_fd_sc_hd__buf_2)
                                                         net153 (net)
                      0.073530    0.003498   10.857761 v _1835_/A1 (sky130_fd_sc_hd__o211a_1)
     1    0.002757    0.027918    0.150457   11.008219 v _1835_/X (sky130_fd_sc_hd__o211a_1)
                                                         _0465_ (net)
                      0.027918    0.000192   11.008410 v _1837_/B (sky130_fd_sc_hd__or3b_4)
    11    0.087762    0.128885    0.318060   11.326470 v _1837_/X (sky130_fd_sc_hd__or3b_4)
                                                         _0467_ (net)
                      0.131324    0.013928   11.340398 v _2338_/A1 (sky130_fd_sc_hd__a211o_4)
    11    0.106158    0.129084    0.331095   11.671494 v _2338_/X (sky130_fd_sc_hd__a211o_4)
                                                         _0966_ (net)
                      0.131507    0.014043   11.685536 v _2796_/A1 (sky130_fd_sc_hd__mux2_1)
     1    0.005056    0.046674    0.194201   11.879738 v _2796_/X (sky130_fd_sc_hd__mux2_1)
                                                         _1375_ (net)
                      0.046676    0.000380   11.880117 v _2797_/A1 (sky130_fd_sc_hd__a21oi_2)
     1    0.018341    0.175721    0.170255   12.050372 ^ _2797_/Y (sky130_fd_sc_hd__a21oi_2)
                                                         net88 (net)
                      0.175779    0.002608   12.052980 ^ output88/A (sky130_fd_sc_hd__buf_6)
     1    0.034789    0.059717    0.103440   12.156420 ^ output88/X (sky130_fd_sc_hd__buf_6)
                                                         CBnorth_out[0] (net)
                      0.059827    0.001733   12.158153 ^ CBnorth_out[0] (out)
                                             12.158153   data arrival time

                                 25.000000   25.000000   clock clk (rise edge)
                                  0.000000   25.000000   clock network delay (propagated)
                                 -0.250000   24.750000   clock uncertainty
                                  0.000000   24.750000   clock reconvergence pessimism
                                 -5.000000   19.750000   output external delay
                                             19.750000   data required time
---------------------------------------------------------------------------------------------
                                             19.750000   data required time
                                            -12.158153   data arrival time
---------------------------------------------------------------------------------------------
                                              7.591846   slack (MET)




===========================================================================
report_checks --slack_max -0.01
============================================================================
======================= max_ff_n40C_1v95 Corner ===================================

No paths found.


===========================================================================
 report_check_types -max_slew -max_cap -max_fanout -violators
============================================================================
======================= max_ff_n40C_1v95 Corner ===================================

max fanout

Pin                                   Limit Fanout  Slack
---------------------------------------------------------
fanout305/X                              10     33    -23 (VIOLATED)
fanout307/X                              10     31    -21 (VIOLATED)
fanout306/X                              10     29    -19 (VIOLATED)
fanout309/X                              10     29    -19 (VIOLATED)
fanout310/X                              10     25    -15 (VIOLATED)
fanout303/X                              10     23    -13 (VIOLATED)
clkbuf_2_0__f_clk/X                      10     21    -11 (VIOLATED)
fanout147/X                              10     21    -11 (VIOLATED)
fanout160/X                              10     21    -11 (VIOLATED)
fanout219/X                              10     21    -11 (VIOLATED)
fanout229/X                              10     21    -11 (VIOLATED)
fanout232/X                              10     21    -11 (VIOLATED)
fanout234/X                              10     21    -11 (VIOLATED)
fanout263/X                              10     21    -11 (VIOLATED)
fanout264/X                              10     21    -11 (VIOLATED)
fanout279/X                              10     21    -11 (VIOLATED)
clkbuf_leaf_3_clk/X                      10     20    -10 (VIOLATED)
_1688_/X                                 10     19     -9 (VIOLATED)
_2328_/X                                 10     19     -9 (VIOLATED)
clkbuf_2_1__f_clk/X                      10     19     -9 (VIOLATED)
clkbuf_2_2__f_clk/X                      10     19     -9 (VIOLATED)
clkbuf_leaf_32_clk/X                     10     19     -9 (VIOLATED)
fanout233/X                              10     19     -9 (VIOLATED)
fanout285/X                              10     19     -9 (VIOLATED)
input11/X                                10     19     -9 (VIOLATED)
input12/X                                10     19     -9 (VIOLATED)
input13/X                                10     19     -9 (VIOLATED)
input15/X                                10     19     -9 (VIOLATED)
input16/X                                10     19     -9 (VIOLATED)
input17/X                                10     19     -9 (VIOLATED)
input19/X                                10     19     -9 (VIOLATED)
input2/X                                 10     19     -9 (VIOLATED)
input20/X                                10     19     -9 (VIOLATED)
input21/X                                10     19     -9 (VIOLATED)
input22/X                                10     19     -9 (VIOLATED)
input23/X                                10     19     -9 (VIOLATED)
input24/X                                10     19     -9 (VIOLATED)
input25/X                                10     19     -9 (VIOLATED)
input26/X                                10     19     -9 (VIOLATED)
input27/X                                10     19     -9 (VIOLATED)
input28/X                                10     19     -9 (VIOLATED)
input29/X                                10     19     -9 (VIOLATED)
input3/X                                 10     19     -9 (VIOLATED)
input30/X                                10     19     -9 (VIOLATED)
input31/X                                10     19     -9 (VIOLATED)
input4/X                                 10     19     -9 (VIOLATED)
input5/X                                 10     19     -9 (VIOLATED)
input6/X                                 10     19     -9 (VIOLATED)
input7/X                                 10     19     -9 (VIOLATED)
input8/X                                 10     19     -9 (VIOLATED)
input9/X                                 10     19     -9 (VIOLATED)
_1985_/X                                 10     17     -7 (VIOLATED)
clkbuf_2_3__f_clk/X                      10     17     -7 (VIOLATED)
fanout143/X                              10     17     -7 (VIOLATED)
fanout274/X                              10     17     -7 (VIOLATED)
clkbuf_leaf_24_clk/X                     10     16     -6 (VIOLATED)
clkbuf_leaf_28_clk/X                     10     16     -6 (VIOLATED)
clkbuf_leaf_4_clk/X                      10     16     -6 (VIOLATED)
_1891_/Y                                 10     15     -5 (VIOLATED)
_3324_/Q                                 10     15     -5 (VIOLATED)
clkbuf_leaf_25_clk/X                     10     15     -5 (VIOLATED)
clkbuf_leaf_26_clk/X                     10     15     -5 (VIOLATED)
clkbuf_leaf_5_clk/X                      10     15     -5 (VIOLATED)
fanout159/X                              10     15     -5 (VIOLATED)
fanout220/X                              10     15     -5 (VIOLATED)
fanout221/X                              10     15     -5 (VIOLATED)
fanout302/X                              10     15     -5 (VIOLATED)
fanout308/X                              10     15     -5 (VIOLATED)
_3435_/Q                                 10     14     -4 (VIOLATED)
clkbuf_leaf_13_clk/X                     10     14     -4 (VIOLATED)
clkbuf_leaf_6_clk/X                      10     14     -4 (VIOLATED)
clkbuf_leaf_8_clk/X                      10     14     -4 (VIOLATED)
_3325_/Q                                 10     13     -3 (VIOLATED)
_3371_/Q                                 10     13     -3 (VIOLATED)
clkbuf_leaf_19_clk/X                     10     13     -3 (VIOLATED)
clkbuf_leaf_23_clk/X                     10     13     -3 (VIOLATED)
clkbuf_leaf_29_clk/X                     10     13     -3 (VIOLATED)
clkbuf_leaf_7_clk/X                      10     13     -3 (VIOLATED)
fanout150/X                              10     13     -3 (VIOLATED)
fanout224/X                              10     13     -3 (VIOLATED)
fanout228/X                              10     13     -3 (VIOLATED)
fanout296/X                              10     13     -3 (VIOLATED)
_1701_/X                                 10     12     -2 (VIOLATED)
clkbuf_leaf_15_clk/X                     10     12     -2 (VIOLATED)
clkbuf_leaf_1_clk/X                      10     12     -2 (VIOLATED)
clkbuf_leaf_27_clk/X                     10     12     -2 (VIOLATED)
clkbuf_leaf_30_clk/X                     10     12     -2 (VIOLATED)
_1673_/X                                 10     11        (VIOLATED)
_1710_/X                                 10     11        (VIOLATED)
_1714_/X                                 10     11        (VIOLATED)
_1728_/X                                 10     11        (VIOLATED)
_1737_/X                                 10     11        (VIOLATED)
_1741_/X                                 10     11        (VIOLATED)
_1754_/X                                 10     11        (VIOLATED)
_1763_/X                                 10     11        (VIOLATED)
_1767_/X                                 10     11        (VIOLATED)
_1798_/X                                 10     11        (VIOLATED)
_1809_/X                                 10     11        (VIOLATED)
_1815_/X                                 10     11        (VIOLATED)
_1819_/X                                 10     11        (VIOLATED)
_1831_/X                                 10     11        (VIOLATED)
_1837_/X                                 10     11        (VIOLATED)
_1841_/X                                 10     11        (VIOLATED)
_1851_/Y                                 10     11        (VIOLATED)
_1857_/X                                 10     11        (VIOLATED)
_1861_/X                                 10     11        (VIOLATED)
_1903_/X                                 10     11        (VIOLATED)
_1909_/X                                 10     11        (VIOLATED)
_1913_/X                                 10     11        (VIOLATED)
_1922_/X                                 10     11        (VIOLATED)
_1932_/X                                 10     11        (VIOLATED)
_1934_/X                                 10     11        (VIOLATED)
_1940_/X                                 10     11        (VIOLATED)
_1954_/X                                 10     11        (VIOLATED)
_1997_/X                                 10     11        (VIOLATED)
_2003_/X                                 10     11        (VIOLATED)
_2007_/X                                 10     11        (VIOLATED)
_2019_/X                                 10     11        (VIOLATED)
_2025_/X                                 10     11        (VIOLATED)
_2029_/X                                 10     11        (VIOLATED)
_2035_/X                                 10     11        (VIOLATED)
_2045_/X                                 10     11        (VIOLATED)
_2049_/X                                 10     11        (VIOLATED)
_2200_/Y                                 10     11        (VIOLATED)
_2331_/X                                 10     11        (VIOLATED)
_2335_/X                                 10     11        (VIOLATED)
_2338_/X                                 10     11        (VIOLATED)
_2347_/X                                 10     11        (VIOLATED)
_2350_/X                                 10     11        (VIOLATED)
_2354_/X                                 10     11        (VIOLATED)
_2357_/X                                 10     11        (VIOLATED)
_2363_/X                                 10     11        (VIOLATED)
_2366_/X                                 10     11        (VIOLATED)
_2370_/X                                 10     11        (VIOLATED)
_2373_/X                                 10     11        (VIOLATED)
_2386_/X                                 10     11        (VIOLATED)
_2390_/X                                 10     11        (VIOLATED)
_2393_/X                                 10     11        (VIOLATED)
_3180_/Q                                 10     11        (VIOLATED)
_3428_/Q                                 10     11        (VIOLATED)
clkbuf_leaf_12_clk/X                     10     11        (VIOLATED)
clkbuf_leaf_16_clk/X                     10     11        (VIOLATED)
fanout209/X                              10     11        (VIOLATED)
fanout231/X                              10     11        (VIOLATED)
fanout238/X                              10     11        (VIOLATED)
fanout239/X                              10     11        (VIOLATED)
fanout283/X                              10     11        (VIOLATED)
fanout284/X                              10     11        (VIOLATED)
fanout301/X                              10     11        (VIOLATED)
input14/X                                10     11        (VIOLATED)
max_cap138/X                             10     11        (VIOLATED)



===========================================================================
report_parasitic_annotation -report_unannotated
============================================================================
Found 32 unannotated drivers.
 clkload0/Y
 clkload1/Y
 clkload10/Y
 clkload11/Y
 clkload12/Y
 clkload13/Y
 clkload14/Y
 clkload15/Y
 clkload16/Y
 clkload17/Y
 clkload18/Y
 clkload19/Y
 clkload2/Y
 clkload20/Y
 clkload21/Y
 clkload22/Y
 clkload23/Y
 clkload24/X
 clkload25/X
 clkload26/Y
 clkload27/Y
 clkload28/Y
 clkload29/Y
 clkload3/Y
 clkload30/Y
 clkload31/Y
 clkload4/Y
 clkload5/Y
 clkload6/X
 clkload7/Y
 clkload8/Y
 clkload9/Y
Found 0 partially unannotated drivers.

===========================================================================
max slew violation count 0
max fanout violation count 151
max cap violation count 0
============================================================================

===========================================================================
check_setup -verbose -unconstrained_endpoints -multiple_clock -no_clock -no_input_delay -loops -generated_clocks
===========================================================================
Warning: There are 4 unclocked register/latch pins.
  _3228_/CLK
  _3246_/CLK
  _3264_/CLK
  _3282_/CLK
Warning: There are 4 unconstrained endpoints.
  _3228_/D
  _3246_/D
  _3264_/D
  _3282_/D
Warning: There are 43 combinational loops in the design.
  _2158_/Y
  _2172_/A1
  _2172_/X
  _2174_/A1
  _2174_/Y
  _2554_/B
  _2554_/Y
  _2555_/B1
  _2555_/X
  _2557_/C
  _2557_/X
  _2558_/B1_N
  _2558_/X
  _2584_/B1
  _2584_/Y
  _2620_/B1
  _2620_/X
  _2621_/B1
  _2621_/X
  _2666_/B1
  _2666_/X
  _2668_/A1
  _2668_/X
  fanout143/A
  fanout143/X
  _2096_/A0
  _2096_/X
  _2098_/A2
  _2098_/X
  _2125_/B1
  _2125_/X
  _2158_/C1
  | loop cut point
  _2158_/Y
  --------------------------------
  _2172_/X
  _2174_/A1
  _2174_/Y
  _2554_/B
  _2554_/Y
  _2555_/B1
  _2555_/X
  _2557_/C
  _2557_/X
  _2558_/B1_N
  _2558_/X
  _2584_/B1
  _2584_/Y
  _2620_/B1
  _2620_/X
  _2621_/B1
  _2621_/X
  _2666_/B1
  _2666_/X
  _2668_/A1
  _2668_/X
  fanout143/A
  fanout143/X
  _2096_/A0
  _2096_/X
  _2098_/A2
  _2098_/X
  _2125_/B1
  _2125_/X
  _2162_/C1
  _2162_/X
  _2172_/A3
  | loop cut point
  _2172_/X
  --------------------------------
  _2172_/X
  _2174_/A1
  _2174_/Y
  _2554_/B
  _2554_/Y
  _2555_/B1
  _2555_/X
  _2557_/C
  _2557_/X
  _2558_/B1_N
  _2558_/X
  _2584_/B1
  _2584_/Y
  _2620_/B1
  _2620_/X
  _2621_/B1
  _2621_/X
  _2666_/B1
  _2666_/X
  _2668_/A1
  _2668_/X
  fanout143/A
  fanout143/X
  _2096_/A0
  _2096_/X
  _2098_/A2
  _2098_/X
  _2125_/B1
  _2125_/X
  _2166_/C1
  _2166_/Y
  _2172_/B1
  | loop cut point
  _2172_/X
  --------------------------------
  _2172_/X
  _2174_/A1
  _2174_/Y
  _2554_/B
  _2554_/Y
  _2555_/B1
  _2555_/X
  _2557_/C
  _2557_/X
  _2558_/B1_N
  _2558_/X
  _2584_/B1
  _2584_/Y
  _2620_/B1
  _2620_/X
  _2621_/B1
  _2621_/X
  _2666_/B1
  _2666_/X
  _2668_/A1
  _2668_/X
  fanout143/A
  fanout143/X
  _2096_/A0
  _2096_/X
  _2098_/A2
  _2098_/X
  _2125_/B1
  _2125_/X
  _2171_/A1
  _2171_/X
  _2172_/B2
  | loop cut point
  _2172_/X
  --------------------------------
  _1864_/X
  _2053_/A2
  _2053_/X
  _2060_/A2
  _2060_/Y
  _2156_/A
  _2156_/X
  _2158_/B2
  _2158_/Y
  _2172_/A1
  _2172_/X
  _2174_/A1
  _2174_/Y
  _2554_/B
  _2554_/Y
  _2555_/B1
  _2555_/X
  _2557_/C
  _2557_/X
  _2558_/B1_N
  _2558_/X
  _2584_/B1
  _2584_/Y
  _2620_/B1
  _2620_/X
  _2621_/B1
  _2621_/X
  _2666_/B1
  _2666_/X
  _2668_/A1
  _2668_/X
  fanout143/A
  fanout143/X
  _2279_/A0
  _2279_/X
  _2280_/B
  _2280_/Y
  _2281_/B1
  _2281_/Y
  _2311_/B1
  _2311_/X
  _2312_/B1
  _2312_/X
  _2321_/B1
  _2321_/X
  _2323_/A1
  _2323_/X
  fanout150/A
  fanout150/X
  _1655_/A
  _1655_/Y
  _2402_/A2
  _2402_/X
  _2403_/D
  _2403_/X
  _2404_/B1
  _2404_/Y
  _2437_/S
  _2437_/X
  _2474_/A1
  _2474_/X
  _2518_/B1
  _2518_/X
  _2520_/A1
  _2520_/X
  _1654_/A
  _1654_/Y
  _1682_/A1
  _1682_/X
  _1683_/A1
  _1683_/X
  _1684_/A1
  _1684_/X
  _1688_/B1
  _1688_/X
  _1715_/A0
  _1715_/X
  _1770_/A2
  _1770_/Y
  _1864_/C
  | loop cut point
  _1864_/X
  --------------------------------
  _2158_/Y
  _2172_/A1
  _2172_/X
  _2174_/A1
  _2174_/Y
  _2554_/B
  _2554_/Y
  _2555_/B1
  _2555_/X
  _2557_/C
  _2557_/X
  _2558_/B1_N
  _2558_/X
  _2584_/B1
  _2584_/Y
  _2620_/B1
  _2620_/X
  _2621_/B1
  _2621_/X
  _2666_/B1
  _2666_/X
  _2668_/A1
  _2668_/X
  fanout143/A
  fanout143/X
  _2279_/A0
  _2279_/X
  _2280_/B
  _2280_/Y
  _2281_/B1
  _2281_/Y
  _2311_/B1
  _2311_/X
  _2312_/B1
  _2312_/X
  _2321_/B1
  _2321_/X
  _2323_/A1
  _2323_/X
  fanout150/A
  fanout150/X
  _1655_/A
  _1655_/Y
  _2402_/A2
  _2402_/X
  _2403_/D
  _2403_/X
  _2404_/B1
  _2404_/Y
  _2437_/S
  _2437_/X
  _2474_/A1
  _2474_/X
  _2518_/B1
  _2518_/X
  _2520_/A1
  _2520_/X
  _1654_/A
  _1654_/Y
  _1682_/A1
  _1682_/X
  _1683_/A1
  _1683_/X
  _1684_/A1
  _1684_/X
  _1688_/B1
  _1688_/X
  _2068_/A0
  _2068_/X
  _2070_/A2
  _2070_/X
  _2073_/B1
  _2073_/X
  _2086_/A1
  _2086_/Y
  _2092_/A3
  _2092_/Y
  _2158_/A1
  | loop cut point
  _2158_/Y
  --------------------------------
  _2158_/Y
  _2172_/A1
  _2172_/X
  _2174_/A1
  _2174_/Y
  _2554_/B
  _2554_/Y
  _2555_/B1
  _2555_/X
  _2557_/C
  _2557_/X
  _2558_/B1_N
  _2558_/X
  _2584_/B1
  _2584_/Y
  _2620_/B1
  _2620_/X
  _2621_/B1
  _2621_/X
  _2666_/B1
  _2666_/X
  _2668_/A1
  _2668_/X
  fanout143/A
  fanout143/X
  _2279_/A0
  _2279_/X
  _2280_/B
  _2280_/Y
  _2281_/B1
  _2281_/Y
  _2311_/B1
  _2311_/X
  _2312_/B1
  _2312_/X
  _2321_/B1
  _2321_/X
  _2323_/A1
  _2323_/X
  fanout150/A
  fanout150/X
  _1655_/A
  _1655_/Y
  _2402_/A2
  _2402_/X
  _2403_/D
  _2403_/X
  _2404_/B1
  _2404_/Y
  _2437_/S
  _2437_/X
  _2474_/A1
  _2474_/X
  _2518_/B1
  _2518_/X
  _2520_/A1
  _2520_/X
  _1654_/A
  _1654_/Y
  _1682_/A1
  _1682_/X
  _1683_/A1
  _1683_/X
  _1684_/A1
  _1684_/X
  _1688_/B1
  _1688_/X
  _2068_/A0
  _2068_/X
  _2070_/A2
  _2070_/X
  _2073_/B1
  _2073_/X
  _2086_/A1
  _2086_/Y
  _2093_/A3
  _2093_/X
  _2157_/B1
  _2157_/X
  _2158_/B1
  | loop cut point
  _2158_/Y
  --------------------------------
  _2172_/X
  _2174_/A1
  _2174_/Y
  _2554_/B
  _2554_/Y
  _2555_/B1
  _2555_/X
  _2557_/C
  _2557_/X
  _2558_/B1_N
  _2558_/X
  _2584_/B1
  _2584_/Y
  _2620_/B1
  _2620_/X
  _2621_/B1
  _2621_/X
  _2666_/B1
  _2666_/X
  _2668_/A1
  _2668_/X
  fanout143/A
  fanout143/X
  _2279_/A0
  _2279_/X
  _2280_/B
  _2280_/Y
  _2281_/B1
  _2281_/Y
  _2311_/B1
  _2311_/X
  _2312_/B1
  _2312_/X
  _2321_/B1
  _2321_/X
  _2323_/A1
  _2323_/X
  fanout150/A
  fanout150/X
  _1655_/A
  _1655_/Y
  _2402_/A2
  _2402_/X
  _2403_/D
  _2403_/X
  _2404_/B1
  _2404_/Y
  _2437_/S
  _2437_/X
  _2474_/A1
  _2474_/X
  _2518_/B1
  _2518_/X
  _2520_/A1
  _2520_/X
  _1654_/A
  _1654_/Y
  _1682_/A1
  _1682_/X
  _1683_/A1
  _1683_/X
  _1684_/A1
  _1684_/X
  _1688_/B1
  _1688_/X
  _2136_/A2
  _2136_/X
  _2140_/B1
  _2140_/X
  _2151_/A2
  _2151_/Y
  _2153_/A1
  _2153_/X
  _2154_/B
  _2154_/Y
  _2172_/A2
  | loop cut point
  _2172_/X
  --------------------------------
  _2321_/X
  _2323_/A1
  _2323_/X
  fanout150/A
  fanout150/X
  _1655_/A
  _1655_/Y
  _2402_/A2
  _2402_/X
  _2403_/D
  _2403_/X
  _2404_/B1
  _2404_/Y
  _2437_/S
  _2437_/X
  _2474_/A1
  _2474_/X
  _2518_/B1
  _2518_/X
  _2520_/A1
  _2520_/X
  _1654_/A
  _1654_/Y
  _1682_/A1
  _1682_/X
  _1683_/A1
  _1683_/X
  _1684_/A1
  _1684_/X
  _1688_/B1
  _1688_/X
  _2189_/A0
  _2189_/X
  _2191_/A2
  _2191_/X
  _2199_/A1
  _2199_/X
  _2200_/A1
  _2200_/Y
  _2207_/A2
  _2207_/Y
  _2239_/S
  _2239_/X
  _2273_/A2
  _2273_/X
  _2321_/B2
  | loop cut point
  _2321_/X
  --------------------------------
  _2321_/X
  _2323_/A1
  _2323_/X
  fanout150/A
  fanout150/X
  _1655_/A
  _1655_/Y
  _2402_/A2
  _2402_/X
  _2403_/D
  _2403_/X
  _2404_/B1
  _2404_/Y
  _2437_/S
  _2437_/X
  _2474_/A1
  _2474_/X
  _2518_/B1
  _2518_/X
  _2520_/A1
  _2520_/X
  _1654_/A
  _1654_/Y
  _1682_/A1
  _1682_/X
  _1683_/A1
  _1683_/X
  _1684_/A1
  _1684_/X
  _1688_/B1
  _1688_/X
  _2189_/A0
  _2189_/X
  _2191_/A2
  _2191_/X
  _2199_/A1
  _2199_/X
  _2200_/A1
  _2200_/Y
  _2207_/A2
  _2207_/Y
  _2315_/A2
  _2315_/X
  _2316_/B2
  _2316_/X
  _2321_/A3
  | loop cut point
  _2321_/X
  --------------------------------
  _2321_/X
  _2323_/A1
  _2323_/X
  fanout150/A
  fanout150/X
  _1655_/A
  _1655_/Y
  _2402_/A2
  _2402_/X
  _2403_/D
  _2403_/X
  _2404_/B1
  _2404_/Y
  _2437_/S
  _2437_/X
  _2474_/A1
  _2474_/X
  _2518_/B1
  _2518_/X
  _2520_/A1
  _2520_/X
  _1654_/A
  _1654_/Y
  _1682_/A1
  _1682_/X
  _1683_/A1
  _1683_/X
  _1684_/A1
  _1684_/X
  _1688_/B1
  _1688_/X
  _2189_/A0
  _2189_/X
  _2191_/A2
  _2191_/X
  _2199_/A1
  _2199_/X
  _2200_/A1
  _2200_/Y
  _2207_/A2
  _2207_/Y
  _2318_/A2
  _2318_/X
  _2320_/B1
  _2320_/X
  _2321_/A2
  | loop cut point
  _2321_/X
  --------------------------------
  _2312_/X
  _2321_/B1
  _2321_/X
  _2323_/A1
  _2323_/X
  fanout150/A
  fanout150/X
  _1655_/A
  _1655_/Y
  _2402_/A2
  _2402_/X
  _2403_/D
  _2403_/X
  _2404_/B1
  _2404_/Y
  _2437_/S
  _2437_/X
  _2474_/A1
  _2474_/X
  _2518_/B1
  _2518_/X
  _2520_/A1
  _2520_/X
  _1654_/A
  _1654_/Y
  _1682_/A1
  _1682_/X
  _1683_/A1
  _1683_/X
  _1684_/A1
  _1684_/X
  _1688_/B1
  _1688_/X
  _2189_/A0
  _2189_/X
  _2191_/A2
  _2191_/X
  _2199_/A1
  _2199_/X
  _2200_/A1
  _2200_/Y
  _2274_/A1
  _2274_/X
  _2275_/C1
  _2275_/X
  _2312_/A2
  | loop cut point
  _2312_/X
  --------------------------------
  _2312_/X
  _2321_/B1
  _2321_/X
  _2323_/A1
  _2323_/X
  fanout150/A
  fanout150/X
  _1655_/A
  _1655_/Y
  _2402_/A2
  _2402_/X
  _2403_/D
  _2403_/X
  _2404_/B1
  _2404_/Y
  _2437_/S
  _2437_/X
  _2474_/A1
  _2474_/X
  _2518_/B1
  _2518_/X
  _2520_/A1
  _2520_/X
  _1654_/A
  _1654_/Y
  _1682_/A1
  _1682_/X
  _1683_/A1
  _1683_/X
  _1684_/A1
  _1684_/X
  _1688_/B1
  _1688_/X
  _2189_/A0
  _2189_/X
  _2191_/A2
  _2191_/X
  _2199_/A1
  _2199_/X
  _2200_/A1
  _2200_/Y
  _2276_/A1
  _2276_/X
  _2277_/C1
  _2277_/X
  _2312_/A3
  | loop cut point
  _2312_/X
  --------------------------------
  _2312_/X
  _2321_/B1
  _2321_/X
  _2323_/A1
  _2323_/X
  fanout150/A
  fanout150/X
  _1655_/A
  _1655_/Y
  _2402_/A2
  _2402_/X
  _2403_/D
  _2403_/X
  _2404_/B1
  _2404_/Y
  _2437_/S
  _2437_/X
  _2474_/A1
  _2474_/X
  _2518_/B1
  _2518_/X
  _2520_/A1
  _2520_/X
  _1654_/A
  _1654_/Y
  _1682_/A1
  _1682_/X
  _1683_/A1
  _1683_/X
  _1684_/A1
  _1684_/X
  _1688_/B1
  _1688_/X
  _2264_/A0
  _2264_/X
  _2266_/A2
  _2266_/Y
  _2267_/D
  _2267_/X
  _2268_/A3
  _2268_/X
  _2270_/A3
  _2270_/X
  _2312_/A1
  | loop cut point
  _2312_/X
  --------------------------------
  _2321_/X
  _2323_/A1
  _2323_/X
  fanout150/A
  fanout150/X
  _1655_/A
  _1655_/Y
  _2402_/A2
  _2402_/X
  _2403_/D
  _2403_/X
  _2404_/B1
  _2404_/Y
  _2437_/S
  _2437_/X
  _2474_/A1
  _2474_/X
  _2518_/B1
  _2518_/X
  _2520_/A1
  _2520_/X
  _1654_/A
  _1654_/Y
  _1682_/A1
  _1682_/X
  _1683_/A1
  _1683_/X
  _1684_/A1
  _1684_/X
  _1688_/B1
  _1688_/X
  _2298_/A0
  _2298_/X
  _2300_/A2
  _2300_/X
  _2307_/D
  _2307_/X
  _2308_/B1
  _2308_/Y
  _2309_/B1
  _2309_/X
  _2310_/A3
  _2310_/Y
  _2321_/A1
  | loop cut point
  _2321_/X
  --------------------------------
  _2311_/X
  _2312_/B1
  _2312_/X
  _2321_/B1
  _2321_/X
  _2323_/A1
  _2323_/X
  fanout150/A
  fanout150/X
  _1655_/A
  _1655_/Y
  _2402_/A2
  _2402_/X
  _2403_/D
  _2403_/X
  _2404_/B1
  _2404_/Y
  _2437_/S
  _2437_/X
  _2474_/A1
  _2474_/X
  _2518_/B1
  _2518_/X
  _2520_/A1
  _2520_/X
  _1654_/A
  _1654_/Y
  _1682_/A1
  _1682_/X
  _1683_/A1
  _1683_/X
  _1684_/A1
  _1684_/X
  _1688_/B1
  _1688_/X
  _2298_/A0
  _2298_/X
  _2300_/A2
  _2300_/X
  _2307_/D
  _2307_/X
  _2308_/B1
  _2308_/Y
  _2309_/B1
  _2309_/X
  _2311_/A3
  | loop cut point
  _2311_/X
  --------------------------------
  _2404_/Y
  _2437_/S
  _2437_/X
  _2474_/A1
  _2474_/X
  _2518_/B1
  _2518_/X
  _2520_/A1
  _2520_/X
  _1654_/A
  _1654_/Y
  _1682_/A1
  _1682_/X
  _1683_/A1
  _1683_/X
  _1684_/A1
  _1684_/X
  _2347_/B1
  _2347_/X
  _2351_/A0
  _2351_/X
  _2359_/A2
  _2359_/X
  _2360_/C
  _2360_/X
  _2397_/A2
  _2397_/X
  _2404_/A1
  | loop cut point
  _2404_/Y
  --------------------------------
  _2474_/X
  _2518_/B1
  _2518_/X
  _2520_/A1
  _2520_/X
  _1654_/A
  _1654_/Y
  _1682_/A1
  _1682_/X
  _1683_/A1
  _1683_/X
  _1684_/A1
  _1684_/X
  _2347_/B1
  _2347_/X
  _2351_/A0
  _2351_/X
  _2359_/A2
  _2359_/X
  _2360_/C
  _2360_/X
  _2397_/A2
  _2397_/X
  _2472_/A1
  _2472_/X
  _2473_/C1
  _2473_/X
  _2474_/C1
  | loop cut point
  _2474_/X
  --------------------------------
  _2518_/X
  _2520_/A1
  _2520_/X
  _1654_/A
  _1654_/Y
  _1682_/A1
  _1682_/X
  _1683_/A1
  _1683_/X
  _1684_/A1
  _1684_/X
  _2347_/B1
  _2347_/X
  _2351_/A0
  _2351_/X
  _2359_/A2
  _2359_/X
  _2360_/C
  _2360_/X
  _2397_/A2
  _2397_/X
  _2475_/A1
  _2475_/X
  _2476_/C1
  _2476_/X
  _2509_/A2
  _2509_/X
  _2518_/B2
  | loop cut point
  _2518_/X
  --------------------------------
  _2518_/X
  _2520_/A1
  _2520_/X
  _1654_/A
  _1654_/Y
  _1682_/A1
  _1682_/X
  _1683_/A1
  _1683_/X
  _1684_/A1
  _1684_/X
  _2347_/B1
  _2347_/X
  _2351_/A0
  _2351_/X
  _2359_/A2
  _2359_/X
  _2360_/C
  _2360_/X
  _2397_/A2
  _2397_/X
  _2511_/A1
  _2511_/X
  _2512_/C1
  _2512_/X
  _2513_/B1
  _2513_/X
  _2518_/A2
  | loop cut point
  _2518_/X
  --------------------------------
  _2518_/X
  _2520_/A1
  _2520_/X
  _1654_/A
  _1654_/Y
  _1682_/A1
  _1682_/X
  _1683_/A1
  _1683_/X
  _1684_/A1
  _1684_/X
  _2347_/B1
  _2347_/X
  _2351_/A0
  _2351_/X
  _2359_/A2
  _2359_/X
  _2360_/C
  _2360_/X
  _2397_/A2
  _2397_/X
  _2515_/A1
  _2515_/X
  _2516_/C1
  _2516_/X
  _2517_/B1
  _2517_/X
  _2518_/A3
  | loop cut point
  _2518_/X
  --------------------------------
  _2584_/Y
  _2620_/B1
  _2620_/X
  _2621_/B1
  _2621_/X
  _2666_/B1
  _2666_/X
  _2668_/A1
  _2668_/X
  fanout143/A
  fanout143/X
  _2279_/A0
  _2279_/X
  _2280_/B
  _2280_/Y
  _2281_/B1
  _2281_/Y
  _2311_/B1
  _2311_/X
  _2312_/B1
  _2312_/X
  _2321_/B1
  _2321_/X
  _2323_/A1
  _2323_/X
  fanout150/A
  fanout150/X
  _1655_/A
  _1655_/Y
  _2402_/A2
  _2402_/X
  _2403_/D
  _2403_/X
  _2404_/B1
  _2404_/Y
  _2437_/S
  _2437_/X
  _2474_/A1
  _2474_/X
  _2518_/B1
  _2518_/X
  _2520_/A1
  _2520_/X
  _1654_/A
  _1654_/Y
  _1682_/A1
  _1682_/X
  _1683_/A1
  _1683_/X
  _1684_/A1
  _1684_/X
  _2347_/B1
  _2347_/X
  _2573_/A0
  _2573_/X
  _2575_/A2
  _2575_/Y
  _2582_/A2
  _2582_/X
  _2583_/A2
  _2583_/X
  _2584_/A3
  | loop cut point
  _2584_/Y
  --------------------------------
  _2621_/X
  _2666_/B1
  _2666_/X
  _2668_/A1
  _2668_/X
  fanout143/A
  fanout143/X
  _2279_/A0
  _2279_/X
  _2280_/B
  _2280_/Y
  _2281_/B1
  _2281_/Y
  _2311_/B1
  _2311_/X
  _2312_/B1
  _2312_/X
  _2321_/B1
  _2321_/X
  _2323_/A1
  _2323_/X
  fanout150/A
  fanout150/X
  _1655_/A
  _1655_/Y
  _2402_/A2
  _2402_/X
  _2403_/D
  _2403_/X
  _2404_/B1
  _2404_/Y
  _2437_/S
  _2437_/X
  _2474_/A1
  _2474_/X
  _2518_/B1
  _2518_/X
  _2520_/A1
  _2520_/X
  _1654_/A
  _1654_/Y
  _1682_/A1
  _1682_/X
  _1683_/A1
  _1683_/X
  _1684_/A1
  _1684_/X
  _2347_/B1
  _2347_/X
  _2573_/A0
  _2573_/X
  _2575_/A2
  _2575_/Y
  _2582_/A2
  _2582_/X
  _2583_/A2
  _2583_/X
  _2585_/A3
  _2585_/X
  _2621_/A1
  | loop cut point
  _2621_/X
  --------------------------------
  _2666_/X
  _2668_/A1
  _2668_/X
  fanout143/A
  fanout143/X
  _2279_/A0
  _2279_/X
  _2280_/B
  _2280_/Y
  _2281_/B1
  _2281_/Y
  _2311_/B1
  _2311_/X
  _2312_/B1
  _2312_/X
  _2321_/B1
  _2321_/X
  _2323_/A1
  _2323_/X
  fanout150/A
  fanout150/X
  _1655_/A
  _1655_/Y
  _2402_/A2
  _2402_/X
  _2403_/D
  _2403_/X
  _2404_/B1
  _2404_/Y
  _2437_/S
  _2437_/X
  _2474_/A1
  _2474_/X
  _2518_/B1
  _2518_/X
  _2520_/A1
  _2520_/X
  _1654_/A
  _1654_/Y
  _1682_/A1
  _1682_/X
  _1683_/A1
  _1683_/X
  _1684_/A1
  _1684_/X
  _2347_/B1
  _2347_/X
  _2573_/A0
  _2573_/X
  _2575_/A2
  _2575_/Y
  _2582_/A2
  _2582_/X
  _2583_/A2
  _2583_/X
  _2585_/A3
  _2585_/X
  _2623_/B1
  _2623_/X
  _2657_/A2
  _2657_/X
  _2666_/B2
  | loop cut point
  _2666_/X
  --------------------------------
  _2666_/X
  _2668_/A1
  _2668_/X
  fanout143/A
  fanout143/X
  _2279_/A0
  _2279_/X
  _2280_/B
  _2280_/Y
  _2281_/B1
  _2281_/Y
  _2311_/B1
  _2311_/X
  _2312_/B1
  _2312_/X
  _2321_/B1
  _2321_/X
  _2323_/A1
  _2323_/X
  fanout150/A
  fanout150/X
  _1655_/A
  _1655_/Y
  _2402_/A2
  _2402_/X
  _2403_/D
  _2403_/X
  _2404_/B1
  _2404_/Y
  _2437_/S
  _2437_/X
  _2474_/A1
  _2474_/X
  _2518_/B1
  _2518_/X
  _2520_/A1
  _2520_/X
  _1654_/A
  _1654_/Y
  _1682_/A1
  _1682_/X
  _1683_/A1
  _1683_/X
  _1684_/A1
  _1684_/X
  _2347_/B1
  _2347_/X
  _2573_/A0
  _2573_/X
  _2575_/A2
  _2575_/Y
  _2582_/A2
  _2582_/X
  _2583_/A2
  _2583_/X
  _2585_/A3
  _2585_/X
  _2661_/A1
  _2661_/X
  _2666_/A2
  | loop cut point
  _2666_/X
  --------------------------------
  _2666_/X
  _2668_/A1
  _2668_/X
  fanout143/A
  fanout143/X
  _2279_/A0
  _2279_/X
  _2280_/B
  _2280_/Y
  _2281_/B1
  _2281_/Y
  _2311_/B1
  _2311_/X
  _2312_/B1
  _2312_/X
  _2321_/B1
  _2321_/X
  _2323_/A1
  _2323_/X
  fanout150/A
  fanout150/X
  _1655_/A
  _1655_/Y
  _2402_/A2
  _2402_/X
  _2403_/D
  _2403_/X
  _2404_/B1
  _2404_/Y
  _2437_/S
  _2437_/X
  _2474_/A1
  _2474_/X
  _2518_/B1
  _2518_/X
  _2520_/A1
  _2520_/X
  _1654_/A
  _1654_/Y
  _1682_/A1
  _1682_/X
  _1683_/A1
  _1683_/X
  _1684_/A1
  _1684_/X
  _2347_/B1
  _2347_/X
  _2573_/A0
  _2573_/X
  _2575_/A2
  _2575_/Y
  _2582_/A2
  _2582_/X
  _2583_/A2
  _2583_/X
  _2585_/A3
  _2585_/X
  _2665_/A1
  _2665_/X
  _2666_/A3
  | loop cut point
  _2666_/X
  --------------------------------
  _2621_/X
  _2666_/B1
  _2666_/X
  _2668_/A1
  _2668_/X
  fanout143/A
  fanout143/X
  _2279_/A0
  _2279_/X
  _2280_/B
  _2280_/Y
  _2281_/B1
  _2281_/Y
  _2311_/B1
  _2311_/X
  _2312_/B1
  _2312_/X
  _2321_/B1
  _2321_/X
  _2323_/A1
  _2323_/X
  fanout150/A
  fanout150/X
  _1655_/A
  _1655_/Y
  _2402_/A2
  _2402_/X
  _2403_/D
  _2403_/X
  _2404_/B1
  _2404_/Y
  _2437_/S
  _2437_/X
  _2474_/A1
  _2474_/X
  _2518_/B1
  _2518_/X
  _2520_/A1
  _2520_/X
  _1654_/A
  _1654_/Y
  _1682_/A1
  _1682_/X
  _1683_/A1
  _1683_/X
  _1684_/A1
  _1684_/X
  _2347_/B1
  _2347_/X
  _2600_/A0
  _2600_/X
  _2602_/A2
  _2602_/Y
  _2603_/D
  _2603_/X
  _2616_/A2
  _2616_/X
  _2617_/A3
  _2617_/Y
  _2621_/C1
  | loop cut point
  _2621_/X
  --------------------------------
  _2666_/X
  _2668_/A1
  _2668_/X
  fanout143/A
  fanout143/X
  _2279_/A0
  _2279_/X
  _2280_/B
  _2280_/Y
  _2281_/B1
  _2281_/Y
  _2311_/B1
  _2311_/X
  _2312_/B1
  _2312_/X
  _2321_/B1
  _2321_/X
  _2323_/A1
  _2323_/X
  fanout150/A
  fanout150/X
  _1655_/A
  _1655_/Y
  _2402_/A2
  _2402_/X
  _2403_/D
  _2403_/X
  _2404_/B1
  _2404_/Y
  _2437_/S
  _2437_/X
  _2474_/A1
  _2474_/X
  _2518_/B1
  _2518_/X
  _2520_/A1
  _2520_/X
  _1654_/A
  _1654_/Y
  _1682_/A1
  _1682_/X
  _1683_/A1
  _1683_/X
  _1684_/A1
  _1684_/X
  _2347_/B1
  _2347_/X
  _2648_/A0
  _2648_/X
  _2650_/A2
  _2650_/Y
  _2651_/D
  _2651_/Y
  _2653_/A3
  _2653_/X
  _2656_/A1
  _2656_/Y
  _2666_/A1
  | loop cut point
  _2666_/X
  --------------------------------
  _2474_/X
  _2518_/B1
  _2518_/X
  _2520_/A1
  _2520_/X
  _1654_/A
  _1654_/Y
  _1682_/A1
  _1682_/X
  _1683_/A1
  _1683_/X
  _1684_/A1
  _1684_/X
  clone18/B1
  clone18/X
  _2429_/A0
  _2429_/X
  _2431_/A2
  _2431_/Y
  _2432_/D
  _2432_/X
  _2434_/A3
  _2434_/X
  _2435_/A3
  _2435_/Y
  _2474_/A2
  | loop cut point
  _2474_/X
  --------------------------------
  _2474_/X
  _2518_/B1
  _2518_/X
  _2520_/A1
  _2520_/X
  _1654_/A
  _1654_/Y
  _1682_/A1
  _1682_/X
  _1683_/A1
  _1683_/X
  _1684_/A1
  _1684_/X
  clone18/B1
  clone18/X
  _2452_/A0
  _2452_/X
  _2454_/A2
  _2454_/Y
  _2455_/D
  _2455_/X
  _2468_/A1
  _2468_/Y
  _2471_/A1
  _2471_/Y
  _2474_/B1
  | loop cut point
  _2474_/X
  --------------------------------
  _2518_/X
  _2520_/A1
  _2520_/X
  _1654_/A
  _1654_/Y
  _1682_/A1
  _1682_/X
  _1683_/A1
  _1683_/X
  _1684_/A1
  _1684_/X
  clone18/B1
  clone18/X
  _2501_/A0
  _2501_/X
  _2503_/A1
  _2503_/X
  _2504_/A1
  _2504_/X
  _2505_/B1
  _2505_/X
  _2506_/A1
  _2506_/Y
  _2507_/A1
  _2507_/Y
  _2518_/A1
  | loop cut point
  _2518_/X
  --------------------------------
  _2621_/X
  _2666_/B1
  _2666_/X
  _2668_/A1
  _2668_/X
  fanout143/A
  fanout143/X
  _2279_/A0
  _2279_/X
  _2280_/B
  _2280_/Y
  _2281_/B1
  _2281_/Y
  _2311_/B1
  _2311_/X
  _2312_/B1
  _2312_/X
  _2321_/B1
  _2321_/X
  _2323_/A1
  _2323_/X
  fanout150/A
  fanout150/X
  _1655_/A
  _1655_/Y
  _2402_/A2
  _2402_/X
  _2403_/D
  _2403_/X
  _2404_/B1
  _2404_/Y
  _2437_/S
  _2437_/X
  _2474_/A1
  _2474_/X
  _2518_/B1
  _2518_/X
  _2520_/A1
  _2520_/X
  _1654_/A
  _1654_/Y
  _1682_/A1
  _1682_/X
  _1683_/A1
  _1683_/X
  _1684_/A1
  _1684_/X
  clone18/B1
  clone18/X
  _2523_/A0
  _2523_/X
  _2526_/A2
  _2526_/X
  _2533_/D
  _2533_/X
  _2546_/A1
  _2546_/Y
  _2553_/A1
  _2553_/Y
  _2586_/S
  _2586_/X
  _2621_/A2
  | loop cut point
  _2621_/X
  --------------------------------
  _2620_/X
  _2621_/B1
  _2621_/X
  _2666_/B1
  _2666_/X
  _2668_/A1
  _2668_/X
  fanout143/A
  fanout143/X
  _2279_/A0
  _2279_/X
  _2280_/B
  _2280_/Y
  _2281_/B1
  _2281_/Y
  _2311_/B1
  _2311_/X
  _2312_/B1
  _2312_/X
  _2321_/B1
  _2321_/X
  _2323_/A1
  _2323_/X
  fanout150/A
  fanout150/X
  _1655_/A
  _1655_/Y
  _2402_/A2
  _2402_/X
  _2403_/D
  _2403_/X
  _2404_/B1
  _2404_/Y
  _2437_/S
  _2437_/X
  _2474_/A1
  _2474_/X
  _2518_/B1
  _2518_/X
  _2520_/A1
  _2520_/X
  _1654_/A
  _1654_/Y
  _1682_/A1
  _1682_/X
  _1683_/A1
  _1683_/X
  _1684_/A1
  _1684_/X
  clone18/B1
  clone18/X
  _2523_/A0
  _2523_/X
  _2526_/A2
  _2526_/X
  _2533_/D
  _2533_/X
  _2546_/A1
  _2546_/Y
  _2553_/A1
  _2553_/Y
  _2620_/A2
  | loop cut point
  _2620_/X
  --------------------------------
  _2620_/X
  _2621_/B1
  _2621_/X
  _2666_/B1
  _2666_/X
  _2668_/A1
  _2668_/X
  fanout143/A
  fanout143/X
  _2279_/A0
  _2279_/X
  _2280_/B
  _2280_/Y
  _2281_/B1
  _2281_/Y
  _2311_/B1
  _2311_/X
  _2312_/B1
  _2312_/X
  _2321_/B1
  _2321_/X
  _2323_/A1
  _2323_/X
  fanout150/A
  fanout150/X
  _1655_/A
  _1655_/Y
  _2402_/A2
  _2402_/X
  _2403_/D
  _2403_/X
  _2404_/B1
  _2404_/Y
  _2437_/S
  _2437_/X
  _2474_/A1
  _2474_/X
  _2518_/B1
  _2518_/X
  _2520_/A1
  _2520_/X
  _1654_/A
  _1654_/Y
  _1682_/A1
  _1682_/X
  _1683_/A1
  _1683_/X
  _1684_/A1
  _1684_/X
  clone18/B1
  clone18/X
  _2523_/A0
  _2523_/X
  _2526_/A2
  _2526_/X
  _2533_/D
  _2533_/X
  _2546_/A1
  _2546_/Y
  _2619_/A1
  _2619_/X
  _2620_/C1
  | loop cut point
  _2620_/X
  --------------------------------
  _2053_/X
  _2060_/A2
  _2060_/Y
  _2156_/A
  _2156_/X
  _2158_/B2
  _2158_/Y
  _2172_/A1
  _2172_/X
  _2174_/A1
  _2174_/Y
  _2554_/B
  _2554_/Y
  _2555_/B1
  _2555_/X
  _2557_/C
  _2557_/X
  _2558_/B1_N
  _2558_/X
  _2584_/B1
  _2584_/Y
  _2620_/B1
  _2620_/X
  _2621_/B1
  _2621_/X
  _2666_/B1
  _2666_/X
  _2668_/A1
  _2668_/X
  fanout143/A
  fanout143/X
  _2279_/A0
  _2279_/X
  _2280_/B
  _2280_/Y
  _2281_/B1
  _2281_/Y
  _2311_/B1
  _2311_/X
  _2312_/B1
  _2312_/X
  _2321_/B1
  _2321_/X
  _2323_/A1
  _2323_/X
  fanout150/A
  fanout150/X
  _1655_/A
  _1655_/Y
  _2402_/A2
  _2402_/X
  _2403_/D
  _2403_/X
  _2404_/B1
  _2404_/Y
  _2437_/S
  _2437_/X
  _2474_/A1
  _2474_/X
  _2518_/B1
  _2518_/X
  _2520_/A1
  _2520_/X
  _1654_/A
  _1654_/Y
  _1938_/A2
  _1938_/X
  _1940_/C1
  _1940_/X
  clone39/A2
  clone39/X
  _1955_/B1
  _1955_/X
  _2051_/A2
  _2051_/X
  _2052_/A2
  _2052_/Y
  _2053_/A1
  | loop cut point
  _2053_/X
  --------------------------------
  _1864_/X
  _2053_/A2
  _2053_/X
  _2060_/A2
  _2060_/Y
  _2156_/A
  _2156_/X
  _2158_/B2
  _2158_/Y
  _2172_/A1
  _2172_/X
  _2174_/A1
  _2174_/Y
  _2554_/B
  _2554_/Y
  _2555_/B1
  _2555_/X
  _2557_/C
  _2557_/X
  _2558_/B1_N
  _2558_/X
  _2584_/B1
  _2584_/Y
  _2620_/B1
  _2620_/X
  _2621_/B1
  _2621_/X
  _2666_/B1
  _2666_/X
  _2668_/A1
  _2668_/X
  fanout143/A
  fanout143/X
  _2279_/A0
  _2279_/X
  _2280_/B
  _2280_/Y
  _2281_/B1
  _2281_/Y
  _2311_/B1
  _2311_/X
  _2312_/B1
  _2312_/X
  _2321_/B1
  _2321_/X
  _2323_/A1
  _2323_/X
  fanout150/A
  fanout150/X
  _1655_/A
  _1655_/Y
  _2402_/A2
  _2402_/X
  _2403_/D
  _2403_/X
  _2404_/B1
  _2404_/Y
  _2437_/S
  _2437_/X
  _2474_/A1
  _2474_/X
  _2518_/B1
  _2518_/X
  _2520_/A1
  _2520_/X
  _1654_/A
  _1654_/Y
  fanout152/A
  fanout152/X
  fanout151/A
  fanout151/X
  _1791_/C
  _1791_/X
  _1793_/A2
  _1793_/X
  _1794_/A
  _1794_/X
  clone17/A1
  clone17/X
  _1820_/A0
  _1820_/X
  _1863_/A2
  _1863_/Y
  _1864_/D
  | loop cut point
  _1864_/X
  --------------------------------
  _2060_/Y
  _2156_/A
  _2156_/X
  _2158_/B2
  _2158_/Y
  _2172_/A1
  _2172_/X
  _2174_/A1
  _2174_/Y
  _2554_/B
  _2554_/Y
  _2555_/B1
  _2555_/X
  _2557_/C
  _2557_/X
  _2558_/B1_N
  _2558_/X
  _2584_/B1
  _2584_/Y
  _2620_/B1
  _2620_/X
  _2621_/B1
  _2621_/X
  _2666_/B1
  _2666_/X
  _2668_/A1
  _2668_/X
  fanout143/A
  fanout143/X
  _2279_/A0
  _2279_/X
  _2280_/B
  _2280_/Y
  _2281_/B1
  _2281_/Y
  _2311_/B1
  _2311_/X
  _2312_/B1
  _2312_/X
  _2321_/B1
  _2321_/X
  _2323_/A1
  _2323_/X
  fanout150/A
  fanout150/X
  _1655_/A
  _1655_/Y
  _2402_/A2
  _2402_/X
  _2403_/D
  _2403_/X
  _2404_/B1
  _2404_/Y
  _2437_/S
  _2437_/X
  _2474_/A1
  _2474_/X
  _2518_/B1
  _2518_/X
  _2520_/A1
  _2520_/X
  fanout155/A
  fanout155/X
  _2055_/A1
  _2055_/X
  _2059_/A2
  _2059_/X
  _2060_/B1
  | loop cut point
  _2060_/Y
  --------------------------------
  _2158_/Y
  _2172_/A1
  _2172_/X
  _2174_/A1
  _2174_/Y
  _2554_/B
  _2554_/Y
  _2555_/B1
  _2555_/X
  _2557_/C
  _2557_/X
  _2558_/B1_N
  _2558_/X
  _2584_/B1
  _2584_/Y
  _2620_/B1
  _2620_/X
  _2621_/B1
  _2621_/X
  _2666_/B1
  _2666_/X
  _2668_/A1
  _2668_/X
  fanout143/A
  fanout143/X
  _2279_/A0
  _2279_/X
  _2280_/B
  _2280_/Y
  _2281_/B1
  _2281_/Y
  _2311_/B1
  _2311_/X
  _2312_/B1
  _2312_/X
  _2321_/B1
  _2321_/X
  _2323_/A1
  _2323_/X
  fanout150/A
  fanout150/X
  _1655_/A
  _1655_/Y
  _2402_/A2
  _2402_/X
  _2403_/D
  _2403_/X
  _2404_/B1
  _2404_/Y
  _2437_/S
  _2437_/X
  _2474_/A1
  _2474_/X
  _2518_/B1
  _2518_/X
  _2520_/A1
  _2520_/X
  fanout155/A
  fanout155/X
  _2055_/A1
  _2055_/X
  _2059_/A2
  _2059_/X
  _2061_/B1
  _2061_/X
  _2155_/S
  _2155_/X
  _2158_/A2
  | loop cut point
  _2158_/Y
  --------------------------------
  _2279_/X
  _2280_/B
  _2280_/Y
  _2281_/B1
  _2281_/Y
  _2311_/B1
  _2311_/X
  _2312_/B1
  _2312_/X
  _2321_/B1
  _2321_/X
  _2323_/A1
  _2323_/X
  fanout150/A
  fanout150/X
  _1655_/A
  _1655_/Y
  _2402_/A2
  _2402_/X
  _2403_/D
  _2403_/X
  _2404_/B1
  _2404_/Y
  _2437_/S
  _2437_/X
  _2474_/A1
  _2474_/X
  _2518_/B1
  _2518_/X
  _2520_/A1
  _2520_/X
  fanout155/A
  fanout155/X
  _2279_/A1
  | loop cut point
  _2279_/X
  --------------------------------
  _2403_/X
  _2404_/B1
  _2404_/Y
  _2437_/S
  _2437_/X
  _2474_/A1
  _2474_/X
  _2518_/B1
  _2518_/X
  _2520_/A1
  _2520_/X
  fanout156/A
  fanout156/X
  _2399_/A1
  _2399_/X
  _2400_/B
  _2400_/Y
  _2403_/C
  | loop cut point
  _2403_/X
  --------------------------------
  _2558_/X
  _2584_/B1
  _2584_/Y
  _2620_/B1
  _2620_/X
  _2621_/B1
  _2621_/X
  _2666_/B1
  _2666_/X
  _2668_/A1
  _2668_/X
  fanout143/A
  fanout143/X
  _2279_/A0
  _2279_/X
  _2280_/B
  _2280_/Y
  _2281_/B1
  _2281_/Y
  _2311_/B1
  _2311_/X
  _2312_/B1
  _2312_/X
  _2321_/B1
  _2321_/X
  _2323_/A1
  _2323_/X
  fanout150/A
  fanout150/X
  _1655_/A
  _1655_/Y
  _2402_/A2
  _2402_/X
  _2403_/D
  _2403_/X
  _2404_/B1
  _2404_/Y
  _2437_/S
  _2437_/X
  _2474_/A1
  _2474_/X
  _2518_/B1
  _2518_/X
  _2520_/A1
  _2520_/X
  fanout156/A
  fanout156/X
  _2556_/A1
  _2556_/X
  _2558_/A2
  | loop cut point
  _2558_/X
  --------------------------------
  _2555_/X
  _2557_/C
  _2557_/X
  _2558_/B1_N
  _2558_/X
  _2584_/B1
  _2584_/Y
  _2620_/B1
  _2620_/X
  _2621_/B1
  _2621_/X
  _2666_/B1
  _2666_/X
  _2668_/A1
  _2668_/X
  fanout143/A
  fanout143/X
  _2279_/A0
  _2279_/X
  _2280_/B
  _2280_/Y
  _2281_/B1
  _2281_/Y
  _2311_/B1
  _2311_/X
  _2312_/B1
  _2312_/X
  _2321_/B1
  _2321_/X
  _2323_/A1
  _2323_/X
  fanout150/A
  fanout150/X
  _1655_/A
  _1655_/Y
  _2555_/A2
  | loop cut point
  _2555_/X
  --------------------------------
  _2281_/Y
  _2311_/B1
  _2311_/X
  _2312_/B1
  _2312_/X
  _2321_/B1
  _2321_/X
  _2323_/A1
  _2323_/X
  fanout150/A
  fanout150/X
  _1655_/A
  _1655_/Y
  fanout147/A
  fanout147/X
  _2278_/A0
  _2278_/X
  _2281_/A2
  | loop cut point
  _2281_/Y
  --------------------------------
