Clock: clk
Sources: clk 
Generated: no
Virtual: yes
Propagated: no
Period: 100.000000

===========================================================================
report_clock_properties
============================================================================
Clock                   Period          Waveform
----------------------------------------------------
clk                 100.000000    0.000000 50.000000

===========================================================================
report_clock_latency
============================================================================
Clock clk
rise -> rise
    min     max
0.000000 0.000000 source latency
0.502827         network latency _3088_/CLK
        20.274796 network latency _2842_/CLK
---------------
0.502827 20.274796 latency
        19.771969 skew

rise -> fall
    min     max
0.000000 0.000000 source latency
0.869711         network latency _2864_/CLK
        20.229868 network latency _2842_/CLK
---------------
0.869711 20.229868 latency
        19.360157 skew

fall -> fall
    min     max
0.000000 0.000000 source latency
0.434888         network latency _3088_/CLK
        0.471193 network latency _2820_/CLK
---------------
0.434888 0.471193 latency
        0.036305 skew



===========================================================================
report_clock_min_period
============================================================================
clk period_min = 2.08 fmax = 480.54
