Clock: clk
Sources: clk 
Generated: no
Virtual: yes
Propagated: no
Period: 10000.000000

===========================================================================
report_clock_properties
============================================================================
Clock                   Period          Waveform
----------------------------------------------------
clk                 10000.000000    0.0000005000.000000

===========================================================================
report_clock_latency
============================================================================
Clock clk
rise -> rise
    min     max
0.000000 0.000000 source latency
0.770919         network latency cell0/clk
        0.760053 network latency cell3/clk
---------------
0.770919 0.760053 latency
        -0.010866 skew

fall -> fall
    min     max
0.000000 0.000000 source latency
0.719410         network latency cell0/clk
        0.710770 network latency cell3/clk
---------------
0.719410 0.710770 latency
        -0.008640 skew



===========================================================================
report_clock_min_period
============================================================================
clk period_min = 2.08 fmax = 480.56
